
Showing logs for build [32mentando-entando-admin-console-p-2svsx-1[0m stage [32mfrom-build-pack[0m and container [32mstep-credential-initializer-2f2ms[0m
{"level":"warn","ts":1612250426.694926,"logger":"fallback-logger","caller":"logging/config.go:69","msg":"Fetch GitHub commit ID from kodata failed: \"ref: refs/heads/0.8.0-**-support-backwards-incompats\" is not a valid GitHub commit ID"}
{"level":"info","ts":1612250426.699678,"logger":"fallback-logger","caller":"creds-init/main.go:40","msg":"Credentials initialized."}

Showing logs for build [32mentando-entando-admin-console-p-2svsx-1[0m stage [32mfrom-build-pack[0m and container [32mstep-working-dir-initializer-9srwz[0m
{"level":"warn","ts":1612250428.0626855,"logger":"fallback-logger","caller":"logging/config.go:69","msg":"Fetch GitHub commit ID from kodata failed: open /var/run/ko/HEAD: no such file or directory"}
{"level":"info","ts":1612250428.0730627,"logger":"fallback-logger","caller":"bash/main.go:64","msg":"Successfully e**cuted command \"sh -c mkdir -p /workspace/source\"; output "}

Showing logs for build [32mentando-entando-admin-console-p-2svsx-1[0m stage [32mfrom-build-pack[0m and container [32mstep-place-tools[0m

Showing logs for build [32mentando-entando-admin-console-p-2svsx-1[0m stage [32mfrom-build-pack[0m and container [32mstep-git-source-entando-entando-admin-console-p-dcncd[0m
{"level":"warn","ts":1612250475.4161794,"logger":"fallback-logger","caller":"logging/config.go:69","msg":"Fetch GitHub commit ID from kodata failed: \"ref: refs/heads/0.8.0-**-support-backwards-incompats\" is not a valid GitHub commit ID"}
{"level":"info","ts":1612250479.2162297,"logger":"fallback-logger","caller":"git/git.go:103","msg":"Successfully cloned https://github.com/entando/entando-*****-console.git @ master in path /workspace/source"}

Showing logs for build [32mentando-entando-admin-console-p-2svsx-1[0m stage [32mfrom-build-pack[0m and container [32mstep-git-merge[0m
Using SHAs from PULL_REFS=master:2b874777b7e86cc4c4e0973f80a7ce1de667fa8c,74:06d1e22bc47f4811a30d45517bc2274f5dd0cb1f
DEBUG: ran git fetch --unshallow origin 06d1e22bc47f4811a30d45517bc2274f5dd0cb1f: 2b874777b7e86cc4c4e0973f80a7ce1de667fa8c: in 
DEBUG: ran git checkout master in 
DEBUG: ran git reset --hard 2b874777b7e86cc4c4e0973f80a7ce1de667fa8c in 
DEBUG: ran clean --force -d . in 
DEBUG: ran git merge 06d1e22bc47f4811a30d45517bc2274f5dd0cb1f in 
Merged SHA c22392f52b95bb379177f7dfc5229368fc893f24 with commit message 'Merge commit '06d1e22bc47f4811a30d45517bc2274f5dd0cb1f'' into base branch master
Merged SHA 06d1e22bc47f4811a30d45517bc2274f5dd0cb1f with commit message 'ENG-1745: Fix version of junit5 dependencies' into base branch master
Merged SHA 68df3d078ffabd0d3449e5b407fb9fe2e3805756 with commit message 'ENG-1745: Restore of current bom version' into base branch master
Merged SHA 6f3f3186cd8f2c5a010568e8aa471a1b15625c14 with commit message 'ENG-1745: Override of configuration in parent pom' into base branch master
Merged SHA 42f3b03efb91208c774c2d2415f741d867759cab with commit message 'ENG-1745: junit5 integration' into base branch master

Showing logs for build [32mentando-entando-admin-console-p-2svsx-1[0m stage [32mfrom-build-pack[0m and container [32mstep-build-set-version[0m
Picked up _JAVA_OPTIONS: -XX:+UnlockExperimentalVMOptions -Dsun.zip.disableMemoryMapping=**** -XX:+UseParallelGC -XX:MinHeapFreeRatio=5 -XX:MaxHeapFreeRatio=10 -XX:GCTimeRatio=4 -XX:AdaptiveSizePolicyWeight=90 -Xms10m -Xmx8000m
[INFO] Scanning for projects...
[ERROR] [ERROR] Some problems were encountered while processing the POMs:
[ERROR] 'dependencies.dependency.version' for org.junit.jupiter:junit-jupiter:jar is missing. @ line 279, column 21
[ERROR] 'dependencies.dependency.version' for org.junit.jupiter:junit-jupiter-api:jar is missing. @ line 283, column 21
[ERROR] 'dependencies.dependency.version' for org.mockito:mockito-junit-jupiter:jar is missing. @ line 287, column 21
 @ 
[ERROR] The build could not read 1 project -> [Help 1]
[ERROR]   
[ERROR]   The project org.entando.entando:entando-*****-console:6.3.0-SNAPSHOT (/workspace/source/pom.xml) has 3 errors
[ERROR]     'dependencies.dependency.version' for org.junit.jupiter:junit-jupiter:jar is missing. @ line 279, column 21
[ERROR]     'dependencies.dependency.version' for org.junit.jupiter:junit-jupiter-api:jar is missing. @ line 283, column 21
[ERROR]     'dependencies.dependency.version' for org.mockito:mockito-junit-jupiter:jar is missing. @ line 287, column 21
[ERROR] 
[ERROR] To see the full stack trace of the errors, re-run Maven with the -e switch.
[ERROR] Re-run Maven using the -X switch to enable full debug logging.
[ERROR] 
[ERROR] For more information about the errors and possible solutions, please read the following articles:
[ERROR] [Help 1] http://cwiki.apache.org/confluence/display/MAVEN/ProjectBuildingException
[31m
Pipeline failed on stage 'from-build-pack' : container 'step-build-set-version'. The execution of the pipeline has stopped.[0m
