
Showing logs for build [32mentando-entando-admin-console-p-qwkkk-3[0m stage [32mfrom-build-pack[0m and container [32mstep-credential-initializer-54wbv[0m
{"level":"warn","ts":1612256667.6749527,"logger":"fallback-logger","caller":"logging/config.go:69","msg":"Fetch GitHub commit ID from kodata failed: \"ref: refs/heads/0.8.0-**-support-backwards-incompats\" is not a valid GitHub commit ID"}
{"level":"info","ts":1612256667.6867707,"logger":"fallback-logger","caller":"creds-init/main.go:40","msg":"Credentials initialized."}

Showing logs for build [32mentando-entando-admin-console-p-qwkkk-3[0m stage [32mfrom-build-pack[0m and container [32mstep-working-dir-initializer-fxlpd[0m
{"level":"warn","ts":1612256669.2384791,"logger":"fallback-logger","caller":"logging/config.go:69","msg":"Fetch GitHub commit ID from kodata failed: open /var/run/ko/HEAD: no such file or directory"}
{"level":"info","ts":1612256669.2646134,"logger":"fallback-logger","caller":"bash/main.go:64","msg":"Successfully e**cuted command \"sh -c mkdir -p /workspace/source\"; output "}

Showing logs for build [32mentando-entando-admin-console-p-qwkkk-3[0m stage [32mfrom-build-pack[0m and container [32mstep-place-tools[0m

Showing logs for build [32mentando-entando-admin-console-p-qwkkk-3[0m stage [32mfrom-build-pack[0m and container [32mstep-git-source-entando-entando-admin-console-p-dvkfc[0m
{"level":"warn","ts":1612256698.5251899,"logger":"fallback-logger","caller":"logging/config.go:69","msg":"Fetch GitHub commit ID from kodata failed: \"ref: refs/heads/0.8.0-**-support-backwards-incompats\" is not a valid GitHub commit ID"}
{"level":"info","ts":1612256702.3432438,"logger":"fallback-logger","caller":"git/git.go:103","msg":"Successfully cloned https://github.com/entando/entando-*****-console.git @ master in path /workspace/source"}

Showing logs for build [32mentando-entando-admin-console-p-qwkkk-3[0m stage [32mfrom-build-pack[0m and container [32mstep-git-merge[0m
Using SHAs from PULL_REFS=master:2b874777b7e86cc4c4e0973f80a7ce1de667fa8c,74:a9f854f5cc23692f2c48faf14511bfa061e7edcd
DEBUG: ran git fetch --unshallow origin a9f854f5cc23692f2c48faf14511bfa061e7edcd: 2b874777b7e86cc4c4e0973f80a7ce1de667fa8c: in 
DEBUG: ran git checkout master in 
DEBUG: ran git reset --hard 2b874777b7e86cc4c4e0973f80a7ce1de667fa8c in 
DEBUG: ran clean --force -d . in 
DEBUG: ran git merge a9f854f5cc23692f2c48faf14511bfa061e7edcd in 
Merged SHA a9f854f5cc23692f2c48faf14511bfa061e7edcd with commit message 'ENG-1745: Restored missing test' into base branch master
Merged SHA edd5b44ffb8c11057f30f526da73e37481269bba with commit message 'ENG-1745: Fix code smell' into base branch master
Merged SHA 2d331569ed1a70ce2e537abf04179140cdf4e711 with commit message 'Merge branch 'master' into ENG-1745-restructure-the-appengine-tests' into base branch master
Merged SHA 06d1e22bc47f4811a30d45517bc2274f5dd0cb1f with commit message 'ENG-1745: Fix version of junit5 dependencies' into base branch master
Merged SHA 68df3d078ffabd0d3449e5b407fb9fe2e3805756 with commit message 'ENG-1745: Restore of current bom version' into base branch master
Merged SHA 6f3f3186cd8f2c5a010568e8aa471a1b15625c14 with commit message 'ENG-1745: Override of configuration in parent pom' into base branch master
Merged SHA 42f3b03efb91208c774c2d2415f741d867759cab with commit message 'ENG-1745: junit5 integration' into base branch master

Showing logs for build [32mentando-entando-admin-console-p-qwkkk-3[0m stage [32mfrom-build-pack[0m and container [32mstep-build-set-version[0m
Picked up _JAVA_OPTIONS: -XX:+UnlockExperimentalVMOptions -Dsun.zip.disableMemoryMapping=**** -XX:+UseParallelGC -XX:MinHeapFreeRatio=5 -XX:MaxHeapFreeRatio=10 -XX:GCTimeRatio=4 -XX:AdaptiveSizePolicyWeight=90 -Xms10m -Xmx8000m
[INFO] Scanning for projects...
[ERROR] [ERROR] Some problems were encountered while processing the POMs:
[ERROR] 'dependencies.dependency.version' for org.junit.jupiter:junit-jupiter:jar is missing. @ line 279, column 21
[ERROR] 'dependencies.dependency.version' for org.junit.jupiter:junit-jupiter-api:jar is missing. @ line 283, column 21
[ERROR] 'dependencies.dependency.version' for org.mockito:mockito-junit-jupiter:jar is missing. @ line 287, column 21
 @ 
[ERROR] The build could not read 1 project -> [Help 1]
[ERROR]   
[ERROR]   The project org.entando.entando:entando-*****-console:6.3.0-SNAPSHOT (/workspace/source/pom.xml) has 3 errors
[ERROR]     'dependencies.dependency.version' for org.junit.jupiter:junit-jupiter:jar is missing. @ line 279, column 21
[ERROR]     'dependencies.dependency.version' for org.junit.jupiter:junit-jupiter-api:jar is missing. @ line 283, column 21
[ERROR]     'dependencies.dependency.version' for org.mockito:mockito-junit-jupiter:jar is missing. @ line 287, column 21
[ERROR] 
[ERROR] To see the full stack trace of the errors, re-run Maven with the -e switch.
[ERROR] Re-run Maven using the -X switch to enable full debug logging.
[ERROR] 
[ERROR] For more information about the errors and possible solutions, please read the following articles:
[ERROR] [Help 1] http://cwiki.apache.org/confluence/display/MAVEN/ProjectBuildingException
[31m
Pipeline failed on stage 'from-build-pack' : container 'step-build-set-version'. The execution of the pipeline has stopped.[0m
