
Showing logs for build [32mentando-entando-engine-pr-103-p-7g5dc-15[0m stage [32mfrom-build-pack[0m and container [32mstep-credential-initializer-gdj5d[0m
{"level":"warn","ts":1612102912.2586813,"logger":"fallback-logger","caller":"logging/config.go:69","msg":"Fetch GitHub commit ID from kodata failed: \"ref: refs/heads/0.8.0-**-support-backwards-incompats\" is not a valid GitHub commit ID"}
{"level":"info","ts":1612102912.2698078,"logger":"fallback-logger","caller":"creds-init/main.go:40","msg":"Credentials initialized."}

Showing logs for build [32mentando-entando-engine-pr-103-p-7g5dc-15[0m stage [32mfrom-build-pack[0m and container [32mstep-working-dir-initializer-nnmb8[0m
{"level":"warn","ts":1612102916.66933,"logger":"fallback-logger","caller":"logging/config.go:69","msg":"Fetch GitHub commit ID from kodata failed: open /var/run/ko/HEAD: no such file or directory"}
{"level":"info","ts":1612102916.695713,"logger":"fallback-logger","caller":"bash/main.go:64","msg":"Successfully e**cuted command \"sh -c mkdir -p /workspace/source\"; output "}

Showing logs for build [32mentando-entando-engine-pr-103-p-7g5dc-15[0m stage [32mfrom-build-pack[0m and container [32mstep-place-tools[0m

Showing logs for build [32mentando-entando-engine-pr-103-p-7g5dc-15[0m stage [32mfrom-build-pack[0m and container [32mstep-git-source-entando-entando-engine-pr-103-p-cd58l[0m
{"level":"warn","ts":1612102941.834899,"logger":"fallback-logger","caller":"logging/config.go:69","msg":"Fetch GitHub commit ID from kodata failed: \"ref: refs/heads/0.8.0-**-support-backwards-incompats\" is not a valid GitHub commit ID"}
{"level":"info","ts":1612102944.9258718,"logger":"fallback-logger","caller":"git/git.go:103","msg":"Successfully cloned https://github.com/entando/entando-engine.git @ master in path /workspace/source"}

Showing logs for build [32mentando-entando-engine-pr-103-p-7g5dc-15[0m stage [32mfrom-build-pack[0m and container [32mstep-git-merge[0m
Using SHAs from PULL_REFS=master:beb7baf708262e9c7f7139cd263590188d14cd57,103:49e3fea80b76fa081acd57e1bcca32a439b8324d
DEBUG: ran git fetch --unshallow origin 49e3fea80b76fa081acd57e1bcca32a439b8324d: beb7baf708262e9c7f7139cd263590188d14cd57: in 
DEBUG: ran git checkout master in 
DEBUG: ran git reset --hard beb7baf708262e9c7f7139cd263590188d14cd57 in 
DEBUG: ran clean --force -d . in 
DEBUG: ran git merge 49e3fea80b76fa081acd57e1bcca32a439b8324d in 
Merged SHA e1494c387fd3afdf1f82d720869e5197c7140f7f with commit message 'Merge commit '49e3fea80b76fa081acd57e1bcca32a439b8324d'' into base branch master
Merged SHA 49e3fea80b76fa081acd57e1bcca32a439b8324d with commit message 'ENG-1745: Fix version of junit5 dependencies' into base branch master
Merged SHA 66ac5d39b6891abe69ec7c75a07c01e9d623782c with commit message 'ENG-1745: Override of configuration in parent pom' into base branch master
Merged SHA 9f61eb193c8c07097fef15f8c34684f7a0acf060 with commit message 'ENG-1745: Fi**d some code smell (wrong order in arguments - expected value and actual value)' into base branch master
Merged SHA 3aaa9a088a7aee82d38f569878bbf901aa3c48f7 with commit message 'ENG-1745: Fix bugs on junit tests' into base branch master
Merged SHA 2b32eb4a8a44bb84710e24ba2c022ca75c07493a with commit message 'ENG-1745: Other fix of unit tests' into base branch master
Merged SHA 5a6e5a6557ea0164d8e6620a936c3ce751aa8464 with commit message 'ENG-1745: Other fix of unit tests' into base branch master
Merged SHA 850facefbc1db2a7b958103d30169e01c7cef3aa with commit message 'ENG-1745: Fix unnecessary stubbing' into base branch master
Merged SHA 9c283bd3062ee7847a0fc986d695e313a7f307b5 with commit message 'ENG-1745: Removed junit4' into base branch master
Merged SHA cc8ca977bdb66684015275266376130f2b3bf7c0 with commit message 'ENG-1745: Testing upgrade' into base branch master
Merged SHA 0237ed43c1c70b8ed2f77be4f354c1435338b57b with commit message 'ENG-1745: Upgrade integration tests for junit5 integration' into base branch master
Merged SHA 87ef0578ca1f79bd956c4bf847bd195e091d609f with commit message 'ENG-1745: Other improvement of junit5 integration' into base branch master
Merged SHA a1901650f4ef392186e5a3c859ccb4a152d853f4 with commit message 'ENG-1745: Other improvement of junit5 integration' into base branch master
Merged SHA 4f5f8791d34b206c2fc4985f2ecba656b9cac39a with commit message 'ENG-1745: Other improvement of junit5 integration' into base branch master
Merged SHA bd0a4a8f2f6b284bc9fe081b90d9b2ed13431168 with commit message 'ENG-1745: Improvement of junit5 integration' into base branch master
Merged SHA 30646b9ff37d1d4c0692dcbbd513d0c9905d8605 with commit message 'ENG-1745: Other step of junit5 integration' into base branch master
Merged SHA 2a2da5fd26f8d38a0cbaa0b9848ca64f85ca6a93 with commit message 'ENG-1745: Refactoring of page manager integration tests' into base branch master
Merged SHA 6b1997cbf3548affa80bbcbb9a81ebaac64d05c6 with commit message 'ENG-1745: Other step of junit5 integration' into base branch master
Merged SHA 30f29e8a65d411c3f91e19d61b2894967384cb99 with commit message 'ENG-1745: First step of junit5 integration' into base branch master

Showing logs for build [32mentando-entando-engine-pr-103-p-7g5dc-15[0m stage [32mfrom-build-pack[0m and container [32mstep-build-set-version[0m
Picked up _JAVA_OPTIONS: -XX:+UnlockExperimentalVMOptions -Dsun.zip.disableMemoryMapping=**** -XX:+UseParallelGC -XX:MinHeapFreeRatio=5 -XX:MaxHeapFreeRatio=10 -XX:GCTimeRatio=4 -XX:AdaptiveSizePolicyWeight=90 -Xms10m -Xmx8000m
[INFO] Scanning for projects...
[ERROR] [ERROR] Some problems were encountered while processing the POMs:
[WARNING] 'dependencies.dependency.(groupId:artifactId:type:classifier)' must be unique: org.apache.logging.log4j:log4j-core:jar -> duplicate declaration of version ${log4j-core.version} @ line 312, column 21
[ERROR] 'dependencies.dependency.version' for org.junit.jupiter:junit-jupiter:jar is missing. @ line 469, column 21
[ERROR] 'dependencies.dependency.version' for org.junit.jupiter:junit-jupiter-api:jar is missing. @ line 473, column 21
[ERROR] 'dependencies.dependency.version' for org.mockito:mockito-junit-jupiter:jar is missing. @ line 477, column 21
 @ 
[ERROR] The build could not read 1 project -> [Help 1]
[ERROR]   
[ERROR]   The project org.entando.entando:entando-engine:6.3.0-SNAPSHOT (/workspace/source/pom.xml) has 3 errors
[ERROR]     'dependencies.dependency.version' for org.junit.jupiter:junit-jupiter:jar is missing. @ line 469, column 21
[ERROR]     'dependencies.dependency.version' for org.junit.jupiter:junit-jupiter-api:jar is missing. @ line 473, column 21
[ERROR]     'dependencies.dependency.version' for org.mockito:mockito-junit-jupiter:jar is missing. @ line 477, column 21
[ERROR] 
[ERROR] To see the full stack trace of the errors, re-run Maven with the -e switch.
[ERROR] Re-run Maven using the -X switch to enable full debug logging.
[ERROR] 
[ERROR] For more information about the errors and possible solutions, please read the following articles:
[ERROR] [Help 1] http://cwiki.apache.org/confluence/display/MAVEN/ProjectBuildingException
[31m
Pipeline failed on stage 'from-build-pack' : container 'step-build-set-version'. The execution of the pipeline has stopped.[0m
