
Showing logs for build [32mentando-k8s-entando-k8s-composi-f6df7-26[0m stage [32mfrom-build-pack[0m and container [32mstep-credential-initializer-9zvtm[0m
{"level":"warn","ts":1612427969.5185516,"logger":"fallback-logger","caller":"logging/config.go:69","msg":"Fetch GitHub commit ID from kodata failed: \"ref: refs/heads/0.8.0-**-support-backwards-incompats\" is not a valid GitHub commit ID"}
{"level":"info","ts":1612427969.5232365,"logger":"fallback-logger","caller":"creds-init/main.go:40","msg":"Credentials initialized."}

Showing logs for build [32mentando-k8s-entando-k8s-composi-f6df7-26[0m stage [32mfrom-build-pack[0m and container [32mstep-working-dir-initializer-z45vh[0m
{"level":"warn","ts":1612427975.6600823,"logger":"fallback-logger","caller":"logging/config.go:69","msg":"Fetch GitHub commit ID from kodata failed: open /var/run/ko/HEAD: no such file or directory"}
{"level":"info","ts":1612427975.6682363,"logger":"fallback-logger","caller":"bash/main.go:64","msg":"Successfully e**cuted command \"sh -c mkdir -p /workspace/source\"; output "}

Showing logs for build [32mentando-k8s-entando-k8s-composi-f6df7-26[0m stage [32mfrom-build-pack[0m and container [32mstep-place-tools[0m

Showing logs for build [32mentando-k8s-entando-k8s-composi-f6df7-26[0m stage [32mfrom-build-pack[0m and container [32mstep-git-source-entando-k8s-entando-k8s-composi-8r8v7[0m
{"level":"warn","ts":1612428027.1935291,"logger":"fallback-logger","caller":"logging/config.go:69","msg":"Fetch GitHub commit ID from kodata failed: \"ref: refs/heads/0.8.0-**-support-backwards-incompats\" is not a valid GitHub commit ID"}
{"level":"info","ts":1612428028.4251466,"logger":"fallback-logger","caller":"git/git.go:103","msg":"Successfully cloned https://github.com/entando-k8s/entando-k8s-composite-app-controller.git @ v6.3.0 in path /workspace/source"}

Showing logs for build [32mentando-k8s-entando-k8s-composi-f6df7-26[0m stage [32mfrom-build-pack[0m and container [32mstep-git-merge[0m
Using SHAs from PULL_REFS=master:bdf1a23717f2cf464d8239f55c3964083f784714
WARNING: no SHAs to merge, falling back to initial cloned commit

Showing logs for build [32mentando-k8s-entando-k8s-composi-f6df7-26[0m stage [32mfrom-build-pack[0m and container [32mstep-setup-jx-git-credentials[0m
Generated Git credentials file /workspace/xdg_config/git/credentials

Showing logs for build [32mentando-k8s-entando-k8s-composi-f6df7-26[0m stage [32mfrom-build-pack[0m and container [32mstep-build-fetch-history-for-sonar[0m
From https://github.com/entando-k8s/entando-k8s-composite-app-controller
 * [new branch]      ENG-1742_redhat_certification -> origin/ENG-1742_redhat_certification
 * [new branch]      ENG-561_support_for_h2_pvc -> origin/ENG-561_support_for_h2_pvc
 * [new branch]      master     -> origin/master
 * [new branch]      poste      -> origin/poste
 * [new branch]      pr-test    -> origin/pr-test
 * [new tag]         v6.3.0     -> v6.3.0

Showing logs for build [32mentando-k8s-entando-k8s-composi-f6df7-26[0m stage [32mfrom-build-pack[0m and container [32mstep-build-mvn-deploy-release[0m
Picked up _JAVA_OPTIONS: -XX:+UnlockExperimentalVMOptions -Dsun.zip.disableMemoryMapping=**** -XX:+UseParallelGC -XX:MinHeapFreeRatio=5 -XX:MaxHeapFreeRatio=10 -XX:GCTimeRatio=4 -XX:AdaptiveSizePolicyWeight=90 -Xms1000m -Xmx12000m
[INFO] Scanning for projects...
[INFO] 
[INFO] ----------< org.entando:entando-k8s-composite-app-controller >----------
[INFO] Building Entando K8S Composite App Controller 6.3.0
[INFO] --------------------------------[ jar ]---------------------------------
[INFO] 
[INFO] --- maven-clean-plugin:2.5:clean (default-clean) @ entando-k8s-composite-app-controller ---
[INFO] 
[INFO] --- maven-checkstyle-plugin:3.1.1:check (validate) @ entando-k8s-composite-app-controller ---
[INFO] Starting audit...
Audit done.
[INFO] You have 0 Checkstyle violations.
[INFO] 
[INFO] --- maven-checkstyle-plugin:3.1.1:checkstyle (validate) @ entando-k8s-composite-app-controller ---
[INFO] Starting audit...
Audit done.
[INFO] 
[INFO] --- jacoco-maven-plugin:0.8.5:prepare-agent (prepare-agent) @ entando-k8s-composite-app-controller ---
[INFO] argLine set to -javaagent:/home/jenkins/.mvnrepository/org/jacoco/org.jacoco.agent/0.8.5/org.jacoco.agent-0.8.5-runtime.jar=destfile=/workspace/source/target/jacoco.e**c
[INFO] 
[INFO] --- maven-resources-plugin:2.6:resources (default-resources) @ entando-k8s-composite-app-controller ---
[INFO] Using 'UTF-8' encoding to copy filtered resources.
[INFO] Copying 3 resources
[INFO] 
[INFO] --- maven-compiler-plugin:3.8.1:compile (default-compile) @ entando-k8s-composite-app-controller ---
[INFO] Changes detected - recompiling the module!
[INFO] Compiling 1 source file to /workspace/source/target/classes
[INFO] 
[INFO] --- maven-resources-plugin:2.6:testResources (default-testResources) @ entando-k8s-composite-app-controller ---
[INFO] Using 'UTF-8' encoding to copy filtered resources.
[INFO] Copying 6 resources
[INFO] 
[INFO] --- maven-compiler-plugin:3.8.1:testCompile (default-testCompile) @ entando-k8s-composite-app-controller ---
[INFO] Changes detected - recompiling the module!
[INFO] Compiling 5 source files to /workspace/source/target/test-classes
[INFO] 
[INFO] --- maven-surefire-plugin:3.0.0-M1:test (default-test) @ entando-k8s-composite-app-controller ---
[INFO] 
[INFO] -------------------------------------------------------
[INFO]  T E S T S
[INFO] -------------------------------------------------------
[INFO] Running org.entando.kubernetes.compositeapp.controller.inprocesstests.CompositeAppControllerMockedTest
Feb 04, 2021 8:40:58 AM okhttp3.mockwebserver.MockWebServer$2 e**cute
INFO: MockWebServer[52911] starting to accept connections
Feb 04, 2021 8:40:58 AM okhttp3.mockwebserver.MockWebServer$3 processOneRequest
INFO: MockWebServer[52911] received request: GET /api/v1/namespaces/entando HTTP/1.1 and responded: HTTP/1.1 404 Client Error
Feb 04, 2021 8:40:58 AM okhttp3.mockwebserver.MockWebServer$3 processOneRequest
INFO: MockWebServer[52911] received request: POST /api/v1/namespaces HTTP/1.1 and responded: HTTP/1.1 202 OK
Feb 04, 2021 8:40:58 AM okhttp3.mockwebserver.MockWebServer$3 processOneRequest
INFO: MockWebServer[52911] received request: GET /api/v1/namespaces/entando/configmaps/entando-docker-image-info-v6.3 HTTP/1.1 and responded: HTTP/1.1 404 Client Error
Feb 04, 2021 8:40:59 AM okhttp3.mockwebserver.MockWebServer$3 processOneRequest
INFO: MockWebServer[52911] received request: GET /api/v1/namespaces/entando/configmaps/entando-docker-image-info-v6.3 HTTP/1.1 and responded: HTTP/1.1 404 Client Error
Feb 04, 2021 8:40:59 AM okhttp3.mockwebserver.MockWebServer$3 processOneRequest
INFO: MockWebServer[52911] received request: POST /api/v1/namespaces/entando/configmaps HTTP/1.1 and responded: HTTP/1.1 202 OK
Feb 04, 2021 8:40:59 AM okhttp3.mockwebserver.MockWebServer$3 processOneRequest
INFO: MockWebServer[52911] received request: GET /api/v1/namespaces/entando/configmaps/entando-docker-image-info-v6.3 HTTP/1.1 and responded: HTTP/1.1 200 OK
Feb 04, 2021 8:40:59 AM okhttp3.mockwebserver.MockWebServer$3 processOneRequest
INFO: MockWebServer[52911] received request: GET /api/v1/namespaces/entando/configmaps/entando-docker-image-info-v6.3 HTTP/1.1 and responded: HTTP/1.1 200 OK
Feb 04, 2021 8:40:59 AM okhttp3.mockwebserver.MockWebServer$3 processOneRequest
INFO: MockWebServer[52911] received request: GET /api/v1/namespaces/entando/configmaps/entando-docker-image-info-v6.3 HTTP/1.1 and responded: HTTP/1.1 200 OK
Feb 04, 2021 8:40:59 AM okhttp3.mockwebserver.MockWebServer$3 processOneRequest
INFO: MockWebServer[52911] received request: PATCH /api/v1/namespaces/entando/configmaps/entando-docker-image-info-v6.3 HTTP/1.1 and responded: HTTP/1.1 202 OK
Feb 04, 2021 8:40:59 AM okhttp3.mockwebserver.MockWebServer$3 processOneRequest
INFO: MockWebServer[52911] received request: GET /apis/apiextensions.k8s.io/v1beta1/customresourcedefinitions/entandoplugins.entando.org HTTP/1.1 and responded: HTTP/1.1 404 Client Error
Feb 04, 2021 8:40:59 AM okhttp3.mockwebserver.MockWebServer$3 processOneRequest
INFO: MockWebServer[52911] received request: POST /apis/apiextensions.k8s.io/v1beta1/customresourcedefinitions HTTP/1.1 and responded: HTTP/1.1 202 OK
Feb 04, 2021 8:40:59 AM okhttp3.mockwebserver.MockWebServer$3 processOneRequest
INFO: MockWebServer[52911] received request: GET /api/v1/namespaces/entando-k8s-composite-app-controller-carcms26 HTTP/1.1 and responded: HTTP/1.1 404 Client Error
Feb 04, 2021 8:41:00 AM okhttp3.mockwebserver.MockWebServer$3 processOneRequest
INFO: MockWebServer[52911] received request: GET /apis/entando.org/v1/namespaces/default/entandoplugins HTTP/1.1 and responded: HTTP/1.1 200 OK
Feb 04, 2021 8:41:00 AM okhttp3.mockwebserver.MockWebServer$3 processOneRequest
INFO: MockWebServer[52911] received request: GET /api/v1/namespaces/entando-k8s-composite-app-controller-carcms26 HTTP/1.1 and responded: HTTP/1.1 404 Client Error
Feb 04, 2021 8:41:00 AM okhttp3.mockwebserver.MockWebServer$3 processOneRequest
INFO: MockWebServer[52911] received request: GET /apis/entando.org/v1/namespaces/default/entandoplugins HTTP/1.1 and responded: HTTP/1.1 200 OK
Feb 04, 2021 8:41:00 AM okhttp3.mockwebserver.MockWebServer$3 processOneRequest
INFO: MockWebServer[52911] received request: GET /apis/entando.org/v1/namespaces/entando-k8s-composite-app-controller-carcms26/entandoplugins/test-plugin-carcms26 HTTP/1.1 and responded: HTTP/1.1 404 Client Error
Feb 04, 2021 8:41:00 AM okhttp3.mockwebserver.MockWebServer$3 processOneRequest
INFO: MockWebServer[52911] received request: POST /apis/entando.org/v1/namespaces/entando-k8s-composite-app-controller-carcms26/entandoplugins HTTP/1.1 and responded: HTTP/1.1 202 OK
Feb 04, 2021 8:41:00 AM okhttp3.mockwebserver.MockWebServer$3 processOneRequest
INFO: MockWebServer[52911] received request: GET /apis/apiextensions.k8s.io/v1beta1/customresourcedefinitions/entandocompositeapps.entando.org HTTP/1.1 and responded: HTTP/1.1 404 Client Error
Feb 04, 2021 8:41:00 AM okhttp3.mockwebserver.MockWebServer$3 processOneRequest
INFO: MockWebServer[52911] received request: POST /apis/apiextensions.k8s.io/v1beta1/customresourcedefinitions HTTP/1.1 and responded: HTTP/1.1 202 OK
Feb 04, 2021 8:41:00 AM okhttp3.mockwebserver.MockWebServer$3 processOneRequest
INFO: MockWebServer[52911] received request: GET /api/v1/namespaces/entando-k8s-composite-app-controller-carcms26 HTTP/1.1 and responded: HTTP/1.1 404 Client Error
Feb 04, 2021 8:41:00 AM okhttp3.mockwebserver.MockWebServer$3 processOneRequest
INFO: MockWebServer[52911] received request: GET /apis/entando.org/v1/namespaces/default/entandocompositeapps HTTP/1.1 and responded: HTTP/1.1 200 OK
Feb 04, 2021 8:41:00 AM okhttp3.mockwebserver.MockWebServer$3 processOneRequest
INFO: MockWebServer[52911] received request: GET /api/v1/namespaces/entando-k8s-composite-app-controller-carcms26 HTTP/1.1 and responded: HTTP/1.1 404 Client Error
Feb 04, 2021 8:41:01 AM okhttp3.mockwebserver.MockWebServer$3 processOneRequest
INFO: MockWebServer[52911] received request: GET /apis/entando.org/v1/namespaces/default/entandocompositeapps HTTP/1.1 and responded: HTTP/1.1 200 OK
Feb 04, 2021 8:41:01 AM okhttp3.mockwebserver.MockWebServer$3 processOneRequest
INFO: MockWebServer[52911] received request: POST /apis/entando.org/v1/namespaces/entando-k8s-composite-app-controller-carcms26/entandocompositeapps HTTP/1.1 and responded: HTTP/1.1 202 OK
Feb 04, 2021 8:41:01 AM okhttp3.mockwebserver.MockWebServer$3 processOneRequest
INFO: MockWebServer[52911] received request: GET /api/v1/namespaces/entando-k8s-composite-app-controller-carcms26 HTTP/1.1 and responded: HTTP/1.1 404 Client Error
Feb 04, 2021 8:41:01 AM okhttp3.mockwebserver.MockWebServer$3 processOneRequest
INFO: MockWebServer[52911] received request: GET /apis/entando.org/v1/namespaces/default/entandocompositeapps HTTP/1.1 and responded: HTTP/1.1 200 OK
Feb 04, 2021 8:41:01 AM okhttp3.mockwebserver.MockWebServer$3 processOneRequest
INFO: MockWebServer[52911] received request: GET /api/v1/namespaces/entando-k8s-composite-app-controller-carcms26 HTTP/1.1 and responded: HTTP/1.1 404 Client Error
Feb 04, 2021 8:41:01 AM okhttp3.mockwebserver.MockWebServer$3 processOneRequest
INFO: MockWebServer[52911] received request: GET /apis/entando.org/v1/namespaces/default/entandocompositeapps HTTP/1.1 and responded: HTTP/1.1 200 OK
Feb 04, 2021 8:41:01 AM okhttp3.mockwebserver.MockWebServer$3 processOneRequest
INFO: MockWebServer[52911] received request: GET /apis/entando.org/v1/namespaces/entando-k8s-composite-app-controller-carcms26/entandocompositeapps/my-app-carcms26 HTTP/1.1 and responded: HTTP/1.1 200 OK
Feb 04, 2021 8:41:02 AM okhttp3.mockwebserver.MockWebServer$3 processOneRequest
INFO: MockWebServer[52911] received request: POST /api/v1/namespaces/entando-k8s-composite-app-controller-carcms26/events HTTP/1.1 and responded: HTTP/1.1 202 OK
Feb 04, 2021 8:41:02 AM okhttp3.mockwebserver.MockWebServer$3 processOneRequest
INFO: MockWebServer[52911] received request: GET /apis/entando.org/v1/namespaces/entando-k8s-composite-app-controller-carcms26/entandocompositeapps/my-app-carcms26 HTTP/1.1 and responded: HTTP/1.1 200 OK
Feb 04, 2021 8:41:02 AM okhttp3.mockwebserver.MockWebServer$3 processOneRequest
INFO: MockWebServer[52911] received request: PUT /apis/entando.org/v1/namespaces/entando-k8s-composite-app-controller-carcms26/entandocompositeapps/my-app-carcms26/status HTTP/1.1 and responded: HTTP/1.1 202 OK
Feb 04, 2021 8:41:02 AM okhttp3.mockwebserver.MockWebServer$3 processOneRequest
INFO: MockWebServer[52911] received request: GET /api/v1/namespaces/entando/configmaps/entando-docker-image-info-v6.3 HTTP/1.1 and responded: HTTP/1.1 200 OK
Feb 04, 2021 8:41:02 AM okhttp3.mockwebserver.MockWebServer$3 processOneRequest
INFO: MockWebServer[52911] received request: GET /apis/apiextensions.k8s.io/v1beta1/customresourcedefinitions/entandokeycloakservers.entando.org HTTP/1.1 and responded: HTTP/1.1 404 Client Error
Feb 04, 2021 8:41:02 AM okhttp3.mockwebserver.MockWebServer$3 processOneRequest
INFO: MockWebServer[52911] received request: POST /apis/apiextensions.k8s.io/v1beta1/customresourcedefinitions HTTP/1.1 and responded: HTTP/1.1 202 OK
Feb 04, 2021 8:41:02 AM okhttp3.mockwebserver.MockWebServer$3 processOneRequest
INFO: MockWebServer[52911] received request: GET /api/v1/namespaces/entando-k8s-composite-app-controller-carcms26 HTTP/1.1 and responded: HTTP/1.1 404 Client Error
Feb 04, 2021 8:41:02 AM okhttp3.mockwebserver.MockWebServer$3 processOneRequest
INFO: MockWebServer[52911] received request: GET /apis/entando.org/v1/namespaces/default/entandokeycloakservers HTTP/1.1 and responded: HTTP/1.1 200 OK
Feb 04, 2021 8:41:02 AM okhttp3.mockwebserver.MockWebServer$3 processOneRequest
INFO: MockWebServer[52911] received request: GET /api/v1/namespaces/entando-k8s-composite-app-controller-carcms26 HTTP/1.1 and responded: HTTP/1.1 404 Client Error
Feb 04, 2021 8:41:02 AM okhttp3.mockwebserver.MockWebServer$3 processOneRequest
INFO: MockWebServer[52911] received request: GET /apis/entando.org/v1/namespaces/default/entandokeycloakservers HTTP/1.1 and responded: HTTP/1.1 200 OK
Feb 04, 2021 8:41:03 AM okhttp3.mockwebserver.MockWebServer$3 processOneRequest
INFO: MockWebServer[52911] received request: GET /apis/entando.org/v1/namespaces/entando-k8s-composite-app-controller-carcms26/entandokeycloakservers/test-keycloak-carcms26 HTTP/1.1 and responded: HTTP/1.1 404 Client Error
Feb 04, 2021 8:41:03 AM okhttp3.mockwebserver.MockWebServer$3 processOneRequest
INFO: MockWebServer[52911] received request: POST /apis/entando.org/v1/namespaces/entando-k8s-composite-app-controller-carcms26/entandokeycloakservers HTTP/1.1 and responded: HTTP/1.1 202 OK
Feb 04, 2021 8:41:03 AM okhttp3.mockwebserver.MockWebServer$3 processOneRequest
INFO: MockWebServer[52911] received request: GET /api/v1/namespaces/entando-k8s-composite-app-controller-carcms26/pods?labelSelector=EntandoResourceNamespace%3Dentando-k8s-composite-app-controller-carcms26%2CEntandoResourceKind%3DEntandoKeycloakServer%2CEntandoKeycloakServer%3Dtest-keycloak-carcms26 HTTP/1.1 and responded: HTTP/1.1 200 OK
Feb 04, 2021 8:41:03 AM okhttp3.mockwebserver.MockWebServer$3 processOneRequest
INFO: MockWebServer[52911] received request: GET /api/v1/namespaces/entando-k8s-composite-app-controller-carcms26/pods?labelSelector=EntandoResourceNamespace%3Dentando-k8s-composite-app-controller-carcms26%2CEntandoResourceKind%3DEntandoKeycloakServer%2CEntandoKeycloakServer%3Dtest-keycloak-carcms26&watch=**** HTTP/1.1 and responded: HTTP/1.1 200 OK
Feb 04, 2021 8:41:03 AM okhttp3.mockwebserver.MockWebServer$3 processOneRequest
INFO: MockWebServer[52911] received request: GET /api/v1/namespaces/entando-k8s-composite-app-controller-carcms26/pods?labelSelector=EntandoResourceNamespace%3Dentando-k8s-composite-app-controller-carcms26%2CEntandoResourceKind%3DEntandoKeycloakServer%2CEntandoKeycloakServer%3Dtest-keycloak-carcms26&watch=**** HTTP/1.1 and responded: HTTP/1.1 200 OK
Feb 04, 2021 8:41:03 AM okhttp3.mockwebserver.MockWebServer$3 processOneRequest
INFO: MockWebServer[52911] received request: GET /api/v1/namespaces/entando-k8s-composite-app-controller-carcms26/pods?labelSelector=EntandoResourceNamespace%3Dentando-k8s-composite-app-controller-carcms26%2CEntandoResourceKind%3DEntandoKeycloakServer%2CEntandoKeycloakServer%3Dtest-keycloak-carcms26 HTTP/1.1 and responded: HTTP/1.1 200 OK
Feb 04, 2021 8:41:03 AM io.fabric8.kubernetes.client.dsl.internal.WatchHTTPManager$1 onResponse
INFO: Watch terminated unexpectedly. reason: \n not found: limit=46 content=7b2261706956657273696f6e223a227631222c226b696e64223a224c69737422â€¦
Feb 04, 2021 8:41:03 AM okhttp3.mockwebserver.MockWebServer$3 processOneRequest
INFO: MockWebServer[52911] received request: GET /api/v1/namespaces/entando-k8s-composite-app-controller-carcms26/pods?labelSelector=EntandoResourceNamespace%3Dentando-k8s-composite-app-controller-carcms26%2CEntandoResourceKind%3DEntandoKeycloakServer%2CEntandoKeycloakServer%3Dtest-keycloak-carcms26 HTTP/1.1 and responded: HTTP/1.1 200 OK
Feb 04, 2021 8:41:04 AM okhttp3.mockwebserver.MockWebServer$3 processOneRequest
INFO: MockWebServer[52911] received request: GET /api/v1/namespaces/entando-k8s-composite-app-controller-carcms26/pods?labelSelector=EntandoResourceNamespace%3Dentando-k8s-composite-app-controller-carcms26%2CEntandoResourceKind%3DEntandoKeycloakServer%2CEntandoKeycloakServer%3Dtest-keycloak-carcms26&watch=**** HTTP/1.1 and responded: HTTP/1.1 200 OK
Feb 04, 2021 8:41:04 AM io.fabric8.kubernetes.client.dsl.internal.WatchHTTPManager$1 onResponse
INFO: Watch terminated unexpectedly. reason: \n not found: limit=46 content=7b2261706956657273696f6e223a227631222c226b696e64223a224c69737422â€¦
Feb 04, 2021 8:41:04 AM io.fabric8.kubernetes.client.dsl.internal.WatchHTTPManager scheduleReconnect
WARN: Ignoring error for already closed/closing connection
Feb 04, 2021 8:41:04 AM okhttp3.mockwebserver.MockWebServer$3 processOneRequest
INFO: MockWebServer[52911] received request: GET /api/v1/namespaces/entando-k8s-composite-app-controller-carcms26/secrets/test-keycloak-carcms26-controller-ca-cert-secret HTTP/1.1 and responded: HTTP/1.1 404 Client Error
Feb 04, 2021 8:41:04 AM okhttp3.mockwebserver.MockWebServer$3 processOneRequest
INFO: MockWebServer[52911] received request: POST /api/v1/namespaces/entando-k8s-composite-app-controller-carcms26/secrets HTTP/1.1 and responded: HTTP/1.1 202 OK
Feb 04, 2021 8:41:05 AM okhttp3.mockwebserver.MockWebServer$3 processOneRequest
INFO: MockWebServer[52911] received request: POST /api/v1/namespaces/entando-k8s-composite-app-controller-carcms26/pods HTTP/1.1 and responded: HTTP/1.1 202 OK
Feb 04, 2021 8:41:05 AM okhttp3.mockwebserver.MockWebServer$3 processOneRequest
INFO: MockWebServer[52911] received request: GET /api/v1/namespaces/entando-k8s-composite-app-controller-carcms26/pods?labelSelector=EntandoKeycloakServer%3Dtest-keycloak-carcms26 HTTP/1.1 and responded: HTTP/1.1 200 OK
Feb 04, 2021 8:41:05 AM okhttp3.mockwebserver.MockWebServer$3 processOneRequest
INFO: MockWebServer[52911] received request: GET /api/v1/namespaces/entando-k8s-composite-app-controller-carcms26/pods?fieldSelector=metadata.name%3Dtest-keycloak-carcms26-deployer-3734&watch=**** HTTP/1.1 and responded: HTTP/1.1 200 OK
Feb 04, 2021 8:41:05 AM okhttp3.mockwebserver.MockWebServer$3 processOneRequest
INFO: MockWebServer[52911] received request: GET /api/v1/namespaces/entando-k8s-composite-app-controller-carcms26/pods?fieldSelector=metadata.name%3Dtest-keycloak-carcms26-deployer-3734&watch=**** HTTP/1.1 and responded: HTTP/1.1 200 OK
Feb 04, 2021 8:41:05 AM io.fabric8.kubernetes.client.dsl.internal.WatchHTTPManager$1 onResponse
INFO: Watch terminated unexpectedly. reason: \n not found: limit=2640 content=7b2261706956657273696f6e223a227631222c226b696e64223a224c69737422â€¦
Feb 04, 2021 8:41:05 AM io.fabric8.kubernetes.client.dsl.internal.WatchHTTPManager scheduleReconnect
WARN: Ignoring error for already closed/closing connection
Feb 04, 2021 8:41:05 AM okhttp3.mockwebserver.MockWebServer$3 processOneRequest
INFO: MockWebServer[52911] received request: POST /api/v1/namespaces/entando-k8s-composite-app-controller-carcms26/events HTTP/1.1 and responded: HTTP/1.1 202 OK
Feb 04, 2021 8:41:05 AM okhttp3.mockwebserver.MockWebServer$3 processOneRequest
INFO: MockWebServer[52911] received request: GET /apis/entando.org/v1/namespaces/entando-k8s-composite-app-controller-carcms26/entandocompositeapps/my-app-carcms26 HTTP/1.1 and responded: HTTP/1.1 200 OK
Feb 04, 2021 8:41:05 AM okhttp3.mockwebserver.MockWebServer$3 processOneRequest
INFO: MockWebServer[52911] received request: PUT /apis/entando.org/v1/namespaces/entando-k8s-composite-app-controller-carcms26/entandocompositeapps/my-app-carcms26/status HTTP/1.1 and responded: HTTP/1.1 202 OK
Feb 04, 2021 8:41:05 AM okhttp3.mockwebserver.MockWebServer$3 processOneRequest
INFO: MockWebServer[52911] received request: GET /apis/entando.org/v1/namespaces/entando-k8s-composite-app-controller-carcms26/entandoplugins/test-plugin-carcms26 HTTP/1.1 and responded: HTTP/1.1 200 OK
Feb 04, 2021 8:41:05 AM okhttp3.mockwebserver.MockWebServer$3 processOneRequest
INFO: MockWebServer[52911] received request: GET /apis/entando.org/v1/namespaces/entando-k8s-composite-app-controller-carcms26/entandoplugins/test-plugin-carcms26 HTTP/1.1 and responded: HTTP/1.1 200 OK
Feb 04, 2021 8:41:05 AM okhttp3.mockwebserver.MockWebServer$3 processOneRequest
INFO: MockWebServer[52911] received request: GET /apis/entando.org/v1/namespaces/entando-k8s-composite-app-controller-carcms26/entandoplugins/test-plugin-carcms26 HTTP/1.1 and responded: HTTP/1.1 200 OK
Feb 04, 2021 8:41:05 AM okhttp3.mockwebserver.MockWebServer$3 processOneRequest
INFO: MockWebServer[52911] received request: PATCH /apis/entando.org/v1/namespaces/entando-k8s-composite-app-controller-carcms26/entandoplugins/test-plugin-carcms26 HTTP/1.1 and responded: HTTP/1.1 202 OK
Feb 04, 2021 8:41:05 AM okhttp3.mockwebserver.MockWebServer$3 processOneRequest
INFO: MockWebServer[52911] received request: GET /api/v1/namespaces/entando-k8s-composite-app-controller-carcms26/pods?labelSelector=EntandoPlugin%3Dtest-plugin-carcms26%2CEntandoResourceNamespace%3Dentando-k8s-composite-app-controller-carcms26%2CEntandoResourceKind%3DEntandoPlugin HTTP/1.1 and responded: HTTP/1.1 200 OK
Feb 04, 2021 8:41:05 AM okhttp3.mockwebserver.MockWebServer$3 processOneRequest
INFO: MockWebServer[52911] received request: GET /api/v1/namespaces/entando-k8s-composite-app-controller-carcms26/pods?labelSelector=EntandoPlugin%3Dtest-plugin-carcms26%2CEntandoResourceNamespace%3Dentando-k8s-composite-app-controller-carcms26%2CEntandoResourceKind%3DEntandoPlugin&watch=**** HTTP/1.1 and responded: HTTP/1.1 200 OK
Feb 04, 2021 8:41:06 AM okhttp3.mockwebserver.MockWebServer$3 processOneRequest
INFO: MockWebServer[52911] received request: GET /api/v1/namespaces/entando-k8s-composite-app-controller-carcms26/pods?labelSelector=EntandoPlugin%3Dtest-plugin-carcms26%2CEntandoResourceNamespace%3Dentando-k8s-composite-app-controller-carcms26%2CEntandoResourceKind%3DEntandoPlugin&watch=**** HTTP/1.1 and responded: HTTP/1.1 200 OK
Feb 04, 2021 8:41:06 AM okhttp3.mockwebserver.MockWebServer$3 processOneRequest
INFO: MockWebServer[52911] received request: GET /api/v1/namespaces/entando-k8s-composite-app-controller-carcms26/pods?labelSelector=EntandoPlugin%3Dtest-plugin-carcms26%2CEntandoResourceNamespace%3Dentando-k8s-composite-app-controller-carcms26%2CEntandoResourceKind%3DEntandoPlugin HTTP/1.1 and responded: HTTP/1.1 200 OK
Feb 04, 2021 8:41:06 AM io.fabric8.kubernetes.client.dsl.internal.WatchHTTPManager$1 onResponse
INFO: Watch terminated unexpectedly. reason: \n not found: limit=46 content=7b2261706956657273696f6e223a227631222c226b696e64223a224c69737422â€¦
Feb 04, 2021 8:41:06 AM okhttp3.mockwebserver.MockWebServer$3 processOneRequest
INFO: MockWebServer[52911] received request: GET /api/v1/namespaces/entando-k8s-composite-app-controller-carcms26/pods?labelSelector=EntandoPlugin%3Dtest-plugin-carcms26%2CEntandoResourceNamespace%3Dentando-k8s-composite-app-controller-carcms26%2CEntandoResourceKind%3DEntandoPlugin HTTP/1.1 and responded: HTTP/1.1 200 OK
Feb 04, 2021 8:41:07 AM okhttp3.mockwebserver.MockWebServer$3 processOneRequest
INFO: MockWebServer[52911] received request: GET /api/v1/namespaces/entando-k8s-composite-app-controller-carcms26/pods?labelSelector=EntandoPlugin%3Dtest-plugin-carcms26%2CEntandoResourceNamespace%3Dentando-k8s-composite-app-controller-carcms26%2CEntandoResourceKind%3DEntandoPlugin&watch=**** HTTP/1.1 and responded: HTTP/1.1 200 OK
Feb 04, 2021 8:41:07 AM io.fabric8.kubernetes.client.dsl.internal.WatchHTTPManager$1 onResponse
INFO: Watch terminated unexpectedly. reason: \n not found: limit=46 content=7b2261706956657273696f6e223a227631222c226b696e64223a224c69737422â€¦
Feb 04, 2021 8:41:07 AM io.fabric8.kubernetes.client.dsl.internal.WatchHTTPManager scheduleReconnect
WARN: Ignoring error for already closed/closing connection
Feb 04, 2021 8:41:07 AM okhttp3.mockwebserver.MockWebServer$3 processOneRequest
INFO: MockWebServer[52911] received request: GET /api/v1/namespaces/entando-k8s-composite-app-controller-carcms26/secrets/test-plugin-carcms26-controller-ca-cert-secret HTTP/1.1 and responded: HTTP/1.1 404 Client Error
Feb 04, 2021 8:41:07 AM okhttp3.mockwebserver.MockWebServer$3 processOneRequest
INFO: MockWebServer[52911] received request: POST /api/v1/namespaces/entando-k8s-composite-app-controller-carcms26/secrets HTTP/1.1 and responded: HTTP/1.1 202 OK
Feb 04, 2021 8:41:07 AM okhttp3.mockwebserver.MockWebServer$3 processOneRequest
INFO: MockWebServer[52911] received request: POST /api/v1/namespaces/entando-k8s-composite-app-controller-carcms26/pods HTTP/1.1 and responded: HTTP/1.1 202 OK
Feb 04, 2021 8:41:07 AM okhttp3.mockwebserver.MockWebServer$3 processOneRequest
INFO: MockWebServer[52911] received request: GET /api/v1/namespaces/entando-k8s-composite-app-controller-carcms26/pods?fieldSelector=metadata.name%3Dtest-plugin-carcms26-deployer-7157&watch=**** HTTP/1.1 and responded: HTTP/1.1 200 OK
Feb 04, 2021 8:41:07 AM okhttp3.mockwebserver.MockWebServer$3 processOneRequest
INFO: MockWebServer[52911] received request: GET /api/v1/namespaces/entando-k8s-composite-app-controller-carcms26/pods?labelSelector=EntandoPlugin%3Dtest-plugin-carcms26 HTTP/1.1 and responded: HTTP/1.1 200 OK
Feb 04, 2021 8:41:07 AM okhttp3.mockwebserver.MockWebServer$3 processOneRequest
INFO: MockWebServer[52911] received request: GET /api/v1/namespaces/entando-k8s-composite-app-controller-carcms26/pods?fieldSelector=metadata.name%3Dtest-plugin-carcms26-deployer-7157&watch=**** HTTP/1.1 and responded: HTTP/1.1 200 OK
Feb 04, 2021 8:41:07 AM okhttp3.mockwebserver.MockWebServer$3 processOneRequest
INFO: MockWebServer[52911] received request: POST /api/v1/namespaces/entando-k8s-composite-app-controller-carcms26/events HTTP/1.1 and responded: HTTP/1.1 202 OK
Feb 04, 2021 8:41:07 AM io.fabric8.kubernetes.client.dsl.internal.WatchHTTPManager$1 onResponse
INFO: Watch terminated unexpectedly. reason: \n not found: limit=5209 content=7b2261706956657273696f6e223a227631222c226b696e64223a224c69737422â€¦
Feb 04, 2021 8:41:07 AM io.fabric8.kubernetes.client.dsl.internal.WatchHTTPManager scheduleReconnect
WARN: Ignoring error for already closed/closing connection
Feb 04, 2021 8:41:07 AM okhttp3.mockwebserver.MockWebServer$3 processOneRequest
INFO: MockWebServer[52911] received request: GET /apis/entando.org/v1/namespaces/entando-k8s-composite-app-controller-carcms26/entandocompositeapps/my-app-carcms26 HTTP/1.1 and responded: HTTP/1.1 200 OK
Feb 04, 2021 8:41:07 AM okhttp3.mockwebserver.MockWebServer$3 processOneRequest
INFO: MockWebServer[52911] received request: PUT /apis/entando.org/v1/namespaces/entando-k8s-composite-app-controller-carcms26/entandocompositeapps/my-app-carcms26/status HTTP/1.1 and responded: HTTP/1.1 202 OK
Feb 04, 2021 8:41:07 AM okhttp3.mockwebserver.MockWebServer$3 processOneRequest
INFO: MockWebServer[52911] received request: POST /api/v1/namespaces/entando-k8s-composite-app-controller-carcms26/events HTTP/1.1 and responded: HTTP/1.1 202 OK
Feb 04, 2021 8:41:07 AM okhttp3.mockwebserver.MockWebServer$3 processOneRequest
INFO: MockWebServer[52911] received request: GET /apis/entando.org/v1/namespaces/entando-k8s-composite-app-controller-carcms26/entandocompositeapps/my-app-carcms26 HTTP/1.1 and responded: HTTP/1.1 200 OK
Feb 04, 2021 8:41:07 AM okhttp3.mockwebserver.MockWebServer$3 processOneRequest
INFO: MockWebServer[52911] received request: PUT /apis/entando.org/v1/namespaces/entando-k8s-composite-app-controller-carcms26/entandocompositeapps/my-app-carcms26/status HTTP/1.1 and responded: HTTP/1.1 202 OK
Feb 04, 2021 8:41:08 AM okhttp3.mockwebserver.MockWebServer$3 processOneRequest
INFO: MockWebServer[52911] received request: GET /api/v1/namespaces/entando-k8s-composite-app-controller-carcms26/pods?labelSelector=EntandoResourceKind%3DEntandoKeycloakServer%2CEntandoKeycloakServer%3Dtest-keycloak-carcms26 HTTP/1.1 and responded: HTTP/1.1 200 OK
Feb 04, 2021 8:41:08 AM okhttp3.mockwebserver.MockWebServer$3 processOneRequest
INFO: MockWebServer[52911] received request: GET /api/v1/namespaces/entando-k8s-composite-app-controller-carcms26/pods?labelSelector=EntandoResourceKind%3DEntandoKeycloakServer%2CEntandoKeycloakServer%3Dtest-keycloak-carcms26 HTTP/1.1 and responded: HTTP/1.1 200 OK
Feb 04, 2021 8:41:08 AM okhttp3.mockwebserver.MockWebServer$3 processOneRequest
INFO: MockWebServer[52911] received request: GET /api/v1/namespaces/entando-k8s-composite-app-controller-carcms26 HTTP/1.1 and responded: HTTP/1.1 404 Client Error
Feb 04, 2021 8:41:08 AM okhttp3.mockwebserver.MockWebServer$3 processOneRequest
INFO: MockWebServer[52911] received request: GET /apis/entando.org/v1/namespaces/default/entandokeycloakservers HTTP/1.1 and responded: HTTP/1.1 200 OK
Feb 04, 2021 8:41:08 AM okhttp3.mockwebserver.MockWebServer$3 processOneRequest
INFO: MockWebServer[52911] received request: GET /api/v1/namespaces/entando-k8s-composite-app-controller-carcms26 HTTP/1.1 and responded: HTTP/1.1 404 Client Error
Feb 04, 2021 8:41:08 AM okhttp3.mockwebserver.MockWebServer$3 processOneRequest
INFO: MockWebServer[52911] received request: GET /apis/entando.org/v1/namespaces/default/entandokeycloakservers HTTP/1.1 and responded: HTTP/1.1 200 OK
Feb 04, 2021 8:41:08 AM okhttp3.mockwebserver.MockWebServer$3 processOneRequest
INFO: MockWebServer[52911] received request: GET /apis/entando.org/v1/namespaces/entando-k8s-composite-app-controller-carcms26/entandokeycloakservers/test-keycloak-carcms26 HTTP/1.1 and responded: HTTP/1.1 200 OK
Feb 04, 2021 8:41:08 AM okhttp3.mockwebserver.MockWebServer$3 processOneRequest
INFO: MockWebServer[52911] received request: GET /api/v1/namespaces/entando-k8s-composite-app-controller-carcms26 HTTP/1.1 and responded: HTTP/1.1 404 Client Error
Feb 04, 2021 8:41:08 AM okhttp3.mockwebserver.MockWebServer$3 processOneRequest
INFO: MockWebServer[52911] received request: GET /apis/entando.org/v1/namespaces/default/entandocompositeapps HTTP/1.1 and responded: HTTP/1.1 200 OK
Feb 04, 2021 8:41:08 AM okhttp3.mockwebserver.MockWebServer$3 processOneRequest
INFO: MockWebServer[52911] received request: GET /api/v1/namespaces/entando-k8s-composite-app-controller-carcms26 HTTP/1.1 and responded: HTTP/1.1 404 Client Error
Feb 04, 2021 8:41:08 AM okhttp3.mockwebserver.MockWebServer$3 processOneRequest
INFO: MockWebServer[52911] received request: GET /apis/entando.org/v1/namespaces/default/entandocompositeapps HTTP/1.1 and responded: HTTP/1.1 200 OK
Feb 04, 2021 8:41:09 AM okhttp3.mockwebserver.MockWebServer$3 processOneRequest
INFO: MockWebServer[52911] received request: GET /apis/entando.org/v1/namespaces/entando-k8s-composite-app-controller-carcms26/entandocompositeapps/my-app-carcms26 HTTP/1.1 and responded: HTTP/1.1 200 OK
Feb 04, 2021 8:41:09 AM okhttp3.mockwebserver.MockWebServer$3 processOneRequest
INFO: MockWebServer[52911] received request: GET /api/v1/namespaces/entando-k8s-composite-app-controller-carcms26/pods?labelSelector=EntandoPlugin%3Dtest-plugin-carcms26%2CEntandoResourceKind%3DEntandoPlugin HTTP/1.1 and responded: HTTP/1.1 200 OK
Feb 04, 2021 8:41:09 AM okhttp3.mockwebserver.MockWebServer$3 processOneRequest
INFO: MockWebServer[52911] received request: GET /api/v1/namespaces/entando-k8s-composite-app-controller-carcms26/pods?labelSelector=EntandoPlugin%3Dtest-plugin-carcms26%2CEntandoResourceKind%3DEntandoPlugin HTTP/1.1 and responded: HTTP/1.1 200 OK
Feb 04, 2021 8:41:09 AM okhttp3.mockwebserver.MockWebServer$3 processOneRequest
INFO: MockWebServer[52911] received request: GET /api/v1/namespaces/entando-k8s-composite-app-controller-carcms26 HTTP/1.1 and responded: HTTP/1.1 404 Client Error
Feb 04, 2021 8:41:09 AM okhttp3.mockwebserver.MockWebServer$3 processOneRequest
INFO: MockWebServer[52911] received request: GET /apis/entando.org/v1/namespaces/default/entandoplugins HTTP/1.1 and responded: HTTP/1.1 200 OK
Feb 04, 2021 8:41:09 AM okhttp3.mockwebserver.MockWebServer$3 processOneRequest
INFO: MockWebServer[52911] received request: GET /api/v1/namespaces/entando-k8s-composite-app-controller-carcms26 HTTP/1.1 and responded: HTTP/1.1 404 Client Error
Feb 04, 2021 8:41:09 AM okhttp3.mockwebserver.MockWebServer$3 processOneRequest
INFO: MockWebServer[52911] received request: GET /apis/entando.org/v1/namespaces/default/entandoplugins HTTP/1.1 and responded: HTTP/1.1 200 OK
Feb 04, 2021 8:41:09 AM okhttp3.mockwebserver.MockWebServer$3 processOneRequest
INFO: MockWebServer[52911] received request: GET /apis/entando.org/v1/namespaces/entando-k8s-composite-app-controller-carcms26/entandoplugins/test-plugin-carcms26 HTTP/1.1 and responded: HTTP/1.1 200 OK
Feb 04, 2021 8:41:09 AM okhttp3.mockwebserver.MockWebServer$3 processOneRequest
INFO: MockWebServer[52911] received request: GET /apis/entando.org/v1/namespaces/entando-k8s-composite-app-controller-carcms26/entandocompositeapps/my-app-carcms26 HTTP/1.1 and responded: HTTP/1.1 200 OK
Feb 04, 2021 8:41:10 AM okhttp3.mockwebserver.MockWebServer$3 processOneRequest
INFO: MockWebServer[52911] received request: GET /apis/entando.org/v1/namespaces/entando-k8s-composite-app-controller-carcms26/entandocompositeapps/my-app-carcms26 HTTP/1.1 and responded: HTTP/1.1 200 OK
Feb 04, 2021 8:41:10 AM okhttp3.mockwebserver.MockWebServer$2 acceptConnections
INFO: MockWebServer[52911] done accepting connections: Socket closed
Feb 04, 2021 8:41:10 AM okhttp3.mockwebserver.MockWebServer$2 e**cute
INFO: MockWebServer[59692] starting to accept connections
Feb 04, 2021 8:41:10 AM okhttp3.mockwebserver.MockWebServer$3 processOneRequest
INFO: MockWebServer[59692] received request: GET /api/v1/namespaces/entando HTTP/1.1 and responded: HTTP/1.1 404 Client Error
Feb 04, 2021 8:41:10 AM okhttp3.mockwebserver.MockWebServer$3 processOneRequest
INFO: MockWebServer[59692] received request: POST /api/v1/namespaces HTTP/1.1 and responded: HTTP/1.1 202 OK
Feb 04, 2021 8:41:10 AM okhttp3.mockwebserver.MockWebServer$3 processOneRequest
INFO: MockWebServer[59692] received request: GET /api/v1/namespaces/entando/configmaps/entando-docker-image-info-v6.3 HTTP/1.1 and responded: HTTP/1.1 404 Client Error
Feb 04, 2021 8:41:10 AM okhttp3.mockwebserver.MockWebServer$3 processOneRequest
INFO: MockWebServer[59692] received request: GET /api/v1/namespaces/entando/configmaps/entando-docker-image-info-v6.3 HTTP/1.1 and responded: HTTP/1.1 404 Client Error
Feb 04, 2021 8:41:10 AM okhttp3.mockwebserver.MockWebServer$3 processOneRequest
INFO: MockWebServer[59692] received request: POST /api/v1/namespaces/entando/configmaps HTTP/1.1 and responded: HTTP/1.1 202 OK
Feb 04, 2021 8:41:10 AM okhttp3.mockwebserver.MockWebServer$3 processOneRequest
INFO: MockWebServer[59692] received request: GET /api/v1/namespaces/entando/configmaps/entando-docker-image-info-v6.3 HTTP/1.1 and responded: HTTP/1.1 200 OK
Feb 04, 2021 8:41:10 AM okhttp3.mockwebserver.MockWebServer$3 processOneRequest
INFO: MockWebServer[59692] received request: GET /api/v1/namespaces/entando/configmaps/entando-docker-image-info-v6.3 HTTP/1.1 and responded: HTTP/1.1 200 OK
Feb 04, 2021 8:41:11 AM okhttp3.mockwebserver.MockWebServer$3 processOneRequest
INFO: MockWebServer[59692] received request: GET /api/v1/namespaces/entando/configmaps/entando-docker-image-info-v6.3 HTTP/1.1 and responded: HTTP/1.1 200 OK
Feb 04, 2021 8:41:11 AM okhttp3.mockwebserver.MockWebServer$3 processOneRequest
INFO: MockWebServer[59692] received request: PATCH /api/v1/namespaces/entando/configmaps/entando-docker-image-info-v6.3 HTTP/1.1 and responded: HTTP/1.1 202 OK
Feb 04, 2021 8:41:11 AM okhttp3.mockwebserver.MockWebServer$3 processOneRequest
INFO: MockWebServer[59692] received request: GET /api/v1/namespaces/entando-k8s-composite-app-controller-carcms26 HTTP/1.1 and responded: HTTP/1.1 404 Client Error
Feb 04, 2021 8:41:11 AM okhttp3.mockwebserver.MockWebServer$3 processOneRequest
INFO: MockWebServer[59692] received request: GET /apis/entando.org/v1/namespaces/default/entandoplugins HTTP/1.1 and responded: HTTP/1.1 200 OK
Feb 04, 2021 8:41:11 AM okhttp3.mockwebserver.MockWebServer$3 processOneRequest
INFO: MockWebServer[59692] received request: GET /api/v1/namespaces/entando-k8s-composite-app-controller-carcms26 HTTP/1.1 and responded: HTTP/1.1 404 Client Error
Feb 04, 2021 8:41:11 AM okhttp3.mockwebserver.MockWebServer$3 processOneRequest
INFO: MockWebServer[59692] received request: GET /apis/entando.org/v1/namespaces/default/entandoplugins HTTP/1.1 and responded: HTTP/1.1 200 OK
Feb 04, 2021 8:41:11 AM okhttp3.mockwebserver.MockWebServer$3 processOneRequest
INFO: MockWebServer[59692] received request: GET /apis/entando.org/v1/namespaces/entando-k8s-composite-app-controller-carcms26/entandoplugins/test-plugin-carcms26 HTTP/1.1 and responded: HTTP/1.1 404 Client Error
Feb 04, 2021 8:41:11 AM okhttp3.mockwebserver.MockWebServer$3 processOneRequest
INFO: MockWebServer[59692] received request: POST /apis/entando.org/v1/namespaces/entando-k8s-composite-app-controller-carcms26/entandoplugins HTTP/1.1 and responded: HTTP/1.1 202 OK
Feb 04, 2021 8:41:11 AM okhttp3.mockwebserver.MockWebServer$3 processOneRequest
INFO: MockWebServer[59692] received request: GET /api/v1/namespaces/entando-k8s-composite-app-controller-carcms26 HTTP/1.1 and responded: HTTP/1.1 404 Client Error
Feb 04, 2021 8:41:11 AM okhttp3.mockwebserver.MockWebServer$3 processOneRequest
INFO: MockWebServer[59692] received request: GET /apis/entando.org/v1/namespaces/default/entandocompositeapps HTTP/1.1 and responded: HTTP/1.1 200 OK
Feb 04, 2021 8:41:11 AM okhttp3.mockwebserver.MockWebServer$3 processOneRequest
INFO: MockWebServer[59692] received request: GET /api/v1/namespaces/entando-k8s-composite-app-controller-carcms26 HTTP/1.1 and responded: HTTP/1.1 404 Client Error
Feb 04, 2021 8:41:11 AM okhttp3.mockwebserver.MockWebServer$3 processOneRequest
INFO: MockWebServer[59692] received request: GET /apis/entando.org/v1/namespaces/default/entandocompositeapps HTTP/1.1 and responded: HTTP/1.1 200 OK
Feb 04, 2021 8:41:12 AM okhttp3.mockwebserver.MockWebServer$3 processOneRequest
INFO: MockWebServer[59692] received request: POST /apis/entando.org/v1/namespaces/entando-k8s-composite-app-controller-carcms26/entandocompositeapps HTTP/1.1 and responded: HTTP/1.1 202 OK
Feb 04, 2021 8:41:12 AM okhttp3.mockwebserver.MockWebServer$3 processOneRequest
INFO: MockWebServer[59692] received request: GET /api/v1/namespaces/entando-k8s-composite-app-controller-carcms26 HTTP/1.1 and responded: HTTP/1.1 404 Client Error
Feb 04, 2021 8:41:12 AM okhttp3.mockwebserver.MockWebServer$3 processOneRequest
INFO: MockWebServer[59692] received request: GET /apis/entando.org/v1/namespaces/default/entandocompositeapps HTTP/1.1 and responded: HTTP/1.1 200 OK
Feb 04, 2021 8:41:12 AM okhttp3.mockwebserver.MockWebServer$3 processOneRequest
INFO: MockWebServer[59692] received request: GET /api/v1/namespaces/entando-k8s-composite-app-controller-carcms26 HTTP/1.1 and responded: HTTP/1.1 404 Client Error
Feb 04, 2021 8:41:12 AM okhttp3.mockwebserver.MockWebServer$3 processOneRequest
INFO: MockWebServer[59692] received request: GET /apis/entando.org/v1/namespaces/default/entandocompositeapps HTTP/1.1 and responded: HTTP/1.1 200 OK
Feb 04, 2021 8:41:12 AM okhttp3.mockwebserver.MockWebServer$3 processOneRequest
INFO: MockWebServer[59692] received request: GET /apis/entando.org/v1/namespaces/entando-k8s-composite-app-controller-carcms26/entandocompositeapps/my-app-carcms26 HTTP/1.1 and responded: HTTP/1.1 200 OK
Feb 04, 2021 8:41:12 AM okhttp3.mockwebserver.MockWebServer$3 processOneRequest
INFO: MockWebServer[59692] received request: POST /api/v1/namespaces/entando-k8s-composite-app-controller-carcms26/events HTTP/1.1 and responded: HTTP/1.1 202 OK
Feb 04, 2021 8:41:12 AM okhttp3.mockwebserver.MockWebServer$3 processOneRequest
INFO: MockWebServer[59692] received request: GET /apis/entando.org/v1/namespaces/entando-k8s-composite-app-controller-carcms26/entandocompositeapps/my-app-carcms26 HTTP/1.1 and responded: HTTP/1.1 200 OK
Feb 04, 2021 8:41:13 AM okhttp3.mockwebserver.MockWebServer$3 processOneRequest
INFO: MockWebServer[59692] received request: PUT /apis/entando.org/v1/namespaces/entando-k8s-composite-app-controller-carcms26/entandocompositeapps/my-app-carcms26/status HTTP/1.1 and responded: HTTP/1.1 202 OK
Feb 04, 2021 8:41:13 AM okhttp3.mockwebserver.MockWebServer$3 processOneRequest
INFO: MockWebServer[59692] received request: GET /api/v1/namespaces/entando/configmaps/entando-docker-image-info-v6.3 HTTP/1.1 and responded: HTTP/1.1 200 OK
Feb 04, 2021 8:41:13 AM okhttp3.mockwebserver.MockWebServer$3 processOneRequest
INFO: MockWebServer[59692] received request: GET /api/v1/namespaces/entando-k8s-composite-app-controller-carcms26 HTTP/1.1 and responded: HTTP/1.1 404 Client Error
Feb 04, 2021 8:41:13 AM okhttp3.mockwebserver.MockWebServer$3 processOneRequest
INFO: MockWebServer[59692] received request: GET /apis/entando.org/v1/namespaces/default/entandokeycloakservers HTTP/1.1 and responded: HTTP/1.1 200 OK
Feb 04, 2021 8:41:13 AM okhttp3.mockwebserver.MockWebServer$3 processOneRequest
INFO: MockWebServer[59692] received request: GET /api/v1/namespaces/entando-k8s-composite-app-controller-carcms26 HTTP/1.1 and responded: HTTP/1.1 404 Client Error
Feb 04, 2021 8:41:13 AM okhttp3.mockwebserver.MockWebServer$3 processOneRequest
INFO: MockWebServer[59692] received request: GET /apis/entando.org/v1/namespaces/default/entandokeycloakservers HTTP/1.1 and responded: HTTP/1.1 200 OK
Feb 04, 2021 8:41:13 AM okhttp3.mockwebserver.MockWebServer$3 processOneRequest
INFO: MockWebServer[59692] received request: GET /apis/entando.org/v1/namespaces/entando-k8s-composite-app-controller-carcms26/entandokeycloakservers/test-keycloak-carcms26 HTTP/1.1 and responded: HTTP/1.1 404 Client Error
Feb 04, 2021 8:41:13 AM okhttp3.mockwebserver.MockWebServer$3 processOneRequest
INFO: MockWebServer[59692] received request: POST /apis/entando.org/v1/namespaces/entando-k8s-composite-app-controller-carcms26/entandokeycloakservers HTTP/1.1 and responded: HTTP/1.1 202 OK
Feb 04, 2021 8:41:13 AM okhttp3.mockwebserver.MockWebServer$3 processOneRequest
INFO: MockWebServer[59692] received request: GET /api/v1/namespaces/entando-k8s-composite-app-controller-carcms26/pods?labelSelector=EntandoResourceNamespace%3Dentando-k8s-composite-app-controller-carcms26%2CEntandoResourceKind%3DEntandoKeycloakServer%2CEntandoKeycloakServer%3Dtest-keycloak-carcms26 HTTP/1.1 and responded: HTTP/1.1 200 OK
Feb 04, 2021 8:41:13 AM okhttp3.mockwebserver.MockWebServer$3 processOneRequest
INFO: MockWebServer[59692] received request: GET /api/v1/namespaces/entando-k8s-composite-app-controller-carcms26/pods?labelSelector=EntandoResourceNamespace%3Dentando-k8s-composite-app-controller-carcms26%2CEntandoResourceKind%3DEntandoKeycloakServer%2CEntandoKeycloakServer%3Dtest-keycloak-carcms26&watch=**** HTTP/1.1 and responded: HTTP/1.1 200 OK
Feb 04, 2021 8:41:13 AM okhttp3.mockwebserver.MockWebServer$3 processOneRequest
INFO: MockWebServer[59692] received request: GET /api/v1/namespaces/entando-k8s-composite-app-controller-carcms26/pods?labelSelector=EntandoResourceNamespace%3Dentando-k8s-composite-app-controller-carcms26%2CEntandoResourceKind%3DEntandoKeycloakServer%2CEntandoKeycloakServer%3Dtest-keycloak-carcms26 HTTP/1.1 and responded: HTTP/1.1 200 OK
Feb 04, 2021 8:41:13 AM okhttp3.mockwebserver.MockWebServer$3 processOneRequest
INFO: MockWebServer[59692] received request: GET /api/v1/namespaces/entando-k8s-composite-app-controller-carcms26/pods?labelSelector=EntandoResourceNamespace%3Dentando-k8s-composite-app-controller-carcms26%2CEntandoResourceKind%3DEntandoKeycloakServer%2CEntandoKeycloakServer%3Dtest-keycloak-carcms26&watch=**** HTTP/1.1 and responded: HTTP/1.1 200 OK
Feb 04, 2021 8:41:13 AM io.fabric8.kubernetes.client.dsl.internal.WatchHTTPManager$1 onResponse
INFO: Watch terminated unexpectedly. reason: \n not found: limit=46 content=7b2261706956657273696f6e223a227631222c226b696e64223a224c69737422â€¦
Feb 04, 2021 8:41:13 AM okhttp3.mockwebserver.MockWebServer$3 processOneRequest
INFO: MockWebServer[59692] received request: GET /api/v1/namespaces/entando-k8s-composite-app-controller-carcms26/pods?labelSelector=EntandoResourceNamespace%3Dentando-k8s-composite-app-controller-carcms26%2CEntandoResourceKind%3DEntandoKeycloakServer%2CEntandoKeycloakServer%3Dtest-keycloak-carcms26 HTTP/1.1 and responded: HTTP/1.1 200 OK
Feb 04, 2021 8:41:15 AM okhttp3.mockwebserver.MockWebServer$3 processOneRequest
INFO: MockWebServer[59692] received request: GET /api/v1/namespaces/entando-k8s-composite-app-controller-carcms26/pods?labelSelector=EntandoResourceNamespace%3Dentando-k8s-composite-app-controller-carcms26%2CEntandoResourceKind%3DEntandoKeycloakServer%2CEntandoKeycloakServer%3Dtest-keycloak-carcms26&watch=**** HTTP/1.1 and responded: HTTP/1.1 200 OK
Feb 04, 2021 8:41:15 AM io.fabric8.kubernetes.client.dsl.internal.WatchHTTPManager$1 onResponse
INFO: Watch terminated unexpectedly. reason: \n not found: limit=46 content=7b2261706956657273696f6e223a227631222c226b696e64223a224c69737422â€¦
Feb 04, 2021 8:41:15 AM io.fabric8.kubernetes.client.dsl.internal.WatchHTTPManager scheduleReconnect
WARN: Ignoring error for already closed/closing connection
Feb 04, 2021 8:41:15 AM okhttp3.mockwebserver.MockWebServer$3 processOneRequest
INFO: MockWebServer[59692] received request: GET /api/v1/namespaces/entando-k8s-composite-app-controller-carcms26/secrets/test-keycloak-carcms26-controller-ca-cert-secret HTTP/1.1 and responded: HTTP/1.1 404 Client Error
Feb 04, 2021 8:41:15 AM okhttp3.mockwebserver.MockWebServer$3 processOneRequest
INFO: MockWebServer[59692] received request: POST /api/v1/namespaces/entando-k8s-composite-app-controller-carcms26/secrets HTTP/1.1 and responded: HTTP/1.1 202 OK
Feb 04, 2021 8:41:15 AM okhttp3.mockwebserver.MockWebServer$3 processOneRequest
INFO: MockWebServer[59692] received request: POST /api/v1/namespaces/entando-k8s-composite-app-controller-carcms26/pods HTTP/1.1 and responded: HTTP/1.1 202 OK
Feb 04, 2021 8:41:15 AM okhttp3.mockwebserver.MockWebServer$3 processOneRequest
INFO: MockWebServer[59692] received request: GET /api/v1/namespaces/entando-k8s-composite-app-controller-carcms26/pods?labelSelector=EntandoKeycloakServer%3Dtest-keycloak-carcms26 HTTP/1.1 and responded: HTTP/1.1 200 OK
Feb 04, 2021 8:41:15 AM okhttp3.mockwebserver.MockWebServer$3 processOneRequest
INFO: MockWebServer[59692] received request: GET /api/v1/namespaces/entando-k8s-composite-app-controller-carcms26/pods?fieldSelector=metadata.name%3Dtest-keycloak-carcms26-deployer-1001&watch=**** HTTP/1.1 and responded: HTTP/1.1 200 OK
Feb 04, 2021 8:41:15 AM okhttp3.mockwebserver.MockWebServer$3 processOneRequest
INFO: MockWebServer[59692] received request: GET /api/v1/namespaces/entando-k8s-composite-app-controller-carcms26/pods?fieldSelector=metadata.name%3Dtest-keycloak-carcms26-deployer-1001&watch=**** HTTP/1.1 and responded: HTTP/1.1 200 OK
Feb 04, 2021 8:41:15 AM io.fabric8.kubernetes.client.dsl.internal.WatchHTTPManager$1 onResponse
INFO: Watch terminated unexpectedly. reason: \n not found: limit=2637 content=7b2261706956657273696f6e223a227631222c226b696e64223a224c69737422â€¦
Feb 04, 2021 8:41:15 AM io.fabric8.kubernetes.client.dsl.internal.WatchHTTPManager scheduleReconnect
WARN: Ignoring error for already closed/closing connection
Feb 04, 2021 8:41:15 AM okhttp3.mockwebserver.MockWebServer$3 processOneRequest
INFO: MockWebServer[59692] received request: POST /api/v1/namespaces/entando-k8s-composite-app-controller-carcms26/events HTTP/1.1 and responded: HTTP/1.1 202 OK
Feb 04, 2021 8:41:15 AM okhttp3.mockwebserver.MockWebServer$3 processOneRequest
INFO: MockWebServer[59692] received request: GET /apis/entando.org/v1/namespaces/entando-k8s-composite-app-controller-carcms26/entandocompositeapps/my-app-carcms26 HTTP/1.1 and responded: HTTP/1.1 200 OK
Feb 04, 2021 8:41:15 AM okhttp3.mockwebserver.MockWebServer$3 processOneRequest
INFO: MockWebServer[59692] received request: PUT /apis/entando.org/v1/namespaces/entando-k8s-composite-app-controller-carcms26/entandocompositeapps/my-app-carcms26/status HTTP/1.1 and responded: HTTP/1.1 202 OK
Feb 04, 2021 8:41:15 AM okhttp3.mockwebserver.MockWebServer$3 processOneRequest
INFO: MockWebServer[59692] received request: GET /apis/entando.org/v1/namespaces/entando-k8s-composite-app-controller-carcms26/entandoplugins/test-plugin-carcms26 HTTP/1.1 and responded: HTTP/1.1 200 OK
Feb 04, 2021 8:41:15 AM okhttp3.mockwebserver.MockWebServer$3 processOneRequest
INFO: MockWebServer[59692] received request: GET /apis/entando.org/v1/namespaces/entando-k8s-composite-app-controller-carcms26/entandoplugins/test-plugin-carcms26 HTTP/1.1 and responded: HTTP/1.1 200 OK
Feb 04, 2021 8:41:15 AM okhttp3.mockwebserver.MockWebServer$3 processOneRequest
INFO: MockWebServer[59692] received request: GET /apis/entando.org/v1/namespaces/entando-k8s-composite-app-controller-carcms26/entandoplugins/test-plugin-carcms26 HTTP/1.1 and responded: HTTP/1.1 200 OK
Feb 04, 2021 8:41:15 AM okhttp3.mockwebserver.MockWebServer$3 processOneRequest
INFO: MockWebServer[59692] received request: PATCH /apis/entando.org/v1/namespaces/entando-k8s-composite-app-controller-carcms26/entandoplugins/test-plugin-carcms26 HTTP/1.1 and responded: HTTP/1.1 202 OK
Feb 04, 2021 8:41:15 AM okhttp3.mockwebserver.MockWebServer$3 processOneRequest
INFO: MockWebServer[59692] received request: GET /api/v1/namespaces/entando-k8s-composite-app-controller-carcms26/pods?labelSelector=EntandoPlugin%3Dtest-plugin-carcms26%2CEntandoResourceNamespace%3Dentando-k8s-composite-app-controller-carcms26%2CEntandoResourceKind%3DEntandoPlugin HTTP/1.1 and responded: HTTP/1.1 200 OK
Feb 04, 2021 8:41:16 AM okhttp3.mockwebserver.MockWebServer$3 processOneRequest
INFO: MockWebServer[59692] received request: GET /api/v1/namespaces/entando-k8s-composite-app-controller-carcms26/pods?labelSelector=EntandoPlugin%3Dtest-plugin-carcms26%2CEntandoResourceNamespace%3Dentando-k8s-composite-app-controller-carcms26%2CEntandoResourceKind%3DEntandoPlugin&watch=**** HTTP/1.1 and responded: HTTP/1.1 200 OK
Feb 04, 2021 8:41:16 AM okhttp3.mockwebserver.MockWebServer$3 processOneRequest
INFO: MockWebServer[59692] received request: GET /api/v1/namespaces/entando-k8s-composite-app-controller-carcms26/pods?labelSelector=EntandoPlugin%3Dtest-plugin-carcms26%2CEntandoResourceNamespace%3Dentando-k8s-composite-app-controller-carcms26%2CEntandoResourceKind%3DEntandoPlugin HTTP/1.1 and responded: HTTP/1.1 200 OK
Feb 04, 2021 8:41:16 AM okhttp3.mockwebserver.MockWebServer$3 processOneRequest
INFO: MockWebServer[59692] received request: GET /api/v1/namespaces/entando-k8s-composite-app-controller-carcms26/pods?labelSelector=EntandoPlugin%3Dtest-plugin-carcms26%2CEntandoResourceNamespace%3Dentando-k8s-composite-app-controller-carcms26%2CEntandoResourceKind%3DEntandoPlugin&watch=**** HTTP/1.1 and responded: HTTP/1.1 200 OK
Feb 04, 2021 8:41:16 AM io.fabric8.kubernetes.client.dsl.internal.WatchHTTPManager$1 onResponse
INFO: Watch terminated unexpectedly. reason: \n not found: limit=46 content=7b2261706956657273696f6e223a227631222c226b696e64223a224c69737422â€¦
Feb 04, 2021 8:41:16 AM okhttp3.mockwebserver.MockWebServer$3 processOneRequest
INFO: MockWebServer[59692] received request: GET /api/v1/namespaces/entando-k8s-composite-app-controller-carcms26/pods?labelSelector=EntandoPlugin%3Dtest-plugin-carcms26%2CEntandoResourceNamespace%3Dentando-k8s-composite-app-controller-carcms26%2CEntandoResourceKind%3DEntandoPlugin HTTP/1.1 and responded: HTTP/1.1 200 OK
Feb 04, 2021 8:41:17 AM okhttp3.mockwebserver.MockWebServer$3 processOneRequest
INFO: MockWebServer[59692] received request: GET /api/v1/namespaces/entando-k8s-composite-app-controller-carcms26/pods?labelSelector=EntandoPlugin%3Dtest-plugin-carcms26%2CEntandoResourceNamespace%3Dentando-k8s-composite-app-controller-carcms26%2CEntandoResourceKind%3DEntandoPlugin&watch=**** HTTP/1.1 and responded: HTTP/1.1 200 OK
Feb 04, 2021 8:41:17 AM io.fabric8.kubernetes.client.dsl.internal.WatchHTTPManager$1 onResponse
INFO: Watch terminated unexpectedly. reason: \n not found: limit=46 content=7b2261706956657273696f6e223a227631222c226b696e64223a224c69737422â€¦
Feb 04, 2021 8:41:17 AM io.fabric8.kubernetes.client.dsl.internal.WatchHTTPManager scheduleReconnect
WARN: Ignoring error for already closed/closing connection
Feb 04, 2021 8:41:17 AM okhttp3.mockwebserver.MockWebServer$3 processOneRequest
INFO: MockWebServer[59692] received request: GET /api/v1/namespaces/entando-k8s-composite-app-controller-carcms26/secrets/test-plugin-carcms26-controller-ca-cert-secret HTTP/1.1 and responded: HTTP/1.1 404 Client Error
Feb 04, 2021 8:41:17 AM okhttp3.mockwebserver.MockWebServer$3 processOneRequest
INFO: MockWebServer[59692] received request: POST /api/v1/namespaces/entando-k8s-composite-app-controller-carcms26/secrets HTTP/1.1 and responded: HTTP/1.1 202 OK
Feb 04, 2021 8:41:17 AM okhttp3.mockwebserver.MockWebServer$3 processOneRequest
INFO: MockWebServer[59692] received request: POST /api/v1/namespaces/entando-k8s-composite-app-controller-carcms26/pods HTTP/1.1 and responded: HTTP/1.1 202 OK
Feb 04, 2021 8:41:17 AM okhttp3.mockwebserver.MockWebServer$3 processOneRequest
INFO: MockWebServer[59692] received request: GET /api/v1/namespaces/entando-k8s-composite-app-controller-carcms26/pods?labelSelector=EntandoPlugin%3Dtest-plugin-carcms26 HTTP/1.1 and responded: HTTP/1.1 200 OK
Feb 04, 2021 8:41:17 AM okhttp3.mockwebserver.MockWebServer$3 processOneRequest
INFO: MockWebServer[59692] received request: GET /api/v1/namespaces/entando-k8s-composite-app-controller-carcms26/pods?fieldSelector=metadata.name%3Dtest-plugin-carcms26-deployer-8341&watch=**** HTTP/1.1 and responded: HTTP/1.1 200 OK
Feb 04, 2021 8:41:17 AM okhttp3.mockwebserver.MockWebServer$3 processOneRequest
INFO: MockWebServer[59692] received request: GET /api/v1/namespaces/entando-k8s-composite-app-controller-carcms26/pods?fieldSelector=metadata.name%3Dtest-plugin-carcms26-deployer-8341&watch=**** HTTP/1.1 and responded: HTTP/1.1 200 OK
Feb 04, 2021 8:41:17 AM okhttp3.mockwebserver.MockWebServer$3 processOneRequest
INFO: MockWebServer[59692] received request: POST /api/v1/namespaces/entando-k8s-composite-app-controller-carcms26/events HTTP/1.1 and responded: HTTP/1.1 202 OK
Feb 04, 2021 8:41:17 AM io.fabric8.kubernetes.client.dsl.internal.WatchHTTPManager$1 onResponse
INFO: Watch terminated unexpectedly. reason: \n not found: limit=5203 content=7b2261706956657273696f6e223a227631222c226b696e64223a224c69737422â€¦
Feb 04, 2021 8:41:17 AM io.fabric8.kubernetes.client.dsl.internal.WatchHTTPManager scheduleReconnect
WARN: Ignoring error for already closed/closing connection
Feb 04, 2021 8:41:17 AM okhttp3.mockwebserver.MockWebServer$3 processOneRequest
INFO: MockWebServer[59692] received request: GET /apis/entando.org/v1/namespaces/entando-k8s-composite-app-controller-carcms26/entandocompositeapps/my-app-carcms26 HTTP/1.1 and responded: HTTP/1.1 200 OK
Feb 04, 2021 8:41:17 AM okhttp3.mockwebserver.MockWebServer$3 processOneRequest
INFO: MockWebServer[59692] received request: PUT /apis/entando.org/v1/namespaces/entando-k8s-composite-app-controller-carcms26/entandocompositeapps/my-app-carcms26/status HTTP/1.1 and responded: HTTP/1.1 202 OK
Feb 04, 2021 8:41:17 AM okhttp3.mockwebserver.MockWebServer$3 processOneRequest
INFO: MockWebServer[59692] received request: POST /api/v1/namespaces/entando-k8s-composite-app-controller-carcms26/events HTTP/1.1 and responded: HTTP/1.1 202 OK
Feb 04, 2021 8:41:17 AM okhttp3.mockwebserver.MockWebServer$3 processOneRequest
INFO: MockWebServer[59692] received request: GET /apis/entando.org/v1/namespaces/entando-k8s-composite-app-controller-carcms26/entandocompositeapps/my-app-carcms26 HTTP/1.1 and responded: HTTP/1.1 200 OK
Feb 04, 2021 8:41:17 AM okhttp3.mockwebserver.MockWebServer$3 processOneRequest
INFO: MockWebServer[59692] received request: PUT /apis/entando.org/v1/namespaces/entando-k8s-composite-app-controller-carcms26/entandocompositeapps/my-app-carcms26/status HTTP/1.1 and responded: HTTP/1.1 202 OK
Feb 04, 2021 8:41:18 AM okhttp3.mockwebserver.MockWebServer$3 processOneRequest
INFO: MockWebServer[59692] received request: GET /api/v1/namespaces/entando-k8s-composite-app-controller-carcms26/pods?labelSelector=EntandoResourceKind%3DEntandoKeycloakServer%2CEntandoKeycloakServer%3Dtest-keycloak-carcms26 HTTP/1.1 and responded: HTTP/1.1 200 OK
Feb 04, 2021 8:41:18 AM okhttp3.mockwebserver.MockWebServer$3 processOneRequest
INFO: MockWebServer[59692] received request: GET /api/v1/namespaces/entando-k8s-composite-app-controller-carcms26/pods?labelSelector=EntandoResourceKind%3DEntandoKeycloakServer%2CEntandoKeycloakServer%3Dtest-keycloak-carcms26 HTTP/1.1 and responded: HTTP/1.1 200 OK
Feb 04, 2021 8:41:18 AM okhttp3.mockwebserver.MockWebServer$3 processOneRequest
INFO: MockWebServer[59692] received request: GET /api/v1/namespaces/entando-k8s-composite-app-controller-carcms26 HTTP/1.1 and responded: HTTP/1.1 404 Client Error
Feb 04, 2021 8:41:18 AM okhttp3.mockwebserver.MockWebServer$3 processOneRequest
INFO: MockWebServer[59692] received request: GET /apis/entando.org/v1/namespaces/default/entandokeycloakservers HTTP/1.1 and responded: HTTP/1.1 200 OK
Feb 04, 2021 8:41:18 AM okhttp3.mockwebserver.MockWebServer$3 processOneRequest
INFO: MockWebServer[59692] received request: GET /api/v1/namespaces/entando-k8s-composite-app-controller-carcms26 HTTP/1.1 and responded: HTTP/1.1 404 Client Error
Feb 04, 2021 8:41:18 AM okhttp3.mockwebserver.MockWebServer$3 processOneRequest
INFO: MockWebServer[59692] received request: GET /apis/entando.org/v1/namespaces/default/entandokeycloakservers HTTP/1.1 and responded: HTTP/1.1 200 OK
Feb 04, 2021 8:41:18 AM okhttp3.mockwebserver.MockWebServer$3 processOneRequest
INFO: MockWebServer[59692] received request: GET /apis/entando.org/v1/namespaces/entando-k8s-composite-app-controller-carcms26/entandokeycloakservers/test-keycloak-carcms26 HTTP/1.1 and responded: HTTP/1.1 200 OK
Feb 04, 2021 8:41:18 AM okhttp3.mockwebserver.MockWebServer$3 processOneRequest
INFO: MockWebServer[59692] received request: GET /api/v1/namespaces/entando-k8s-composite-app-controller-carcms26 HTTP/1.1 and responded: HTTP/1.1 404 Client Error
Feb 04, 2021 8:41:18 AM okhttp3.mockwebserver.MockWebServer$3 processOneRequest
INFO: MockWebServer[59692] received request: GET /apis/entando.org/v1/namespaces/default/entandocompositeapps HTTP/1.1 and responded: HTTP/1.1 200 OK
Feb 04, 2021 8:41:18 AM okhttp3.mockwebserver.MockWebServer$3 processOneRequest
INFO: MockWebServer[59692] received request: GET /api/v1/namespaces/entando-k8s-composite-app-controller-carcms26 HTTP/1.1 and responded: HTTP/1.1 404 Client Error
Feb 04, 2021 8:41:19 AM okhttp3.mockwebserver.MockWebServer$3 processOneRequest
INFO: MockWebServer[59692] received request: GET /apis/entando.org/v1/namespaces/default/entandocompositeapps HTTP/1.1 and responded: HTTP/1.1 200 OK
Feb 04, 2021 8:41:19 AM okhttp3.mockwebserver.MockWebServer$3 processOneRequest
INFO: MockWebServer[59692] received request: GET /apis/entando.org/v1/namespaces/entando-k8s-composite-app-controller-carcms26/entandocompositeapps/my-app-carcms26 HTTP/1.1 and responded: HTTP/1.1 200 OK
Feb 04, 2021 8:41:19 AM okhttp3.mockwebserver.MockWebServer$3 processOneRequest
INFO: MockWebServer[59692] received request: GET /api/v1/namespaces/entando-k8s-composite-app-controller-carcms26/pods?labelSelector=EntandoPlugin%3Dtest-plugin-carcms26%2CEntandoResourceKind%3DEntandoPlugin HTTP/1.1 and responded: HTTP/1.1 200 OK
Feb 04, 2021 8:41:19 AM okhttp3.mockwebserver.MockWebServer$3 processOneRequest
INFO: MockWebServer[59692] received request: GET /api/v1/namespaces/entando-k8s-composite-app-controller-carcms26/pods?labelSelector=EntandoPlugin%3Dtest-plugin-carcms26%2CEntandoResourceKind%3DEntandoPlugin HTTP/1.1 and responded: HTTP/1.1 200 OK
Feb 04, 2021 8:41:19 AM okhttp3.mockwebserver.MockWebServer$3 processOneRequest
INFO: MockWebServer[59692] received request: GET /api/v1/namespaces/entando-k8s-composite-app-controller-carcms26 HTTP/1.1 and responded: HTTP/1.1 404 Client Error
Feb 04, 2021 8:41:19 AM okhttp3.mockwebserver.MockWebServer$3 processOneRequest
INFO: MockWebServer[59692] received request: GET /apis/entando.org/v1/namespaces/default/entandoplugins HTTP/1.1 and responded: HTTP/1.1 200 OK
Feb 04, 2021 8:41:19 AM okhttp3.mockwebserver.MockWebServer$3 processOneRequest
INFO: MockWebServer[59692] received request: GET /api/v1/namespaces/entando-k8s-composite-app-controller-carcms26 HTTP/1.1 and responded: HTTP/1.1 404 Client Error
Feb 04, 2021 8:41:19 AM okhttp3.mockwebserver.MockWebServer$3 processOneRequest
INFO: MockWebServer[59692] received request: GET /apis/entando.org/v1/namespaces/default/entandoplugins HTTP/1.1 and responded: HTTP/1.1 200 OK
Feb 04, 2021 8:41:19 AM okhttp3.mockwebserver.MockWebServer$3 processOneRequest
INFO: MockWebServer[59692] received request: GET /apis/entando.org/v1/namespaces/entando-k8s-composite-app-controller-carcms26/entandoplugins/test-plugin-carcms26 HTTP/1.1 and responded: HTTP/1.1 200 OK
Feb 04, 2021 8:41:20 AM okhttp3.mockwebserver.MockWebServer$3 processOneRequest
INFO: MockWebServer[59692] received request: GET /apis/entando.org/v1/namespaces/entando-k8s-composite-app-controller-carcms26/entandocompositeapps/my-app-carcms26 HTTP/1.1 and responded: HTTP/1.1 200 OK
Feb 04, 2021 8:41:20 AM okhttp3.mockwebserver.MockWebServer$3 processOneRequest
INFO: MockWebServer[59692] received request: GET /apis/entando.org/v1/namespaces/entando-k8s-composite-app-controller-carcms26/entandocompositeapps/my-app-carcms26 HTTP/1.1 and responded: HTTP/1.1 200 OK
Feb 04, 2021 8:41:20 AM okhttp3.mockwebserver.MockWebServer$2 acceptConnections
INFO: MockWebServer[59692] done accepting connections: Socket closed
Feb 04, 2021 8:41:20 AM okhttp3.mockwebserver.MockWebServer$2 e**cute
INFO: MockWebServer[34231] starting to accept connections
Feb 04, 2021 8:41:20 AM okhttp3.mockwebserver.MockWebServer$3 processOneRequest
INFO: MockWebServer[34231] received request: GET /api/v1/namespaces/entando HTTP/1.1 and responded: HTTP/1.1 404 Client Error
Feb 04, 2021 8:41:20 AM okhttp3.mockwebserver.MockWebServer$3 processOneRequest
INFO: MockWebServer[34231] received request: POST /api/v1/namespaces HTTP/1.1 and responded: HTTP/1.1 202 OK
Feb 04, 2021 8:41:20 AM okhttp3.mockwebserver.MockWebServer$3 processOneRequest
INFO: MockWebServer[34231] received request: GET /api/v1/namespaces/entando/configmaps/entando-docker-image-info-v6.3 HTTP/1.1 and responded: HTTP/1.1 404 Client Error
Feb 04, 2021 8:41:20 AM okhttp3.mockwebserver.MockWebServer$3 processOneRequest
INFO: MockWebServer[34231] received request: GET /api/v1/namespaces/entando/configmaps/entando-docker-image-info-v6.3 HTTP/1.1 and responded: HTTP/1.1 404 Client Error
Feb 04, 2021 8:41:20 AM okhttp3.mockwebserver.MockWebServer$3 processOneRequest
INFO: MockWebServer[34231] received request: POST /api/v1/namespaces/entando/configmaps HTTP/1.1 and responded: HTTP/1.1 202 OK
Feb 04, 2021 8:41:20 AM okhttp3.mockwebserver.MockWebServer$3 processOneRequest
INFO: MockWebServer[34231] received request: GET /api/v1/namespaces/entando/configmaps/entando-docker-image-info-v6.3 HTTP/1.1 and responded: HTTP/1.1 200 OK
Feb 04, 2021 8:41:20 AM okhttp3.mockwebserver.MockWebServer$3 processOneRequest
INFO: MockWebServer[34231] received request: GET /api/v1/namespaces/entando/configmaps/entando-docker-image-info-v6.3 HTTP/1.1 and responded: HTTP/1.1 200 OK
Feb 04, 2021 8:41:20 AM okhttp3.mockwebserver.MockWebServer$3 processOneRequest
INFO: MockWebServer[34231] received request: GET /api/v1/namespaces/entando/configmaps/entando-docker-image-info-v6.3 HTTP/1.1 and responded: HTTP/1.1 200 OK
Feb 04, 2021 8:41:21 AM okhttp3.mockwebserver.MockWebServer$3 processOneRequest
INFO: MockWebServer[34231] received request: PATCH /api/v1/namespaces/entando/configmaps/entando-docker-image-info-v6.3 HTTP/1.1 and responded: HTTP/1.1 202 OK
Feb 04, 2021 8:41:21 AM okhttp3.mockwebserver.MockWebServer$3 processOneRequest
INFO: MockWebServer[34231] received request: GET /api/v1/namespaces/entando-k8s-composite-app-controller-carcms26 HTTP/1.1 and responded: HTTP/1.1 404 Client Error
Feb 04, 2021 8:41:21 AM okhttp3.mockwebserver.MockWebServer$3 processOneRequest
INFO: MockWebServer[34231] received request: GET /apis/entando.org/v1/namespaces/default/entandoplugins HTTP/1.1 and responded: HTTP/1.1 200 OK
Feb 04, 2021 8:41:21 AM okhttp3.mockwebserver.MockWebServer$3 processOneRequest
INFO: MockWebServer[34231] received request: GET /api/v1/namespaces/entando-k8s-composite-app-controller-carcms26 HTTP/1.1 and responded: HTTP/1.1 404 Client Error
Feb 04, 2021 8:41:21 AM okhttp3.mockwebserver.MockWebServer$3 processOneRequest
INFO: MockWebServer[34231] received request: GET /apis/entando.org/v1/namespaces/default/entandoplugins HTTP/1.1 and responded: HTTP/1.1 200 OK
Feb 04, 2021 8:41:21 AM okhttp3.mockwebserver.MockWebServer$3 processOneRequest
INFO: MockWebServer[34231] received request: GET /apis/entando.org/v1/namespaces/entando-k8s-composite-app-controller-carcms26/entandoplugins/test-plugin-carcms26 HTTP/1.1 and responded: HTTP/1.1 404 Client Error
Feb 04, 2021 8:41:21 AM okhttp3.mockwebserver.MockWebServer$3 processOneRequest
INFO: MockWebServer[34231] received request: POST /apis/entando.org/v1/namespaces/entando-k8s-composite-app-controller-carcms26/entandoplugins HTTP/1.1 and responded: HTTP/1.1 202 OK
Feb 04, 2021 8:41:21 AM okhttp3.mockwebserver.MockWebServer$3 processOneRequest
INFO: MockWebServer[34231] received request: GET /api/v1/namespaces/entando-k8s-composite-app-controller-carcms26 HTTP/1.1 and responded: HTTP/1.1 404 Client Error
Feb 04, 2021 8:41:21 AM okhttp3.mockwebserver.MockWebServer$3 processOneRequest
INFO: MockWebServer[34231] received request: GET /apis/entando.org/v1/namespaces/default/entandocompositeapps HTTP/1.1 and responded: HTTP/1.1 200 OK
Feb 04, 2021 8:41:21 AM okhttp3.mockwebserver.MockWebServer$3 processOneRequest
INFO: MockWebServer[34231] received request: GET /api/v1/namespaces/entando-k8s-composite-app-controller-carcms26 HTTP/1.1 and responded: HTTP/1.1 404 Client Error
Feb 04, 2021 8:41:21 AM okhttp3.mockwebserver.MockWebServer$3 processOneRequest
INFO: MockWebServer[34231] received request: GET /apis/entando.org/v1/namespaces/default/entandocompositeapps HTTP/1.1 and responded: HTTP/1.1 200 OK
Feb 04, 2021 8:41:21 AM okhttp3.mockwebserver.MockWebServer$3 processOneRequest
INFO: MockWebServer[34231] received request: POST /apis/entando.org/v1/namespaces/entando-k8s-composite-app-controller-carcms26/entandocompositeapps HTTP/1.1 and responded: HTTP/1.1 202 OK
Feb 04, 2021 8:41:22 AM okhttp3.mockwebserver.MockWebServer$3 processOneRequest
INFO: MockWebServer[34231] received request: GET /api/v1/namespaces/entando-k8s-composite-app-controller-carcms26 HTTP/1.1 and responded: HTTP/1.1 404 Client Error
Feb 04, 2021 8:41:22 AM okhttp3.mockwebserver.MockWebServer$3 processOneRequest
INFO: MockWebServer[34231] received request: GET /apis/entando.org/v1/namespaces/default/entandocompositeapps HTTP/1.1 and responded: HTTP/1.1 200 OK
Feb 04, 2021 8:41:22 AM okhttp3.mockwebserver.MockWebServer$3 processOneRequest
INFO: MockWebServer[34231] received request: GET /api/v1/namespaces/entando-k8s-composite-app-controller-carcms26 HTTP/1.1 and responded: HTTP/1.1 404 Client Error
Feb 04, 2021 8:41:22 AM okhttp3.mockwebserver.MockWebServer$3 processOneRequest
INFO: MockWebServer[34231] received request: GET /apis/entando.org/v1/namespaces/default/entandocompositeapps HTTP/1.1 and responded: HTTP/1.1 200 OK
Feb 04, 2021 8:41:22 AM okhttp3.mockwebserver.MockWebServer$3 processOneRequest
INFO: MockWebServer[34231] received request: GET /apis/entando.org/v1/namespaces/entando-k8s-composite-app-controller-carcms26/entandocompositeapps/my-app-carcms26 HTTP/1.1 and responded: HTTP/1.1 200 OK
Feb 04, 2021 8:41:22 AM okhttp3.mockwebserver.MockWebServer$3 processOneRequest
INFO: MockWebServer[34231] received request: POST /api/v1/namespaces/entando-k8s-composite-app-controller-carcms26/events HTTP/1.1 and responded: HTTP/1.1 202 OK
Feb 04, 2021 8:41:22 AM okhttp3.mockwebserver.MockWebServer$3 processOneRequest
INFO: MockWebServer[34231] received request: GET /apis/entando.org/v1/namespaces/entando-k8s-composite-app-controller-carcms26/entandocompositeapps/my-app-carcms26 HTTP/1.1 and responded: HTTP/1.1 200 OK
Feb 04, 2021 8:41:22 AM okhttp3.mockwebserver.MockWebServer$3 processOneRequest
INFO: MockWebServer[34231] received request: PUT /apis/entando.org/v1/namespaces/entando-k8s-composite-app-controller-carcms26/entandocompositeapps/my-app-carcms26/status HTTP/1.1 and responded: HTTP/1.1 202 OK
Feb 04, 2021 8:41:23 AM okhttp3.mockwebserver.MockWebServer$3 processOneRequest
INFO: MockWebServer[34231] received request: GET /api/v1/namespaces/entando/configmaps/entando-docker-image-info-v6.3 HTTP/1.1 and responded: HTTP/1.1 200 OK
Feb 04, 2021 8:41:23 AM okhttp3.mockwebserver.MockWebServer$3 processOneRequest
INFO: MockWebServer[34231] received request: GET /api/v1/namespaces/entando-k8s-composite-app-controller-carcms26 HTTP/1.1 and responded: HTTP/1.1 404 Client Error
Feb 04, 2021 8:41:23 AM okhttp3.mockwebserver.MockWebServer$3 processOneRequest
INFO: MockWebServer[34231] received request: GET /apis/entando.org/v1/namespaces/default/entandokeycloakservers HTTP/1.1 and responded: HTTP/1.1 200 OK
Feb 04, 2021 8:41:23 AM okhttp3.mockwebserver.MockWebServer$3 processOneRequest
INFO: MockWebServer[34231] received request: GET /api/v1/namespaces/entando-k8s-composite-app-controller-carcms26 HTTP/1.1 and responded: HTTP/1.1 404 Client Error
Feb 04, 2021 8:41:23 AM okhttp3.mockwebserver.MockWebServer$3 processOneRequest
INFO: MockWebServer[34231] received request: GET /apis/entando.org/v1/namespaces/default/entandokeycloakservers HTTP/1.1 and responded: HTTP/1.1 200 OK
Feb 04, 2021 8:41:23 AM okhttp3.mockwebserver.MockWebServer$3 processOneRequest
INFO: MockWebServer[34231] received request: GET /apis/entando.org/v1/namespaces/entando-k8s-composite-app-controller-carcms26/entandokeycloakservers/test-keycloak-carcms26 HTTP/1.1 and responded: HTTP/1.1 404 Client Error
Feb 04, 2021 8:41:23 AM okhttp3.mockwebserver.MockWebServer$3 processOneRequest
INFO: MockWebServer[34231] received request: POST /apis/entando.org/v1/namespaces/entando-k8s-composite-app-controller-carcms26/entandokeycloakservers HTTP/1.1 and responded: HTTP/1.1 202 OK
Feb 04, 2021 8:41:23 AM okhttp3.mockwebserver.MockWebServer$3 processOneRequest
INFO: MockWebServer[34231] received request: GET /api/v1/namespaces/entando-k8s-composite-app-controller-carcms26/pods?labelSelector=EntandoResourceNamespace%3Dentando-k8s-composite-app-controller-carcms26%2CEntandoResourceKind%3DEntandoKeycloakServer%2CEntandoKeycloakServer%3Dtest-keycloak-carcms26 HTTP/1.1 and responded: HTTP/1.1 200 OK
Feb 04, 2021 8:41:23 AM okhttp3.mockwebserver.MockWebServer$3 processOneRequest
INFO: MockWebServer[34231] received request: GET /api/v1/namespaces/entando-k8s-composite-app-controller-carcms26/pods?labelSelector=EntandoResourceNamespace%3Dentando-k8s-composite-app-controller-carcms26%2CEntandoResourceKind%3DEntandoKeycloakServer%2CEntandoKeycloakServer%3Dtest-keycloak-carcms26&watch=**** HTTP/1.1 and responded: HTTP/1.1 200 OK
Feb 04, 2021 8:41:23 AM okhttp3.mockwebserver.MockWebServer$3 processOneRequest
INFO: MockWebServer[34231] received request: GET /api/v1/namespaces/entando-k8s-composite-app-controller-carcms26/pods?labelSelector=EntandoResourceNamespace%3Dentando-k8s-composite-app-controller-carcms26%2CEntandoResourceKind%3DEntandoKeycloakServer%2CEntandoKeycloakServer%3Dtest-keycloak-carcms26 HTTP/1.1 and responded: HTTP/1.1 200 OK
Feb 04, 2021 8:41:23 AM okhttp3.mockwebserver.MockWebServer$3 processOneRequest
INFO: MockWebServer[34231] received request: GET /api/v1/namespaces/entando-k8s-composite-app-controller-carcms26/pods?labelSelector=EntandoResourceNamespace%3Dentando-k8s-composite-app-controller-carcms26%2CEntandoResourceKind%3DEntandoKeycloakServer%2CEntandoKeycloakServer%3Dtest-keycloak-carcms26&watch=**** HTTP/1.1 and responded: HTTP/1.1 200 OK
Feb 04, 2021 8:41:23 AM io.fabric8.kubernetes.client.dsl.internal.WatchHTTPManager$1 onResponse
INFO: Watch terminated unexpectedly. reason: \n not found: limit=46 content=7b2261706956657273696f6e223a227631222c226b696e64223a224c69737422â€¦
Feb 04, 2021 8:41:23 AM okhttp3.mockwebserver.MockWebServer$3 processOneRequest
INFO: MockWebServer[34231] received request: GET /api/v1/namespaces/entando-k8s-composite-app-controller-carcms26/pods?labelSelector=EntandoResourceNamespace%3Dentando-k8s-composite-app-controller-carcms26%2CEntandoResourceKind%3DEntandoKeycloakServer%2CEntandoKeycloakServer%3Dtest-keycloak-carcms26 HTTP/1.1 and responded: HTTP/1.1 200 OK
Feb 04, 2021 8:41:24 AM okhttp3.mockwebserver.MockWebServer$3 processOneRequest
INFO: MockWebServer[34231] received request: GET /api/v1/namespaces/entando-k8s-composite-app-controller-carcms26/pods?labelSelector=EntandoResourceNamespace%3Dentando-k8s-composite-app-controller-carcms26%2CEntandoResourceKind%3DEntandoKeycloakServer%2CEntandoKeycloakServer%3Dtest-keycloak-carcms26&watch=**** HTTP/1.1 and responded: HTTP/1.1 200 OK
Feb 04, 2021 8:41:24 AM io.fabric8.kubernetes.client.dsl.internal.WatchHTTPManager$1 onResponse
INFO: Watch terminated unexpectedly. reason: \n not found: limit=46 content=7b2261706956657273696f6e223a227631222c226b696e64223a224c69737422â€¦
Feb 04, 2021 8:41:24 AM io.fabric8.kubernetes.client.dsl.internal.WatchHTTPManager scheduleReconnect
WARN: Ignoring error for already closed/closing connection
Feb 04, 2021 8:41:24 AM okhttp3.mockwebserver.MockWebServer$3 processOneRequest
INFO: MockWebServer[34231] received request: GET /api/v1/namespaces/entando-k8s-composite-app-controller-carcms26/secrets/test-keycloak-carcms26-controller-ca-cert-secret HTTP/1.1 and responded: HTTP/1.1 404 Client Error
Feb 04, 2021 8:41:25 AM okhttp3.mockwebserver.MockWebServer$3 processOneRequest
INFO: MockWebServer[34231] received request: POST /api/v1/namespaces/entando-k8s-composite-app-controller-carcms26/secrets HTTP/1.1 and responded: HTTP/1.1 202 OK
Feb 04, 2021 8:41:25 AM okhttp3.mockwebserver.MockWebServer$3 processOneRequest
INFO: MockWebServer[34231] received request: POST /api/v1/namespaces/entando-k8s-composite-app-controller-carcms26/pods HTTP/1.1 and responded: HTTP/1.1 202 OK
Feb 04, 2021 8:41:25 AM okhttp3.mockwebserver.MockWebServer$3 processOneRequest
INFO: MockWebServer[34231] received request: GET /api/v1/namespaces/entando-k8s-composite-app-controller-carcms26/pods?fieldSelector=metadata.name%3Dtest-keycloak-carcms26-deployer-9057&watch=**** HTTP/1.1 and responded: HTTP/1.1 200 OK
Feb 04, 2021 8:41:25 AM okhttp3.mockwebserver.MockWebServer$3 processOneRequest
INFO: MockWebServer[34231] received request: GET /api/v1/namespaces/entando-k8s-composite-app-controller-carcms26/pods?labelSelector=EntandoKeycloakServer%3Dtest-keycloak-carcms26 HTTP/1.1 and responded: HTTP/1.1 200 OK
Feb 04, 2021 8:41:25 AM okhttp3.mockwebserver.MockWebServer$3 processOneRequest
INFO: MockWebServer[34231] received request: GET /api/v1/namespaces/entando-k8s-composite-app-controller-carcms26/pods?fieldSelector=metadata.name%3Dtest-keycloak-carcms26-deployer-9057&watch=**** HTTP/1.1 and responded: HTTP/1.1 200 OK
Feb 04, 2021 8:41:25 AM io.fabric8.kubernetes.client.dsl.internal.WatchHTTPManager$1 onResponse
INFO: Watch terminated unexpectedly. reason: \n not found: limit=2640 content=7b2261706956657273696f6e223a227631222c226b696e64223a224c69737422â€¦
Feb 04, 2021 8:41:25 AM io.fabric8.kubernetes.client.dsl.internal.WatchHTTPManager scheduleReconnect
WARN: Ignoring error for already closed/closing connection
Feb 04, 2021 8:41:25 AM okhttp3.mockwebserver.MockWebServer$3 processOneRequest
INFO: MockWebServer[34231] received request: POST /api/v1/namespaces/entando-k8s-composite-app-controller-carcms26/events HTTP/1.1 and responded: HTTP/1.1 202 OK
Feb 04, 2021 8:41:25 AM okhttp3.mockwebserver.MockWebServer$3 processOneRequest
INFO: MockWebServer[34231] received request: GET /apis/entando.org/v1/namespaces/entando-k8s-composite-app-controller-carcms26/entandocompositeapps/my-app-carcms26 HTTP/1.1 and responded: HTTP/1.1 200 OK
Feb 04, 2021 8:41:25 AM okhttp3.mockwebserver.MockWebServer$3 processOneRequest
INFO: MockWebServer[34231] received request: PUT /apis/entando.org/v1/namespaces/entando-k8s-composite-app-controller-carcms26/entandocompositeapps/my-app-carcms26/status HTTP/1.1 and responded: HTTP/1.1 202 OK
Feb 04, 2021 8:41:25 AM okhttp3.mockwebserver.MockWebServer$3 processOneRequest
INFO: MockWebServer[34231] received request: GET /apis/entando.org/v1/namespaces/entando-k8s-composite-app-controller-carcms26/entandoplugins/test-plugin-carcms26 HTTP/1.1 and responded: HTTP/1.1 200 OK
Feb 04, 2021 8:41:25 AM okhttp3.mockwebserver.MockWebServer$3 processOneRequest
INFO: MockWebServer[34231] received request: GET /apis/entando.org/v1/namespaces/entando-k8s-composite-app-controller-carcms26/entandoplugins/test-plugin-carcms26 HTTP/1.1 and responded: HTTP/1.1 200 OK
Feb 04, 2021 8:41:25 AM okhttp3.mockwebserver.MockWebServer$3 processOneRequest
INFO: MockWebServer[34231] received request: GET /apis/entando.org/v1/namespaces/entando-k8s-composite-app-controller-carcms26/entandoplugins/test-plugin-carcms26 HTTP/1.1 and responded: HTTP/1.1 200 OK
Feb 04, 2021 8:41:25 AM okhttp3.mockwebserver.MockWebServer$3 processOneRequest
INFO: MockWebServer[34231] received request: PATCH /apis/entando.org/v1/namespaces/entando-k8s-composite-app-controller-carcms26/entandoplugins/test-plugin-carcms26 HTTP/1.1 and responded: HTTP/1.1 202 OK
Feb 04, 2021 8:41:25 AM okhttp3.mockwebserver.MockWebServer$3 processOneRequest
INFO: MockWebServer[34231] received request: GET /api/v1/namespaces/entando-k8s-composite-app-controller-carcms26/pods?labelSelector=EntandoPlugin%3Dtest-plugin-carcms26%2CEntandoResourceNamespace%3Dentando-k8s-composite-app-controller-carcms26%2CEntandoResourceKind%3DEntandoPlugin HTTP/1.1 and responded: HTTP/1.1 200 OK
Feb 04, 2021 8:41:25 AM okhttp3.mockwebserver.MockWebServer$3 processOneRequest
INFO: MockWebServer[34231] received request: GET /api/v1/namespaces/entando-k8s-composite-app-controller-carcms26/pods?labelSelector=EntandoPlugin%3Dtest-plugin-carcms26%2CEntandoResourceNamespace%3Dentando-k8s-composite-app-controller-carcms26%2CEntandoResourceKind%3DEntandoPlugin&watch=**** HTTP/1.1 and responded: HTTP/1.1 200 OK
Feb 04, 2021 8:41:26 AM okhttp3.mockwebserver.MockWebServer$3 processOneRequest
INFO: MockWebServer[34231] received request: GET /api/v1/namespaces/entando-k8s-composite-app-controller-carcms26/pods?labelSelector=EntandoPlugin%3Dtest-plugin-carcms26%2CEntandoResourceNamespace%3Dentando-k8s-composite-app-controller-carcms26%2CEntandoResourceKind%3DEntandoPlugin&watch=**** HTTP/1.1 and responded: HTTP/1.1 200 OK
Feb 04, 2021 8:41:26 AM okhttp3.mockwebserver.MockWebServer$3 processOneRequest
INFO: MockWebServer[34231] received request: GET /api/v1/namespaces/entando-k8s-composite-app-controller-carcms26/pods?labelSelector=EntandoPlugin%3Dtest-plugin-carcms26%2CEntandoResourceNamespace%3Dentando-k8s-composite-app-controller-carcms26%2CEntandoResourceKind%3DEntandoPlugin HTTP/1.1 and responded: HTTP/1.1 200 OK
Feb 04, 2021 8:41:26 AM io.fabric8.kubernetes.client.dsl.internal.WatchHTTPManager$1 onResponse
INFO: Watch terminated unexpectedly. reason: \n not found: limit=46 content=7b2261706956657273696f6e223a227631222c226b696e64223a224c69737422â€¦
Feb 04, 2021 8:41:26 AM okhttp3.mockwebserver.MockWebServer$3 processOneRequest
INFO: MockWebServer[34231] received request: GET /api/v1/namespaces/entando-k8s-composite-app-controller-carcms26/pods?labelSelector=EntandoPlugin%3Dtest-plugin-carcms26%2CEntandoResourceNamespace%3Dentando-k8s-composite-app-controller-carcms26%2CEntandoResourceKind%3DEntandoPlugin HTTP/1.1 and responded: HTTP/1.1 200 OK
Feb 04, 2021 8:41:27 AM okhttp3.mockwebserver.MockWebServer$3 processOneRequest
INFO: MockWebServer[34231] received request: GET /api/v1/namespaces/entando-k8s-composite-app-controller-carcms26/pods?labelSelector=EntandoPlugin%3Dtest-plugin-carcms26%2CEntandoResourceNamespace%3Dentando-k8s-composite-app-controller-carcms26%2CEntandoResourceKind%3DEntandoPlugin&watch=**** HTTP/1.1 and responded: HTTP/1.1 200 OK
Feb 04, 2021 8:41:27 AM io.fabric8.kubernetes.client.dsl.internal.WatchHTTPManager$1 onResponse
INFO: Watch terminated unexpectedly. reason: \n not found: limit=46 content=7b2261706956657273696f6e223a227631222c226b696e64223a224c69737422â€¦
Feb 04, 2021 8:41:27 AM io.fabric8.kubernetes.client.dsl.internal.WatchHTTPManager scheduleReconnect
WARN: Ignoring error for already closed/closing connection
Feb 04, 2021 8:41:27 AM okhttp3.mockwebserver.MockWebServer$3 processOneRequest
INFO: MockWebServer[34231] received request: GET /api/v1/namespaces/entando-k8s-composite-app-controller-carcms26/secrets/test-plugin-carcms26-controller-ca-cert-secret HTTP/1.1 and responded: HTTP/1.1 404 Client Error
Feb 04, 2021 8:41:27 AM okhttp3.mockwebserver.MockWebServer$3 processOneRequest
INFO: MockWebServer[34231] received request: POST /api/v1/namespaces/entando-k8s-composite-app-controller-carcms26/secrets HTTP/1.1 and responded: HTTP/1.1 202 OK
Feb 04, 2021 8:41:27 AM okhttp3.mockwebserver.MockWebServer$3 processOneRequest
INFO: MockWebServer[34231] received request: POST /api/v1/namespaces/entando-k8s-composite-app-controller-carcms26/pods HTTP/1.1 and responded: HTTP/1.1 202 OK
Feb 04, 2021 8:41:27 AM okhttp3.mockwebserver.MockWebServer$3 processOneRequest
INFO: MockWebServer[34231] received request: GET /api/v1/namespaces/entando-k8s-composite-app-controller-carcms26/pods?labelSelector=EntandoPlugin%3Dtest-plugin-carcms26 HTTP/1.1 and responded: HTTP/1.1 200 OK
Feb 04, 2021 8:41:27 AM okhttp3.mockwebserver.MockWebServer$3 processOneRequest
INFO: MockWebServer[34231] received request: GET /api/v1/namespaces/entando-k8s-composite-app-controller-carcms26/pods?fieldSelector=metadata.name%3Dtest-plugin-carcms26-deployer-3038&watch=**** HTTP/1.1 and responded: HTTP/1.1 200 OK
Feb 04, 2021 8:41:27 AM okhttp3.mockwebserver.MockWebServer$3 processOneRequest
INFO: MockWebServer[34231] received request: GET /api/v1/namespaces/entando-k8s-composite-app-controller-carcms26/pods?fieldSelector=metadata.name%3Dtest-plugin-carcms26-deployer-3038&watch=**** HTTP/1.1 and responded: HTTP/1.1 200 OK
Feb 04, 2021 8:41:27 AM io.fabric8.kubernetes.client.dsl.internal.WatchHTTPManager$1 onResponse
INFO: Watch terminated unexpectedly. reason: \n not found: limit=5209 content=7b2261706956657273696f6e223a227631222c226b696e64223a224c69737422â€¦
Feb 04, 2021 8:41:27 AM okhttp3.mockwebserver.MockWebServer$3 processOneRequest
INFO: MockWebServer[34231] received request: POST /api/v1/namespaces/entando-k8s-composite-app-controller-carcms26/events HTTP/1.1 and responded: HTTP/1.1 202 OK
Feb 04, 2021 8:41:27 AM io.fabric8.kubernetes.client.dsl.internal.WatchHTTPManager scheduleReconnect
WARN: Ignoring error for already closed/closing connection
Feb 04, 2021 8:41:27 AM okhttp3.mockwebserver.MockWebServer$3 processOneRequest
INFO: MockWebServer[34231] received request: GET /apis/entando.org/v1/namespaces/entando-k8s-composite-app-controller-carcms26/entandocompositeapps/my-app-carcms26 HTTP/1.1 and responded: HTTP/1.1 200 OK
Feb 04, 2021 8:41:27 AM okhttp3.mockwebserver.MockWebServer$3 processOneRequest
INFO: MockWebServer[34231] received request: PUT /apis/entando.org/v1/namespaces/entando-k8s-composite-app-controller-carcms26/entandocompositeapps/my-app-carcms26/status HTTP/1.1 and responded: HTTP/1.1 202 OK
Feb 04, 2021 8:41:27 AM org.entando.kubernetes.compositeapp.controller.EntandoCompositeAppController logFailure
SEVERE: Unexpected exception occurred while adding EntandoPlugin entando-k8s-composite-app-controller-carcms26/test-plugin-carcms26
Feb 04, 2021 8:41:27 AM org.entando.kubernetes.controller.support.controller.AbstractDbAwareController performSync
SEVERE: Unexpected exception occurred while adding EntandoCompositeApp entando-k8s-composite-app-controller-carcms26/my-app-carcms26
org.entando.kubernetes.controller.support.controller.EntandoControllerException: Unexpected exception occurred while adding EntandoPlugin entando-k8s-composite-app-controller-carcms26/test-plugin-carcms26
	at org.entando.kubernetes.compositeapp.controller.EntandoCompositeAppController.synchronizeDeploymentState(EntandoCompositeAppController.java:92)
	at org.entando.kubernetes.compositeapp.controller.EntandoCompositeAppController.synchronizeDeploymentState(EntandoCompositeAppController.java:53)
	at org.entando.kubernetes.controller.support.controller.AbstractDbAwareController.performSync(AbstractDbAwareController.java:157)
	at org.entando.kubernetes.controller.support.controller.AbstractDbAwareController.processCommand(AbstractDbAwareController.java:129)
	at org.entando.kubernetes.compositeapp.controller.EntandoCompositeAppController.onStartup(EntandoCompositeAppController.java:77)
	at org.entando.kubernetes.compositeapp.controller.inprocesstests.CompositeAppControllerMockedTest.startController(CompositeAppControllerMockedTest.java:129)
	at org.entando.kubernetes.compositeapp.controller.inprocesstests.CompositeAppControllerMockedTest.performCreate(CompositeAppControllerMockedTest.java:96)
	at org.entando.kubernetes.compositeapp.controller.AbstractCompositeAppControllerTest.testE**cuteControllerPod(AbstractCompositeAppControllerTest.java:134)
	at org.entando.kubernetes.compositeapp.controller.inprocesstests.CompositeAppControllerMockedTest.testFailure(CompositeAppControllerMockedTest.java:116)
	at java.base/jdk.internal.reflect.NativeMethodAccessorImpl.invoke0(Native Method)
	at java.base/jdk.internal.reflect.NativeMethodAccessorImpl.invoke(NativeMethodAccessorImpl.java:62)
	at java.base/jdk.internal.reflect.DelegatingMethodAccessorImpl.invoke(DelegatingMethodAccessorImpl.java:43)
	at java.base/java.lang.reflect.Method.invoke(Method.java:566)
	at org.junit.platform.commons.util.ReflectionUtils.invokeMethod(ReflectionUtils.java:688)
	at org.junit.jupiter.engine.e**cution.MethodInvocation.proceed(MethodInvocation.java:60)
	at org.junit.jupiter.engine.e**cution.InvocationInterceptorChain$ValidatingInvocation.proceed(InvocationInterceptorChain.java:131)
	at org.junit.jupiter.engine.extension.TimeoutExtension.intercept(TimeoutExtension.java:149)
	at org.junit.jupiter.engine.extension.TimeoutExtension.interceptTestableMethod(TimeoutExtension.java:140)
	at org.junit.jupiter.engine.extension.TimeoutExtension.interceptTestMethod(TimeoutExtension.java:84)
	at org.junit.jupiter.engine.e**cution.E**cutableInvoker$ReflectiveInterceptorCall.lambda$ofVoidMethod$0(E**cutableInvoker.java:115)
	at org.junit.jupiter.engine.e**cution.E**cutableInvoker.lambda$invoke$0(E**cutableInvoker.java:105)
	at org.junit.jupiter.engine.e**cution.InvocationInterceptorChain$InterceptedInvocation.proceed(InvocationInterceptorChain.java:106)
	at org.junit.jupiter.engine.e**cution.InvocationInterceptorChain.proceed(InvocationInterceptorChain.java:64)
	at org.junit.jupiter.engine.e**cution.InvocationInterceptorChain.chainAndInvoke(InvocationInterceptorChain.java:45)
	at org.junit.jupiter.engine.e**cution.InvocationInterceptorChain.invoke(InvocationInterceptorChain.java:37)
	at org.junit.jupiter.engine.e**cution.E**cutableInvoker.invoke(E**cutableInvoker.java:104)
	at org.junit.jupiter.engine.e**cution.E**cutableInvoker.invoke(E**cutableInvoker.java:98)
	at org.junit.jupiter.engine.descriptor.TestMethodTestDescriptor.lambda$invokeTestMethod$6(TestMethodTestDescriptor.java:210)
	at org.junit.platform.engine.support.hierarchical.ThrowableCollector.e**cute(ThrowableCollector.java:73)
	at org.junit.jupiter.engine.descriptor.TestMethodTestDescriptor.invokeTestMethod(TestMethodTestDescriptor.java:206)
	at org.junit.jupiter.engine.descriptor.TestMethodTestDescriptor.e**cute(TestMethodTestDescriptor.java:131)
	at org.junit.jupiter.engine.descriptor.TestMethodTestDescriptor.e**cute(TestMethodTestDescriptor.java:65)
	at org.junit.platform.engine.support.hierarchical.NodeTestTask.lambda$e**cuteRecursively$5(NodeTestTask.java:139)
	at org.junit.platform.engine.support.hierarchical.ThrowableCollector.e**cute(ThrowableCollector.java:73)
	at org.junit.platform.engine.support.hierarchical.NodeTestTask.lambda$e**cuteRecursively$7(NodeTestTask.java:129)
	at org.junit.platform.engine.support.hierarchical.Node.around(Node.java:137)
	at org.junit.platform.engine.support.hierarchical.NodeTestTask.lambda$e**cuteRecursively$8(NodeTestTask.java:127)
	at org.junit.platform.engine.support.hierarchical.ThrowableCollector.e**cute(ThrowableCollector.java:73)
	at org.junit.platform.engine.support.hierarchical.NodeTestTask.e**cuteRecursively(NodeTestTask.java:126)
	at org.junit.platform.engine.support.hierarchical.NodeTestTask.e**cute(NodeTestTask.java:84)
	at java.base/java.util.ArrayList.forEach(ArrayList.java:1540)
	at org.junit.platform.engine.support.hierarchical.SameThreadHierarchicalTestE**cutorService.invokeAll(SameThreadHierarchicalTestE**cutorService.java:38)
	at org.junit.platform.engine.support.hierarchical.NodeTestTask.lambda$e**cuteRecursively$5(NodeTestTask.java:143)
	at org.junit.platform.engine.support.hierarchical.ThrowableCollector.e**cute(ThrowableCollector.java:73)
	at org.junit.platform.engine.support.hierarchical.NodeTestTask.lambda$e**cuteRecursively$7(NodeTestTask.java:129)
	at org.junit.platform.engine.support.hierarchical.Node.around(Node.java:137)
	at org.junit.platform.engine.support.hierarchical.NodeTestTask.lambda$e**cuteRecursively$8(NodeTestTask.java:127)
	at org.junit.platform.engine.support.hierarchical.ThrowableCollector.e**cute(ThrowableCollector.java:73)
	at org.junit.platform.engine.support.hierarchical.NodeTestTask.e**cuteRecursively(NodeTestTask.java:126)
	at org.junit.platform.engine.support.hierarchical.NodeTestTask.e**cute(NodeTestTask.java:84)
	at java.base/java.util.ArrayList.forEach(ArrayList.java:1540)
	at org.junit.platform.engine.support.hierarchical.SameThreadHierarchicalTestE**cutorService.invokeAll(SameThreadHierarchicalTestE**cutorService.java:38)
	at org.junit.platform.engine.support.hierarchical.NodeTestTask.lambda$e**cuteRecursively$5(NodeTestTask.java:143)
	at org.junit.platform.engine.support.hierarchical.ThrowableCollector.e**cute(ThrowableCollector.java:73)
	at org.junit.platform.engine.support.hierarchical.NodeTestTask.lambda$e**cuteRecursively$7(NodeTestTask.java:129)
	at org.junit.platform.engine.support.hierarchical.Node.around(Node.java:137)
	at org.junit.platform.engine.support.hierarchical.NodeTestTask.lambda$e**cuteRecursively$8(NodeTestTask.java:127)
	at org.junit.platform.engine.support.hierarchical.ThrowableCollector.e**cute(ThrowableCollector.java:73)
	at org.junit.platform.engine.support.hierarchical.NodeTestTask.e**cuteRecursively(NodeTestTask.java:126)
	at org.junit.platform.engine.support.hierarchical.NodeTestTask.e**cute(NodeTestTask.java:84)
	at org.junit.platform.engine.support.hierarchical.SameThreadHierarchicalTestE**cutorService.submit(SameThreadHierarchicalTestE**cutorService.java:32)
	at org.junit.platform.engine.support.hierarchical.HierarchicalTestE**cutor.e**cute(HierarchicalTestE**cutor.java:57)
	at org.junit.platform.engine.support.hierarchical.HierarchicalTestEngine.e**cute(HierarchicalTestEngine.java:51)
	at org.junit.platform.launcher.core.EngineE**cutionOrchestrator.e**cute(EngineE**cutionOrchestrator.java:108)
	at org.junit.platform.launcher.core.EngineE**cutionOrchestrator.e**cute(EngineE**cutionOrchestrator.java:88)
	at org.junit.platform.launcher.core.EngineE**cutionOrchestrator.lambda$e**cute$0(EngineE**cutionOrchestrator.java:54)
	at org.junit.platform.launcher.core.EngineE**cutionOrchestrator.withInterceptedStreams(EngineE**cutionOrchestrator.java:67)
	at org.junit.platform.launcher.core.EngineE**cutionOrchestrator.e**cute(EngineE**cutionOrchestrator.java:52)
	at org.junit.platform.launcher.core.DefaultLauncher.e**cute(DefaultLauncher.java:96)
	at org.junit.platform.launcher.core.DefaultLauncher.e**cute(DefaultLauncher.java:75)
	at org.apache.maven.surefire.junitplatform.JUnitPlatformProvider.invokeAllTests(JUnitPlatformProvider.java:142)
	at org.apache.maven.surefire.junitplatform.JUnitPlatformProvider.invoke(JUnitPlatformProvider.java:117)
	at org.apache.maven.surefire.booter.ForkedBooter.invokeProviderInSameClassLoader(ForkedBooter.java:384)
	at org.apache.maven.surefire.booter.ForkedBooter.runSuitesInProcess(ForkedBooter.java:345)
	at org.apache.maven.surefire.booter.ForkedBooter.e**cute(ForkedBooter.java:126)
	at org.apache.maven.surefire.booter.ForkedBooter.main(ForkedBooter.java:418)

Feb 04, 2021 8:41:27 AM okhttp3.mockwebserver.MockWebServer$3 processOneRequest
INFO: MockWebServer[34231] received request: POST /api/v1/namespaces/entando-k8s-composite-app-controller-carcms26/events HTTP/1.1 and responded: HTTP/1.1 202 OK
Feb 04, 2021 8:41:27 AM okhttp3.mockwebserver.MockWebServer$3 processOneRequest
INFO: MockWebServer[34231] received request: GET /apis/entando.org/v1/namespaces/entando-k8s-composite-app-controller-carcms26/entandocompositeapps/my-app-carcms26 HTTP/1.1 and responded: HTTP/1.1 200 OK
Feb 04, 2021 8:41:27 AM okhttp3.mockwebserver.MockWebServer$3 processOneRequest
INFO: MockWebServer[34231] received request: PUT /apis/entando.org/v1/namespaces/entando-k8s-composite-app-controller-carcms26/entandocompositeapps/my-app-carcms26/status HTTP/1.1 and responded: HTTP/1.1 202 OK
Feb 04, 2021 8:41:28 AM okhttp3.mockwebserver.MockWebServer$3 processOneRequest
INFO: MockWebServer[34231] received request: GET /api/v1/namespaces/entando-k8s-composite-app-controller-carcms26/pods?labelSelector=EntandoResourceKind%3DEntandoKeycloakServer%2CEntandoKeycloakServer%3Dtest-keycloak-carcms26 HTTP/1.1 and responded: HTTP/1.1 200 OK
Feb 04, 2021 8:41:28 AM okhttp3.mockwebserver.MockWebServer$3 processOneRequest
INFO: MockWebServer[34231] received request: GET /api/v1/namespaces/entando-k8s-composite-app-controller-carcms26/pods?labelSelector=EntandoResourceKind%3DEntandoKeycloakServer%2CEntandoKeycloakServer%3Dtest-keycloak-carcms26 HTTP/1.1 and responded: HTTP/1.1 200 OK
Feb 04, 2021 8:41:28 AM okhttp3.mockwebserver.MockWebServer$3 processOneRequest
INFO: MockWebServer[34231] received request: GET /api/v1/namespaces/entando-k8s-composite-app-controller-carcms26 HTTP/1.1 and responded: HTTP/1.1 404 Client Error
Feb 04, 2021 8:41:28 AM okhttp3.mockwebserver.MockWebServer$3 processOneRequest
INFO: MockWebServer[34231] received request: GET /apis/entando.org/v1/namespaces/default/entandokeycloakservers HTTP/1.1 and responded: HTTP/1.1 200 OK
Feb 04, 2021 8:41:28 AM okhttp3.mockwebserver.MockWebServer$3 processOneRequest
INFO: MockWebServer[34231] received request: GET /api/v1/namespaces/entando-k8s-composite-app-controller-carcms26 HTTP/1.1 and responded: HTTP/1.1 404 Client Error
Feb 04, 2021 8:41:28 AM okhttp3.mockwebserver.MockWebServer$3 processOneRequest
INFO: MockWebServer[34231] received request: GET /apis/entando.org/v1/namespaces/default/entandokeycloakservers HTTP/1.1 and responded: HTTP/1.1 200 OK
Feb 04, 2021 8:41:28 AM okhttp3.mockwebserver.MockWebServer$3 processOneRequest
INFO: MockWebServer[34231] received request: GET /apis/entando.org/v1/namespaces/entando-k8s-composite-app-controller-carcms26/entandokeycloakservers/test-keycloak-carcms26 HTTP/1.1 and responded: HTTP/1.1 200 OK
Feb 04, 2021 8:41:28 AM okhttp3.mockwebserver.MockWebServer$3 processOneRequest
INFO: MockWebServer[34231] received request: GET /api/v1/namespaces/entando-k8s-composite-app-controller-carcms26 HTTP/1.1 and responded: HTTP/1.1 404 Client Error
Feb 04, 2021 8:41:28 AM okhttp3.mockwebserver.MockWebServer$3 processOneRequest
INFO: MockWebServer[34231] received request: GET /apis/entando.org/v1/namespaces/default/entandocompositeapps HTTP/1.1 and responded: HTTP/1.1 200 OK
Feb 04, 2021 8:41:28 AM okhttp3.mockwebserver.MockWebServer$3 processOneRequest
INFO: MockWebServer[34231] received request: GET /api/v1/namespaces/entando-k8s-composite-app-controller-carcms26 HTTP/1.1 and responded: HTTP/1.1 404 Client Error
Feb 04, 2021 8:41:29 AM okhttp3.mockwebserver.MockWebServer$3 processOneRequest
INFO: MockWebServer[34231] received request: GET /apis/entando.org/v1/namespaces/default/entandocompositeapps HTTP/1.1 and responded: HTTP/1.1 200 OK
Feb 04, 2021 8:41:29 AM okhttp3.mockwebserver.MockWebServer$3 processOneRequest
INFO: MockWebServer[34231] received request: GET /apis/entando.org/v1/namespaces/entando-k8s-composite-app-controller-carcms26/entandocompositeapps/my-app-carcms26 HTTP/1.1 and responded: HTTP/1.1 200 OK
Feb 04, 2021 8:41:29 AM okhttp3.mockwebserver.MockWebServer$3 processOneRequest
INFO: MockWebServer[34231] received request: GET /api/v1/namespaces/entando-k8s-composite-app-controller-carcms26/pods?labelSelector=EntandoPlugin%3Dtest-plugin-carcms26%2CEntandoResourceKind%3DEntandoPlugin HTTP/1.1 and responded: HTTP/1.1 200 OK
Feb 04, 2021 8:41:29 AM okhttp3.mockwebserver.MockWebServer$3 processOneRequest
INFO: MockWebServer[34231] received request: GET /api/v1/namespaces/entando-k8s-composite-app-controller-carcms26/pods?labelSelector=EntandoPlugin%3Dtest-plugin-carcms26%2CEntandoResourceKind%3DEntandoPlugin HTTP/1.1 and responded: HTTP/1.1 200 OK
Feb 04, 2021 8:41:29 AM okhttp3.mockwebserver.MockWebServer$3 processOneRequest
INFO: MockWebServer[34231] received request: GET /api/v1/namespaces/entando-k8s-composite-app-controller-carcms26 HTTP/1.1 and responded: HTTP/1.1 404 Client Error
Feb 04, 2021 8:41:29 AM okhttp3.mockwebserver.MockWebServer$3 processOneRequest
INFO: MockWebServer[34231] received request: GET /apis/entando.org/v1/namespaces/default/entandoplugins HTTP/1.1 and responded: HTTP/1.1 200 OK
Feb 04, 2021 8:41:29 AM okhttp3.mockwebserver.MockWebServer$3 processOneRequest
INFO: MockWebServer[34231] received request: GET /api/v1/namespaces/entando-k8s-composite-app-controller-carcms26 HTTP/1.1 and responded: HTTP/1.1 404 Client Error
Feb 04, 2021 8:41:29 AM okhttp3.mockwebserver.MockWebServer$3 processOneRequest
INFO: MockWebServer[34231] received request: GET /apis/entando.org/v1/namespaces/default/entandoplugins HTTP/1.1 and responded: HTTP/1.1 200 OK
Feb 04, 2021 8:41:29 AM okhttp3.mockwebserver.MockWebServer$3 processOneRequest
INFO: MockWebServer[34231] received request: GET /apis/entando.org/v1/namespaces/entando-k8s-composite-app-controller-carcms26/entandoplugins/test-plugin-carcms26 HTTP/1.1 and responded: HTTP/1.1 200 OK
Feb 04, 2021 8:41:30 AM okhttp3.mockwebserver.MockWebServer$3 processOneRequest
INFO: MockWebServer[34231] received request: GET /apis/entando.org/v1/namespaces/entando-k8s-composite-app-controller-carcms26/entandocompositeapps/my-app-carcms26 HTTP/1.1 and responded: HTTP/1.1 200 OK
Feb 04, 2021 8:41:30 AM okhttp3.mockwebserver.MockWebServer$3 processOneRequest
INFO: MockWebServer[34231] received request: GET /apis/entando.org/v1/namespaces/entando-k8s-composite-app-controller-carcms26/entandocompositeapps/my-app-carcms26 HTTP/1.1 and responded: HTTP/1.1 200 OK
Feb 04, 2021 8:41:30 AM okhttp3.mockwebserver.MockWebServer$3 processOneRequest
INFO: MockWebServer[34231] received request: GET /apis/entando.org/v1/namespaces/entando-k8s-composite-app-controller-carcms26/entandocompositeapps/my-app-carcms26 HTTP/1.1 and responded: HTTP/1.1 200 OK
Feb 04, 2021 8:41:30 AM okhttp3.mockwebserver.MockWebServer$3 processOneRequest
INFO: MockWebServer[34231] received request: GET /api/v1/namespaces/entando-k8s-composite-app-controller-carcms26 HTTP/1.1 and responded: HTTP/1.1 404 Client Error
Feb 04, 2021 8:41:30 AM okhttp3.mockwebserver.MockWebServer$3 processOneRequest
INFO: MockWebServer[34231] received request: GET /apis/entando.org/v1/namespaces/default/entandocompositeapps HTTP/1.1 and responded: HTTP/1.1 200 OK
Feb 04, 2021 8:41:30 AM okhttp3.mockwebserver.MockWebServer$3 processOneRequest
INFO: MockWebServer[34231] received request: GET /api/v1/namespaces/entando-k8s-composite-app-controller-carcms26 HTTP/1.1 and responded: HTTP/1.1 404 Client Error
Feb 04, 2021 8:41:30 AM okhttp3.mockwebserver.MockWebServer$3 processOneRequest
INFO: MockWebServer[34231] received request: GET /apis/entando.org/v1/namespaces/default/entandocompositeapps HTTP/1.1 and responded: HTTP/1.1 200 OK
Feb 04, 2021 8:41:30 AM okhttp3.mockwebserver.MockWebServer$3 processOneRequest
INFO: MockWebServer[34231] received request: GET /apis/entando.org/v1/namespaces/entando-k8s-composite-app-controller-carcms26/entandocompositeapps/my-app-carcms26 HTTP/1.1 and responded: HTTP/1.1 200 OK
Feb 04, 2021 8:41:30 AM okhttp3.mockwebserver.MockWebServer$2 acceptConnections
INFO: MockWebServer[34231] done accepting connections: Socket closed
[INFO] Tests run: 3, Failures: 0, Errors: 0, Skipped: 0, Time elapsed: 34.189 s - in org.entando.kubernetes.compositeapp.controller.inprocesstests.CompositeAppControllerMockedTest
[INFO] 
[INFO] Results:
[INFO] 
[INFO] Tests run: 3, Failures: 0, Errors: 0, Skipped: 0
[INFO] 
[INFO] 
[INFO] --- maven-jar-plugin:3.2.0:jar (default-jar) @ entando-k8s-composite-app-controller ---
[INFO] Building jar: /workspace/source/target/entando-k8s-composite-app-controller-6.3.0.jar
[INFO] 
[INFO] --- license-maven-plugin:2.0.0:aggregate-download-licenses (download-licenses) @ entando-k8s-composite-app-controller ---
[INFO] skip flag is on, will skip goal.
[INFO] 
[INFO] --- maven-jar-plugin:3.2.0:test-jar (build-test-jar) @ entando-k8s-composite-app-controller ---
[INFO] Building jar: /workspace/source/target/entando-k8s-composite-app-controller-6.3.0-tests.jar
[INFO] 
[INFO] --- maven-source-plugin:3.2.1:jar-no-fork (attach-sources) @ entando-k8s-composite-app-controller ---
[INFO] Building jar: /workspace/source/target/entando-k8s-composite-app-controller-6.3.0-sources.jar
[INFO] 
[INFO] >>> maven-source-plugin:3.2.1:test-jar (attach-sources) > generate-sources @ entando-k8s-composite-app-controller >>>
[INFO] 
[INFO] --- maven-checkstyle-plugin:3.1.1:check (validate) @ entando-k8s-composite-app-controller ---
[INFO] Starting audit...
Audit done.
[INFO] You have 0 Checkstyle violations.
[INFO] 
[INFO] --- maven-checkstyle-plugin:3.1.1:checkstyle (validate) @ entando-k8s-composite-app-controller ---
[INFO] Starting audit...
Audit done.
[INFO] 
[INFO] --- jacoco-maven-plugin:0.8.5:prepare-agent (prepare-agent) @ entando-k8s-composite-app-controller ---
[INFO] argLine set to -javaagent:/home/jenkins/.mvnrepository/org/jacoco/org.jacoco.agent/0.8.5/org.jacoco.agent-0.8.5-runtime.jar=destfile=/workspace/source/target/jacoco.e**c
[INFO] 
[INFO] <<< maven-source-plugin:3.2.1:test-jar (attach-sources) < generate-sources @ entando-k8s-composite-app-controller <<<
[INFO] 
[INFO] 
[INFO] --- maven-source-plugin:3.2.1:test-jar (attach-sources) @ entando-k8s-composite-app-controller ---
[INFO] Building jar: /workspace/source/target/entando-k8s-composite-app-controller-6.3.0-test-sources.jar
[INFO] 
[INFO] --- maven-javadoc-plugin:3.2.0:jar (attach-javadocs) @ entando-k8s-composite-app-controller ---
[INFO] No previous run data found, generating javadoc.
[INFO] Building jar: /workspace/source/target/entando-k8s-composite-app-controller-6.3.0-javadoc.jar
[INFO] 
[INFO] --- quarkus-maven-plugin:1.2.0.Final:build (default) @ entando-k8s-composite-app-controller ---
[WARNING] [io.quarkus.creator.curator.Curator] These dependencies are not recommended:
	- javax.servlet:javax.servlet-api should be replaced by jakarta.servlet:jakarta.servlet-api
You might end up with two different versions of the same classes or with an artifact you shouldn't have in your classpath.
[INFO] [org.jboss.threads] JBoss Threads version 3.0.0.Final
[WARNING] [io.quarkus.deployment.steps.ReflectiveHierarchyStep] Unable to properly register the hierarchy of the following classes for reflection as they are not in the Jandex index:
	- org.entando.kubernetes.model.EntandoCustomResourceStatus
Consider adding them to the index either by creating a Jandex index for your dependency via the Maven plugin, an empty META-INF/beans.xml or quarkus.index-dependency properties.");.
[INFO] [io.quarkus.deployment.pkg.steps.JarResultBuildStep] Building thin jar: /workspace/source/target/entando-k8s-composite-app-controller-6.3.0-runner.jar
[INFO] [io.quarkus.deployment.QuarkusAugmentor] Quarkus augmentation completed in 1758ms
[INFO] 
[INFO] --- maven-surefire-report-plugin:3.0.0-M4:failsafe-report-only (integration-tests) @ entando-k8s-composite-app-controller ---
[INFO] 
[INFO] --- dependency-check-maven:6.0.3:aggregate (default) @ entando-k8s-composite-app-controller ---
[INFO] Checking for updates
[INFO] Skipping NVD check since last check was within 4 hours.
[INFO] Check for updates complete (77 ms)
[INFO] 

Dependency-Check is an open source tool performing a best effort analysis of 3rd party dependencies; false positives and false negatives may exist in the analysis performed by the tool. Use of the tool and the reporting provided constitutes acceptance for use in an AS IS condition, and there are NO warranties, implied or otherwise, with regard to the analysis or its use. Any use of the tool and the reporting provided is at the userâ€™s risk. In no event shall the copyright holder or OWASP be held liable for any damages whatsoever arising out of or in connection with the use of this tool, the analysis performed, or the resulting report.


[INFO] Analysis Started
[INFO] Finished Archive Analyzer (0 seconds)
[INFO] Finished File Name Analyzer (0 seconds)
[INFO] Finished Jar Analyzer (0 seconds)
[INFO] Finished Dependency Merging Analyzer (0 seconds)
[INFO] Finished Version Filter Analyzer (0 seconds)
[INFO] Finished Hint Analyzer (0 seconds)
[INFO] Created CPE Index (2 seconds)
[INFO] Finished CPE Analyzer (4 seconds)
[INFO] Finished False Positive Analyzer (0 seconds)
[INFO] Finished NVD CVE Analyzer (0 seconds)
[INFO] Finished Sonatype OSS Index Analyzer (2 seconds)
[INFO] Finished Vulnerability Suppression Analyzer (0 seconds)
[INFO] Finished Dependency Bundling Analyzer (0 seconds)
[INFO] Analysis Complete (9 seconds)
[WARNING] 

One or more dependencies were identified with known vulnerabilities in Entando K8S Composite App Controller:

keycloak-*****-client-9.0.2.jar (pkg:maven/org.keycloak/keycloak-*****-client@9.0.2, cpe:2.3:a:keycloak:keycloak:9.0.2:*:*:*:*:*:*:*, cpe:2.3:a:redhat:keycloak:9.0.2:*:*:*:*:*:*:*) : CVE-2020-1725
keycloak-common-9.0.2.jar (pkg:maven/org.keycloak/keycloak-common@9.0.2, cpe:2.3:a:keycloak:keycloak:9.0.2:*:*:*:*:*:*:*, cpe:2.3:a:redhat:keycloak:9.0.2:*:*:*:*:*:*:*) : CVE-2020-1725
keycloak-core-9.0.2.jar (pkg:maven/org.keycloak/keycloak-core@9.0.2, cpe:2.3:a:keycloak:keycloak:9.0.2:*:*:*:*:*:*:*, cpe:2.3:a:redhat:keycloak:9.0.2:*:*:*:*:*:*:*) : CVE-2020-1725


See the dependency-check report for more details.


[INFO] 
[INFO] ------------------------------------------------------------------------
[INFO] Skipping Entando K8S Composite App Controller
[INFO] This project has been banned from the build due to previous failures.
[INFO] ------------------------------------------------------------------------
[INFO] ------------------------------------------------------------------------
[INFO] BUILD FAILURE
[INFO] ------------------------------------------------------------------------
[INFO] Total time:  01:25 min
[INFO] Finished at: 2021-02-04T08:41:59Z
[INFO] ------------------------------------------------------------------------
[ERROR] Failed to e**cute goal org.*****:dependency-check-maven:6.0.3:aggregate (default) on project entando-k8s-composite-app-controller: 
[ERROR] 
[ERROR] One or more dependencies were identified with vulnerabilities: 
[ERROR] 
[ERROR] keycloak-*****-client-9.0.2.jar: CVE-2020-1725
[ERROR] keycloak-common-9.0.2.jar: CVE-2020-1725
[ERROR] keycloak-core-9.0.2.jar: CVE-2020-1725
[ERROR] 
[ERROR] See the dependency-check report for more details.
[ERROR] 
[ERROR] 
[ERROR] -> [Help 1]
[ERROR] 
[ERROR] To see the full stack trace of the errors, re-run Maven with the -e switch.
[ERROR] Re-run Maven using the -X switch to enable full debug logging.
[ERROR] 
[ERROR] For more information about the errors and possible solutions, please read the following articles:
[ERROR] [Help 1] http://cwiki.apache.org/confluence/display/MAVEN/MojoFailureException
OWASP has found dependencies with vulnerabilities for entando-k8s-composite-app-controller-master.
The following checks failed for entando-k8s-composite-app-controller-master:
OWASP Maven Dependency Check
[31m
Pipeline failed on stage 'from-build-pack' : container 'step-build-mvn-deploy-release'. The execution of the pipeline has stopped.[0m
