
Showing logs for build [32mentando-k8s-entando-de-app-pr-1-lhlrl-1[0m stage [32mfrom-build-pack[0m and container [32mstep-credential-initializer-d7tnk[0m
{"level":"warn","ts":1612288755.976411,"logger":"fallback-logger","caller":"logging/config.go:69","msg":"Fetch GitHub commit ID from kodata failed: \"ref: refs/heads/0.8.0-**-support-backwards-incompats\" is not a valid GitHub commit ID"}
{"level":"info","ts":1612288755.9800634,"logger":"fallback-logger","caller":"creds-init/main.go:40","msg":"Credentials initialized."}

Showing logs for build [32mentando-k8s-entando-de-app-pr-1-lhlrl-1[0m stage [32mfrom-build-pack[0m and container [32mstep-working-dir-initializer-ljsr9[0m
{"level":"warn","ts":1612288757.6533911,"logger":"fallback-logger","caller":"logging/config.go:69","msg":"Fetch GitHub commit ID from kodata failed: open /var/run/ko/HEAD: no such file or directory"}
{"level":"info","ts":1612288757.661688,"logger":"fallback-logger","caller":"bash/main.go:64","msg":"Successfully e**cuted command \"sh -c mkdir -p /workspace/source\"; output "}

Showing logs for build [32mentando-k8s-entando-de-app-pr-1-lhlrl-1[0m stage [32mfrom-build-pack[0m and container [32mstep-place-tools[0m

Showing logs for build [32mentando-k8s-entando-de-app-pr-1-lhlrl-1[0m stage [32mfrom-build-pack[0m and container [32mstep-git-source-entando-k8s-entando-de-app-pr-1-zhfbr[0m
{"level":"warn","ts":1612288796.24268,"logger":"fallback-logger","caller":"logging/config.go:69","msg":"Fetch GitHub commit ID from kodata failed: \"ref: refs/heads/0.8.0-**-support-backwards-incompats\" is not a valid GitHub commit ID"}
{"level":"info","ts":1612288799.5238066,"logger":"fallback-logger","caller":"git/git.go:103","msg":"Successfully cloned https://github.com/entando-k8s/entando-de-app.git @ master in path /workspace/source"}

Showing logs for build [32mentando-k8s-entando-de-app-pr-1-lhlrl-1[0m stage [32mfrom-build-pack[0m and container [32mstep-git-merge[0m
Using SHAs from PULL_REFS=master:43b39f52183df005bc1e59b7fb928001ff17080a,187:13aa53a84dd752b2d3afb2aaaaa5fd81b6004e94
DEBUG: ran git fetch --unshallow origin 13aa53a84dd752b2d3afb2aaaaa5fd81b6004e94: 43b39f52183df005bc1e59b7fb928001ff17080a: in 
DEBUG: ran git checkout master in 
DEBUG: ran git reset --hard 43b39f52183df005bc1e59b7fb928001ff17080a in 
DEBUG: ran clean --force -d . in 
DEBUG: ran git merge 13aa53a84dd752b2d3afb2aaaaa5fd81b6004e94 in 
Merged SHA 13aa53a84dd752b2d3afb2aaaaa5fd81b6004e94 with commit message 'ENG-1745: Restructure the AppEngine Tests' into base branch master

Showing logs for build [32mentando-k8s-entando-de-app-pr-1-lhlrl-1[0m stage [32mfrom-build-pack[0m and container [32mstep-build-set-version[0m
Picked up _JAVA_OPTIONS: -XX:+UnlockExperimentalVMOptions -Dsun.zip.disableMemoryMapping=**** -XX:+UseParallelGC -XX:MinHeapFreeRatio=5 -XX:MaxHeapFreeRatio=10 -XX:GCTimeRatio=4 -XX:AdaptiveSizePolicyWeight=90 -Xms1000m -Xmx12000m
[INFO] Scanning for projects...
[ERROR] [ERROR] Some problems were encountered while processing the POMs:
[ERROR] 'dependencies.dependency.version' for org.entando.entando:entando-keycloak-auth:jar must be a valid version but is '${entando.keycloak.plugin.version}'. @ line 227, column 26
[ERROR] 'dependencies.dependency.version' for junit:junit:jar is missing. @ line 361, column 21
 @ 
[ERROR] The build could not read 1 project -> [Help 1]
[ERROR]   
[ERROR]   The project org.entando.entando:entando-de-app:6.3.0-SNAPSHOT (/workspace/source/pom.xml) has 2 errors
[ERROR]     'dependencies.dependency.version' for org.entando.entando:entando-keycloak-auth:jar must be a valid version but is '${entando.keycloak.plugin.version}'. @ line 227, column 26
[ERROR]     'dependencies.dependency.version' for junit:junit:jar is missing. @ line 361, column 21
[ERROR] 
[ERROR] To see the full stack trace of the errors, re-run Maven with the -e switch.
[ERROR] Re-run Maven using the -X switch to enable full debug logging.
[ERROR] 
[ERROR] For more information about the errors and possible solutions, please read the following articles:
[ERROR] [Help 1] http://cwiki.apache.org/confluence/display/MAVEN/ProjectBuildingException
[31m
Pipeline failed on stage 'from-build-pack' : container 'step-build-set-version'. The execution of the pipeline has stopped.[0m
