
Showing logs for build [32mentando-k8s-entando-de-app-pr-1-5z2b8-8[0m stage [32mfrom-build-pack[0m and container [32mstep-credential-initializer-7hdzc[0m
{"level":"warn","ts":1612293026.9612029,"logger":"fallback-logger","caller":"logging/config.go:69","msg":"Fetch GitHub commit ID from kodata failed: \"ref: refs/heads/0.8.0-**-support-backwards-incompats\" is not a valid GitHub commit ID"}
{"level":"info","ts":1612293026.973343,"logger":"fallback-logger","caller":"creds-init/main.go:40","msg":"Credentials initialized."}

Showing logs for build [32mentando-k8s-entando-de-app-pr-1-5z2b8-8[0m stage [32mfrom-build-pack[0m and container [32mstep-working-dir-initializer-v9zrp[0m
{"level":"warn","ts":1612293029.1333742,"logger":"fallback-logger","caller":"logging/config.go:69","msg":"Fetch GitHub commit ID from kodata failed: open /var/run/ko/HEAD: no such file or directory"}
{"level":"info","ts":1612293029.152738,"logger":"fallback-logger","caller":"bash/main.go:64","msg":"Successfully e**cuted command \"sh -c mkdir -p /workspace/source\"; output "}

Showing logs for build [32mentando-k8s-entando-de-app-pr-1-5z2b8-8[0m stage [32mfrom-build-pack[0m and container [32mstep-place-tools[0m

Showing logs for build [32mentando-k8s-entando-de-app-pr-1-5z2b8-8[0m stage [32mfrom-build-pack[0m and container [32mstep-git-source-entando-k8s-entando-de-app-pr-1-bk5zg[0m
{"level":"warn","ts":1612293149.0523498,"logger":"fallback-logger","caller":"logging/config.go:69","msg":"Fetch GitHub commit ID from kodata failed: \"ref: refs/heads/0.8.0-**-support-backwards-incompats\" is not a valid GitHub commit ID"}
{"level":"info","ts":1612293155.1495473,"logger":"fallback-logger","caller":"git/git.go:103","msg":"Successfully cloned https://github.com/entando-k8s/entando-de-app.git @ master in path /workspace/source"}

Showing logs for build [32mentando-k8s-entando-de-app-pr-1-5z2b8-8[0m stage [32mfrom-build-pack[0m and container [32mstep-git-merge[0m
Using SHAs from PULL_REFS=master:43b39f52183df005bc1e59b7fb928001ff17080a,187:360301679e06d6643260ec764f36a8d748726f08
DEBUG: ran git fetch --unshallow origin 360301679e06d6643260ec764f36a8d748726f08: 43b39f52183df005bc1e59b7fb928001ff17080a: in 
DEBUG: ran git checkout master in 
DEBUG: ran git reset --hard 43b39f52183df005bc1e59b7fb928001ff17080a in 
DEBUG: ran clean --force -d . in 
DEBUG: ran git merge 360301679e06d6643260ec764f36a8d748726f08 in 
Merged SHA 360301679e06d6643260ec764f36a8d748726f08 with commit message 'ENG-1745: Restructure the AppEngine Tests' into base branch master

Showing logs for build [32mentando-k8s-entando-de-app-pr-1-5z2b8-8[0m stage [32mfrom-build-pack[0m and container [32mstep-build-set-version[0m
Picked up _JAVA_OPTIONS: -XX:+UnlockExperimentalVMOptions -Dsun.zip.disableMemoryMapping=**** -XX:+UseParallelGC -XX:MinHeapFreeRatio=5 -XX:MaxHeapFreeRatio=10 -XX:GCTimeRatio=4 -XX:AdaptiveSizePolicyWeight=90 -Xms1000m -Xmx12000m
[INFO] Scanning for projects...
[INFO] 
[INFO] -----------------< org.entando.entando:entando-de-app >-----------------
[INFO] Building entando-de-app 6.3.0-SNAPSHOT
[INFO] --------------------------------[ war ]---------------------------------
[INFO] 
[INFO] --- versions-maven-plugin:2.8.1:set (default-cli) @ entando-de-app ---
[INFO] Local aggregation ****: /workspace/source
[INFO] Processing change of org.entando.entando:entando-de-app:6.3.0-SNAPSHOT -> 0.0.0-SNAPSHOT-PR-187-8
[INFO] Processing org.entando.entando:entando-de-app
[INFO]     Updating project org.entando.entando:entando-de-app
[INFO]         from version 6.3.0-SNAPSHOT to 0.0.0-SNAPSHOT-PR-187-8
[INFO] 
[INFO] ------------------------------------------------------------------------
[INFO] BUILD SUCCESS
[INFO] ------------------------------------------------------------------------
[INFO] Total time:  8.570 s
[INFO] Finished at: 2021-02-02T19:12:51Z
[INFO] ------------------------------------------------------------------------

Showing logs for build [32mentando-k8s-entando-de-app-pr-1-5z2b8-8[0m stage [32mfrom-build-pack[0m and container [32mstep-build-mvn-verify[0m
Picked up _JAVA_OPTIONS: -XX:+UnlockExperimentalVMOptions -Dsun.zip.disableMemoryMapping=**** -XX:+UseParallelGC -XX:MinHeapFreeRatio=5 -XX:MaxHeapFreeRatio=10 -XX:GCTimeRatio=4 -XX:AdaptiveSizePolicyWeight=90 -Xms1000m -Xmx12000m
[INFO] Scanning for projects...
[INFO] 
[INFO] -----------------< org.entando.entando:entando-de-app >-----------------
[INFO] Building entando-de-app 0.0.0-SNAPSHOT-PR-187-8
[INFO] --------------------------------[ war ]---------------------------------
[INFO] 
[INFO] --- maven-clean-plugin:2.5:clean (default-clean) @ entando-de-app ---
[INFO] 
[INFO] --- maven-enforcer-plugin:1.0-beta-1:enforce (enforce-versions) @ entando-de-app ---
[INFO] 
[INFO] --- maven-antrun-plugin:1.7:run (decide-if-core-webapp-can-overwrite) @ entando-de-app ---
[INFO] E**cuting tasks

main:
[INFO] E**cuted tasks
[INFO] 
[INFO] --- jacoco-maven-plugin:0.8.2:prepare-agent (pre-unit-tests) @ entando-de-app ---
[INFO] argLine set to -javaagent:/home/jenkins/.mvnrepository/org/jacoco/org.jacoco.agent/0.8.2/org.jacoco.agent-0.8.2-runtime.jar=destfile=/workspace/source/target/coverage/jacoco/jacoco.e**c
[INFO] 
[INFO] --- maven-dependency-plugin:2.8:unpack (unpack-dependencies-jsp-frontend-core-webapp) @ entando-de-app ---
[INFO] Configured Artifact: org.entando.entando:entando-*****-console:?:war
[INFO] Unpacking /home/jenkins/.mvnrepository/org/entando/entando/entando-*****-console/6.3.5/entando-*****-console-6.3.5.war to /workspace/source/src/main/webapp with includes "WEB-INF/aps/jsp/internalservlet/api/**/*.jsp" and excludes "WEB-INF/lib/*.*"
[INFO] 
[INFO] --- maven-resources-plugin:2.6:resources (default-resources) @ entando-de-app ---
[WARNING] File encoding has not been set, using platform encoding UTF-8, i.e. build is platform dependent!
[WARNING] Using platform encoding (UTF-8 actually) to copy filtered resources, i.e. build is platform dependent!
[INFO] Copying 27 resources
[INFO] Copying 2 resources to WEB-INF/conf
[INFO] Copying 0 resource
[INFO] Copying 0 resource to META-INF
[INFO] 
[INFO] --- jrebel-maven-plugin:1.1.3:generate-liverebel-xml (generate-liverebel-xml) @ entando-de-app ---
[INFO] Generating liverebel.xml
[INFO] 
[INFO] --- maven-compiler-plugin:2.4:compile (default-compile) @ entando-de-app ---
[WARNING] File encoding has not been set, using platform encoding UTF-8, i.e. build is platform dependent!
[INFO] Compiling 1 source file to /workspace/source/target/classes
[INFO] 
[INFO] --- maven-resources-plugin:2.6:testResources (default-testResources) @ entando-de-app ---
[WARNING] File encoding has not been set, using platform encoding UTF-8, i.e. build is platform dependent!
[WARNING] Using platform encoding (UTF-8 actually) to copy filtered resources, i.e. build is platform dependent!
[INFO] Copying 3 resources to /workspace/source/target/test/conf
[INFO] Copying 3 resources to /workspace/source/target/test-classes
[INFO] 
[INFO] --- maven-compiler-plugin:2.4:testCompile (default-testCompile) @ entando-de-app ---
[WARNING] File encoding has not been set, using platform encoding UTF-8, i.e. build is platform dependent!
[INFO] Compiling 1 source file to /workspace/source/target/test-classes
[INFO] -------------------------------------------------------------
[ERROR] COMPILATION ERROR : 
[INFO] -------------------------------------------------------------
[ERROR] /workspace/source/src/test/java/org/entando/aps/DummyTest.java:[3,28] error: package org.junit.jupiter.api does not exist
[ERROR] /workspace/source/src/test/java/org/entando/aps/DummyTest.java:[6,5] error: cannot find symbol
[INFO] 2 errors 
[INFO] -------------------------------------------------------------
[INFO] ------------------------------------------------------------------------
[INFO] BUILD FAILURE
[INFO] ------------------------------------------------------------------------
[INFO] Total time:  20.693 s
[INFO] Finished at: 2021-02-02T19:13:14Z
[INFO] ------------------------------------------------------------------------
[ERROR] Failed to e**cute goal org.apache.maven.plugins:maven-compiler-plugin:2.4:testCompile (default-testCompile) on project entando-de-app: Compilation failure: Compilation failure: 
[ERROR] /workspace/source/src/test/java/org/entando/aps/DummyTest.java:[3,28] error: package org.junit.jupiter.api does not exist
[ERROR] /workspace/source/src/test/java/org/entando/aps/DummyTest.java:[6,5] error: cannot find symbol
[ERROR] -> [Help 1]
[ERROR] 
[ERROR] To see the full stack trace of the errors, re-run Maven with the -e switch.
[ERROR] Re-run Maven using the -X switch to enable full debug logging.
[ERROR] 
[ERROR] For more information about the errors and possible solutions, please read the following articles:
[ERROR] [Help 1] http://cwiki.apache.org/confluence/display/MAVEN/MojoFailureException
[31m
Pipeline failed on stage 'from-build-pack' : container 'step-build-mvn-verify'. The execution of the pipeline has stopped.[0m
