
Showing logs for build [32mentando-entando-plugin-jpmail-p-hzf4h-2[0m stage [32mfrom-build-pack[0m and container [32mstep-credential-initializer-j2ldt[0m
{"level":"warn","ts":1612272008.407353,"logger":"fallback-logger","caller":"logging/config.go:69","msg":"Fetch GitHub commit ID from kodata failed: \"ref: refs/heads/0.8.0-**-support-backwards-incompats\" is not a valid GitHub commit ID"}
{"level":"info","ts":1612272008.4133291,"logger":"fallback-logger","caller":"creds-init/main.go:40","msg":"Credentials initialized."}

Showing logs for build [32mentando-entando-plugin-jpmail-p-hzf4h-2[0m stage [32mfrom-build-pack[0m and container [32mstep-working-dir-initializer-l2mbx[0m
{"level":"warn","ts":1612272011.172542,"logger":"fallback-logger","caller":"logging/config.go:69","msg":"Fetch GitHub commit ID from kodata failed: open /var/run/ko/HEAD: no such file or directory"}
{"level":"info","ts":1612272011.1896904,"logger":"fallback-logger","caller":"bash/main.go:64","msg":"Successfully e**cuted command \"sh -c mkdir -p /workspace/source\"; output "}

Showing logs for build [32mentando-entando-plugin-jpmail-p-hzf4h-2[0m stage [32mfrom-build-pack[0m and container [32mstep-place-tools[0m

Showing logs for build [32mentando-entando-plugin-jpmail-p-hzf4h-2[0m stage [32mfrom-build-pack[0m and container [32mstep-git-source-entando-entando-plugin-jpmail-p-qxdkt[0m
{"level":"warn","ts":1612272116.6281948,"logger":"fallback-logger","caller":"logging/config.go:69","msg":"Fetch GitHub commit ID from kodata failed: \"ref: refs/heads/0.8.0-**-support-backwards-incompats\" is not a valid GitHub commit ID"}
{"level":"info","ts":1612272118.1105967,"logger":"fallback-logger","caller":"git/git.go:103","msg":"Successfully cloned https://github.com/entando/entando-plugin-jpmail.git @ master in path /workspace/source"}

Showing logs for build [32mentando-entando-plugin-jpmail-p-hzf4h-2[0m stage [32mfrom-build-pack[0m and container [32mstep-git-merge[0m
Using SHAs from PULL_REFS=master:48372aa98bf06296af0f144b7878fa23fa323a42,16:a9a946263e128e03c78698e14717110e3881032e
DEBUG: ran git fetch --unshallow origin a9a946263e128e03c78698e14717110e3881032e: 48372aa98bf06296af0f144b7878fa23fa323a42: in 
DEBUG: ran git checkout master in 
DEBUG: ran git reset --hard 48372aa98bf06296af0f144b7878fa23fa323a42 in 
DEBUG: ran clean --force -d . in 
DEBUG: ran git merge a9a946263e128e03c78698e14717110e3881032e in 
Merged SHA a9a946263e128e03c78698e14717110e3881032e with commit message 'ENG-1745: Upgrade core-parent and bom version' into base branch master
Merged SHA 711d0bfa95f6c556ec7bf99e4e141dd5241db41e with commit message 'ENG-1745: Fixcode smell' into base branch master
Merged SHA 4c82533960562f7b79ab698b57eb96b150f7a335 with commit message 'ENG-1745: Override of configuration in parent pom' into base branch master
Merged SHA ae56a72b0f66cc842f629d8196680573fd857b7b with commit message 'ENG-1745: junit5 integration' into base branch master

Showing logs for build [32mentando-entando-plugin-jpmail-p-hzf4h-2[0m stage [32mfrom-build-pack[0m and container [32mstep-build-set-version[0m
Picked up _JAVA_OPTIONS: -XX:+UnlockExperimentalVMOptions -Dsun.zip.disableMemoryMapping=**** -XX:+UseParallelGC -XX:MinHeapFreeRatio=5 -XX:MaxHeapFreeRatio=10 -XX:GCTimeRatio=4 -XX:AdaptiveSizePolicyWeight=90 -Xms10m -Xmx8000m
[INFO] Scanning for projects...
[ERROR] [ERROR] Some problems were encountered while processing the POMs:
[ERROR] Non-resolvable import POM: Could not find artifact org.entando:entando-core-bom:pom:6.2.209 in nexus (http://nexus/repository/maven-group/) @ line 99, column 25
[ERROR] 'dependencies.dependency.version' for org.entando.entando:entando-*****-console:jar:classes is missing. @ line 109, column 21
[ERROR] 'dependencies.dependency.version' for org.entando.entando:entando-engine:test-jar is missing. @ line 154, column 21
[ERROR] 'dependencies.dependency.version' for org.entando.entando:entando-*****-console:test-jar is missing. @ line 159, column 21
[ERROR] 'dependencies.dependency.version' for org.entando.entando:entando-portal-ui:test-jar is missing. @ line 164, column 21
 @ 
[ERROR] The build could not read 1 project -> [Help 1]
[ERROR]   
[ERROR]   The project org.entando.entando.plugins:entando-plugin-jpmail:6.3.0-SNAPSHOT (/workspace/source/pom.xml) has 5 errors
[ERROR]     Non-resolvable import POM: Could not find artifact org.entando:entando-core-bom:pom:6.2.209 in nexus (http://nexus/repository/maven-group/) @ line 99, column 25 -> [Help 2]
[ERROR]     'dependencies.dependency.version' for org.entando.entando:entando-*****-console:jar:classes is missing. @ line 109, column 21
[ERROR]     'dependencies.dependency.version' for org.entando.entando:entando-engine:test-jar is missing. @ line 154, column 21
[ERROR]     'dependencies.dependency.version' for org.entando.entando:entando-*****-console:test-jar is missing. @ line 159, column 21
[ERROR]     'dependencies.dependency.version' for org.entando.entando:entando-portal-ui:test-jar is missing. @ line 164, column 21
[ERROR] 
[ERROR] To see the full stack trace of the errors, re-run Maven with the -e switch.
[ERROR] Re-run Maven using the -X switch to enable full debug logging.
[ERROR] 
[ERROR] For more information about the errors and possible solutions, please read the following articles:
[ERROR] [Help 1] http://cwiki.apache.org/confluence/display/MAVEN/ProjectBuildingException
[ERROR] [Help 2] http://cwiki.apache.org/confluence/display/MAVEN/UnresolvableModelException
[31m
Pipeline failed on stage 'from-build-pack' : container 'step-build-set-version'. The execution of the pipeline has stopped.[0m
