
Showing logs for build [32mentando-entando-portal-ui-pr-15-7s7sc-1[0m stage [32mfrom-build-pack[0m and container [32mstep-credential-initializer-kt9ls[0m
{"level":"warn","ts":1612250531.427687,"logger":"fallback-logger","caller":"logging/config.go:69","msg":"Fetch GitHub commit ID from kodata failed: \"ref: refs/heads/0.8.0-**-support-backwards-incompats\" is not a valid GitHub commit ID"}
{"level":"info","ts":1612250531.4337437,"logger":"fallback-logger","caller":"creds-init/main.go:40","msg":"Credentials initialized."}

Showing logs for build [32mentando-entando-portal-ui-pr-15-7s7sc-1[0m stage [32mfrom-build-pack[0m and container [32mstep-working-dir-initializer-72xns[0m
{"level":"warn","ts":1612250535.5544891,"logger":"fallback-logger","caller":"logging/config.go:69","msg":"Fetch GitHub commit ID from kodata failed: open /var/run/ko/HEAD: no such file or directory"}
{"level":"info","ts":1612250535.5652456,"logger":"fallback-logger","caller":"bash/main.go:64","msg":"Successfully e**cuted command \"sh -c mkdir -p /workspace/source\"; output "}

Showing logs for build [32mentando-entando-portal-ui-pr-15-7s7sc-1[0m stage [32mfrom-build-pack[0m and container [32mstep-place-tools[0m

Showing logs for build [32mentando-entando-portal-ui-pr-15-7s7sc-1[0m stage [32mfrom-build-pack[0m and container [32mstep-git-source-entando-entando-portal-ui-pr-15-ql2hn[0m
{"level":"warn","ts":1612250653.9836826,"logger":"fallback-logger","caller":"logging/config.go:69","msg":"Fetch GitHub commit ID from kodata failed: \"ref: refs/heads/0.8.0-**-support-backwards-incompats\" is not a valid GitHub commit ID"}
{"level":"info","ts":1612250655.4733853,"logger":"fallback-logger","caller":"git/git.go:103","msg":"Successfully cloned https://github.com/entando/entando-portal-ui.git @ master in path /workspace/source"}

Showing logs for build [32mentando-entando-portal-ui-pr-15-7s7sc-1[0m stage [32mfrom-build-pack[0m and container [32mstep-git-merge[0m
Using SHAs from PULL_REFS=master:267075e6ace30588c3f4d77043ac3e5a41fb31e2,15:c3d0cbafce87d0b59d399dd3e3c2d419153b8bae
DEBUG: ran git fetch --unshallow origin c3d0cbafce87d0b59d399dd3e3c2d419153b8bae: 267075e6ace30588c3f4d77043ac3e5a41fb31e2: in 
DEBUG: ran git checkout master in 
DEBUG: ran git reset --hard 267075e6ace30588c3f4d77043ac3e5a41fb31e2 in 
DEBUG: ran clean --force -d . in 
DEBUG: ran git merge c3d0cbafce87d0b59d399dd3e3c2d419153b8bae in 
Merged SHA c3d0cbafce87d0b59d399dd3e3c2d419153b8bae with commit message 'ENG-1745: Fix version of junit5 dependencies' into base branch master
Merged SHA 75dc1d7af10038bde3ac90e9cd34d232ba83b9b8 with commit message 'ENG-1745: Override of configuration in parent pom' into base branch master
Merged SHA cdf6298352ff2473ca20bd52388e8bde7a465bb2 with commit message 'ENG-1745: junit5 integration' into base branch master

Showing logs for build [32mentando-entando-portal-ui-pr-15-7s7sc-1[0m stage [32mfrom-build-pack[0m and container [32mstep-build-set-version[0m
Picked up _JAVA_OPTIONS: -XX:+UnlockExperimentalVMOptions -Dsun.zip.disableMemoryMapping=**** -XX:+UseParallelGC -XX:MinHeapFreeRatio=5 -XX:MaxHeapFreeRatio=10 -XX:GCTimeRatio=4 -XX:AdaptiveSizePolicyWeight=90 -Xms10m -Xmx8000m
[INFO] Scanning for projects...
[ERROR] [ERROR] Some problems were encountered while processing the POMs:
[ERROR] 'dependencies.dependency.version' for org.junit.jupiter:junit-jupiter:jar is missing. @ line 260, column 21
[ERROR] 'dependencies.dependency.version' for org.junit.jupiter:junit-jupiter-api:jar is missing. @ line 264, column 21
[ERROR] 'dependencies.dependency.version' for org.mockito:mockito-junit-jupiter:jar is missing. @ line 268, column 21
 @ 
[ERROR] The build could not read 1 project -> [Help 1]
[ERROR]   
[ERROR]   The project org.entando.entando:entando-portal-ui:6.3.0-SNAPSHOT (/workspace/source/pom.xml) has 3 errors
[ERROR]     'dependencies.dependency.version' for org.junit.jupiter:junit-jupiter:jar is missing. @ line 260, column 21
[ERROR]     'dependencies.dependency.version' for org.junit.jupiter:junit-jupiter-api:jar is missing. @ line 264, column 21
[ERROR]     'dependencies.dependency.version' for org.mockito:mockito-junit-jupiter:jar is missing. @ line 268, column 21
[ERROR] 
[ERROR] To see the full stack trace of the errors, re-run Maven with the -e switch.
[ERROR] Re-run Maven using the -X switch to enable full debug logging.
[ERROR] 
[ERROR] For more information about the errors and possible solutions, please read the following articles:
[ERROR] [Help 1] http://cwiki.apache.org/confluence/display/MAVEN/ProjectBuildingException
[31m
Pipeline failed on stage 'from-build-pack' : container 'step-build-set-version'. The execution of the pipeline has stopped.[0m
