GROUP,PACKAGE,CLASS,INSTRUCTION_MISSED,INSTRUCTION_COVERED,BRANCH_MISSED,BRANCH_COVERED,LINE_MISSED,LINE_COVERED,COMPLEXITY_MISSED,COMPLEXITY_COVERED,METHOD_MISSED,METHOD_COVERED
Entando K8S Controller for Entando Plugin Deployments,org.entando.kubernetes.controller.plugin,EntandoPluginDeploymentResult,0,6,0,0,0,2,0,1,0,1
Entando K8S Controller for Entando Plugin Deployments,org.entando.kubernetes.controller.plugin,EntandoPluginDeployableContainer,0,200,0,0,0,37,0,18,0,18
Entando K8S Controller for Entando Plugin Deployments,org.entando.kubernetes.controller.plugin,EntandoPluginServerDeployable,0,78,0,4,0,16,0,11,0,9
Entando K8S Controller for Entando Plugin Deployments,org.entando.kubernetes.controller.plugin,EntandoPluginSidecarDeployableContainer,48,78,0,0,1,20,1,14,1,14
Entando K8S Controller for Entando Plugin Deployments,org.entando.kubernetes.controller.plugin,EntandoPluginController,9,71,1,3,4,15,3,4,2,3
