
Showing logs for build [32mentando-k8s-entando-k8s-dbjob-m-kr4zp-45[0m stage [32mfrom-build-pack[0m and container [32mstep-credential-initializer-jmjr8[0m
{"level":"warn","ts":1612417197.2017295,"logger":"fallback-logger","caller":"logging/config.go:69","msg":"Fetch GitHub commit ID from kodata failed: \"ref: refs/heads/0.8.0-**-support-backwards-incompats\" is not a valid GitHub commit ID"}
{"level":"info","ts":1612417197.2041612,"logger":"fallback-logger","caller":"creds-init/main.go:40","msg":"Credentials initialized."}

Showing logs for build [32mentando-k8s-entando-k8s-dbjob-m-kr4zp-45[0m stage [32mfrom-build-pack[0m and container [32mstep-working-dir-initializer-kl57d[0m
{"level":"warn","ts":1612417198.3861542,"logger":"fallback-logger","caller":"logging/config.go:69","msg":"Fetch GitHub commit ID from kodata failed: open /var/run/ko/HEAD: no such file or directory"}
{"level":"info","ts":1612417198.3900418,"logger":"fallback-logger","caller":"bash/main.go:64","msg":"Successfully e**cuted command \"sh -c mkdir -p /workspace/source\"; output "}

Showing logs for build [32mentando-k8s-entando-k8s-dbjob-m-kr4zp-45[0m stage [32mfrom-build-pack[0m and container [32mstep-place-tools[0m

Showing logs for build [32mentando-k8s-entando-k8s-dbjob-m-kr4zp-45[0m stage [32mfrom-build-pack[0m and container [32mstep-git-source-entando-k8s-entando-k8s-dbjob-m-bf9lh[0m
{"level":"warn","ts":1612417306.04629,"logger":"fallback-logger","caller":"logging/config.go:69","msg":"Fetch GitHub commit ID from kodata failed: \"ref: refs/heads/0.8.0-**-support-backwards-incompats\" is not a valid GitHub commit ID"}
{"level":"info","ts":1612417307.207564,"logger":"fallback-logger","caller":"git/git.go:103","msg":"Successfully cloned https://github.com/entando-k8s/entando-k8s-dbjob.git @ v6.3.0 in path /workspace/source"}

Showing logs for build [32mentando-k8s-entando-k8s-dbjob-m-kr4zp-45[0m stage [32mfrom-build-pack[0m and container [32mstep-git-merge[0m
Using SHAs from PULL_REFS=master:d4a6262a5f8ef24213f557f24d9d221561133a8a
WARNING: no SHAs to merge, falling back to initial cloned commit

Showing logs for build [32mentando-k8s-entando-k8s-dbjob-m-kr4zp-45[0m stage [32mfrom-build-pack[0m and container [32mstep-setup-jx-git-credentials[0m
Generated Git credentials file /workspace/xdg_config/git/credentials

Showing logs for build [32mentando-k8s-entando-k8s-dbjob-m-kr4zp-45[0m stage [32mfrom-build-pack[0m and container [32mstep-build-fetch-history-for-sonar[0m
From https://github.com/entando-k8s/entando-k8s-dbjob
 * [new branch]      master     -> origin/master
 * [new tag]         v6.3.0     -> v6.3.0

Showing logs for build [32mentando-k8s-entando-k8s-dbjob-m-kr4zp-45[0m stage [32mfrom-build-pack[0m and container [32mstep-build-mvn-deploy-release[0m
Picked up _JAVA_OPTIONS: -XX:+UnlockExperimentalVMOptions -Dsun.zip.disableMemoryMapping=**** -XX:+UseParallelGC -XX:MinHeapFreeRatio=5 -XX:MaxHeapFreeRatio=10 -XX:GCTimeRatio=4 -XX:AdaptiveSizePolicyWeight=90 -Xms10m -Xmx8000m
[INFO] Scanning for projects...
[INFO] 
[INFO] -------------------< org.entando:entando-k8s-dbjob >--------------------
[INFO] Building Entando K8S Database Job 6.3.0
[INFO] --------------------------------[ jar ]---------------------------------
[INFO] 
[INFO] --- maven-clean-plugin:2.5:clean (default-clean) @ entando-k8s-dbjob ---
[INFO] 
[INFO] --- maven-checkstyle-plugin:3.1.1:check (validate) @ entando-k8s-dbjob ---
[INFO] Starting audit...
Audit done.
[INFO] You have 0 Checkstyle violations.
[INFO] 
[INFO] --- maven-checkstyle-plugin:3.1.1:checkstyle (validate) @ entando-k8s-dbjob ---
[INFO] Starting audit...
Audit done.
[INFO] 
[INFO] --- jacoco-maven-plugin:0.8.5:prepare-agent (prepare-agent) @ entando-k8s-dbjob ---
[INFO] argLine set to -javaagent:/home/jenkins/.mvnrepository/org/jacoco/org.jacoco.agent/0.8.5/org.jacoco.agent-0.8.5-runtime.jar=destfile=/workspace/source/target/jacoco.e**c
[INFO] 
[INFO] --- maven-resources-plugin:2.6:resources (default-resources) @ entando-k8s-dbjob ---
[INFO] Using 'UTF-8' encoding to copy filtered resources.
[INFO] Copying 1 resource
[INFO] 
[INFO] --- maven-compiler-plugin:3.8.1:compile (default-compile) @ entando-k8s-dbjob ---
[INFO] Changes detected - recompiling the module!
[INFO] Compiling 4 source files to /workspace/source/target/classes
[INFO] 
[INFO] --- maven-resources-plugin:2.6:testResources (default-testResources) @ entando-k8s-dbjob ---
[INFO] Using 'UTF-8' encoding to copy filtered resources.
[INFO] skip non existing resourceDirectory /workspace/source/src/test/resources
[INFO] 
[INFO] --- maven-compiler-plugin:3.8.1:testCompile (default-testCompile) @ entando-k8s-dbjob ---
[INFO] Changes detected - recompiling the module!
[INFO] Compiling 7 source files to /workspace/source/target/test-classes
[WARNING] /workspace/source/src/test/java/org/entando/k8s/db/job/SmokeIntegratedTest.java:[146,24] unchecked call to waitOn(io.fabric8.kubernetes.client.dsl.PodResource<io.fabric8.kubernetes.api.model.Pod,io.fabric8.kubernetes.api.model.DoneablePod>) as a member of the raw type org.entando.kubernetes.controller.integrationtest.podwaiters.AbstractPodWaiter
[WARNING] /workspace/source/src/test/java/org/entando/k8s/db/job/SmokeIntegratedTest.java:[173,24] unchecked call to waitOn(io.fabric8.kubernetes.client.dsl.PodResource<io.fabric8.kubernetes.api.model.Pod,io.fabric8.kubernetes.api.model.DoneablePod>) as a member of the raw type org.entando.kubernetes.controller.integrationtest.podwaiters.AbstractPodWaiter
[INFO] /workspace/source/src/test/java/org/entando/k8s/db/job/CreatePostgresqlSchemaTest.java: /workspace/source/src/test/java/org/entando/k8s/db/job/CreatePostgresqlSchemaTest.java uses or overrides a deprecated API.
[INFO] /workspace/source/src/test/java/org/entando/k8s/db/job/CreatePostgresqlSchemaTest.java: Recompile with -Xlint:deprecation for details.
[INFO] 
[INFO] --- maven-surefire-plugin:3.0.0-M1:test (default-test) @ entando-k8s-dbjob ---
[INFO] 
[INFO] -------------------------------------------------------
[INFO]  T E S T S
[INFO] -------------------------------------------------------
[INFO] Running org.entando.k8s.db.job.CreateMysqlSchemaTest
java.sql.SQLSyntaxErrorException: CREATE command denied to user 'myschema'@'10.128.0.1' for table 'TEST_TABLE'
	at com.mysql.cj.jdbc.exceptions.SQLError.createSQLException(SQLError.java:120)
	at com.mysql.cj.jdbc.exceptions.SQLError.createSQLException(SQLError.java:97)
	at com.mysql.cj.jdbc.exceptions.SQLExceptionsMapping.translateException(SQLExceptionsMapping.java:122)
	at com.mysql.cj.jdbc.ClientPreparedStatement.e**cuteInternal(ClientPreparedStatement.java:953)
	at com.mysql.cj.jdbc.ClientPreparedStatement.e**cute(ClientPreparedStatement.java:370)
	at org.entando.k8s.db.job.CreateMysqlSchemaTest.testSingleAccess(CreateMysqlSchemaTest.java:158)
	at java.base/jdk.internal.reflect.NativeMethodAccessorImpl.invoke0(Native Method)
	at java.base/jdk.internal.reflect.NativeMethodAccessorImpl.invoke(NativeMethodAccessorImpl.java:62)
	at java.base/jdk.internal.reflect.DelegatingMethodAccessorImpl.invoke(DelegatingMethodAccessorImpl.java:43)
	at java.base/java.lang.reflect.Method.invoke(Method.java:566)
	at org.junit.platform.commons.util.ReflectionUtils.invokeMethod(ReflectionUtils.java:688)
	at org.junit.jupiter.engine.e**cution.MethodInvocation.proceed(MethodInvocation.java:60)
	at org.junit.jupiter.engine.e**cution.InvocationInterceptorChain$ValidatingInvocation.proceed(InvocationInterceptorChain.java:131)
	at org.junit.jupiter.engine.extension.TimeoutExtension.intercept(TimeoutExtension.java:149)
	at org.junit.jupiter.engine.extension.TimeoutExtension.interceptTestableMethod(TimeoutExtension.java:140)
	at org.junit.jupiter.engine.extension.TimeoutExtension.interceptTestMethod(TimeoutExtension.java:84)
	at org.junit.jupiter.engine.e**cution.E**cutableInvoker$ReflectiveInterceptorCall.lambda$ofVoidMethod$0(E**cutableInvoker.java:115)
	at org.junit.jupiter.engine.e**cution.E**cutableInvoker.lambda$invoke$0(E**cutableInvoker.java:105)
	at org.junit.jupiter.engine.e**cution.InvocationInterceptorChain$InterceptedInvocation.proceed(InvocationInterceptorChain.java:106)
	at org.junit.jupiter.engine.e**cution.InvocationInterceptorChain.proceed(InvocationInterceptorChain.java:64)
	at org.junit.jupiter.engine.e**cution.InvocationInterceptorChain.chainAndInvoke(InvocationInterceptorChain.java:45)
	at org.junit.jupiter.engine.e**cution.InvocationInterceptorChain.invoke(InvocationInterceptorChain.java:37)
	at org.junit.jupiter.engine.e**cution.E**cutableInvoker.invoke(E**cutableInvoker.java:104)
	at org.junit.jupiter.engine.e**cution.E**cutableInvoker.invoke(E**cutableInvoker.java:98)
	at org.junit.jupiter.engine.descriptor.TestMethodTestDescriptor.lambda$invokeTestMethod$6(TestMethodTestDescriptor.java:210)
	at org.junit.platform.engine.support.hierarchical.ThrowableCollector.e**cute(ThrowableCollector.java:73)
	at org.junit.jupiter.engine.descriptor.TestMethodTestDescriptor.invokeTestMethod(TestMethodTestDescriptor.java:206)
	at org.junit.jupiter.engine.descriptor.TestMethodTestDescriptor.e**cute(TestMethodTestDescriptor.java:131)
	at org.junit.jupiter.engine.descriptor.TestMethodTestDescriptor.e**cute(TestMethodTestDescriptor.java:65)
	at org.junit.platform.engine.support.hierarchical.NodeTestTask.lambda$e**cuteRecursively$5(NodeTestTask.java:139)
	at org.junit.platform.engine.support.hierarchical.ThrowableCollector.e**cute(ThrowableCollector.java:73)
	at org.junit.platform.engine.support.hierarchical.NodeTestTask.lambda$e**cuteRecursively$7(NodeTestTask.java:129)
	at org.junit.platform.engine.support.hierarchical.Node.around(Node.java:137)
	at org.junit.platform.engine.support.hierarchical.NodeTestTask.lambda$e**cuteRecursively$8(NodeTestTask.java:127)
	at org.junit.platform.engine.support.hierarchical.ThrowableCollector.e**cute(ThrowableCollector.java:73)
	at org.junit.platform.engine.support.hierarchical.NodeTestTask.e**cuteRecursively(NodeTestTask.java:126)
	at org.junit.platform.engine.support.hierarchical.NodeTestTask.e**cute(NodeTestTask.java:84)
	at java.base/java.util.ArrayList.forEach(ArrayList.java:1540)
	at org.junit.platform.engine.support.hierarchical.SameThreadHierarchicalTestE**cutorService.invokeAll(SameThreadHierarchicalTestE**cutorService.java:38)
	at org.junit.platform.engine.support.hierarchical.NodeTestTask.lambda$e**cuteRecursively$5(NodeTestTask.java:143)
	at org.junit.platform.engine.support.hierarchical.ThrowableCollector.e**cute(ThrowableCollector.java:73)
	at org.junit.platform.engine.support.hierarchical.NodeTestTask.lambda$e**cuteRecursively$7(NodeTestTask.java:129)
	at org.junit.platform.engine.support.hierarchical.Node.around(Node.java:137)
	at org.junit.platform.engine.support.hierarchical.NodeTestTask.lambda$e**cuteRecursively$8(NodeTestTask.java:127)
	at org.junit.platform.engine.support.hierarchical.ThrowableCollector.e**cute(ThrowableCollector.java:73)
	at org.junit.platform.engine.support.hierarchical.NodeTestTask.e**cuteRecursively(NodeTestTask.java:126)
	at org.junit.platform.engine.support.hierarchical.NodeTestTask.e**cute(NodeTestTask.java:84)
	at java.base/java.util.ArrayList.forEach(ArrayList.java:1540)
	at org.junit.platform.engine.support.hierarchical.SameThreadHierarchicalTestE**cutorService.invokeAll(SameThreadHierarchicalTestE**cutorService.java:38)
	at org.junit.platform.engine.support.hierarchical.NodeTestTask.lambda$e**cuteRecursively$5(NodeTestTask.java:143)
	at org.junit.platform.engine.support.hierarchical.ThrowableCollector.e**cute(ThrowableCollector.java:73)
	at org.junit.platform.engine.support.hierarchical.NodeTestTask.lambda$e**cuteRecursively$7(NodeTestTask.java:129)
	at org.junit.platform.engine.support.hierarchical.Node.around(Node.java:137)
	at org.junit.platform.engine.support.hierarchical.NodeTestTask.lambda$e**cuteRecursively$8(NodeTestTask.java:127)
	at org.junit.platform.engine.support.hierarchical.ThrowableCollector.e**cute(ThrowableCollector.java:73)
	at org.junit.platform.engine.support.hierarchical.NodeTestTask.e**cuteRecursively(NodeTestTask.java:126)
	at org.junit.platform.engine.support.hierarchical.NodeTestTask.e**cute(NodeTestTask.java:84)
	at org.junit.platform.engine.support.hierarchical.SameThreadHierarchicalTestE**cutorService.submit(SameThreadHierarchicalTestE**cutorService.java:32)
	at org.junit.platform.engine.support.hierarchical.HierarchicalTestE**cutor.e**cute(HierarchicalTestE**cutor.java:57)
	at org.junit.platform.engine.support.hierarchical.HierarchicalTestEngine.e**cute(HierarchicalTestEngine.java:51)
	at org.junit.platform.launcher.core.DefaultLauncher.e**cute(DefaultLauncher.java:220)
	at org.junit.platform.launcher.core.DefaultLauncher.lambda$e**cute$6(DefaultLauncher.java:188)
	at org.junit.platform.launcher.core.DefaultLauncher.withInterceptedStreams(DefaultLauncher.java:202)
	at org.junit.platform.launcher.core.DefaultLauncher.e**cute(DefaultLauncher.java:181)
	at org.junit.platform.launcher.core.DefaultLauncher.e**cute(DefaultLauncher.java:128)
	at org.apache.maven.surefire.junitplatform.JUnitPlatformProvider.invokeAllTests(JUnitPlatformProvider.java:142)
	at org.apache.maven.surefire.junitplatform.JUnitPlatformProvider.invoke(JUnitPlatformProvider.java:117)
	at org.apache.maven.surefire.booter.ForkedBooter.invokeProviderInSameClassLoader(ForkedBooter.java:384)
	at org.apache.maven.surefire.booter.ForkedBooter.runSuitesInProcess(ForkedBooter.java:345)
	at org.apache.maven.surefire.booter.ForkedBooter.e**cute(ForkedBooter.java:126)
	at org.apache.maven.surefire.booter.ForkedBooter.main(ForkedBooter.java:418)

Feb 04, 2021 5:42:28 AM org.entando.k8s.db.job.CreateSchemaCommand onStartup
SEVERE: onStartup
Feb 04, 2021 5:42:28 AM org.entando.k8s.db.job.CreateSchemaCommand onStartup
SEVERE: onStartup:finally
[INFO] Tests run: 5, Failures: 0, Errors: 0, Skipped: 0, Time elapsed: 2.183 s - in org.entando.k8s.db.job.CreateMysqlSchemaTest
[INFO] Running org.entando.k8s.db.job.CreateOracle12SchemaTest
java.sql.SQLSyntaxErrorException: ORA-01031: insufficient privileges

	at ******.jdbc.driver.T4CTTIoer11.processError(T4CTTIoer11.java:509)
	at ******.jdbc.driver.T4CTTIoer11.processError(T4CTTIoer11.java:461)
	at ******.jdbc.driver.T4C8Oall.processError(T4C8Oall.java:1104)
	at ******.jdbc.driver.T4CTTIfun.receive(T4CTTIfun.java:550)
	at ******.jdbc.driver.T4CTTIfun.doRPC(T4CTTIfun.java:268)
	at ******.jdbc.driver.T4C8Oall.doOALL(T4C8Oall.java:655)
	at ******.jdbc.driver.T4CPreparedStatement.doOall8(T4CPreparedStatement.java:270)
	at ******.jdbc.driver.T4CPreparedStatement.doOall8(T4CPreparedStatement.java:91)
	at ******.jdbc.driver.T4CPreparedStatement.e**cuteForRows(T4CPreparedStatement.java:970)
	at ******.jdbc.driver.OracleStatement.doE**cuteWithTimeout(OracleStatement.java:1205)
	at ******.jdbc.driver.OraclePreparedStatement.e**cuteInternal(OraclePreparedStatement.java:3666)
	at ******.jdbc.driver.T4CPreparedStatement.e**cuteInternal(T4CPreparedStatement.java:1426)
	at ******.jdbc.driver.OraclePreparedStatement.e**cute(OraclePreparedStatement.java:3778)
	at ******.jdbc.driver.OraclePreparedStatementWrapper.e**cute(OraclePreparedStatementWrapper.java:1081)
	at org.entando.k8s.db.job.CreateOracleSchemaTestBase.singleAccess(CreateOracleSchemaTestBase.java:110)
	at java.base/jdk.internal.reflect.NativeMethodAccessorImpl.invoke0(Native Method)
	at java.base/jdk.internal.reflect.NativeMethodAccessorImpl.invoke(NativeMethodAccessorImpl.java:62)
	at java.base/jdk.internal.reflect.DelegatingMethodAccessorImpl.invoke(DelegatingMethodAccessorImpl.java:43)
	at java.base/java.lang.reflect.Method.invoke(Method.java:566)
	at org.junit.platform.commons.util.ReflectionUtils.invokeMethod(ReflectionUtils.java:688)
	at org.junit.jupiter.engine.e**cution.MethodInvocation.proceed(MethodInvocation.java:60)
	at org.junit.jupiter.engine.e**cution.InvocationInterceptorChain$ValidatingInvocation.proceed(InvocationInterceptorChain.java:131)
	at org.junit.jupiter.engine.extension.TimeoutExtension.intercept(TimeoutExtension.java:149)
	at org.junit.jupiter.engine.extension.TimeoutExtension.interceptTestableMethod(TimeoutExtension.java:140)
	at org.junit.jupiter.engine.extension.TimeoutExtension.interceptTestMethod(TimeoutExtension.java:84)
	at org.junit.jupiter.engine.e**cution.E**cutableInvoker$ReflectiveInterceptorCall.lambda$ofVoidMethod$0(E**cutableInvoker.java:115)
	at org.junit.jupiter.engine.e**cution.E**cutableInvoker.lambda$invoke$0(E**cutableInvoker.java:105)
	at org.junit.jupiter.engine.e**cution.InvocationInterceptorChain$InterceptedInvocation.proceed(InvocationInterceptorChain.java:106)
	at org.junit.jupiter.engine.e**cution.InvocationInterceptorChain.proceed(InvocationInterceptorChain.java:64)
	at org.junit.jupiter.engine.e**cution.InvocationInterceptorChain.chainAndInvoke(InvocationInterceptorChain.java:45)
	at org.junit.jupiter.engine.e**cution.InvocationInterceptorChain.invoke(InvocationInterceptorChain.java:37)
	at org.junit.jupiter.engine.e**cution.E**cutableInvoker.invoke(E**cutableInvoker.java:104)
	at org.junit.jupiter.engine.e**cution.E**cutableInvoker.invoke(E**cutableInvoker.java:98)
	at org.junit.jupiter.engine.descriptor.TestMethodTestDescriptor.lambda$invokeTestMethod$6(TestMethodTestDescriptor.java:210)
	at org.junit.platform.engine.support.hierarchical.ThrowableCollector.e**cute(ThrowableCollector.java:73)
	at org.junit.jupiter.engine.descriptor.TestMethodTestDescriptor.invokeTestMethod(TestMethodTestDescriptor.java:206)
	at org.junit.jupiter.engine.descriptor.TestMethodTestDescriptor.e**cute(TestMethodTestDescriptor.java:131)
	at org.junit.jupiter.engine.descriptor.TestMethodTestDescriptor.e**cute(TestMethodTestDescriptor.java:65)
	at org.junit.platform.engine.support.hierarchical.NodeTestTask.lambda$e**cuteRecursively$5(NodeTestTask.java:139)
	at org.junit.platform.engine.support.hierarchical.ThrowableCollector.e**cute(ThrowableCollector.java:73)
	at org.junit.platform.engine.support.hierarchical.NodeTestTask.lambda$e**cuteRecursively$7(NodeTestTask.java:129)
	at org.junit.platform.engine.support.hierarchical.Node.around(Node.java:137)
	at org.junit.platform.engine.support.hierarchical.NodeTestTask.lambda$e**cuteRecursively$8(NodeTestTask.java:127)
	at org.junit.platform.engine.support.hierarchical.ThrowableCollector.e**cute(ThrowableCollector.java:73)
	at org.junit.platform.engine.support.hierarchical.NodeTestTask.e**cuteRecursively(NodeTestTask.java:126)
	at org.junit.platform.engine.support.hierarchical.NodeTestTask.e**cute(NodeTestTask.java:84)
	at java.base/java.util.ArrayList.forEach(ArrayList.java:1540)
	at org.junit.platform.engine.support.hierarchical.SameThreadHierarchicalTestE**cutorService.invokeAll(SameThreadHierarchicalTestE**cutorService.java:38)
	at org.junit.platform.engine.support.hierarchical.NodeTestTask.lambda$e**cuteRecursively$5(NodeTestTask.java:143)
	at org.junit.platform.engine.support.hierarchical.ThrowableCollector.e**cute(ThrowableCollector.java:73)
	at org.junit.platform.engine.support.hierarchical.NodeTestTask.lambda$e**cuteRecursively$7(NodeTestTask.java:129)
	at org.junit.platform.engine.support.hierarchical.Node.around(Node.java:137)
	at org.junit.platform.engine.support.hierarchical.NodeTestTask.lambda$e**cuteRecursively$8(NodeTestTask.java:127)
	at org.junit.platform.engine.support.hierarchical.ThrowableCollector.e**cute(ThrowableCollector.java:73)
	at org.junit.platform.engine.support.hierarchical.NodeTestTask.e**cuteRecursively(NodeTestTask.java:126)
	at org.junit.platform.engine.support.hierarchical.NodeTestTask.e**cute(NodeTestTask.java:84)
	at java.base/java.util.ArrayList.forEach(ArrayList.java:1540)
	at org.junit.platform.engine.support.hierarchical.SameThreadHierarchicalTestE**cutorService.invokeAll(SameThreadHierarchicalTestE**cutorService.java:38)
	at org.junit.platform.engine.support.hierarchical.NodeTestTask.lambda$e**cuteRecursively$5(NodeTestTask.java:143)
	at org.junit.platform.engine.support.hierarchical.ThrowableCollector.e**cute(ThrowableCollector.java:73)
	at org.junit.platform.engine.support.hierarchical.NodeTestTask.lambda$e**cuteRecursively$7(NodeTestTask.java:129)
	at org.junit.platform.engine.support.hierarchical.Node.around(Node.java:137)
	at org.junit.platform.engine.support.hierarchical.NodeTestTask.lambda$e**cuteRecursively$8(NodeTestTask.java:127)
	at org.junit.platform.engine.support.hierarchical.ThrowableCollector.e**cute(ThrowableCollector.java:73)
	at org.junit.platform.engine.support.hierarchical.NodeTestTask.e**cuteRecursively(NodeTestTask.java:126)
	at org.junit.platform.engine.support.hierarchical.NodeTestTask.e**cute(NodeTestTask.java:84)
	at org.junit.platform.engine.support.hierarchical.SameThreadHierarchicalTestE**cutorService.submit(SameThreadHierarchicalTestE**cutorService.java:32)
	at org.junit.platform.engine.support.hierarchical.HierarchicalTestE**cutor.e**cute(HierarchicalTestE**cutor.java:57)
	at org.junit.platform.engine.support.hierarchical.HierarchicalTestEngine.e**cute(HierarchicalTestEngine.java:51)
	at org.junit.platform.launcher.core.DefaultLauncher.e**cute(DefaultLauncher.java:220)
	at org.junit.platform.launcher.core.DefaultLauncher.lambda$e**cute$6(DefaultLauncher.java:188)
	at org.junit.platform.launcher.core.DefaultLauncher.withInterceptedStreams(DefaultLauncher.java:202)
	at org.junit.platform.launcher.core.DefaultLauncher.e**cute(DefaultLauncher.java:181)
	at org.junit.platform.launcher.core.DefaultLauncher.e**cute(DefaultLauncher.java:128)
	at org.apache.maven.surefire.junitplatform.JUnitPlatformProvider.invokeAllTests(JUnitPlatformProvider.java:142)
	at org.apache.maven.surefire.junitplatform.JUnitPlatformProvider.invoke(JUnitPlatformProvider.java:117)
	at org.apache.maven.surefire.booter.ForkedBooter.invokeProviderInSameClassLoader(ForkedBooter.java:384)
	at org.apache.maven.surefire.booter.ForkedBooter.runSuitesInProcess(ForkedBooter.java:345)
	at org.apache.maven.surefire.booter.ForkedBooter.e**cute(ForkedBooter.java:126)
	at org.apache.maven.surefire.booter.ForkedBooter.main(ForkedBooter.java:418)
Caused by: Error : 1031, Position : 0, Sql = CREATE TABLE EXISTING.TEST_TABLE(ID NUMERIC ), OriginalSql = CREATE TABLE EXISTING.TEST_TABLE(ID NUMERIC ), Error Msg = ORA-01031: insufficient privileges

	at ******.jdbc.driver.T4CTTIoer11.processError(T4CTTIoer11.java:513)
	... 79 more

[INFO] Tests run: 5, Failures: 0, Errors: 0, Skipped: 0, Time elapsed: 14.697 s - in org.entando.k8s.db.job.CreateOracle12SchemaTest
[INFO] Running org.entando.k8s.db.job.CreatePostgresqlSchemaTest
org.********ql.util.PSQLException: ERROR: permission denied for schema existing
  Position: 14
	at org.********ql.core.v3.QueryE**cutorImpl.receiveErrorResponse(QueryE**cutorImpl.java:2532)
	at org.********ql.core.v3.QueryE**cutorImpl.processResults(QueryE**cutorImpl.java:2267)
	at org.********ql.core.v3.QueryE**cutorImpl.e**cute(QueryE**cutorImpl.java:312)
	at org.********ql.jdbc.PgStatement.e**cuteInternal(PgStatement.java:448)
	at org.********ql.jdbc.PgStatement.e**cute(PgStatement.java:369)
	at org.********ql.jdbc.PgPreparedStatement.e**cuteWithFlags(PgPreparedStatement.java:153)
	at org.********ql.jdbc.PgPreparedStatement.e**cute(PgPreparedStatement.java:142)
	at org.entando.k8s.db.job.CreatePostgresqlSchemaTest.testSingleAccess(CreatePostgresqlSchemaTest.java:160)
	at java.base/jdk.internal.reflect.NativeMethodAccessorImpl.invoke0(Native Method)
	at java.base/jdk.internal.reflect.NativeMethodAccessorImpl.invoke(NativeMethodAccessorImpl.java:62)
	at java.base/jdk.internal.reflect.DelegatingMethodAccessorImpl.invoke(DelegatingMethodAccessorImpl.java:43)
	at java.base/java.lang.reflect.Method.invoke(Method.java:566)
	at org.junit.platform.commons.util.ReflectionUtils.invokeMethod(ReflectionUtils.java:688)
	at org.junit.jupiter.engine.e**cution.MethodInvocation.proceed(MethodInvocation.java:60)
	at org.junit.jupiter.engine.e**cution.InvocationInterceptorChain$ValidatingInvocation.proceed(InvocationInterceptorChain.java:131)
	at org.junit.jupiter.engine.extension.TimeoutExtension.intercept(TimeoutExtension.java:149)
	at org.junit.jupiter.engine.extension.TimeoutExtension.interceptTestableMethod(TimeoutExtension.java:140)
	at org.junit.jupiter.engine.extension.TimeoutExtension.interceptTestMethod(TimeoutExtension.java:84)
	at org.junit.jupiter.engine.e**cution.E**cutableInvoker$ReflectiveInterceptorCall.lambda$ofVoidMethod$0(E**cutableInvoker.java:115)
	at org.junit.jupiter.engine.e**cution.E**cutableInvoker.lambda$invoke$0(E**cutableInvoker.java:105)
	at org.junit.jupiter.engine.e**cution.InvocationInterceptorChain$InterceptedInvocation.proceed(InvocationInterceptorChain.java:106)
	at org.junit.jupiter.engine.e**cution.InvocationInterceptorChain.proceed(InvocationInterceptorChain.java:64)
	at org.junit.jupiter.engine.e**cution.InvocationInterceptorChain.chainAndInvoke(InvocationInterceptorChain.java:45)
	at org.junit.jupiter.engine.e**cution.InvocationInterceptorChain.invoke(InvocationInterceptorChain.java:37)
	at org.junit.jupiter.engine.e**cution.E**cutableInvoker.invoke(E**cutableInvoker.java:104)
	at org.junit.jupiter.engine.e**cution.E**cutableInvoker.invoke(E**cutableInvoker.java:98)
	at org.junit.jupiter.engine.descriptor.TestMethodTestDescriptor.lambda$invokeTestMethod$6(TestMethodTestDescriptor.java:210)
	at org.junit.platform.engine.support.hierarchical.ThrowableCollector.e**cute(ThrowableCollector.java:73)
	at org.junit.jupiter.engine.descriptor.TestMethodTestDescriptor.invokeTestMethod(TestMethodTestDescriptor.java:206)
	at org.junit.jupiter.engine.descriptor.TestMethodTestDescriptor.e**cute(TestMethodTestDescriptor.java:131)
	at org.junit.jupiter.engine.descriptor.TestMethodTestDescriptor.e**cute(TestMethodTestDescriptor.java:65)
	at org.junit.platform.engine.support.hierarchical.NodeTestTask.lambda$e**cuteRecursively$5(NodeTestTask.java:139)
	at org.junit.platform.engine.support.hierarchical.ThrowableCollector.e**cute(ThrowableCollector.java:73)
	at org.junit.platform.engine.support.hierarchical.NodeTestTask.lambda$e**cuteRecursively$7(NodeTestTask.java:129)
	at org.junit.platform.engine.support.hierarchical.Node.around(Node.java:137)
	at org.junit.platform.engine.support.hierarchical.NodeTestTask.lambda$e**cuteRecursively$8(NodeTestTask.java:127)
	at org.junit.platform.engine.support.hierarchical.ThrowableCollector.e**cute(ThrowableCollector.java:73)
	at org.junit.platform.engine.support.hierarchical.NodeTestTask.e**cuteRecursively(NodeTestTask.java:126)
	at org.junit.platform.engine.support.hierarchical.NodeTestTask.e**cute(NodeTestTask.java:84)
	at java.base/java.util.ArrayList.forEach(ArrayList.java:1540)
	at org.junit.platform.engine.support.hierarchical.SameThreadHierarchicalTestE**cutorService.invokeAll(SameThreadHierarchicalTestE**cutorService.java:38)
	at org.junit.platform.engine.support.hierarchical.NodeTestTask.lambda$e**cuteRecursively$5(NodeTestTask.java:143)
	at org.junit.platform.engine.support.hierarchical.ThrowableCollector.e**cute(ThrowableCollector.java:73)
	at org.junit.platform.engine.support.hierarchical.NodeTestTask.lambda$e**cuteRecursively$7(NodeTestTask.java:129)
	at org.junit.platform.engine.support.hierarchical.Node.around(Node.java:137)
	at org.junit.platform.engine.support.hierarchical.NodeTestTask.lambda$e**cuteRecursively$8(NodeTestTask.java:127)
	at org.junit.platform.engine.support.hierarchical.ThrowableCollector.e**cute(ThrowableCollector.java:73)
	at org.junit.platform.engine.support.hierarchical.NodeTestTask.e**cuteRecursively(NodeTestTask.java:126)
	at org.junit.platform.engine.support.hierarchical.NodeTestTask.e**cute(NodeTestTask.java:84)
	at java.base/java.util.ArrayList.forEach(ArrayList.java:1540)
	at org.junit.platform.engine.support.hierarchical.SameThreadHierarchicalTestE**cutorService.invokeAll(SameThreadHierarchicalTestE**cutorService.java:38)
	at org.junit.platform.engine.support.hierarchical.NodeTestTask.lambda$e**cuteRecursively$5(NodeTestTask.java:143)
	at org.junit.platform.engine.support.hierarchical.ThrowableCollector.e**cute(ThrowableCollector.java:73)
	at org.junit.platform.engine.support.hierarchical.NodeTestTask.lambda$e**cuteRecursively$7(NodeTestTask.java:129)
	at org.junit.platform.engine.support.hierarchical.Node.around(Node.java:137)
	at org.junit.platform.engine.support.hierarchical.NodeTestTask.lambda$e**cuteRecursively$8(NodeTestTask.java:127)
	at org.junit.platform.engine.support.hierarchical.ThrowableCollector.e**cute(ThrowableCollector.java:73)
	at org.junit.platform.engine.support.hierarchical.NodeTestTask.e**cuteRecursively(NodeTestTask.java:126)
	at org.junit.platform.engine.support.hierarchical.NodeTestTask.e**cute(NodeTestTask.java:84)
	at org.junit.platform.engine.support.hierarchical.SameThreadHierarchicalTestE**cutorService.submit(SameThreadHierarchicalTestE**cutorService.java:32)
	at org.junit.platform.engine.support.hierarchical.HierarchicalTestE**cutor.e**cute(HierarchicalTestE**cutor.java:57)
	at org.junit.platform.engine.support.hierarchical.HierarchicalTestEngine.e**cute(HierarchicalTestEngine.java:51)
	at org.junit.platform.launcher.core.DefaultLauncher.e**cute(DefaultLauncher.java:220)
	at org.junit.platform.launcher.core.DefaultLauncher.lambda$e**cute$6(DefaultLauncher.java:188)
	at org.junit.platform.launcher.core.DefaultLauncher.withInterceptedStreams(DefaultLauncher.java:202)
	at org.junit.platform.launcher.core.DefaultLauncher.e**cute(DefaultLauncher.java:181)
	at org.junit.platform.launcher.core.DefaultLauncher.e**cute(DefaultLauncher.java:128)
	at org.apache.maven.surefire.junitplatform.JUnitPlatformProvider.invokeAllTests(JUnitPlatformProvider.java:142)
	at org.apache.maven.surefire.junitplatform.JUnitPlatformProvider.invoke(JUnitPlatformProvider.java:117)
	at org.apache.maven.surefire.booter.ForkedBooter.invokeProviderInSameClassLoader(ForkedBooter.java:384)
	at org.apache.maven.surefire.booter.ForkedBooter.runSuitesInProcess(ForkedBooter.java:345)
	at org.apache.maven.surefire.booter.ForkedBooter.e**cute(ForkedBooter.java:126)
	at org.apache.maven.surefire.booter.ForkedBooter.main(ForkedBooter.java:418)

[INFO] Tests run: 5, Failures: 0, Errors: 0, Skipped: 0, Time elapsed: 0.662 s - in org.entando.k8s.db.job.CreatePostgresqlSchemaTest
[INFO] Running org.entando.k8s.db.job.CreateOracle11SchemaTest
java.sql.SQLSyntaxErrorException: ORA-01031: insufficient privileges

	at ******.jdbc.driver.T4CTTIoer11.processError(T4CTTIoer11.java:509)
	at ******.jdbc.driver.T4CTTIoer11.processError(T4CTTIoer11.java:461)
	at ******.jdbc.driver.T4C8Oall.processError(T4C8Oall.java:1104)
	at ******.jdbc.driver.T4CTTIfun.receive(T4CTTIfun.java:550)
	at ******.jdbc.driver.T4CTTIfun.doRPC(T4CTTIfun.java:268)
	at ******.jdbc.driver.T4C8Oall.doOALL(T4C8Oall.java:655)
	at ******.jdbc.driver.T4CPreparedStatement.doOall8(T4CPreparedStatement.java:270)
	at ******.jdbc.driver.T4CPreparedStatement.doOall8(T4CPreparedStatement.java:91)
	at ******.jdbc.driver.T4CPreparedStatement.e**cuteForRows(T4CPreparedStatement.java:970)
	at ******.jdbc.driver.OracleStatement.doE**cuteWithTimeout(OracleStatement.java:1205)
	at ******.jdbc.driver.OraclePreparedStatement.e**cuteInternal(OraclePreparedStatement.java:3666)
	at ******.jdbc.driver.T4CPreparedStatement.e**cuteInternal(T4CPreparedStatement.java:1426)
	at ******.jdbc.driver.OraclePreparedStatement.e**cute(OraclePreparedStatement.java:3778)
	at ******.jdbc.driver.OraclePreparedStatementWrapper.e**cute(OraclePreparedStatementWrapper.java:1081)
	at org.entando.k8s.db.job.CreateOracleSchemaTestBase.singleAccess(CreateOracleSchemaTestBase.java:110)
	at java.base/jdk.internal.reflect.NativeMethodAccessorImpl.invoke0(Native Method)
	at java.base/jdk.internal.reflect.NativeMethodAccessorImpl.invoke(NativeMethodAccessorImpl.java:62)
	at java.base/jdk.internal.reflect.DelegatingMethodAccessorImpl.invoke(DelegatingMethodAccessorImpl.java:43)
	at java.base/java.lang.reflect.Method.invoke(Method.java:566)
	at org.junit.platform.commons.util.ReflectionUtils.invokeMethod(ReflectionUtils.java:688)
	at org.junit.jupiter.engine.e**cution.MethodInvocation.proceed(MethodInvocation.java:60)
	at org.junit.jupiter.engine.e**cution.InvocationInterceptorChain$ValidatingInvocation.proceed(InvocationInterceptorChain.java:131)
	at org.junit.jupiter.engine.extension.TimeoutExtension.intercept(TimeoutExtension.java:149)
	at org.junit.jupiter.engine.extension.TimeoutExtension.interceptTestableMethod(TimeoutExtension.java:140)
	at org.junit.jupiter.engine.extension.TimeoutExtension.interceptTestMethod(TimeoutExtension.java:84)
	at org.junit.jupiter.engine.e**cution.E**cutableInvoker$ReflectiveInterceptorCall.lambda$ofVoidMethod$0(E**cutableInvoker.java:115)
	at org.junit.jupiter.engine.e**cution.E**cutableInvoker.lambda$invoke$0(E**cutableInvoker.java:105)
	at org.junit.jupiter.engine.e**cution.InvocationInterceptorChain$InterceptedInvocation.proceed(InvocationInterceptorChain.java:106)
	at org.junit.jupiter.engine.e**cution.InvocationInterceptorChain.proceed(InvocationInterceptorChain.java:64)
	at org.junit.jupiter.engine.e**cution.InvocationInterceptorChain.chainAndInvoke(InvocationInterceptorChain.java:45)
	at org.junit.jupiter.engine.e**cution.InvocationInterceptorChain.invoke(InvocationInterceptorChain.java:37)
	at org.junit.jupiter.engine.e**cution.E**cutableInvoker.invoke(E**cutableInvoker.java:104)
	at org.junit.jupiter.engine.e**cution.E**cutableInvoker.invoke(E**cutableInvoker.java:98)
	at org.junit.jupiter.engine.descriptor.TestMethodTestDescriptor.lambda$invokeTestMethod$6(TestMethodTestDescriptor.java:210)
	at org.junit.platform.engine.support.hierarchical.ThrowableCollector.e**cute(ThrowableCollector.java:73)
	at org.junit.jupiter.engine.descriptor.TestMethodTestDescriptor.invokeTestMethod(TestMethodTestDescriptor.java:206)
	at org.junit.jupiter.engine.descriptor.TestMethodTestDescriptor.e**cute(TestMethodTestDescriptor.java:131)
	at org.junit.jupiter.engine.descriptor.TestMethodTestDescriptor.e**cute(TestMethodTestDescriptor.java:65)
	at org.junit.platform.engine.support.hierarchical.NodeTestTask.lambda$e**cuteRecursively$5(NodeTestTask.java:139)
	at org.junit.platform.engine.support.hierarchical.ThrowableCollector.e**cute(ThrowableCollector.java:73)
	at org.junit.platform.engine.support.hierarchical.NodeTestTask.lambda$e**cuteRecursively$7(NodeTestTask.java:129)
	at org.junit.platform.engine.support.hierarchical.Node.around(Node.java:137)
	at org.junit.platform.engine.support.hierarchical.NodeTestTask.lambda$e**cuteRecursively$8(NodeTestTask.java:127)
	at org.junit.platform.engine.support.hierarchical.ThrowableCollector.e**cute(ThrowableCollector.java:73)
	at org.junit.platform.engine.support.hierarchical.NodeTestTask.e**cuteRecursively(NodeTestTask.java:126)
	at org.junit.platform.engine.support.hierarchical.NodeTestTask.e**cute(NodeTestTask.java:84)
	at java.base/java.util.ArrayList.forEach(ArrayList.java:1540)
	at org.junit.platform.engine.support.hierarchical.SameThreadHierarchicalTestE**cutorService.invokeAll(SameThreadHierarchicalTestE**cutorService.java:38)
	at org.junit.platform.engine.support.hierarchical.NodeTestTask.lambda$e**cuteRecursively$5(NodeTestTask.java:143)
	at org.junit.platform.engine.support.hierarchical.ThrowableCollector.e**cute(ThrowableCollector.java:73)
	at org.junit.platform.engine.support.hierarchical.NodeTestTask.lambda$e**cuteRecursively$7(NodeTestTask.java:129)
	at org.junit.platform.engine.support.hierarchical.Node.around(Node.java:137)
	at org.junit.platform.engine.support.hierarchical.NodeTestTask.lambda$e**cuteRecursively$8(NodeTestTask.java:127)
	at org.junit.platform.engine.support.hierarchical.ThrowableCollector.e**cute(ThrowableCollector.java:73)
	at org.junit.platform.engine.support.hierarchical.NodeTestTask.e**cuteRecursively(NodeTestTask.java:126)
	at org.junit.platform.engine.support.hierarchical.NodeTestTask.e**cute(NodeTestTask.java:84)
	at java.base/java.util.ArrayList.forEach(ArrayList.java:1540)
	at org.junit.platform.engine.support.hierarchical.SameThreadHierarchicalTestE**cutorService.invokeAll(SameThreadHierarchicalTestE**cutorService.java:38)
	at org.junit.platform.engine.support.hierarchical.NodeTestTask.lambda$e**cuteRecursively$5(NodeTestTask.java:143)
	at org.junit.platform.engine.support.hierarchical.ThrowableCollector.e**cute(ThrowableCollector.java:73)
	at org.junit.platform.engine.support.hierarchical.NodeTestTask.lambda$e**cuteRecursively$7(NodeTestTask.java:129)
	at org.junit.platform.engine.support.hierarchical.Node.around(Node.java:137)
	at org.junit.platform.engine.support.hierarchical.NodeTestTask.lambda$e**cuteRecursively$8(NodeTestTask.java:127)
	at org.junit.platform.engine.support.hierarchical.ThrowableCollector.e**cute(ThrowableCollector.java:73)
	at org.junit.platform.engine.support.hierarchical.NodeTestTask.e**cuteRecursively(NodeTestTask.java:126)
	at org.junit.platform.engine.support.hierarchical.NodeTestTask.e**cute(NodeTestTask.java:84)
	at org.junit.platform.engine.support.hierarchical.SameThreadHierarchicalTestE**cutorService.submit(SameThreadHierarchicalTestE**cutorService.java:32)
	at org.junit.platform.engine.support.hierarchical.HierarchicalTestE**cutor.e**cute(HierarchicalTestE**cutor.java:57)
	at org.junit.platform.engine.support.hierarchical.HierarchicalTestEngine.e**cute(HierarchicalTestEngine.java:51)
	at org.junit.platform.launcher.core.DefaultLauncher.e**cute(DefaultLauncher.java:220)
	at org.junit.platform.launcher.core.DefaultLauncher.lambda$e**cute$6(DefaultLauncher.java:188)
	at org.junit.platform.launcher.core.DefaultLauncher.withInterceptedStreams(DefaultLauncher.java:202)
	at org.junit.platform.launcher.core.DefaultLauncher.e**cute(DefaultLauncher.java:181)
	at org.junit.platform.launcher.core.DefaultLauncher.e**cute(DefaultLauncher.java:128)
	at org.apache.maven.surefire.junitplatform.JUnitPlatformProvider.invokeAllTests(JUnitPlatformProvider.java:142)
	at org.apache.maven.surefire.junitplatform.JUnitPlatformProvider.invoke(JUnitPlatformProvider.java:117)
	at org.apache.maven.surefire.booter.ForkedBooter.invokeProviderInSameClassLoader(ForkedBooter.java:384)
	at org.apache.maven.surefire.booter.ForkedBooter.runSuitesInProcess(ForkedBooter.java:345)
	at org.apache.maven.surefire.booter.ForkedBooter.e**cute(ForkedBooter.java:126)
	at org.apache.maven.surefire.booter.ForkedBooter.main(ForkedBooter.java:418)
Caused by: Error : 1031, Position : 0, Sql = CREATE TABLE EXISTING.TEST_TABLE(ID NUMERIC ), OriginalSql = CREATE TABLE EXISTING.TEST_TABLE(ID NUMERIC ), Error Msg = ORA-01031: insufficient privileges

	at ******.jdbc.driver.T4CTTIoer11.processError(T4CTTIoer11.java:513)
	... 79 more

[INFO] Tests run: 5, Failures: 0, Errors: 0, Skipped: 0, Time elapsed: 5.551 s - in org.entando.k8s.db.job.CreateOracle11SchemaTest
[INFO] 
[INFO] Results:
[INFO] 
[INFO] Tests run: 20, Failures: 0, Errors: 0, Skipped: 0
[INFO] 
[INFO] 
[INFO] --- maven-jar-plugin:3.2.0:jar (default-jar) @ entando-k8s-dbjob ---
[INFO] Building jar: /workspace/source/target/entando-k8s-dbjob-6.3.0.jar
[INFO] 
[INFO] --- license-maven-plugin:2.0.0:aggregate-download-licenses (download-licenses) @ entando-k8s-dbjob ---
[WARNING] No URL for license at index 0 in dependency com.******.ojdbc:ojdbc8:19.3.0.0
[WARNING] No URL for license at index 0 in dependency com.******.ojdbc:ons:19.3.0.0
[WARNING] No URL for license at index 0 in dependency com.******.ojdbc:******pki:19.3.0.0
[WARNING] No URL for license at index 0 in dependency com.******.ojdbc:osdt_cert:19.3.0.0
[WARNING] No URL for license at index 0 in dependency com.******.ojdbc:osdt_core:19.3.0.0
[WARNING] No URL for license at index 0 in dependency com.******.ojdbc:simplefan:19.3.0.0
[WARNING] No URL for license at index 0 in dependency com.******.ojdbc:ucp:19.3.0.0
[WARNING] No license information available for: com.sun.org.apache:jaxp-ri:1.4
[WARNING] No license information available for: javax.xml.parsers:jaxp-api:1.4
[WARNING] No URL for license at index 0 in dependency mysql:mysql-connector-java:8.0.21
[WARNING] Unable to retrieve license from URL 'LICENSE.txt' for dependency 'org.awaitility:awaitility:4.0.1': null
[WARNING] There were 11 download errors - check the warnings above
[INFO] 
[INFO] --- maven-jar-plugin:3.2.0:test-jar (build-test-jar) @ entando-k8s-dbjob ---
[INFO] Building jar: /workspace/source/target/entando-k8s-dbjob-6.3.0-tests.jar
[INFO] 
[INFO] --- maven-source-plugin:3.2.1:jar-no-fork (attach-sources) @ entando-k8s-dbjob ---
[INFO] Building jar: /workspace/source/target/entando-k8s-dbjob-6.3.0-sources.jar
[INFO] 
[INFO] >>> maven-source-plugin:3.2.1:test-jar (attach-sources) > generate-sources @ entando-k8s-dbjob >>>
[INFO] 
[INFO] --- maven-checkstyle-plugin:3.1.1:check (validate) @ entando-k8s-dbjob ---
[INFO] Starting audit...
Audit done.
[INFO] You have 0 Checkstyle violations.
[INFO] 
[INFO] --- maven-checkstyle-plugin:3.1.1:checkstyle (validate) @ entando-k8s-dbjob ---
[INFO] Starting audit...
Audit done.
[INFO] 
[INFO] --- jacoco-maven-plugin:0.8.5:prepare-agent (prepare-agent) @ entando-k8s-dbjob ---
[INFO] argLine set to -javaagent:/home/jenkins/.mvnrepository/org/jacoco/org.jacoco.agent/0.8.5/org.jacoco.agent-0.8.5-runtime.jar=destfile=/workspace/source/target/jacoco.e**c
[INFO] 
[INFO] <<< maven-source-plugin:3.2.1:test-jar (attach-sources) < generate-sources @ entando-k8s-dbjob <<<
[INFO] 
[INFO] 
[INFO] --- maven-source-plugin:3.2.1:test-jar (attach-sources) @ entando-k8s-dbjob ---
[INFO] Building jar: /workspace/source/target/entando-k8s-dbjob-6.3.0-test-sources.jar
[INFO] 
[INFO] --- maven-javadoc-plugin:3.2.0:jar (attach-javadocs) @ entando-k8s-dbjob ---
[INFO] No previous run data found, generating javadoc.
[INFO] 
Loading source files for package org.entando.k8s.db.job...
Constructing Javadoc information...
Standard Doclet version 11.0.6
Building tree for all the packages and classes...
Generating /workspace/source/target/apidocs/org/entando/k8s/db/job/CreateSchemaCommand.html...
Generating /workspace/source/target/apidocs/org/entando/k8s/db/job/DatabaseAdminConfig.html...
Generating /workspace/source/target/apidocs/org/entando/k8s/db/job/DatabaseDialect.html...
Generating /workspace/source/target/apidocs/org/entando/k8s/db/job/PropertiesBasedDatabaseAdminConfig.html...
Generating /workspace/source/target/apidocs/org/entando/k8s/db/job/package-summary.html...
Generating /workspace/source/target/apidocs/org/entando/k8s/db/job/package-tree.html...
Generating /workspace/source/target/apidocs/constant-values.html...
Generating /workspace/source/target/apidocs/org/entando/k8s/db/job/class-use/DatabaseDialect.html...
Generating /workspace/source/target/apidocs/org/entando/k8s/db/job/class-use/CreateSchemaCommand.html...
Generating /workspace/source/target/apidocs/org/entando/k8s/db/job/class-use/PropertiesBasedDatabaseAdminConfig.html...
Generating /workspace/source/target/apidocs/org/entando/k8s/db/job/class-use/DatabaseAdminConfig.html...
Generating /workspace/source/target/apidocs/org/entando/k8s/db/job/package-use.html...
Building index for all the packages and classes...
Generating /workspace/source/target/apidocs/overview-tree.html...
Generating /workspace/source/target/apidocs/index-all.html...
Building index for all classes...
Generating /workspace/source/target/apidocs/allclasses-index.html...
Generating /workspace/source/target/apidocs/allpackages-index.html...
Generating /workspace/source/target/apidocs/deprecated-list.html...
Building index for all classes...
Generating /workspace/source/target/apidocs/allclasses.html...
Generating /workspace/source/target/apidocs/allclasses.html...
Generating /workspace/source/target/apidocs/index.html...
Generating /workspace/source/target/apidocs/help-doc.html...
[INFO] Building jar: /workspace/source/target/entando-k8s-dbjob-6.3.0-javadoc.jar
[INFO] 
[INFO] --- quarkus-maven-plugin:1.2.0.Final:build (default) @ entando-k8s-dbjob ---
[INFO] [org.jboss.threads] JBoss Threads version 3.0.0.Final
[INFO] [io.quarkus.deployment.pkg.steps.JarResultBuildStep] Building thin jar: /workspace/source/target/entando-k8s-dbjob-6.3.0-runner.jar
[INFO] [io.quarkus.deployment.QuarkusAugmentor] Quarkus augmentation completed in 1885ms
[INFO] 
[INFO] --- maven-surefire-report-plugin:3.0.0-M4:failsafe-report-only (integration-tests) @ entando-k8s-dbjob ---
[INFO] 
[INFO] --- dependency-check-maven:6.0.3:aggregate (default) @ entando-k8s-dbjob ---
[INFO] Checking for updates
[INFO] Download Started for NVD CVE - Modified
[INFO] Download Complete for NVD CVE - Modified  (873 ms)
[INFO] Processing Started for NVD CVE - Modified
WARNING: An illegal reflective access operation has occurred
WARNING: Illegal reflective access by com.fasterxml.jackson.module.afterburner.util.MyClassLoader (file:/home/jenkins/.mvnrepository/com/fasterxml/jackson/module/jackson-module-afterburner/2.11.3/jackson-module-afterburner-2.11.3.jar) to method java.lang.ClassLoader.findLoadedClass(java.lang.String)
WARNING: Please consider reporting this to the maintainers of com.fasterxml.jackson.module.afterburner.util.MyClassLoader
WARNING: Use --illegal-access=warn to enable warnings of further illegal reflective access operations
WARNING: All illegal access operations will be denied in a future release
[INFO] Processing Complete for NVD CVE - Modified  (8927 ms)
[INFO] Begin database maintenance
[INFO] End database maintenance (833 ms)
[INFO] Check for updates complete (11404 ms)
[INFO] 

Dependency-Check is an open source tool performing a best effort analysis of 3rd party dependencies; false positives and false negatives may exist in the analysis performed by the tool. Use of the tool and the reporting provided constitutes acceptance for use in an AS IS condition, and there are NO warranties, implied or otherwise, with regard to the analysis or its use. Any use of the tool and the reporting provided is at the userâ€™s risk. In no event shall the copyright holder or OWASP be held liable for any damages whatsoever arising out of or in connection with the use of this tool, the analysis performed, or the resulting report.


[INFO] Analysis Started
[INFO] Finished Archive Analyzer (0 seconds)
[INFO] Finished File Name Analyzer (0 seconds)
[INFO] Finished Jar Analyzer (0 seconds)
[INFO] Finished Dependency Merging Analyzer (0 seconds)
[INFO] Finished Version Filter Analyzer (0 seconds)
[INFO] Finished Hint Analyzer (0 seconds)
[INFO] Created CPE Index (3 seconds)
[INFO] Finished CPE Analyzer (5 seconds)
[INFO] Finished False Positive Analyzer (0 seconds)
[INFO] Finished NVD CVE Analyzer (0 seconds)
[INFO] Finished Sonatype OSS Index Analyzer (1 seconds)
[INFO] Finished Vulnerability Suppression Analyzer (0 seconds)
[INFO] Finished Dependency Bundling Analyzer (0 seconds)
[INFO] Analysis Complete (8 seconds)
[INFO] 
[INFO] --- jacoco-maven-plugin:0.8.5:report (report) @ entando-k8s-dbjob ---
[INFO] Loading e**cution data file /workspace/source/target/jacoco.e**c
[INFO] Analyzed bundle 'Entando K8S Database Job' with 6 classes
[INFO] 
[INFO] --- maven-gpg-plugin:1.6:sign (sign-artifacts) @ entando-k8s-dbjob ---
gpg: WARNING: unsafe permissions on homedir `********************'
gpg: WARNING: unsafe permissions on homedir `********************'
gpg: WARNING: unsafe permissions on homedir `********************'
gpg: WARNING: unsafe permissions on homedir `********************'
gpg: WARNING: unsafe permissions on homedir `********************'
gpg: WARNING: unsafe permissions on homedir `********************'
[INFO] 
[INFO] --- maven-surefire-report-plugin:3.0.0-M4:report-only (unit-tests) @ entando-k8s-dbjob ---
[WARNING] Unable to locate Test Source XRef to link to - DISABLED
[INFO] 
[INFO] --- maven-install-plugin:2.4:install (default-install) @ entando-k8s-dbjob ---
[INFO] Installing /workspace/source/target/entando-k8s-dbjob-6.3.0.jar to /home/jenkins/.mvnrepository/org/entando/entando-k8s-dbjob/6.3.0/entando-k8s-dbjob-6.3.0.jar
[INFO] Installing /workspace/source/pom.xml to /home/jenkins/.mvnrepository/org/entando/entando-k8s-dbjob/6.3.0/entando-k8s-dbjob-6.3.0.pom
[INFO] Installing /workspace/source/target/entando-k8s-dbjob-6.3.0-tests.jar to /home/jenkins/.mvnrepository/org/entando/entando-k8s-dbjob/6.3.0/entando-k8s-dbjob-6.3.0-tests.jar
[INFO] Installing /workspace/source/target/entando-k8s-dbjob-6.3.0-sources.jar to /home/jenkins/.mvnrepository/org/entando/entando-k8s-dbjob/6.3.0/entando-k8s-dbjob-6.3.0-sources.jar
[INFO] Installing /workspace/source/target/entando-k8s-dbjob-6.3.0-test-sources.jar to /home/jenkins/.mvnrepository/org/entando/entando-k8s-dbjob/6.3.0/entando-k8s-dbjob-6.3.0-test-sources.jar
[INFO] Installing /workspace/source/target/entando-k8s-dbjob-6.3.0-javadoc.jar to /home/jenkins/.mvnrepository/org/entando/entando-k8s-dbjob/6.3.0/entando-k8s-dbjob-6.3.0-javadoc.jar
[INFO] Installing /workspace/source/target/entando-k8s-dbjob-6.3.0.jar.asc to /home/jenkins/.mvnrepository/org/entando/entando-k8s-dbjob/6.3.0/entando-k8s-dbjob-6.3.0.jar.asc
[INFO] Installing /workspace/source/target/entando-k8s-dbjob-6.3.0.pom.asc to /home/jenkins/.mvnrepository/org/entando/entando-k8s-dbjob/6.3.0/entando-k8s-dbjob-6.3.0.pom.asc
[INFO] Installing /workspace/source/target/entando-k8s-dbjob-6.3.0-tests.jar.asc to /home/jenkins/.mvnrepository/org/entando/entando-k8s-dbjob/6.3.0/entando-k8s-dbjob-6.3.0-tests.jar.asc
[INFO] Installing /workspace/source/target/entando-k8s-dbjob-6.3.0-sources.jar.asc to /home/jenkins/.mvnrepository/org/entando/entando-k8s-dbjob/6.3.0/entando-k8s-dbjob-6.3.0-sources.jar.asc
[INFO] Installing /workspace/source/target/entando-k8s-dbjob-6.3.0-test-sources.jar.asc to /home/jenkins/.mvnrepository/org/entando/entando-k8s-dbjob/6.3.0/entando-k8s-dbjob-6.3.0-test-sources.jar.asc
[INFO] Installing /workspace/source/target/entando-k8s-dbjob-6.3.0-javadoc.jar.asc to /home/jenkins/.mvnrepository/org/entando/entando-k8s-dbjob/6.3.0/entando-k8s-dbjob-6.3.0-javadoc.jar.asc
[INFO] 
[INFO] --- maven-deploy-plugin:2.8.2:deploy (default-deploy) @ entando-k8s-dbjob ---
[INFO] Using alternate deployment repository local-nexus::default::http://nexus/repository/maven-releases/
[INFO] 
[INFO] --- maven-site-plugin:3.9.0:site (default-site) @ entando-k8s-dbjob ---
[INFO] configuring report plugin org.apache.maven.plugins:maven-project-info-reports-plugin:3.0.0
[INFO] 9 reports configured for maven-project-info-reports-plugin:3.0.0: dependency-info, distribution-management, index, ci-management, issue-management, licenses, plugins, scm, summary
[INFO] Rendering site with default locale English (en)
[WARNING] Unable to find a URL to the parent project. The parent menu will NOT be added.
[INFO] Relativizing decoration links with respect to localized project URL: https://central.entando.com
[INFO] Rendering content with org.apache.maven.skins:maven-default-skin:jar:1.3 skin.
[INFO] Generating "Dependency Information" report --- maven-project-info-reports-plugin:3.0.0:dependency-info
[INFO] Generating "About" report         --- maven-project-info-reports-plugin:3.0.0:index
[INFO] Generating "Issue Management" report --- maven-project-info-reports-plugin:3.0.0:issue-management
[INFO] Generating "Licenses" report      --- maven-project-info-reports-plugin:3.0.0:licenses
[INFO] Generating "Plugins" report       --- maven-project-info-reports-plugin:3.0.0:plugins
[INFO] Generating "Source Code Management" report --- maven-project-info-reports-plugin:3.0.0:scm
[INFO] Generating "Summary" report       --- maven-project-info-reports-plugin:3.0.0:summary
[INFO] 
[INFO] -------------------< org.entando:entando-k8s-dbjob >--------------------
[INFO] Building Entando K8S Database Job 6.3.0
[INFO] --------------------------------[ jar ]---------------------------------
[INFO] 
[INFO] --- sonar-maven-plugin:3.8.0.2131:sonar (default-cli) @ entando-k8s-dbjob ---
[INFO] User cache: /****/.sonar/cache
[INFO] SonarQube version: 8.5.0
[INFO] Default locale: "en", source code encoding: "UTF-8"
[INFO] Load global settings
[INFO] Load global settings (done) | time=221ms
[INFO] Server id: 1BD809FA-AWHW8ct9-T_TB3XqouNu
[INFO] User cache: /****/.sonar/cache
[INFO] Load/download plugins
[INFO] Load plugins index
[INFO] Load plugins index (done) | time=76ms
[INFO] Load/download plugins (done) | time=22781ms
[INFO] Loaded core extensions: developer-scanner
[INFO] JavaScript/TypeScript frontend is enabled
[INFO] Load project settings for component key: 'entando-k8s_entando-k8s-dbjob'
[INFO] Load project settings for component key: 'entando-k8s_entando-k8s-dbjob' (done) | time=28ms
[INFO] Process project properties
[INFO] E**cute project builders
[INFO] E**cute project builders (done) | time=2ms
[INFO] Project key: entando-k8s_entando-k8s-dbjob
[INFO] Base dir: /workspace/source
[INFO] Working dir: /workspace/source/target/sonar
[INFO] Load project branches
[INFO] Load project branches (done) | time=30ms
[INFO] Check ALM binding of project 'entando-k8s_entando-k8s-dbjob'
[INFO] Detected project binding: NOT_BOUND
[INFO] Check ALM binding of project 'entando-k8s_entando-k8s-dbjob' (done) | time=23ms
[INFO] Load project pull requests
[INFO] Load project pull requests (done) | time=29ms
[INFO] Load branch configuration
[INFO] Load branch configuration (done) | time=2ms
[INFO] Load quality profiles
[INFO] Load quality profiles (done) | time=83ms
[INFO] Load active rules
[INFO] Load active rules (done) | time=1233ms
[INFO] Organization key: entando-k8s
[INFO] Indexing files...
[INFO] Project configuration:
[WARNING] Exception caught during e**cution of command '[/usr/local/git/bin/git, config, --******, --edit]' in '/usr/local/git/bin', return code '128', error message 'fatal: Invalid path '/usr/local/git/etc': No such file or directory
'
[INFO] 12 files inde**d
[INFO] 0 files ignored because of scm ignore settings
[INFO] Quality profile for java: Sonar way
[INFO] Quality profile for xml: Sonar way
[INFO] ------------- Run sensors on module Entando K8S Database Job
[INFO] JavaScript/TypeScript frontend is enabled
[INFO] Load metrics repository
[INFO] Load metrics repository (done) | time=33ms
[INFO] Sensor JavaSquidSensor [java]
[INFO] Configured Java source version (sonar.java.source): 8
[INFO] JavaClasspath initialization
[INFO] JavaClasspath initialization (done) | time=19ms
[INFO] JavaTestClasspath initialization
[INFO] JavaTestClasspath initialization (done) | time=1ms
[INFO] Java Main Files AST scan
[INFO] 4 source files to be analyzed
[INFO] Load project repositories
[INFO] Load project repositories (done) | time=102ms
[INFO] 4/4 source files have been analyzed
[INFO] Java Main Files AST scan (done) | time=3128ms
[INFO] Java Test Files AST scan
[INFO] 7 source files to be analyzed
[INFO] 7/7 source files have been analyzed
[INFO] Java Test Files AST scan (done) | time=1062ms
[INFO] Java Generated Files AST scan
[INFO] 0 source files to be analyzed
[INFO] Java Generated Files AST scan (done) | time=1ms
[INFO] 0/0 source files have been analyzed
[INFO] Sensor JavaSquidSensor [java] (done) | time=4642ms
[INFO] Sensor SonarCSS Rules [cssfamily]
[INFO] No CSS, PHP, HTML or VueJS files are found in the project. CSS analysis is skipped.
[INFO] Sensor SonarCSS Rules [cssfamily] (done) | time=1ms
[INFO] Sensor C# Properties [csharp]
[INFO] Sensor C# Properties [csharp] (done) | time=1ms
[INFO] Sensor Import of Checkstyle issues [java]
[INFO] Importing /workspace/source/target/checkstyle-result.xml
[INFO] Sensor Import of Checkstyle issues [java] (done) | time=93ms
[INFO] Sensor SurefireSensor [java]
[INFO] parsing [/workspace/source/target/surefire-reports]
[INFO] Sensor SurefireSensor [java] (done) | time=49ms
[INFO] Sensor JavaXmlSensor [java]
[INFO] 1 source files to be analyzed
[INFO] Sensor JavaXmlSensor [java] (done) | time=271ms
[INFO] 1/1 source files have been analyzed
[INFO] Sensor HTML [web]
[INFO] Sensor HTML [web] (done) | time=7ms
[INFO] Sensor XML Sensor [xml]
[INFO] 1 source files to be analyzed
[INFO] Sensor XML Sensor [xml] (done) | time=182ms
[INFO] 1/1 source files have been analyzed
[INFO] Sensor VB.NET Properties [vbnet]
[INFO] Sensor VB.NET Properties [vbnet] (done) | time=1ms
[INFO] Sensor JaCoCo XML Report Importer [jacoco]
[INFO] Importing 1 report(s). Turn your logs in debug mode in order to see the exhaustive list.
[INFO] Sensor JaCoCo XML Report Importer [jacoco] (done) | time=28ms
[INFO] Sensor ThymeLeaf template sensor [securityjavafrontend]
[INFO] Sensor ThymeLeaf template sensor [securityjavafrontend] (done) | time=3ms
[INFO] Sensor JavaSecuritySensor [security]
[INFO] Reading type hierarchy from: /workspace/source/target/sonar/ucfg2/java
[INFO] Read 31 type definitions
[INFO] Reading UCFGs from: /workspace/source/target/sonar/ucfg2/java
[INFO] 05:44:48.78535 Building Runtime Type propagation graph
[INFO] 05:44:48.801039 Running Tarjan on 260 nodes
[INFO] 05:44:48.804581 Tarjan found 260 components
[INFO] 05:44:48.809112 Variable type analysis: done
[INFO] 05:44:48.814564 Building Runtime Type propagation graph
[INFO] 05:44:48.820022 Running Tarjan on 260 nodes
[INFO] 05:44:48.821341 Tarjan found 260 components
[INFO] 05:44:48.822868 Variable type analysis: done
[INFO] Analyzing 44 ucfgs to detect vulnerabilities.
[INFO] All rules entrypoints : 0 Retained UCFGs : 0
[INFO] rule: S5131, entrypoints: 0
[INFO] rule: S5131 done
[INFO] rule: S3649, entrypoints: 0
[INFO] rule: S3649 done
[INFO] rule: S2076, entrypoints: 0
[INFO] rule: S2076 done
[INFO] rule: S2091, entrypoints: 0
[INFO] rule: S2091 done
[INFO] rule: S2078, entrypoints: 0
[INFO] rule: S2078 done
[INFO] rule: S2631, entrypoints: 0
[INFO] rule: S2631 done
[INFO] rule: S5135, entrypoints: 0
[INFO] rule: S5135 done
[INFO] rule: S2083, entrypoints: 0
[INFO] rule: S2083 done
[INFO] rule: S5167, entrypoints: 0
[INFO] rule: S5167 done
[INFO] rule: S5144, entrypoints: 0
[INFO] rule: S5144 done
[INFO] rule: S5145, entrypoints: 0
[INFO] rule: S5145 done
[INFO] rule: S5146, entrypoints: 0
[INFO] rule: S5146 done
[INFO] rule: S5334, entrypoints: 0
[INFO] rule: S5334 done
[INFO] Sensor JavaSecuritySensor [security] (done) | time=511ms
[INFO] Sensor CSharpSecuritySensor [security]
[INFO] Reading type hierarchy from: /workspace/source/target/ucfg_cs2
[INFO] Read 0 type definitions
[INFO] Reading UCFGs from: /workspace/source/target/ucfg_cs2
[INFO] No UCFGs have been included for analysis.
[INFO] Sensor CSharpSecuritySensor [security] (done) | time=2ms
[INFO] Sensor PhpSecuritySensor [security]
[INFO] Reading type hierarchy from: /workspace/source/target/sonar/ucfg2/php
[INFO] Read 0 type definitions
[INFO] Reading UCFGs from: /workspace/source/target/sonar/ucfg2/php
[INFO] No UCFGs have been included for analysis.
[INFO] Sensor PhpSecuritySensor [security] (done) | time=1ms
[INFO] Sensor PythonSecuritySensor [security]
[INFO] Reading type hierarchy from: /workspace/source/target/sonar/ucfg2/python
[INFO] Read 0 type definitions
[INFO] Reading UCFGs from: /workspace/source/target/sonar/ucfg2/python
[INFO] No UCFGs have been included for analysis.
[INFO] Sensor PythonSecuritySensor [security] (done) | time=0ms
[INFO] Sensor JsSecuritySensor [security]
[INFO] Reading type hierarchy from: /workspace/source/target/sonar/ucfg2/js
[INFO] Read 0 type definitions
[INFO] Reading UCFGs from: /workspace/source/target/sonar/ucfg2/js
[INFO] No UCFGs have been included for analysis.
[INFO] Sensor JsSecuritySensor [security] (done) | time=1ms
[INFO] ------------- Run sensors on project
[INFO] Sensor Zero Coverage Sensor
[INFO] Sensor Zero Coverage Sensor (done) | time=1ms
[INFO] Sensor Java CPD Block Inde**r
[INFO] Sensor Java CPD Block Inde**r (done) | time=43ms
[INFO] SCM Publisher SCM provider for this project is: git
[INFO] SCM Publisher 12 source files to be analyzed
[WARNING] Shallow clone detected, no blame information will be provided. You can convert to non-shallow with 'git fetch --unshallow'.
[INFO] SCM Publisher 0/12 source files have been analyzed (done) | time=3ms
[WARNING] Missing blame information for the following files:
[WARNING]   * src/test/java/org/entando/k8s/db/job/CreatePostgresqlSchemaTest.java
[WARNING]   * src/main/java/org/entando/k8s/db/job/CreateSchemaCommand.java
[WARNING]   * src/test/java/org/entando/k8s/db/job/TestConfigProperty.java
[WARNING]   * src/test/java/org/entando/k8s/db/job/SmokeIntegratedTest.java
[WARNING]   * src/test/java/org/entando/k8s/db/job/CreateMysqlSchemaTest.java
[WARNING]   * src/test/java/org/entando/k8s/db/job/CreateOracle12SchemaTest.java
[WARNING]   * src/main/java/org/entando/k8s/db/job/DatabaseAdminConfig.java
[WARNING]   * src/test/java/org/entando/k8s/db/job/CreateOracle11SchemaTest.java
[WARNING]   * src/main/java/org/entando/k8s/db/job/DatabaseDialect.java
[WARNING]   * pom.xml
[WARNING]   * src/main/java/org/entando/k8s/db/job/PropertiesBasedDatabaseAdminConfig.java
[WARNING]   * src/test/java/org/entando/k8s/db/job/CreateOracleSchemaTestBase.java
[WARNING] This may lead to missing/broken features in SonarCloud
[INFO] CPD E**cutor Calculating CPD for 4 files
[INFO] CPD E**cutor CPD calculation finished (done) | time=25ms
[INFO] Analysis report generated in 129ms, dir size=265 KB
[INFO] Analysis report compressed in 37ms, zip size=71 KB
[INFO] Analysis report uploaded in 142ms
[INFO] ANALYSIS SUCCESSFUL, you can find the results at: https://sonarcloud.io/dashboard?id=entando-k8s_entando-k8s-dbjob
[INFO] Note that you will be able to access the updated dashboard once the server has processed the submitted analysis report
[INFO] More about the report processing at https://sonarcloud.io/api/ce/task?id=AXdrklrptnEHKibMkaK_
[INFO] Analysis total time: 13.076 s
[INFO] ------------------------------------------------------------------------
[INFO] BUILD SUCCESS
[INFO] ------------------------------------------------------------------------
[INFO] Total time:  02:57 min
[INFO] Finished at: 2021-02-04T05:44:49Z
[INFO] ------------------------------------------------------------------------
Congratulations! No build failures found for entando-k8s-dbjob-master.

Showing logs for build [32mentando-k8s-entando-k8s-dbjob-m-kr4zp-45[0m stage [32mfrom-build-pack[0m and container [32mstep-build-container-build[0m
Generating tags...
 - entando/entando-k8s-dbjob -> docker.io/entando/entando-k8s-dbjob:6.3.0
Checking cache...
 - entando/entando-k8s-dbjob: Not found. Building
Building [entando/entando-k8s-dbjob]...
Sending build context to Docker daemon  526.4kBSending build context to Docker daemon  6.614MBSending build context to Docker daemon  12.59MBSending build context to Docker daemon  15.78MB
Step 1/9 : FROM entando/entando-ubi8-java11-base:6.3.0
 ---> e162f7e2941f
Step 2/9 : ARG VERSION
 ---> Using cache
 ---> 1df7530a0542
Step 3/9 : LABEL name "Entando K8S DB Job" vendor "Entando" version "v${VERSION}" release "6" summary "This container creates database schemas and matching users." description "This is a run-to-completion container. It will create a database schema and a matching user                    using the previously created schema as a default schema for the user in question.                    In the case of MySQL, it creates a database instead of a schema.                    This process is idempotent. The container will only create a schema if it doesn't yet exist."
 ---> Running in 785b6743ebba
 ---> 1350d500e70b
Step 4/9 : ENV JAVA_OPTIONS "-Djava.util.logging.manager=org.jboss.logmanager.LogManager"
 ---> Running in f2cc4f328307
 ---> 3b1a50847c3e
Step 5/9 : ENV AB_ENABLED jmx_exporter
 ---> Running in a7b9b7ae4f1b
 ---> c0c99f478505
Step 6/9 : COPY target/generated-resources/licenses /licenses
 ---> 8e3ed1217c48
Step 7/9 : COPY target/lib/* /deployments/lib/
 ---> 70b0e1cd8d1c
Step 8/9 : COPY target/*-runner.jar /deployments/app.jar
 ---> 61e6dbb9e2de
Step 9/9 : ENTRYPOINT /deployments/run-java.sh
 ---> Running in 568c787348f8
 ---> ec4ce0c5e85e
Successfully built ec4ce0c5e85e
The push refers to a repository [docker.io/entando/entando-k8s-dbjob]
7490126a8b7a: Preparing
e0b203a5be54: Preparing
36e39cc84698: Preparing
088e643aafac: Preparing
00af10937683: Preparing
3aa55ff7bca1: Preparing
00af10937683: Layer already exists
088e643aafac: Layer already exists
3aa55ff7bca1: Layer already exists
7490126a8b7a: Pushed
36e39cc84698: Pushed
e0b203a5be54: Pushed
6.3.0: digest: sha256:25d0917e57426d19536bbd4c1233b7e10af2b25b432e95596278f57bb36a9016 size: 1581
There is a new version (1.19.0) of Skaffold available. Download it at https://storage.googleapis.com/skaffold/releases/latest/skaffold-linux-amd64


Showing logs for build [32mentando-k8s-entando-k8s-dbjob-m-kr4zp-45[0m stage [32mfrom-build-pack[0m and container [32mstep-postbuild-post-build[0m
no CVE provider running in the current ** namespace so skip adding image to be analysed

Showing logs for build [32mentando-k8s-entando-k8s-dbjob-m-kr4zp-45[0m stage [32mfrom-build-pack[0m and container [32mstep-promote-update-image-map[0m
Publishing image info for entando-k8s-dbjob
configmap/entando-docker-image-info-v6.1 patched
