
Showing logs for build [32mentando-k8s-entando-k8s-composi-sxf5h-15[0m stage [32mfrom-build-pack[0m and container [32mstep-credential-initializer-fdkm9[0m
{"level":"warn","ts":1612359020.3519921,"logger":"fallback-logger","caller":"logging/config.go:69","msg":"Fetch GitHub commit ID from kodata failed: \"ref: refs/heads/0.8.0-**-support-backwards-incompats\" is not a valid GitHub commit ID"}
{"level":"info","ts":1612359020.3602,"logger":"fallback-logger","caller":"creds-init/main.go:40","msg":"Credentials initialized."}

Showing logs for build [32mentando-k8s-entando-k8s-composi-sxf5h-15[0m stage [32mfrom-build-pack[0m and container [32mstep-working-dir-initializer-tx7zc[0m
{"level":"warn","ts":1612359021.5922422,"logger":"fallback-logger","caller":"logging/config.go:69","msg":"Fetch GitHub commit ID from kodata failed: open /var/run/ko/HEAD: no such file or directory"}
{"level":"info","ts":1612359021.604407,"logger":"fallback-logger","caller":"bash/main.go:64","msg":"Successfully e**cuted command \"sh -c mkdir -p /workspace/source\"; output "}

Showing logs for build [32mentando-k8s-entando-k8s-composi-sxf5h-15[0m stage [32mfrom-build-pack[0m and container [32mstep-place-tools[0m

Showing logs for build [32mentando-k8s-entando-k8s-composi-sxf5h-15[0m stage [32mfrom-build-pack[0m and container [32mstep-git-source-entando-k8s-entando-k8s-composi-xpcpd[0m
{"level":"warn","ts":1612359049.9033778,"logger":"fallback-logger","caller":"logging/config.go:69","msg":"Fetch GitHub commit ID from kodata failed: \"ref: refs/heads/0.8.0-**-support-backwards-incompats\" is not a valid GitHub commit ID"}
{"level":"info","ts":1612359051.168174,"logger":"fallback-logger","caller":"git/git.go:103","msg":"Successfully cloned https://github.com/entando-k8s/entando-k8s-composite-app-controller.git @ master in path /workspace/source"}

Showing logs for build [32mentando-k8s-entando-k8s-composi-sxf5h-15[0m stage [32mfrom-build-pack[0m and container [32mstep-git-merge[0m
Using SHAs from PULL_REFS=master:35b11e41f57f7729657891bd5c419861f2b80773,15:165f1c47cf3345e83d2f533cfd670bcadfdcdde5
DEBUG: ran git fetch --unshallow origin 165f1c47cf3345e83d2f533cfd670bcadfdcdde5: 35b11e41f57f7729657891bd5c419861f2b80773: in 
DEBUG: ran git checkout master in 
DEBUG: ran git reset --hard 35b11e41f57f7729657891bd5c419861f2b80773 in 
DEBUG: ran clean --force -d . in 
DEBUG: ran git merge 165f1c47cf3345e83d2f533cfd670bcadfdcdde5 in 
Merged SHA 165f1c47cf3345e83d2f533cfd670bcadfdcdde5 with commit message 'ENG-1742 using latest base image' into base branch master
Merged SHA fb82f511ca6e879185fd2c46fef84ef7e31076b3 with commit message 'ENG-1742 bumped custom-model' into base branch master
Merged SHA 8e10c34a2cb2eeed7c69b3138fad5ef441000f60 with commit message 'ENG-1742 refined tests' into base branch master
Merged SHA 580b42495f2526ac50d8cd82042b9431c07bf976 with commit message 'ENG-1742 fi**d threading in unit tests' into base branch master
Merged SHA a306bfc125947284fd5876cbd585ca77ccbb9fa5 with commit message 'ENG-1742 bumped to latest operator common for improved event reporting' into base branch master
Merged SHA f1f50c0b55e3d058c844bb48c023880d7ef73df3 with commit message 'ENG-1742 buped to latest custom-model for bugfi**s' into base branch master
Merged SHA c3b1cbe7fbc2a760ce37a6e7cbe69722fe907133 with commit message 'ENG-1742 support for overrides from the CompositeApp' into base branch master
Merged SHA 1650a8a20a9f8247abce9f40fb0ecc7a37107380 with commit message 'ENG-1742 removed composite-app-controller from RELATED_IMAGES' into base branch master
Merged SHA f5a8f565cc85a217a16b0059beb12abb7945f2f3 with commit message 'ENG-1742 bumped to latest operator-common version' into base branch master
Merged SHA fa5a2dfd63ab780650b75b6b230bf5f8ffea7b19 with commit message 'ENG-1742 upgraded to new baseimage' into base branch master
Merged SHA facdb1de9ba5871d7d93aef76dcac3df7a5e0764 with commit message 'ENG-1742 another attempt to fix redhat-registry pullsecret' into base branch master
Merged SHA 9df4a09783939031840aa0f4817c74c87ffbed6b with commit message 'ENG-1742 added redhat-registry pullsecret' into base branch master
Merged SHA 37279fe3822426df0d3e7cb22bfebdda57f0c781 with commit message 'ENG-1742 adding aggregated license to Docker image' into base branch master
Merged SHA 6daabecf56f88f24105f3dffac12642623bef77a with commit message 'ENG-1742 migrated to openshift 4.6 compatiable CRDs' into base branch master

Showing logs for build [32mentando-k8s-entando-k8s-composi-sxf5h-15[0m stage [32mfrom-build-pack[0m and container [32mstep-build-set-version[0m
Picked up _JAVA_OPTIONS: -XX:+UnlockExperimentalVMOptions -Dsun.zip.disableMemoryMapping=**** -XX:+UseParallelGC -XX:MinHeapFreeRatio=5 -XX:MaxHeapFreeRatio=10 -XX:GCTimeRatio=4 -XX:AdaptiveSizePolicyWeight=90 -Xms1000m -Xmx12000m
[INFO] Scanning for projects...
[INFO] 
[INFO] ----------< org.entando:entando-k8s-composite-app-controller >----------
[INFO] Building Entando K8S Composite App Controller 6.3.0-SNAPSHOT
[INFO] --------------------------------[ jar ]---------------------------------
[INFO] 
[INFO] --- versions-maven-plugin:2.8.1:set (default-cli) @ entando-k8s-composite-app-controller ---
[INFO] Local aggregation ****: /workspace/source
[INFO] Processing change of org.entando:entando-k8s-composite-app-controller:6.3.0-SNAPSHOT -> 0.0.0-SNAPSHOT-PR-15-15
[INFO] Processing org.entando:entando-k8s-composite-app-controller
[INFO]     Updating project org.entando:entando-k8s-composite-app-controller
[INFO]         from version 6.3.0-SNAPSHOT to 0.0.0-SNAPSHOT-PR-15-15
[INFO] 
[INFO] ------------------------------------------------------------------------
[INFO] BUILD SUCCESS
[INFO] ------------------------------------------------------------------------
[INFO] Total time:  20.008 s
[INFO] Finished at: 2021-02-03T13:31:16Z
[INFO] ------------------------------------------------------------------------

Showing logs for build [32mentando-k8s-entando-k8s-composi-sxf5h-15[0m stage [32mfrom-build-pack[0m and container [32mstep-build-fix-git-for-sonar[0m
M	pom.xml
Switched to a new branch 'PR-15'
Deleted branch master (was 165f1c4).
From https://github.com/entando-k8s/entando-k8s-composite-app-controller
 * [new branch]      master     -> master

Showing logs for build [32mentando-k8s-entando-k8s-composi-sxf5h-15[0m stage [32mfrom-build-pack[0m and container [32mstep-build-mvn-verify-pr[0m
Picked up _JAVA_OPTIONS: -XX:+UnlockExperimentalVMOptions -Dsun.zip.disableMemoryMapping=**** -XX:+UseParallelGC -XX:MinHeapFreeRatio=5 -XX:MaxHeapFreeRatio=10 -XX:GCTimeRatio=4 -XX:AdaptiveSizePolicyWeight=90 -Xms1000m -Xmx12000m
[INFO] Scanning for projects...
[INFO] 
[INFO] ----------< org.entando:entando-k8s-composite-app-controller >----------
[INFO] Building Entando K8S Composite App Controller 0.0.0-SNAPSHOT-PR-15-15
[INFO] --------------------------------[ jar ]---------------------------------
[INFO] 
[INFO] --- maven-checkstyle-plugin:3.1.1:check (validate) @ entando-k8s-composite-app-controller ---
[INFO] Starting audit...
Audit done.
[INFO] You have 0 Checkstyle violations.
[INFO] 
[INFO] --- maven-checkstyle-plugin:3.1.1:checkstyle (validate) @ entando-k8s-composite-app-controller ---
[INFO] Starting audit...
Audit done.
[INFO] 
[INFO] --- jacoco-maven-plugin:0.8.5:prepare-agent (prepare-agent) @ entando-k8s-composite-app-controller ---
[INFO] argLine set to -javaagent:/home/jenkins/.mvnrepository/org/jacoco/org.jacoco.agent/0.8.5/org.jacoco.agent-0.8.5-runtime.jar=destfile=/workspace/source/target/jacoco.e**c
[INFO] 
[INFO] --- maven-resources-plugin:2.6:resources (default-resources) @ entando-k8s-composite-app-controller ---
[INFO] Using 'UTF-8' encoding to copy filtered resources.
[INFO] Copying 3 resources
[INFO] 
[INFO] --- maven-compiler-plugin:3.8.1:compile (default-compile) @ entando-k8s-composite-app-controller ---
[INFO] Changes detected - recompiling the module!
[INFO] Compiling 1 source file to /workspace/source/target/classes
[INFO] 
[INFO] --- maven-resources-plugin:2.6:testResources (default-testResources) @ entando-k8s-composite-app-controller ---
[INFO] Using 'UTF-8' encoding to copy filtered resources.
[INFO] Copying 6 resources
[INFO] 
[INFO] --- maven-compiler-plugin:3.8.1:testCompile (default-testCompile) @ entando-k8s-composite-app-controller ---
[INFO] Changes detected - recompiling the module!
[INFO] Compiling 5 source files to /workspace/source/target/test-classes
[INFO] 
[INFO] --- maven-surefire-plugin:3.0.0-M1:test (default-test) @ entando-k8s-composite-app-controller ---
[INFO] 
[INFO] -------------------------------------------------------
[INFO]  T E S T S
[INFO] -------------------------------------------------------
[INFO] Running org.entando.kubernetes.compositeapp.controller.inprocesstests.CompositeAppControllerMockedTest
Feb 03, 2021 1:31:52 PM okhttp3.mockwebserver.MockWebServer$2 e**cute
INFO: MockWebServer[37362] starting to accept connections
Feb 03, 2021 1:31:52 PM okhttp3.mockwebserver.MockWebServer$3 processOneRequest
INFO: MockWebServer[37362] received request: GET /api/v1/namespaces/entando HTTP/1.1 and responded: HTTP/1.1 404 Client Error
Feb 03, 2021 1:31:53 PM okhttp3.mockwebserver.MockWebServer$3 processOneRequest
INFO: MockWebServer[37362] received request: POST /api/v1/namespaces HTTP/1.1 and responded: HTTP/1.1 202 OK
Feb 03, 2021 1:31:53 PM okhttp3.mockwebserver.MockWebServer$3 processOneRequest
INFO: MockWebServer[37362] received request: GET /api/v1/namespaces/entando/configmaps/entando-docker-image-info-v6.3 HTTP/1.1 and responded: HTTP/1.1 404 Client Error
Feb 03, 2021 1:31:53 PM okhttp3.mockwebserver.MockWebServer$3 processOneRequest
INFO: MockWebServer[37362] received request: GET /api/v1/namespaces/entando/configmaps/entando-docker-image-info-v6.3 HTTP/1.1 and responded: HTTP/1.1 404 Client Error
Feb 03, 2021 1:31:53 PM okhttp3.mockwebserver.MockWebServer$3 processOneRequest
INFO: MockWebServer[37362] received request: POST /api/v1/namespaces/entando/configmaps HTTP/1.1 and responded: HTTP/1.1 202 OK
Feb 03, 2021 1:31:53 PM okhttp3.mockwebserver.MockWebServer$3 processOneRequest
INFO: MockWebServer[37362] received request: GET /api/v1/namespaces/entando/configmaps/entando-docker-image-info-v6.3 HTTP/1.1 and responded: HTTP/1.1 200 OK
Feb 03, 2021 1:31:53 PM okhttp3.mockwebserver.MockWebServer$3 processOneRequest
INFO: MockWebServer[37362] received request: GET /api/v1/namespaces/entando/configmaps/entando-docker-image-info-v6.3 HTTP/1.1 and responded: HTTP/1.1 200 OK
Feb 03, 2021 1:31:53 PM okhttp3.mockwebserver.MockWebServer$3 processOneRequest
INFO: MockWebServer[37362] received request: GET /api/v1/namespaces/entando/configmaps/entando-docker-image-info-v6.3 HTTP/1.1 and responded: HTTP/1.1 200 OK
Feb 03, 2021 1:31:53 PM okhttp3.mockwebserver.MockWebServer$3 processOneRequest
INFO: MockWebServer[37362] received request: PATCH /api/v1/namespaces/entando/configmaps/entando-docker-image-info-v6.3 HTTP/1.1 and responded: HTTP/1.1 202 OK
Feb 03, 2021 1:31:53 PM okhttp3.mockwebserver.MockWebServer$3 processOneRequest
INFO: MockWebServer[37362] received request: GET /apis/apiextensions.k8s.io/v1beta1/customresourcedefinitions/entandoplugins.entando.org HTTP/1.1 and responded: HTTP/1.1 404 Client Error
Feb 03, 2021 1:31:54 PM okhttp3.mockwebserver.MockWebServer$3 processOneRequest
INFO: MockWebServer[37362] received request: POST /apis/apiextensions.k8s.io/v1beta1/customresourcedefinitions HTTP/1.1 and responded: HTTP/1.1 202 OK
Feb 03, 2021 1:31:54 PM okhttp3.mockwebserver.MockWebServer$3 processOneRequest
INFO: MockWebServer[37362] received request: GET /api/v1/namespaces/entando-k8s-composite-app-controller-carcpr15 HTTP/1.1 and responded: HTTP/1.1 404 Client Error
Feb 03, 2021 1:31:54 PM okhttp3.mockwebserver.MockWebServer$3 processOneRequest
INFO: MockWebServer[37362] received request: GET /apis/entando.org/v1/namespaces/default/entandoplugins HTTP/1.1 and responded: HTTP/1.1 200 OK
Feb 03, 2021 1:31:54 PM okhttp3.mockwebserver.MockWebServer$3 processOneRequest
INFO: MockWebServer[37362] received request: GET /api/v1/namespaces/entando-k8s-composite-app-controller-carcpr15 HTTP/1.1 and responded: HTTP/1.1 404 Client Error
Feb 03, 2021 1:31:54 PM okhttp3.mockwebserver.MockWebServer$3 processOneRequest
INFO: MockWebServer[37362] received request: GET /apis/entando.org/v1/namespaces/default/entandoplugins HTTP/1.1 and responded: HTTP/1.1 200 OK
Feb 03, 2021 1:31:54 PM okhttp3.mockwebserver.MockWebServer$3 processOneRequest
INFO: MockWebServer[37362] received request: GET /apis/entando.org/v1/namespaces/entando-k8s-composite-app-controller-carcpr15/entandoplugins/test-plugin-carcpr15 HTTP/1.1 and responded: HTTP/1.1 404 Client Error
Feb 03, 2021 1:31:54 PM okhttp3.mockwebserver.MockWebServer$3 processOneRequest
INFO: MockWebServer[37362] received request: POST /apis/entando.org/v1/namespaces/entando-k8s-composite-app-controller-carcpr15/entandoplugins HTTP/1.1 and responded: HTTP/1.1 202 OK
Feb 03, 2021 1:31:55 PM okhttp3.mockwebserver.MockWebServer$3 processOneRequest
INFO: MockWebServer[37362] received request: GET /apis/apiextensions.k8s.io/v1beta1/customresourcedefinitions/entandocompositeapps.entando.org HTTP/1.1 and responded: HTTP/1.1 404 Client Error
Feb 03, 2021 1:31:55 PM okhttp3.mockwebserver.MockWebServer$3 processOneRequest
INFO: MockWebServer[37362] received request: POST /apis/apiextensions.k8s.io/v1beta1/customresourcedefinitions HTTP/1.1 and responded: HTTP/1.1 202 OK
Feb 03, 2021 1:31:55 PM okhttp3.mockwebserver.MockWebServer$3 processOneRequest
INFO: MockWebServer[37362] received request: GET /api/v1/namespaces/entando-k8s-composite-app-controller-carcpr15 HTTP/1.1 and responded: HTTP/1.1 404 Client Error
Feb 03, 2021 1:31:55 PM okhttp3.mockwebserver.MockWebServer$3 processOneRequest
INFO: MockWebServer[37362] received request: GET /apis/entando.org/v1/namespaces/default/entandocompositeapps HTTP/1.1 and responded: HTTP/1.1 200 OK
Feb 03, 2021 1:31:55 PM okhttp3.mockwebserver.MockWebServer$3 processOneRequest
INFO: MockWebServer[37362] received request: GET /api/v1/namespaces/entando-k8s-composite-app-controller-carcpr15 HTTP/1.1 and responded: HTTP/1.1 404 Client Error
Feb 03, 2021 1:31:55 PM okhttp3.mockwebserver.MockWebServer$3 processOneRequest
INFO: MockWebServer[37362] received request: GET /apis/entando.org/v1/namespaces/default/entandocompositeapps HTTP/1.1 and responded: HTTP/1.1 200 OK
Feb 03, 2021 1:31:55 PM okhttp3.mockwebserver.MockWebServer$3 processOneRequest
INFO: MockWebServer[37362] received request: POST /apis/entando.org/v1/namespaces/entando-k8s-composite-app-controller-carcpr15/entandocompositeapps HTTP/1.1 and responded: HTTP/1.1 202 OK
Feb 03, 2021 1:31:56 PM okhttp3.mockwebserver.MockWebServer$3 processOneRequest
INFO: MockWebServer[37362] received request: GET /api/v1/namespaces/entando-k8s-composite-app-controller-carcpr15 HTTP/1.1 and responded: HTTP/1.1 404 Client Error
Feb 03, 2021 1:31:56 PM okhttp3.mockwebserver.MockWebServer$3 processOneRequest
INFO: MockWebServer[37362] received request: GET /apis/entando.org/v1/namespaces/default/entandocompositeapps HTTP/1.1 and responded: HTTP/1.1 200 OK
Feb 03, 2021 1:31:56 PM okhttp3.mockwebserver.MockWebServer$3 processOneRequest
INFO: MockWebServer[37362] received request: GET /api/v1/namespaces/entando-k8s-composite-app-controller-carcpr15 HTTP/1.1 and responded: HTTP/1.1 404 Client Error
Feb 03, 2021 1:31:56 PM okhttp3.mockwebserver.MockWebServer$3 processOneRequest
INFO: MockWebServer[37362] received request: GET /apis/entando.org/v1/namespaces/default/entandocompositeapps HTTP/1.1 and responded: HTTP/1.1 200 OK
Feb 03, 2021 1:31:56 PM okhttp3.mockwebserver.MockWebServer$3 processOneRequest
INFO: MockWebServer[37362] received request: GET /apis/entando.org/v1/namespaces/entando-k8s-composite-app-controller-carcpr15/entandocompositeapps/my-app-carcpr15 HTTP/1.1 and responded: HTTP/1.1 200 OK
Feb 03, 2021 1:31:56 PM okhttp3.mockwebserver.MockWebServer$3 processOneRequest
INFO: MockWebServer[37362] received request: POST /api/v1/namespaces/entando-k8s-composite-app-controller-carcpr15/events HTTP/1.1 and responded: HTTP/1.1 202 OK
Feb 03, 2021 1:31:56 PM okhttp3.mockwebserver.MockWebServer$3 processOneRequest
INFO: MockWebServer[37362] received request: GET /apis/entando.org/v1/namespaces/entando-k8s-composite-app-controller-carcpr15/entandocompositeapps/my-app-carcpr15 HTTP/1.1 and responded: HTTP/1.1 200 OK
Feb 03, 2021 1:31:56 PM okhttp3.mockwebserver.MockWebServer$3 processOneRequest
INFO: MockWebServer[37362] received request: PUT /apis/entando.org/v1/namespaces/entando-k8s-composite-app-controller-carcpr15/entandocompositeapps/my-app-carcpr15/status HTTP/1.1 and responded: HTTP/1.1 202 OK
Feb 03, 2021 1:31:56 PM okhttp3.mockwebserver.MockWebServer$3 processOneRequest
INFO: MockWebServer[37362] received request: GET /api/v1/namespaces/entando/configmaps/entando-docker-image-info-v6.3 HTTP/1.1 and responded: HTTP/1.1 200 OK
Feb 03, 2021 1:31:56 PM okhttp3.mockwebserver.MockWebServer$3 processOneRequest
INFO: MockWebServer[37362] received request: GET /apis/apiextensions.k8s.io/v1beta1/customresourcedefinitions/entandokeycloakservers.entando.org HTTP/1.1 and responded: HTTP/1.1 404 Client Error
Feb 03, 2021 1:31:56 PM okhttp3.mockwebserver.MockWebServer$3 processOneRequest
INFO: MockWebServer[37362] received request: POST /apis/apiextensions.k8s.io/v1beta1/customresourcedefinitions HTTP/1.1 and responded: HTTP/1.1 202 OK
Feb 03, 2021 1:31:57 PM okhttp3.mockwebserver.MockWebServer$3 processOneRequest
INFO: MockWebServer[37362] received request: GET /api/v1/namespaces/entando-k8s-composite-app-controller-carcpr15 HTTP/1.1 and responded: HTTP/1.1 404 Client Error
Feb 03, 2021 1:31:57 PM okhttp3.mockwebserver.MockWebServer$3 processOneRequest
INFO: MockWebServer[37362] received request: GET /apis/entando.org/v1/namespaces/default/entandokeycloakservers HTTP/1.1 and responded: HTTP/1.1 200 OK
Feb 03, 2021 1:31:57 PM okhttp3.mockwebserver.MockWebServer$3 processOneRequest
INFO: MockWebServer[37362] received request: GET /api/v1/namespaces/entando-k8s-composite-app-controller-carcpr15 HTTP/1.1 and responded: HTTP/1.1 404 Client Error
Feb 03, 2021 1:31:57 PM okhttp3.mockwebserver.MockWebServer$3 processOneRequest
INFO: MockWebServer[37362] received request: GET /apis/entando.org/v1/namespaces/default/entandokeycloakservers HTTP/1.1 and responded: HTTP/1.1 200 OK
Feb 03, 2021 1:31:57 PM okhttp3.mockwebserver.MockWebServer$3 processOneRequest
INFO: MockWebServer[37362] received request: GET /apis/entando.org/v1/namespaces/entando-k8s-composite-app-controller-carcpr15/entandokeycloakservers/test-keycloak-carcpr15 HTTP/1.1 and responded: HTTP/1.1 404 Client Error
Feb 03, 2021 1:31:57 PM okhttp3.mockwebserver.MockWebServer$3 processOneRequest
INFO: MockWebServer[37362] received request: POST /apis/entando.org/v1/namespaces/entando-k8s-composite-app-controller-carcpr15/entandokeycloakservers HTTP/1.1 and responded: HTTP/1.1 202 OK
Feb 03, 2021 1:31:57 PM okhttp3.mockwebserver.MockWebServer$3 processOneRequest
INFO: MockWebServer[37362] received request: GET /api/v1/namespaces/entando-k8s-composite-app-controller-carcpr15/pods?labelSelector=EntandoResourceNamespace%3Dentando-k8s-composite-app-controller-carcpr15%2CEntandoResourceKind%3DEntandoKeycloakServer%2CEntandoKeycloakServer%3Dtest-keycloak-carcpr15 HTTP/1.1 and responded: HTTP/1.1 200 OK
Feb 03, 2021 1:31:58 PM okhttp3.mockwebserver.MockWebServer$3 processOneRequest
INFO: MockWebServer[37362] received request: GET /api/v1/namespaces/entando-k8s-composite-app-controller-carcpr15/pods?labelSelector=EntandoResourceNamespace%3Dentando-k8s-composite-app-controller-carcpr15%2CEntandoResourceKind%3DEntandoKeycloakServer%2CEntandoKeycloakServer%3Dtest-keycloak-carcpr15&watch=**** HTTP/1.1 and responded: HTTP/1.1 200 OK
Feb 03, 2021 1:31:58 PM okhttp3.mockwebserver.MockWebServer$3 processOneRequest
INFO: MockWebServer[37362] received request: GET /api/v1/namespaces/entando-k8s-composite-app-controller-carcpr15/pods?labelSelector=EntandoResourceNamespace%3Dentando-k8s-composite-app-controller-carcpr15%2CEntandoResourceKind%3DEntandoKeycloakServer%2CEntandoKeycloakServer%3Dtest-keycloak-carcpr15&watch=**** HTTP/1.1 and responded: HTTP/1.1 200 OK
Feb 03, 2021 1:31:58 PM okhttp3.mockwebserver.MockWebServer$3 processOneRequest
INFO: MockWebServer[37362] received request: GET /api/v1/namespaces/entando-k8s-composite-app-controller-carcpr15/pods?labelSelector=EntandoResourceNamespace%3Dentando-k8s-composite-app-controller-carcpr15%2CEntandoResourceKind%3DEntandoKeycloakServer%2CEntandoKeycloakServer%3Dtest-keycloak-carcpr15 HTTP/1.1 and responded: HTTP/1.1 200 OK
Feb 03, 2021 1:31:58 PM io.fabric8.kubernetes.client.dsl.internal.WatchHTTPManager$1 onResponse
INFO: Watch terminated unexpectedly. reason: \n not found: limit=46 content=7b2261706956657273696f6e223a227631222c226b696e64223a224c69737422â€¦
Feb 03, 2021 1:31:58 PM okhttp3.mockwebserver.MockWebServer$3 processOneRequest
INFO: MockWebServer[37362] received request: GET /api/v1/namespaces/entando-k8s-composite-app-controller-carcpr15/pods?labelSelector=EntandoResourceNamespace%3Dentando-k8s-composite-app-controller-carcpr15%2CEntandoResourceKind%3DEntandoKeycloakServer%2CEntandoKeycloakServer%3Dtest-keycloak-carcpr15 HTTP/1.1 and responded: HTTP/1.1 200 OK
Feb 03, 2021 1:31:59 PM okhttp3.mockwebserver.MockWebServer$3 processOneRequest
INFO: MockWebServer[37362] received request: GET /api/v1/namespaces/entando-k8s-composite-app-controller-carcpr15/pods?labelSelector=EntandoResourceNamespace%3Dentando-k8s-composite-app-controller-carcpr15%2CEntandoResourceKind%3DEntandoKeycloakServer%2CEntandoKeycloakServer%3Dtest-keycloak-carcpr15&watch=**** HTTP/1.1 and responded: HTTP/1.1 200 OK
Feb 03, 2021 1:31:59 PM io.fabric8.kubernetes.client.dsl.internal.WatchHTTPManager$1 onResponse
INFO: Watch terminated unexpectedly. reason: \n not found: limit=46 content=7b2261706956657273696f6e223a227631222c226b696e64223a224c69737422â€¦
Feb 03, 2021 1:31:59 PM io.fabric8.kubernetes.client.dsl.internal.WatchHTTPManager scheduleReconnect
WARN: Ignoring error for already closed/closing connection
Feb 03, 2021 1:31:59 PM okhttp3.mockwebserver.MockWebServer$3 processOneRequest
INFO: MockWebServer[37362] received request: GET /api/v1/namespaces/entando-k8s-composite-app-controller-carcpr15/secrets/test-keycloak-carcpr15-controller-ca-cert-secret HTTP/1.1 and responded: HTTP/1.1 404 Client Error
Feb 03, 2021 1:31:59 PM okhttp3.mockwebserver.MockWebServer$3 processOneRequest
INFO: MockWebServer[37362] received request: POST /api/v1/namespaces/entando-k8s-composite-app-controller-carcpr15/secrets HTTP/1.1 and responded: HTTP/1.1 202 OK
Feb 03, 2021 1:31:59 PM okhttp3.mockwebserver.MockWebServer$3 processOneRequest
INFO: MockWebServer[37362] received request: POST /api/v1/namespaces/entando-k8s-composite-app-controller-carcpr15/pods HTTP/1.1 and responded: HTTP/1.1 202 OK
Feb 03, 2021 1:31:59 PM okhttp3.mockwebserver.MockWebServer$3 processOneRequest
INFO: MockWebServer[37362] received request: GET /api/v1/namespaces/entando-k8s-composite-app-controller-carcpr15/pods?fieldSelector=metadata.name%3Dtest-keycloak-carcpr15-deployer-2305&watch=**** HTTP/1.1 and responded: HTTP/1.1 200 OK
Feb 03, 2021 1:31:59 PM okhttp3.mockwebserver.MockWebServer$3 processOneRequest
INFO: MockWebServer[37362] received request: GET /api/v1/namespaces/entando-k8s-composite-app-controller-carcpr15/pods?labelSelector=EntandoKeycloakServer%3Dtest-keycloak-carcpr15 HTTP/1.1 and responded: HTTP/1.1 200 OK
Feb 03, 2021 1:31:59 PM okhttp3.mockwebserver.MockWebServer$3 processOneRequest
INFO: MockWebServer[37362] received request: GET /api/v1/namespaces/entando-k8s-composite-app-controller-carcpr15/pods?fieldSelector=metadata.name%3Dtest-keycloak-carcpr15-deployer-2305&watch=**** HTTP/1.1 and responded: HTTP/1.1 200 OK
Feb 03, 2021 1:31:59 PM okhttp3.mockwebserver.MockWebServer$3 processOneRequest
INFO: MockWebServer[37362] received request: POST /api/v1/namespaces/entando-k8s-composite-app-controller-carcpr15/events HTTP/1.1 and responded: HTTP/1.1 202 OK
Feb 03, 2021 1:31:59 PM io.fabric8.kubernetes.client.dsl.internal.WatchHTTPManager$1 onResponse
INFO: Watch terminated unexpectedly. reason: \n not found: limit=2640 content=7b2261706956657273696f6e223a227631222c226b696e64223a224c69737422â€¦
Feb 03, 2021 1:31:59 PM io.fabric8.kubernetes.client.dsl.internal.WatchHTTPManager scheduleReconnect
WARN: Ignoring error for already closed/closing connection
Feb 03, 2021 1:31:59 PM okhttp3.mockwebserver.MockWebServer$3 processOneRequest
INFO: MockWebServer[37362] received request: GET /apis/entando.org/v1/namespaces/entando-k8s-composite-app-controller-carcpr15/entandocompositeapps/my-app-carcpr15 HTTP/1.1 and responded: HTTP/1.1 200 OK
Feb 03, 2021 1:31:59 PM okhttp3.mockwebserver.MockWebServer$3 processOneRequest
INFO: MockWebServer[37362] received request: PUT /apis/entando.org/v1/namespaces/entando-k8s-composite-app-controller-carcpr15/entandocompositeapps/my-app-carcpr15/status HTTP/1.1 and responded: HTTP/1.1 202 OK
Feb 03, 2021 1:32:00 PM okhttp3.mockwebserver.MockWebServer$3 processOneRequest
INFO: MockWebServer[37362] received request: GET /apis/entando.org/v1/namespaces/entando-k8s-composite-app-controller-carcpr15/entandoplugins/test-plugin-carcpr15 HTTP/1.1 and responded: HTTP/1.1 200 OK
Feb 03, 2021 1:32:00 PM okhttp3.mockwebserver.MockWebServer$3 processOneRequest
INFO: MockWebServer[37362] received request: GET /apis/entando.org/v1/namespaces/entando-k8s-composite-app-controller-carcpr15/entandoplugins/test-plugin-carcpr15 HTTP/1.1 and responded: HTTP/1.1 200 OK
Feb 03, 2021 1:32:00 PM okhttp3.mockwebserver.MockWebServer$3 processOneRequest
INFO: MockWebServer[37362] received request: GET /apis/entando.org/v1/namespaces/entando-k8s-composite-app-controller-carcpr15/entandoplugins/test-plugin-carcpr15 HTTP/1.1 and responded: HTTP/1.1 200 OK
Feb 03, 2021 1:32:00 PM okhttp3.mockwebserver.MockWebServer$3 processOneRequest
INFO: MockWebServer[37362] received request: PATCH /apis/entando.org/v1/namespaces/entando-k8s-composite-app-controller-carcpr15/entandoplugins/test-plugin-carcpr15 HTTP/1.1 and responded: HTTP/1.1 202 OK
Feb 03, 2021 1:32:00 PM okhttp3.mockwebserver.MockWebServer$3 processOneRequest
INFO: MockWebServer[37362] received request: GET /api/v1/namespaces/entando-k8s-composite-app-controller-carcpr15/pods?labelSelector=EntandoPlugin%3Dtest-plugin-carcpr15%2CEntandoResourceNamespace%3Dentando-k8s-composite-app-controller-carcpr15%2CEntandoResourceKind%3DEntandoPlugin HTTP/1.1 and responded: HTTP/1.1 200 OK
Feb 03, 2021 1:32:00 PM okhttp3.mockwebserver.MockWebServer$3 processOneRequest
INFO: MockWebServer[37362] received request: GET /api/v1/namespaces/entando-k8s-composite-app-controller-carcpr15/pods?labelSelector=EntandoPlugin%3Dtest-plugin-carcpr15%2CEntandoResourceNamespace%3Dentando-k8s-composite-app-controller-carcpr15%2CEntandoResourceKind%3DEntandoPlugin&watch=**** HTTP/1.1 and responded: HTTP/1.1 200 OK
Feb 03, 2021 1:32:00 PM okhttp3.mockwebserver.MockWebServer$3 processOneRequest
INFO: MockWebServer[37362] received request: GET /api/v1/namespaces/entando-k8s-composite-app-controller-carcpr15/pods?labelSelector=EntandoPlugin%3Dtest-plugin-carcpr15%2CEntandoResourceNamespace%3Dentando-k8s-composite-app-controller-carcpr15%2CEntandoResourceKind%3DEntandoPlugin&watch=**** HTTP/1.1 and responded: HTTP/1.1 200 OK
Feb 03, 2021 1:32:00 PM okhttp3.mockwebserver.MockWebServer$3 processOneRequest
INFO: MockWebServer[37362] received request: GET /api/v1/namespaces/entando-k8s-composite-app-controller-carcpr15/pods?labelSelector=EntandoPlugin%3Dtest-plugin-carcpr15%2CEntandoResourceNamespace%3Dentando-k8s-composite-app-controller-carcpr15%2CEntandoResourceKind%3DEntandoPlugin HTTP/1.1 and responded: HTTP/1.1 200 OK
Feb 03, 2021 1:32:00 PM io.fabric8.kubernetes.client.dsl.internal.WatchHTTPManager$1 onResponse
INFO: Watch terminated unexpectedly. reason: \n not found: limit=46 content=7b2261706956657273696f6e223a227631222c226b696e64223a224c69737422â€¦
Feb 03, 2021 1:32:00 PM okhttp3.mockwebserver.MockWebServer$3 processOneRequest
INFO: MockWebServer[37362] received request: GET /api/v1/namespaces/entando-k8s-composite-app-controller-carcpr15/pods?labelSelector=EntandoPlugin%3Dtest-plugin-carcpr15%2CEntandoResourceNamespace%3Dentando-k8s-composite-app-controller-carcpr15%2CEntandoResourceKind%3DEntandoPlugin HTTP/1.1 and responded: HTTP/1.1 200 OK
Feb 03, 2021 1:32:01 PM okhttp3.mockwebserver.MockWebServer$3 processOneRequest
INFO: MockWebServer[37362] received request: GET /api/v1/namespaces/entando-k8s-composite-app-controller-carcpr15/pods?labelSelector=EntandoPlugin%3Dtest-plugin-carcpr15%2CEntandoResourceNamespace%3Dentando-k8s-composite-app-controller-carcpr15%2CEntandoResourceKind%3DEntandoPlugin&watch=**** HTTP/1.1 and responded: HTTP/1.1 200 OK
Feb 03, 2021 1:32:01 PM io.fabric8.kubernetes.client.dsl.internal.WatchHTTPManager$1 onResponse
INFO: Watch terminated unexpectedly. reason: \n not found: limit=46 content=7b2261706956657273696f6e223a227631222c226b696e64223a224c69737422â€¦
Feb 03, 2021 1:32:01 PM io.fabric8.kubernetes.client.dsl.internal.WatchHTTPManager scheduleReconnect
WARN: Ignoring error for already closed/closing connection
Feb 03, 2021 1:32:01 PM okhttp3.mockwebserver.MockWebServer$3 processOneRequest
INFO: MockWebServer[37362] received request: GET /api/v1/namespaces/entando-k8s-composite-app-controller-carcpr15/secrets/test-plugin-carcpr15-controller-ca-cert-secret HTTP/1.1 and responded: HTTP/1.1 404 Client Error
Feb 03, 2021 1:32:01 PM okhttp3.mockwebserver.MockWebServer$3 processOneRequest
INFO: MockWebServer[37362] received request: POST /api/v1/namespaces/entando-k8s-composite-app-controller-carcpr15/secrets HTTP/1.1 and responded: HTTP/1.1 202 OK
Feb 03, 2021 1:32:01 PM okhttp3.mockwebserver.MockWebServer$3 processOneRequest
INFO: MockWebServer[37362] received request: POST /api/v1/namespaces/entando-k8s-composite-app-controller-carcpr15/pods HTTP/1.1 and responded: HTTP/1.1 202 OK
Feb 03, 2021 1:32:01 PM okhttp3.mockwebserver.MockWebServer$3 processOneRequest
INFO: MockWebServer[37362] received request: GET /api/v1/namespaces/entando-k8s-composite-app-controller-carcpr15/pods?labelSelector=EntandoPlugin%3Dtest-plugin-carcpr15 HTTP/1.1 and responded: HTTP/1.1 200 OK
Feb 03, 2021 1:32:01 PM okhttp3.mockwebserver.MockWebServer$3 processOneRequest
INFO: MockWebServer[37362] received request: GET /api/v1/namespaces/entando-k8s-composite-app-controller-carcpr15/pods?fieldSelector=metadata.name%3Dtest-plugin-carcpr15-deployer-8013&watch=**** HTTP/1.1 and responded: HTTP/1.1 200 OK
Feb 03, 2021 1:32:02 PM okhttp3.mockwebserver.MockWebServer$3 processOneRequest
INFO: MockWebServer[37362] received request: GET /api/v1/namespaces/entando-k8s-composite-app-controller-carcpr15/pods?fieldSelector=metadata.name%3Dtest-plugin-carcpr15-deployer-8013&watch=**** HTTP/1.1 and responded: HTTP/1.1 200 OK
Feb 03, 2021 1:32:02 PM okhttp3.mockwebserver.MockWebServer$3 processOneRequest
INFO: MockWebServer[37362] received request: POST /api/v1/namespaces/entando-k8s-composite-app-controller-carcpr15/events HTTP/1.1 and responded: HTTP/1.1 202 OK
Feb 03, 2021 1:32:02 PM io.fabric8.kubernetes.client.dsl.internal.WatchHTTPManager$1 onResponse
INFO: Watch terminated unexpectedly. reason: \n not found: limit=5209 content=7b2261706956657273696f6e223a227631222c226b696e64223a224c69737422â€¦
Feb 03, 2021 1:32:02 PM io.fabric8.kubernetes.client.dsl.internal.WatchHTTPManager scheduleReconnect
WARN: Ignoring error for already closed/closing connection
Feb 03, 2021 1:32:02 PM okhttp3.mockwebserver.MockWebServer$3 processOneRequest
INFO: MockWebServer[37362] received request: GET /apis/entando.org/v1/namespaces/entando-k8s-composite-app-controller-carcpr15/entandocompositeapps/my-app-carcpr15 HTTP/1.1 and responded: HTTP/1.1 200 OK
Feb 03, 2021 1:32:02 PM okhttp3.mockwebserver.MockWebServer$3 processOneRequest
INFO: MockWebServer[37362] received request: PUT /apis/entando.org/v1/namespaces/entando-k8s-composite-app-controller-carcpr15/entandocompositeapps/my-app-carcpr15/status HTTP/1.1 and responded: HTTP/1.1 202 OK
Feb 03, 2021 1:32:02 PM okhttp3.mockwebserver.MockWebServer$3 processOneRequest
INFO: MockWebServer[37362] received request: POST /api/v1/namespaces/entando-k8s-composite-app-controller-carcpr15/events HTTP/1.1 and responded: HTTP/1.1 202 OK
Feb 03, 2021 1:32:02 PM okhttp3.mockwebserver.MockWebServer$3 processOneRequest
INFO: MockWebServer[37362] received request: GET /apis/entando.org/v1/namespaces/entando-k8s-composite-app-controller-carcpr15/entandocompositeapps/my-app-carcpr15 HTTP/1.1 and responded: HTTP/1.1 200 OK
Feb 03, 2021 1:32:02 PM okhttp3.mockwebserver.MockWebServer$3 processOneRequest
INFO: MockWebServer[37362] received request: PUT /apis/entando.org/v1/namespaces/entando-k8s-composite-app-controller-carcpr15/entandocompositeapps/my-app-carcpr15/status HTTP/1.1 and responded: HTTP/1.1 202 OK
Feb 03, 2021 1:32:02 PM okhttp3.mockwebserver.MockWebServer$3 processOneRequest
INFO: MockWebServer[37362] received request: GET /api/v1/namespaces/entando-k8s-composite-app-controller-carcpr15/pods?labelSelector=EntandoResourceKind%3DEntandoKeycloakServer%2CEntandoKeycloakServer%3Dtest-keycloak-carcpr15 HTTP/1.1 and responded: HTTP/1.1 200 OK
Feb 03, 2021 1:32:02 PM okhttp3.mockwebserver.MockWebServer$3 processOneRequest
INFO: MockWebServer[37362] received request: GET /api/v1/namespaces/entando-k8s-composite-app-controller-carcpr15/pods?labelSelector=EntandoResourceKind%3DEntandoKeycloakServer%2CEntandoKeycloakServer%3Dtest-keycloak-carcpr15 HTTP/1.1 and responded: HTTP/1.1 200 OK
Feb 03, 2021 1:32:02 PM okhttp3.mockwebserver.MockWebServer$3 processOneRequest
INFO: MockWebServer[37362] received request: GET /api/v1/namespaces/entando-k8s-composite-app-controller-carcpr15 HTTP/1.1 and responded: HTTP/1.1 404 Client Error
Feb 03, 2021 1:32:02 PM okhttp3.mockwebserver.MockWebServer$3 processOneRequest
INFO: MockWebServer[37362] received request: GET /apis/entando.org/v1/namespaces/default/entandokeycloakservers HTTP/1.1 and responded: HTTP/1.1 200 OK
Feb 03, 2021 1:32:02 PM okhttp3.mockwebserver.MockWebServer$3 processOneRequest
INFO: MockWebServer[37362] received request: GET /api/v1/namespaces/entando-k8s-composite-app-controller-carcpr15 HTTP/1.1 and responded: HTTP/1.1 404 Client Error
Feb 03, 2021 1:32:03 PM okhttp3.mockwebserver.MockWebServer$3 processOneRequest
INFO: MockWebServer[37362] received request: GET /apis/entando.org/v1/namespaces/default/entandokeycloakservers HTTP/1.1 and responded: HTTP/1.1 200 OK
Feb 03, 2021 1:32:03 PM okhttp3.mockwebserver.MockWebServer$3 processOneRequest
INFO: MockWebServer[37362] received request: GET /apis/entando.org/v1/namespaces/entando-k8s-composite-app-controller-carcpr15/entandokeycloakservers/test-keycloak-carcpr15 HTTP/1.1 and responded: HTTP/1.1 200 OK
Feb 03, 2021 1:32:03 PM okhttp3.mockwebserver.MockWebServer$3 processOneRequest
INFO: MockWebServer[37362] received request: GET /api/v1/namespaces/entando-k8s-composite-app-controller-carcpr15 HTTP/1.1 and responded: HTTP/1.1 404 Client Error
Feb 03, 2021 1:32:03 PM okhttp3.mockwebserver.MockWebServer$3 processOneRequest
INFO: MockWebServer[37362] received request: GET /apis/entando.org/v1/namespaces/default/entandocompositeapps HTTP/1.1 and responded: HTTP/1.1 200 OK
Feb 03, 2021 1:32:03 PM okhttp3.mockwebserver.MockWebServer$3 processOneRequest
INFO: MockWebServer[37362] received request: GET /api/v1/namespaces/entando-k8s-composite-app-controller-carcpr15 HTTP/1.1 and responded: HTTP/1.1 404 Client Error
Feb 03, 2021 1:32:03 PM okhttp3.mockwebserver.MockWebServer$3 processOneRequest
INFO: MockWebServer[37362] received request: GET /apis/entando.org/v1/namespaces/default/entandocompositeapps HTTP/1.1 and responded: HTTP/1.1 200 OK
Feb 03, 2021 1:32:03 PM okhttp3.mockwebserver.MockWebServer$3 processOneRequest
INFO: MockWebServer[37362] received request: GET /apis/entando.org/v1/namespaces/entando-k8s-composite-app-controller-carcpr15/entandocompositeapps/my-app-carcpr15 HTTP/1.1 and responded: HTTP/1.1 200 OK
Feb 03, 2021 1:32:03 PM okhttp3.mockwebserver.MockWebServer$3 processOneRequest
INFO: MockWebServer[37362] received request: GET /api/v1/namespaces/entando-k8s-composite-app-controller-carcpr15/pods?labelSelector=EntandoPlugin%3Dtest-plugin-carcpr15%2CEntandoResourceKind%3DEntandoPlugin HTTP/1.1 and responded: HTTP/1.1 200 OK
Feb 03, 2021 1:32:03 PM okhttp3.mockwebserver.MockWebServer$3 processOneRequest
INFO: MockWebServer[37362] received request: GET /api/v1/namespaces/entando-k8s-composite-app-controller-carcpr15/pods?labelSelector=EntandoPlugin%3Dtest-plugin-carcpr15%2CEntandoResourceKind%3DEntandoPlugin HTTP/1.1 and responded: HTTP/1.1 200 OK
Feb 03, 2021 1:32:04 PM okhttp3.mockwebserver.MockWebServer$3 processOneRequest
INFO: MockWebServer[37362] received request: GET /api/v1/namespaces/entando-k8s-composite-app-controller-carcpr15 HTTP/1.1 and responded: HTTP/1.1 404 Client Error
Feb 03, 2021 1:32:04 PM okhttp3.mockwebserver.MockWebServer$3 processOneRequest
INFO: MockWebServer[37362] received request: GET /apis/entando.org/v1/namespaces/default/entandoplugins HTTP/1.1 and responded: HTTP/1.1 200 OK
Feb 03, 2021 1:32:04 PM okhttp3.mockwebserver.MockWebServer$3 processOneRequest
INFO: MockWebServer[37362] received request: GET /api/v1/namespaces/entando-k8s-composite-app-controller-carcpr15 HTTP/1.1 and responded: HTTP/1.1 404 Client Error
Feb 03, 2021 1:32:04 PM okhttp3.mockwebserver.MockWebServer$3 processOneRequest
INFO: MockWebServer[37362] received request: GET /apis/entando.org/v1/namespaces/default/entandoplugins HTTP/1.1 and responded: HTTP/1.1 200 OK
Feb 03, 2021 1:32:04 PM okhttp3.mockwebserver.MockWebServer$3 processOneRequest
INFO: MockWebServer[37362] received request: GET /apis/entando.org/v1/namespaces/entando-k8s-composite-app-controller-carcpr15/entandoplugins/test-plugin-carcpr15 HTTP/1.1 and responded: HTTP/1.1 200 OK
Feb 03, 2021 1:32:04 PM okhttp3.mockwebserver.MockWebServer$3 processOneRequest
INFO: MockWebServer[37362] received request: GET /apis/entando.org/v1/namespaces/entando-k8s-composite-app-controller-carcpr15/entandocompositeapps/my-app-carcpr15 HTTP/1.1 and responded: HTTP/1.1 200 OK
Feb 03, 2021 1:32:04 PM okhttp3.mockwebserver.MockWebServer$3 processOneRequest
INFO: MockWebServer[37362] received request: GET /apis/entando.org/v1/namespaces/entando-k8s-composite-app-controller-carcpr15/entandocompositeapps/my-app-carcpr15 HTTP/1.1 and responded: HTTP/1.1 200 OK
Feb 03, 2021 1:32:04 PM okhttp3.mockwebserver.MockWebServer$2 acceptConnections
INFO: MockWebServer[37362] done accepting connections: Socket closed
Feb 03, 2021 1:32:04 PM okhttp3.mockwebserver.MockWebServer$2 e**cute
INFO: MockWebServer[35826] starting to accept connections
Feb 03, 2021 1:32:05 PM okhttp3.mockwebserver.MockWebServer$3 processOneRequest
INFO: MockWebServer[35826] received request: GET /api/v1/namespaces/entando HTTP/1.1 and responded: HTTP/1.1 404 Client Error
Feb 03, 2021 1:32:05 PM okhttp3.mockwebserver.MockWebServer$3 processOneRequest
INFO: MockWebServer[35826] received request: POST /api/v1/namespaces HTTP/1.1 and responded: HTTP/1.1 202 OK
Feb 03, 2021 1:32:05 PM okhttp3.mockwebserver.MockWebServer$3 processOneRequest
INFO: MockWebServer[35826] received request: GET /api/v1/namespaces/entando/configmaps/entando-docker-image-info-v6.3 HTTP/1.1 and responded: HTTP/1.1 404 Client Error
Feb 03, 2021 1:32:05 PM okhttp3.mockwebserver.MockWebServer$3 processOneRequest
INFO: MockWebServer[35826] received request: GET /api/v1/namespaces/entando/configmaps/entando-docker-image-info-v6.3 HTTP/1.1 and responded: HTTP/1.1 404 Client Error
Feb 03, 2021 1:32:05 PM okhttp3.mockwebserver.MockWebServer$3 processOneRequest
INFO: MockWebServer[35826] received request: POST /api/v1/namespaces/entando/configmaps HTTP/1.1 and responded: HTTP/1.1 202 OK
Feb 03, 2021 1:32:05 PM okhttp3.mockwebserver.MockWebServer$3 processOneRequest
INFO: MockWebServer[35826] received request: GET /api/v1/namespaces/entando/configmaps/entando-docker-image-info-v6.3 HTTP/1.1 and responded: HTTP/1.1 200 OK
Feb 03, 2021 1:32:05 PM okhttp3.mockwebserver.MockWebServer$3 processOneRequest
INFO: MockWebServer[35826] received request: GET /api/v1/namespaces/entando/configmaps/entando-docker-image-info-v6.3 HTTP/1.1 and responded: HTTP/1.1 200 OK
Feb 03, 2021 1:32:05 PM okhttp3.mockwebserver.MockWebServer$3 processOneRequest
INFO: MockWebServer[35826] received request: GET /api/v1/namespaces/entando/configmaps/entando-docker-image-info-v6.3 HTTP/1.1 and responded: HTTP/1.1 200 OK
Feb 03, 2021 1:32:05 PM okhttp3.mockwebserver.MockWebServer$3 processOneRequest
INFO: MockWebServer[35826] received request: PATCH /api/v1/namespaces/entando/configmaps/entando-docker-image-info-v6.3 HTTP/1.1 and responded: HTTP/1.1 202 OK
Feb 03, 2021 1:32:05 PM okhttp3.mockwebserver.MockWebServer$3 processOneRequest
INFO: MockWebServer[35826] received request: GET /api/v1/namespaces/entando-k8s-composite-app-controller-carcpr15 HTTP/1.1 and responded: HTTP/1.1 404 Client Error
Feb 03, 2021 1:32:05 PM okhttp3.mockwebserver.MockWebServer$3 processOneRequest
INFO: MockWebServer[35826] received request: GET /apis/entando.org/v1/namespaces/default/entandoplugins HTTP/1.1 and responded: HTTP/1.1 200 OK
Feb 03, 2021 1:32:05 PM okhttp3.mockwebserver.MockWebServer$3 processOneRequest
INFO: MockWebServer[35826] received request: GET /api/v1/namespaces/entando-k8s-composite-app-controller-carcpr15 HTTP/1.1 and responded: HTTP/1.1 404 Client Error
Feb 03, 2021 1:32:06 PM okhttp3.mockwebserver.MockWebServer$3 processOneRequest
INFO: MockWebServer[35826] received request: GET /apis/entando.org/v1/namespaces/default/entandoplugins HTTP/1.1 and responded: HTTP/1.1 200 OK
Feb 03, 2021 1:32:06 PM okhttp3.mockwebserver.MockWebServer$3 processOneRequest
INFO: MockWebServer[35826] received request: GET /apis/entando.org/v1/namespaces/entando-k8s-composite-app-controller-carcpr15/entandoplugins/test-plugin-carcpr15 HTTP/1.1 and responded: HTTP/1.1 404 Client Error
Feb 03, 2021 1:32:06 PM okhttp3.mockwebserver.MockWebServer$3 processOneRequest
INFO: MockWebServer[35826] received request: POST /apis/entando.org/v1/namespaces/entando-k8s-composite-app-controller-carcpr15/entandoplugins HTTP/1.1 and responded: HTTP/1.1 202 OK
Feb 03, 2021 1:32:06 PM okhttp3.mockwebserver.MockWebServer$3 processOneRequest
INFO: MockWebServer[35826] received request: GET /api/v1/namespaces/entando-k8s-composite-app-controller-carcpr15 HTTP/1.1 and responded: HTTP/1.1 404 Client Error
Feb 03, 2021 1:32:06 PM okhttp3.mockwebserver.MockWebServer$3 processOneRequest
INFO: MockWebServer[35826] received request: GET /apis/entando.org/v1/namespaces/default/entandocompositeapps HTTP/1.1 and responded: HTTP/1.1 200 OK
Feb 03, 2021 1:32:06 PM okhttp3.mockwebserver.MockWebServer$3 processOneRequest
INFO: MockWebServer[35826] received request: GET /api/v1/namespaces/entando-k8s-composite-app-controller-carcpr15 HTTP/1.1 and responded: HTTP/1.1 404 Client Error
Feb 03, 2021 1:32:06 PM okhttp3.mockwebserver.MockWebServer$3 processOneRequest
INFO: MockWebServer[35826] received request: GET /apis/entando.org/v1/namespaces/default/entandocompositeapps HTTP/1.1 and responded: HTTP/1.1 200 OK
Feb 03, 2021 1:32:06 PM okhttp3.mockwebserver.MockWebServer$3 processOneRequest
INFO: MockWebServer[35826] received request: POST /apis/entando.org/v1/namespaces/entando-k8s-composite-app-controller-carcpr15/entandocompositeapps HTTP/1.1 and responded: HTTP/1.1 202 OK
Feb 03, 2021 1:32:07 PM okhttp3.mockwebserver.MockWebServer$3 processOneRequest
INFO: MockWebServer[35826] received request: GET /api/v1/namespaces/entando-k8s-composite-app-controller-carcpr15 HTTP/1.1 and responded: HTTP/1.1 404 Client Error
Feb 03, 2021 1:32:07 PM okhttp3.mockwebserver.MockWebServer$3 processOneRequest
INFO: MockWebServer[35826] received request: GET /apis/entando.org/v1/namespaces/default/entandocompositeapps HTTP/1.1 and responded: HTTP/1.1 200 OK
Feb 03, 2021 1:32:07 PM okhttp3.mockwebserver.MockWebServer$3 processOneRequest
INFO: MockWebServer[35826] received request: GET /api/v1/namespaces/entando-k8s-composite-app-controller-carcpr15 HTTP/1.1 and responded: HTTP/1.1 404 Client Error
Feb 03, 2021 1:32:07 PM okhttp3.mockwebserver.MockWebServer$3 processOneRequest
INFO: MockWebServer[35826] received request: GET /apis/entando.org/v1/namespaces/default/entandocompositeapps HTTP/1.1 and responded: HTTP/1.1 200 OK
Feb 03, 2021 1:32:07 PM okhttp3.mockwebserver.MockWebServer$3 processOneRequest
INFO: MockWebServer[35826] received request: GET /apis/entando.org/v1/namespaces/entando-k8s-composite-app-controller-carcpr15/entandocompositeapps/my-app-carcpr15 HTTP/1.1 and responded: HTTP/1.1 200 OK
Feb 03, 2021 1:32:07 PM okhttp3.mockwebserver.MockWebServer$3 processOneRequest
INFO: MockWebServer[35826] received request: POST /api/v1/namespaces/entando-k8s-composite-app-controller-carcpr15/events HTTP/1.1 and responded: HTTP/1.1 202 OK
Feb 03, 2021 1:32:07 PM okhttp3.mockwebserver.MockWebServer$3 processOneRequest
INFO: MockWebServer[35826] received request: GET /apis/entando.org/v1/namespaces/entando-k8s-composite-app-controller-carcpr15/entandocompositeapps/my-app-carcpr15 HTTP/1.1 and responded: HTTP/1.1 200 OK
Feb 03, 2021 1:32:07 PM okhttp3.mockwebserver.MockWebServer$3 processOneRequest
INFO: MockWebServer[35826] received request: PUT /apis/entando.org/v1/namespaces/entando-k8s-composite-app-controller-carcpr15/entandocompositeapps/my-app-carcpr15/status HTTP/1.1 and responded: HTTP/1.1 202 OK
Feb 03, 2021 1:32:07 PM okhttp3.mockwebserver.MockWebServer$3 processOneRequest
INFO: MockWebServer[35826] received request: GET /api/v1/namespaces/entando/configmaps/entando-docker-image-info-v6.3 HTTP/1.1 and responded: HTTP/1.1 200 OK
Feb 03, 2021 1:32:07 PM okhttp3.mockwebserver.MockWebServer$3 processOneRequest
INFO: MockWebServer[35826] received request: GET /api/v1/namespaces/entando-k8s-composite-app-controller-carcpr15 HTTP/1.1 and responded: HTTP/1.1 404 Client Error
Feb 03, 2021 1:32:07 PM okhttp3.mockwebserver.MockWebServer$3 processOneRequest
INFO: MockWebServer[35826] received request: GET /apis/entando.org/v1/namespaces/default/entandokeycloakservers HTTP/1.1 and responded: HTTP/1.1 200 OK
Feb 03, 2021 1:32:08 PM okhttp3.mockwebserver.MockWebServer$3 processOneRequest
INFO: MockWebServer[35826] received request: GET /api/v1/namespaces/entando-k8s-composite-app-controller-carcpr15 HTTP/1.1 and responded: HTTP/1.1 404 Client Error
Feb 03, 2021 1:32:08 PM okhttp3.mockwebserver.MockWebServer$3 processOneRequest
INFO: MockWebServer[35826] received request: GET /apis/entando.org/v1/namespaces/default/entandokeycloakservers HTTP/1.1 and responded: HTTP/1.1 200 OK
Feb 03, 2021 1:32:08 PM okhttp3.mockwebserver.MockWebServer$3 processOneRequest
INFO: MockWebServer[35826] received request: GET /apis/entando.org/v1/namespaces/entando-k8s-composite-app-controller-carcpr15/entandokeycloakservers/test-keycloak-carcpr15 HTTP/1.1 and responded: HTTP/1.1 404 Client Error
Feb 03, 2021 1:32:08 PM okhttp3.mockwebserver.MockWebServer$3 processOneRequest
INFO: MockWebServer[35826] received request: POST /apis/entando.org/v1/namespaces/entando-k8s-composite-app-controller-carcpr15/entandokeycloakservers HTTP/1.1 and responded: HTTP/1.1 202 OK
Feb 03, 2021 1:32:08 PM okhttp3.mockwebserver.MockWebServer$3 processOneRequest
INFO: MockWebServer[35826] received request: GET /api/v1/namespaces/entando-k8s-composite-app-controller-carcpr15/pods?labelSelector=EntandoResourceNamespace%3Dentando-k8s-composite-app-controller-carcpr15%2CEntandoResourceKind%3DEntandoKeycloakServer%2CEntandoKeycloakServer%3Dtest-keycloak-carcpr15 HTTP/1.1 and responded: HTTP/1.1 200 OK
Feb 03, 2021 1:32:08 PM okhttp3.mockwebserver.MockWebServer$3 processOneRequest
INFO: MockWebServer[35826] received request: GET /api/v1/namespaces/entando-k8s-composite-app-controller-carcpr15/pods?labelSelector=EntandoResourceNamespace%3Dentando-k8s-composite-app-controller-carcpr15%2CEntandoResourceKind%3DEntandoKeycloakServer%2CEntandoKeycloakServer%3Dtest-keycloak-carcpr15&watch=**** HTTP/1.1 and responded: HTTP/1.1 200 OK
Feb 03, 2021 1:32:08 PM okhttp3.mockwebserver.MockWebServer$3 processOneRequest
INFO: MockWebServer[35826] received request: GET /api/v1/namespaces/entando-k8s-composite-app-controller-carcpr15/pods?labelSelector=EntandoResourceNamespace%3Dentando-k8s-composite-app-controller-carcpr15%2CEntandoResourceKind%3DEntandoKeycloakServer%2CEntandoKeycloakServer%3Dtest-keycloak-carcpr15 HTTP/1.1 and responded: HTTP/1.1 200 OK
Feb 03, 2021 1:32:08 PM okhttp3.mockwebserver.MockWebServer$3 processOneRequest
INFO: MockWebServer[35826] received request: GET /api/v1/namespaces/entando-k8s-composite-app-controller-carcpr15/pods?labelSelector=EntandoResourceNamespace%3Dentando-k8s-composite-app-controller-carcpr15%2CEntandoResourceKind%3DEntandoKeycloakServer%2CEntandoKeycloakServer%3Dtest-keycloak-carcpr15&watch=**** HTTP/1.1 and responded: HTTP/1.1 200 OK
Feb 03, 2021 1:32:08 PM io.fabric8.kubernetes.client.dsl.internal.WatchHTTPManager$1 onResponse
INFO: Watch terminated unexpectedly. reason: \n not found: limit=46 content=7b2261706956657273696f6e223a227631222c226b696e64223a224c69737422â€¦
Feb 03, 2021 1:32:08 PM okhttp3.mockwebserver.MockWebServer$3 processOneRequest
INFO: MockWebServer[35826] received request: GET /api/v1/namespaces/entando-k8s-composite-app-controller-carcpr15/pods?labelSelector=EntandoResourceNamespace%3Dentando-k8s-composite-app-controller-carcpr15%2CEntandoResourceKind%3DEntandoKeycloakServer%2CEntandoKeycloakServer%3Dtest-keycloak-carcpr15 HTTP/1.1 and responded: HTTP/1.1 200 OK
Feb 03, 2021 1:32:09 PM okhttp3.mockwebserver.MockWebServer$3 processOneRequest
INFO: MockWebServer[35826] received request: GET /api/v1/namespaces/entando-k8s-composite-app-controller-carcpr15/pods?labelSelector=EntandoResourceNamespace%3Dentando-k8s-composite-app-controller-carcpr15%2CEntandoResourceKind%3DEntandoKeycloakServer%2CEntandoKeycloakServer%3Dtest-keycloak-carcpr15&watch=**** HTTP/1.1 and responded: HTTP/1.1 200 OK
Feb 03, 2021 1:32:09 PM io.fabric8.kubernetes.client.dsl.internal.WatchHTTPManager$1 onResponse
INFO: Watch terminated unexpectedly. reason: \n not found: limit=46 content=7b2261706956657273696f6e223a227631222c226b696e64223a224c69737422â€¦
Feb 03, 2021 1:32:09 PM io.fabric8.kubernetes.client.dsl.internal.WatchHTTPManager scheduleReconnect
WARN: Ignoring error for already closed/closing connection
Feb 03, 2021 1:32:09 PM okhttp3.mockwebserver.MockWebServer$3 processOneRequest
INFO: MockWebServer[35826] received request: GET /api/v1/namespaces/entando-k8s-composite-app-controller-carcpr15/secrets/test-keycloak-carcpr15-controller-ca-cert-secret HTTP/1.1 and responded: HTTP/1.1 404 Client Error
Feb 03, 2021 1:32:09 PM okhttp3.mockwebserver.MockWebServer$3 processOneRequest
INFO: MockWebServer[35826] received request: POST /api/v1/namespaces/entando-k8s-composite-app-controller-carcpr15/secrets HTTP/1.1 and responded: HTTP/1.1 202 OK
Feb 03, 2021 1:32:09 PM okhttp3.mockwebserver.MockWebServer$3 processOneRequest
INFO: MockWebServer[35826] received request: POST /api/v1/namespaces/entando-k8s-composite-app-controller-carcpr15/pods HTTP/1.1 and responded: HTTP/1.1 202 OK
Feb 03, 2021 1:32:09 PM okhttp3.mockwebserver.MockWebServer$3 processOneRequest
INFO: MockWebServer[35826] received request: GET /api/v1/namespaces/entando-k8s-composite-app-controller-carcpr15/pods?labelSelector=EntandoKeycloakServer%3Dtest-keycloak-carcpr15 HTTP/1.1 and responded: HTTP/1.1 200 OK
Feb 03, 2021 1:32:09 PM okhttp3.mockwebserver.MockWebServer$3 processOneRequest
INFO: MockWebServer[35826] received request: GET /api/v1/namespaces/entando-k8s-composite-app-controller-carcpr15/pods?fieldSelector=metadata.name%3Dtest-keycloak-carcpr15-deployer-9129&watch=**** HTTP/1.1 and responded: HTTP/1.1 200 OK
Feb 03, 2021 1:32:10 PM okhttp3.mockwebserver.MockWebServer$3 processOneRequest
INFO: MockWebServer[35826] received request: GET /api/v1/namespaces/entando-k8s-composite-app-controller-carcpr15/pods?fieldSelector=metadata.name%3Dtest-keycloak-carcpr15-deployer-9129&watch=**** HTTP/1.1 and responded: HTTP/1.1 200 OK
Feb 03, 2021 1:32:10 PM okhttp3.mockwebserver.MockWebServer$3 processOneRequest
INFO: MockWebServer[35826] received request: POST /api/v1/namespaces/entando-k8s-composite-app-controller-carcpr15/events HTTP/1.1 and responded: HTTP/1.1 202 OK
Feb 03, 2021 1:32:10 PM io.fabric8.kubernetes.client.dsl.internal.WatchHTTPManager$1 onResponse
INFO: Watch terminated unexpectedly. reason: \n not found: limit=2637 content=7b2261706956657273696f6e223a227631222c226b696e64223a224c69737422â€¦
Feb 03, 2021 1:32:10 PM io.fabric8.kubernetes.client.dsl.internal.WatchHTTPManager scheduleReconnect
WARN: Ignoring error for already closed/closing connection
Feb 03, 2021 1:32:10 PM okhttp3.mockwebserver.MockWebServer$3 processOneRequest
INFO: MockWebServer[35826] received request: GET /apis/entando.org/v1/namespaces/entando-k8s-composite-app-controller-carcpr15/entandocompositeapps/my-app-carcpr15 HTTP/1.1 and responded: HTTP/1.1 200 OK
Feb 03, 2021 1:32:10 PM okhttp3.mockwebserver.MockWebServer$3 processOneRequest
INFO: MockWebServer[35826] received request: PUT /apis/entando.org/v1/namespaces/entando-k8s-composite-app-controller-carcpr15/entandocompositeapps/my-app-carcpr15/status HTTP/1.1 and responded: HTTP/1.1 202 OK
Feb 03, 2021 1:32:10 PM okhttp3.mockwebserver.MockWebServer$3 processOneRequest
INFO: MockWebServer[35826] received request: GET /apis/entando.org/v1/namespaces/entando-k8s-composite-app-controller-carcpr15/entandoplugins/test-plugin-carcpr15 HTTP/1.1 and responded: HTTP/1.1 200 OK
Feb 03, 2021 1:32:10 PM okhttp3.mockwebserver.MockWebServer$3 processOneRequest
INFO: MockWebServer[35826] received request: GET /apis/entando.org/v1/namespaces/entando-k8s-composite-app-controller-carcpr15/entandoplugins/test-plugin-carcpr15 HTTP/1.1 and responded: HTTP/1.1 200 OK
Feb 03, 2021 1:32:10 PM okhttp3.mockwebserver.MockWebServer$3 processOneRequest
INFO: MockWebServer[35826] received request: GET /apis/entando.org/v1/namespaces/entando-k8s-composite-app-controller-carcpr15/entandoplugins/test-plugin-carcpr15 HTTP/1.1 and responded: HTTP/1.1 200 OK
Feb 03, 2021 1:32:10 PM okhttp3.mockwebserver.MockWebServer$3 processOneRequest
INFO: MockWebServer[35826] received request: PATCH /apis/entando.org/v1/namespaces/entando-k8s-composite-app-controller-carcpr15/entandoplugins/test-plugin-carcpr15 HTTP/1.1 and responded: HTTP/1.1 202 OK
Feb 03, 2021 1:32:10 PM okhttp3.mockwebserver.MockWebServer$3 processOneRequest
INFO: MockWebServer[35826] received request: GET /api/v1/namespaces/entando-k8s-composite-app-controller-carcpr15/pods?labelSelector=EntandoPlugin%3Dtest-plugin-carcpr15%2CEntandoResourceNamespace%3Dentando-k8s-composite-app-controller-carcpr15%2CEntandoResourceKind%3DEntandoPlugin HTTP/1.1 and responded: HTTP/1.1 200 OK
Feb 03, 2021 1:32:10 PM okhttp3.mockwebserver.MockWebServer$3 processOneRequest
INFO: MockWebServer[35826] received request: GET /api/v1/namespaces/entando-k8s-composite-app-controller-carcpr15/pods?labelSelector=EntandoPlugin%3Dtest-plugin-carcpr15%2CEntandoResourceNamespace%3Dentando-k8s-composite-app-controller-carcpr15%2CEntandoResourceKind%3DEntandoPlugin&watch=**** HTTP/1.1 and responded: HTTP/1.1 200 OK
Feb 03, 2021 1:32:10 PM okhttp3.mockwebserver.MockWebServer$3 processOneRequest
INFO: MockWebServer[35826] received request: GET /api/v1/namespaces/entando-k8s-composite-app-controller-carcpr15/pods?labelSelector=EntandoPlugin%3Dtest-plugin-carcpr15%2CEntandoResourceNamespace%3Dentando-k8s-composite-app-controller-carcpr15%2CEntandoResourceKind%3DEntandoPlugin HTTP/1.1 and responded: HTTP/1.1 200 OK
Feb 03, 2021 1:32:10 PM okhttp3.mockwebserver.MockWebServer$3 processOneRequest
INFO: MockWebServer[35826] received request: GET /api/v1/namespaces/entando-k8s-composite-app-controller-carcpr15/pods?labelSelector=EntandoPlugin%3Dtest-plugin-carcpr15%2CEntandoResourceNamespace%3Dentando-k8s-composite-app-controller-carcpr15%2CEntandoResourceKind%3DEntandoPlugin&watch=**** HTTP/1.1 and responded: HTTP/1.1 200 OK
Feb 03, 2021 1:32:10 PM io.fabric8.kubernetes.client.dsl.internal.WatchHTTPManager$1 onResponse
INFO: Watch terminated unexpectedly. reason: \n not found: limit=46 content=7b2261706956657273696f6e223a227631222c226b696e64223a224c69737422â€¦
Feb 03, 2021 1:32:10 PM okhttp3.mockwebserver.MockWebServer$3 processOneRequest
INFO: MockWebServer[35826] received request: GET /api/v1/namespaces/entando-k8s-composite-app-controller-carcpr15/pods?labelSelector=EntandoPlugin%3Dtest-plugin-carcpr15%2CEntandoResourceNamespace%3Dentando-k8s-composite-app-controller-carcpr15%2CEntandoResourceKind%3DEntandoPlugin HTTP/1.1 and responded: HTTP/1.1 200 OK
Feb 03, 2021 1:32:11 PM okhttp3.mockwebserver.MockWebServer$3 processOneRequest
INFO: MockWebServer[35826] received request: GET /api/v1/namespaces/entando-k8s-composite-app-controller-carcpr15/pods?labelSelector=EntandoPlugin%3Dtest-plugin-carcpr15%2CEntandoResourceNamespace%3Dentando-k8s-composite-app-controller-carcpr15%2CEntandoResourceKind%3DEntandoPlugin&watch=**** HTTP/1.1 and responded: HTTP/1.1 200 OK
Feb 03, 2021 1:32:11 PM io.fabric8.kubernetes.client.dsl.internal.WatchHTTPManager$1 onResponse
INFO: Watch terminated unexpectedly. reason: \n not found: limit=46 content=7b2261706956657273696f6e223a227631222c226b696e64223a224c69737422â€¦
Feb 03, 2021 1:32:11 PM io.fabric8.kubernetes.client.dsl.internal.WatchHTTPManager scheduleReconnect
WARN: Ignoring error for already closed/closing connection
Feb 03, 2021 1:32:11 PM okhttp3.mockwebserver.MockWebServer$3 processOneRequest
INFO: MockWebServer[35826] received request: GET /api/v1/namespaces/entando-k8s-composite-app-controller-carcpr15/secrets/test-plugin-carcpr15-controller-ca-cert-secret HTTP/1.1 and responded: HTTP/1.1 404 Client Error
Feb 03, 2021 1:32:12 PM okhttp3.mockwebserver.MockWebServer$3 processOneRequest
INFO: MockWebServer[35826] received request: POST /api/v1/namespaces/entando-k8s-composite-app-controller-carcpr15/secrets HTTP/1.1 and responded: HTTP/1.1 202 OK
Feb 03, 2021 1:32:12 PM okhttp3.mockwebserver.MockWebServer$3 processOneRequest
INFO: MockWebServer[35826] received request: POST /api/v1/namespaces/entando-k8s-composite-app-controller-carcpr15/pods HTTP/1.1 and responded: HTTP/1.1 202 OK
Feb 03, 2021 1:32:12 PM okhttp3.mockwebserver.MockWebServer$3 processOneRequest
INFO: MockWebServer[35826] received request: GET /api/v1/namespaces/entando-k8s-composite-app-controller-carcpr15/pods?labelSelector=EntandoPlugin%3Dtest-plugin-carcpr15 HTTP/1.1 and responded: HTTP/1.1 200 OK
Feb 03, 2021 1:32:12 PM okhttp3.mockwebserver.MockWebServer$3 processOneRequest
INFO: MockWebServer[35826] received request: GET /api/v1/namespaces/entando-k8s-composite-app-controller-carcpr15/pods?fieldSelector=metadata.name%3Dtest-plugin-carcpr15-deployer-5878&watch=**** HTTP/1.1 and responded: HTTP/1.1 200 OK
Feb 03, 2021 1:32:12 PM okhttp3.mockwebserver.MockWebServer$3 processOneRequest
INFO: MockWebServer[35826] received request: GET /api/v1/namespaces/entando-k8s-composite-app-controller-carcpr15/pods?fieldSelector=metadata.name%3Dtest-plugin-carcpr15-deployer-5878&watch=**** HTTP/1.1 and responded: HTTP/1.1 200 OK
Feb 03, 2021 1:32:12 PM okhttp3.mockwebserver.MockWebServer$3 processOneRequest
INFO: MockWebServer[35826] received request: POST /api/v1/namespaces/entando-k8s-composite-app-controller-carcpr15/events HTTP/1.1 and responded: HTTP/1.1 202 OK
Feb 03, 2021 1:32:12 PM io.fabric8.kubernetes.client.dsl.internal.WatchHTTPManager$1 onResponse
INFO: Watch terminated unexpectedly. reason: \n not found: limit=5203 content=7b2261706956657273696f6e223a227631222c226b696e64223a224c69737422â€¦
Feb 03, 2021 1:32:12 PM io.fabric8.kubernetes.client.dsl.internal.WatchHTTPManager scheduleReconnect
WARN: Ignoring error for already closed/closing connection
Feb 03, 2021 1:32:12 PM okhttp3.mockwebserver.MockWebServer$3 processOneRequest
INFO: MockWebServer[35826] received request: GET /apis/entando.org/v1/namespaces/entando-k8s-composite-app-controller-carcpr15/entandocompositeapps/my-app-carcpr15 HTTP/1.1 and responded: HTTP/1.1 200 OK
Feb 03, 2021 1:32:12 PM okhttp3.mockwebserver.MockWebServer$3 processOneRequest
INFO: MockWebServer[35826] received request: PUT /apis/entando.org/v1/namespaces/entando-k8s-composite-app-controller-carcpr15/entandocompositeapps/my-app-carcpr15/status HTTP/1.1 and responded: HTTP/1.1 202 OK
Feb 03, 2021 1:32:12 PM okhttp3.mockwebserver.MockWebServer$3 processOneRequest
INFO: MockWebServer[35826] received request: POST /api/v1/namespaces/entando-k8s-composite-app-controller-carcpr15/events HTTP/1.1 and responded: HTTP/1.1 202 OK
Feb 03, 2021 1:32:12 PM okhttp3.mockwebserver.MockWebServer$3 processOneRequest
INFO: MockWebServer[35826] received request: GET /apis/entando.org/v1/namespaces/entando-k8s-composite-app-controller-carcpr15/entandocompositeapps/my-app-carcpr15 HTTP/1.1 and responded: HTTP/1.1 200 OK
Feb 03, 2021 1:32:12 PM okhttp3.mockwebserver.MockWebServer$3 processOneRequest
INFO: MockWebServer[35826] received request: PUT /apis/entando.org/v1/namespaces/entando-k8s-composite-app-controller-carcpr15/entandocompositeapps/my-app-carcpr15/status HTTP/1.1 and responded: HTTP/1.1 202 OK
Feb 03, 2021 1:32:12 PM okhttp3.mockwebserver.MockWebServer$3 processOneRequest
INFO: MockWebServer[35826] received request: GET /api/v1/namespaces/entando-k8s-composite-app-controller-carcpr15/pods?labelSelector=EntandoResourceKind%3DEntandoKeycloakServer%2CEntandoKeycloakServer%3Dtest-keycloak-carcpr15 HTTP/1.1 and responded: HTTP/1.1 200 OK
Feb 03, 2021 1:32:12 PM okhttp3.mockwebserver.MockWebServer$3 processOneRequest
INFO: MockWebServer[35826] received request: GET /api/v1/namespaces/entando-k8s-composite-app-controller-carcpr15/pods?labelSelector=EntandoResourceKind%3DEntandoKeycloakServer%2CEntandoKeycloakServer%3Dtest-keycloak-carcpr15 HTTP/1.1 and responded: HTTP/1.1 200 OK
Feb 03, 2021 1:32:13 PM okhttp3.mockwebserver.MockWebServer$3 processOneRequest
INFO: MockWebServer[35826] received request: GET /api/v1/namespaces/entando-k8s-composite-app-controller-carcpr15 HTTP/1.1 and responded: HTTP/1.1 404 Client Error
Feb 03, 2021 1:32:13 PM okhttp3.mockwebserver.MockWebServer$3 processOneRequest
INFO: MockWebServer[35826] received request: GET /apis/entando.org/v1/namespaces/default/entandokeycloakservers HTTP/1.1 and responded: HTTP/1.1 200 OK
Feb 03, 2021 1:32:13 PM okhttp3.mockwebserver.MockWebServer$3 processOneRequest
INFO: MockWebServer[35826] received request: GET /api/v1/namespaces/entando-k8s-composite-app-controller-carcpr15 HTTP/1.1 and responded: HTTP/1.1 404 Client Error
Feb 03, 2021 1:32:13 PM okhttp3.mockwebserver.MockWebServer$3 processOneRequest
INFO: MockWebServer[35826] received request: GET /apis/entando.org/v1/namespaces/default/entandokeycloakservers HTTP/1.1 and responded: HTTP/1.1 200 OK
Feb 03, 2021 1:32:13 PM okhttp3.mockwebserver.MockWebServer$3 processOneRequest
INFO: MockWebServer[35826] received request: GET /apis/entando.org/v1/namespaces/entando-k8s-composite-app-controller-carcpr15/entandokeycloakservers/test-keycloak-carcpr15 HTTP/1.1 and responded: HTTP/1.1 200 OK
Feb 03, 2021 1:32:13 PM okhttp3.mockwebserver.MockWebServer$3 processOneRequest
INFO: MockWebServer[35826] received request: GET /api/v1/namespaces/entando-k8s-composite-app-controller-carcpr15 HTTP/1.1 and responded: HTTP/1.1 404 Client Error
Feb 03, 2021 1:32:13 PM okhttp3.mockwebserver.MockWebServer$3 processOneRequest
INFO: MockWebServer[35826] received request: GET /apis/entando.org/v1/namespaces/default/entandocompositeapps HTTP/1.1 and responded: HTTP/1.1 200 OK
Feb 03, 2021 1:32:13 PM okhttp3.mockwebserver.MockWebServer$3 processOneRequest
INFO: MockWebServer[35826] received request: GET /api/v1/namespaces/entando-k8s-composite-app-controller-carcpr15 HTTP/1.1 and responded: HTTP/1.1 404 Client Error
Feb 03, 2021 1:32:13 PM okhttp3.mockwebserver.MockWebServer$3 processOneRequest
INFO: MockWebServer[35826] received request: GET /apis/entando.org/v1/namespaces/default/entandocompositeapps HTTP/1.1 and responded: HTTP/1.1 200 OK
Feb 03, 2021 1:32:13 PM okhttp3.mockwebserver.MockWebServer$3 processOneRequest
INFO: MockWebServer[35826] received request: GET /apis/entando.org/v1/namespaces/entando-k8s-composite-app-controller-carcpr15/entandocompositeapps/my-app-carcpr15 HTTP/1.1 and responded: HTTP/1.1 200 OK
Feb 03, 2021 1:32:14 PM okhttp3.mockwebserver.MockWebServer$3 processOneRequest
INFO: MockWebServer[35826] received request: GET /api/v1/namespaces/entando-k8s-composite-app-controller-carcpr15/pods?labelSelector=EntandoPlugin%3Dtest-plugin-carcpr15%2CEntandoResourceKind%3DEntandoPlugin HTTP/1.1 and responded: HTTP/1.1 200 OK
Feb 03, 2021 1:32:14 PM okhttp3.mockwebserver.MockWebServer$3 processOneRequest
INFO: MockWebServer[35826] received request: GET /api/v1/namespaces/entando-k8s-composite-app-controller-carcpr15/pods?labelSelector=EntandoPlugin%3Dtest-plugin-carcpr15%2CEntandoResourceKind%3DEntandoPlugin HTTP/1.1 and responded: HTTP/1.1 200 OK
Feb 03, 2021 1:32:14 PM okhttp3.mockwebserver.MockWebServer$3 processOneRequest
INFO: MockWebServer[35826] received request: GET /api/v1/namespaces/entando-k8s-composite-app-controller-carcpr15 HTTP/1.1 and responded: HTTP/1.1 404 Client Error
Feb 03, 2021 1:32:14 PM okhttp3.mockwebserver.MockWebServer$3 processOneRequest
INFO: MockWebServer[35826] received request: GET /apis/entando.org/v1/namespaces/default/entandoplugins HTTP/1.1 and responded: HTTP/1.1 200 OK
Feb 03, 2021 1:32:14 PM okhttp3.mockwebserver.MockWebServer$3 processOneRequest
INFO: MockWebServer[35826] received request: GET /api/v1/namespaces/entando-k8s-composite-app-controller-carcpr15 HTTP/1.1 and responded: HTTP/1.1 404 Client Error
Feb 03, 2021 1:32:14 PM okhttp3.mockwebserver.MockWebServer$3 processOneRequest
INFO: MockWebServer[35826] received request: GET /apis/entando.org/v1/namespaces/default/entandoplugins HTTP/1.1 and responded: HTTP/1.1 200 OK
Feb 03, 2021 1:32:14 PM okhttp3.mockwebserver.MockWebServer$3 processOneRequest
INFO: MockWebServer[35826] received request: GET /apis/entando.org/v1/namespaces/entando-k8s-composite-app-controller-carcpr15/entandoplugins/test-plugin-carcpr15 HTTP/1.1 and responded: HTTP/1.1 200 OK
Feb 03, 2021 1:32:14 PM okhttp3.mockwebserver.MockWebServer$3 processOneRequest
INFO: MockWebServer[35826] received request: GET /apis/entando.org/v1/namespaces/entando-k8s-composite-app-controller-carcpr15/entandocompositeapps/my-app-carcpr15 HTTP/1.1 and responded: HTTP/1.1 200 OK
Feb 03, 2021 1:32:14 PM okhttp3.mockwebserver.MockWebServer$3 processOneRequest
INFO: MockWebServer[35826] received request: GET /apis/entando.org/v1/namespaces/entando-k8s-composite-app-controller-carcpr15/entandocompositeapps/my-app-carcpr15 HTTP/1.1 and responded: HTTP/1.1 200 OK
Feb 03, 2021 1:32:14 PM okhttp3.mockwebserver.MockWebServer$2 acceptConnections
INFO: MockWebServer[35826] done accepting connections: Socket closed
Feb 03, 2021 1:32:14 PM okhttp3.mockwebserver.MockWebServer$2 e**cute
INFO: MockWebServer[60701] starting to accept connections
Feb 03, 2021 1:32:15 PM okhttp3.mockwebserver.MockWebServer$3 processOneRequest
INFO: MockWebServer[60701] received request: GET /api/v1/namespaces/entando HTTP/1.1 and responded: HTTP/1.1 404 Client Error
Feb 03, 2021 1:32:15 PM okhttp3.mockwebserver.MockWebServer$3 processOneRequest
INFO: MockWebServer[60701] received request: POST /api/v1/namespaces HTTP/1.1 and responded: HTTP/1.1 202 OK
Feb 03, 2021 1:32:15 PM okhttp3.mockwebserver.MockWebServer$3 processOneRequest
INFO: MockWebServer[60701] received request: GET /api/v1/namespaces/entando/configmaps/entando-docker-image-info-v6.3 HTTP/1.1 and responded: HTTP/1.1 404 Client Error
Feb 03, 2021 1:32:15 PM okhttp3.mockwebserver.MockWebServer$3 processOneRequest
INFO: MockWebServer[60701] received request: GET /api/v1/namespaces/entando/configmaps/entando-docker-image-info-v6.3 HTTP/1.1 and responded: HTTP/1.1 404 Client Error
Feb 03, 2021 1:32:15 PM okhttp3.mockwebserver.MockWebServer$3 processOneRequest
INFO: MockWebServer[60701] received request: POST /api/v1/namespaces/entando/configmaps HTTP/1.1 and responded: HTTP/1.1 202 OK
Feb 03, 2021 1:32:15 PM okhttp3.mockwebserver.MockWebServer$3 processOneRequest
INFO: MockWebServer[60701] received request: GET /api/v1/namespaces/entando/configmaps/entando-docker-image-info-v6.3 HTTP/1.1 and responded: HTTP/1.1 200 OK
Feb 03, 2021 1:32:15 PM okhttp3.mockwebserver.MockWebServer$3 processOneRequest
INFO: MockWebServer[60701] received request: GET /api/v1/namespaces/entando/configmaps/entando-docker-image-info-v6.3 HTTP/1.1 and responded: HTTP/1.1 200 OK
Feb 03, 2021 1:32:15 PM okhttp3.mockwebserver.MockWebServer$3 processOneRequest
INFO: MockWebServer[60701] received request: GET /api/v1/namespaces/entando/configmaps/entando-docker-image-info-v6.3 HTTP/1.1 and responded: HTTP/1.1 200 OK
Feb 03, 2021 1:32:15 PM okhttp3.mockwebserver.MockWebServer$3 processOneRequest
INFO: MockWebServer[60701] received request: PATCH /api/v1/namespaces/entando/configmaps/entando-docker-image-info-v6.3 HTTP/1.1 and responded: HTTP/1.1 202 OK
Feb 03, 2021 1:32:15 PM okhttp3.mockwebserver.MockWebServer$3 processOneRequest
INFO: MockWebServer[60701] received request: GET /api/v1/namespaces/entando-k8s-composite-app-controller-carcpr15 HTTP/1.1 and responded: HTTP/1.1 404 Client Error
Feb 03, 2021 1:32:15 PM okhttp3.mockwebserver.MockWebServer$3 processOneRequest
INFO: MockWebServer[60701] received request: GET /apis/entando.org/v1/namespaces/default/entandoplugins HTTP/1.1 and responded: HTTP/1.1 200 OK
Feb 03, 2021 1:32:16 PM okhttp3.mockwebserver.MockWebServer$3 processOneRequest
INFO: MockWebServer[60701] received request: GET /api/v1/namespaces/entando-k8s-composite-app-controller-carcpr15 HTTP/1.1 and responded: HTTP/1.1 404 Client Error
Feb 03, 2021 1:32:16 PM okhttp3.mockwebserver.MockWebServer$3 processOneRequest
INFO: MockWebServer[60701] received request: GET /apis/entando.org/v1/namespaces/default/entandoplugins HTTP/1.1 and responded: HTTP/1.1 200 OK
Feb 03, 2021 1:32:16 PM okhttp3.mockwebserver.MockWebServer$3 processOneRequest
INFO: MockWebServer[60701] received request: GET /apis/entando.org/v1/namespaces/entando-k8s-composite-app-controller-carcpr15/entandoplugins/test-plugin-carcpr15 HTTP/1.1 and responded: HTTP/1.1 404 Client Error
Feb 03, 2021 1:32:16 PM okhttp3.mockwebserver.MockWebServer$3 processOneRequest
INFO: MockWebServer[60701] received request: POST /apis/entando.org/v1/namespaces/entando-k8s-composite-app-controller-carcpr15/entandoplugins HTTP/1.1 and responded: HTTP/1.1 202 OK
Feb 03, 2021 1:32:16 PM okhttp3.mockwebserver.MockWebServer$3 processOneRequest
INFO: MockWebServer[60701] received request: GET /api/v1/namespaces/entando-k8s-composite-app-controller-carcpr15 HTTP/1.1 and responded: HTTP/1.1 404 Client Error
Feb 03, 2021 1:32:16 PM okhttp3.mockwebserver.MockWebServer$3 processOneRequest
INFO: MockWebServer[60701] received request: GET /apis/entando.org/v1/namespaces/default/entandocompositeapps HTTP/1.1 and responded: HTTP/1.1 200 OK
Feb 03, 2021 1:32:16 PM okhttp3.mockwebserver.MockWebServer$3 processOneRequest
INFO: MockWebServer[60701] received request: GET /api/v1/namespaces/entando-k8s-composite-app-controller-carcpr15 HTTP/1.1 and responded: HTTP/1.1 404 Client Error
Feb 03, 2021 1:32:16 PM okhttp3.mockwebserver.MockWebServer$3 processOneRequest
INFO: MockWebServer[60701] received request: GET /apis/entando.org/v1/namespaces/default/entandocompositeapps HTTP/1.1 and responded: HTTP/1.1 200 OK
Feb 03, 2021 1:32:16 PM okhttp3.mockwebserver.MockWebServer$3 processOneRequest
INFO: MockWebServer[60701] received request: POST /apis/entando.org/v1/namespaces/entando-k8s-composite-app-controller-carcpr15/entandocompositeapps HTTP/1.1 and responded: HTTP/1.1 202 OK
Feb 03, 2021 1:32:17 PM okhttp3.mockwebserver.MockWebServer$3 processOneRequest
INFO: MockWebServer[60701] received request: GET /api/v1/namespaces/entando-k8s-composite-app-controller-carcpr15 HTTP/1.1 and responded: HTTP/1.1 404 Client Error
Feb 03, 2021 1:32:17 PM okhttp3.mockwebserver.MockWebServer$3 processOneRequest
INFO: MockWebServer[60701] received request: GET /apis/entando.org/v1/namespaces/default/entandocompositeapps HTTP/1.1 and responded: HTTP/1.1 200 OK
Feb 03, 2021 1:32:17 PM okhttp3.mockwebserver.MockWebServer$3 processOneRequest
INFO: MockWebServer[60701] received request: GET /api/v1/namespaces/entando-k8s-composite-app-controller-carcpr15 HTTP/1.1 and responded: HTTP/1.1 404 Client Error
Feb 03, 2021 1:32:17 PM okhttp3.mockwebserver.MockWebServer$3 processOneRequest
INFO: MockWebServer[60701] received request: GET /apis/entando.org/v1/namespaces/default/entandocompositeapps HTTP/1.1 and responded: HTTP/1.1 200 OK
Feb 03, 2021 1:32:17 PM okhttp3.mockwebserver.MockWebServer$3 processOneRequest
INFO: MockWebServer[60701] received request: GET /apis/entando.org/v1/namespaces/entando-k8s-composite-app-controller-carcpr15/entandocompositeapps/my-app-carcpr15 HTTP/1.1 and responded: HTTP/1.1 200 OK
Feb 03, 2021 1:32:17 PM okhttp3.mockwebserver.MockWebServer$3 processOneRequest
INFO: MockWebServer[60701] received request: POST /api/v1/namespaces/entando-k8s-composite-app-controller-carcpr15/events HTTP/1.1 and responded: HTTP/1.1 202 OK
Feb 03, 2021 1:32:17 PM okhttp3.mockwebserver.MockWebServer$3 processOneRequest
INFO: MockWebServer[60701] received request: GET /apis/entando.org/v1/namespaces/entando-k8s-composite-app-controller-carcpr15/entandocompositeapps/my-app-carcpr15 HTTP/1.1 and responded: HTTP/1.1 200 OK
Feb 03, 2021 1:32:17 PM okhttp3.mockwebserver.MockWebServer$3 processOneRequest
INFO: MockWebServer[60701] received request: PUT /apis/entando.org/v1/namespaces/entando-k8s-composite-app-controller-carcpr15/entandocompositeapps/my-app-carcpr15/status HTTP/1.1 and responded: HTTP/1.1 202 OK
Feb 03, 2021 1:32:17 PM okhttp3.mockwebserver.MockWebServer$3 processOneRequest
INFO: MockWebServer[60701] received request: GET /api/v1/namespaces/entando/configmaps/entando-docker-image-info-v6.3 HTTP/1.1 and responded: HTTP/1.1 200 OK
Feb 03, 2021 1:32:17 PM okhttp3.mockwebserver.MockWebServer$3 processOneRequest
INFO: MockWebServer[60701] received request: GET /api/v1/namespaces/entando-k8s-composite-app-controller-carcpr15 HTTP/1.1 and responded: HTTP/1.1 404 Client Error
Feb 03, 2021 1:32:17 PM okhttp3.mockwebserver.MockWebServer$3 processOneRequest
INFO: MockWebServer[60701] received request: GET /apis/entando.org/v1/namespaces/default/entandokeycloakservers HTTP/1.1 and responded: HTTP/1.1 200 OK
Feb 03, 2021 1:32:18 PM okhttp3.mockwebserver.MockWebServer$3 processOneRequest
INFO: MockWebServer[60701] received request: GET /api/v1/namespaces/entando-k8s-composite-app-controller-carcpr15 HTTP/1.1 and responded: HTTP/1.1 404 Client Error
Feb 03, 2021 1:32:18 PM okhttp3.mockwebserver.MockWebServer$3 processOneRequest
INFO: MockWebServer[60701] received request: GET /apis/entando.org/v1/namespaces/default/entandokeycloakservers HTTP/1.1 and responded: HTTP/1.1 200 OK
Feb 03, 2021 1:32:18 PM okhttp3.mockwebserver.MockWebServer$3 processOneRequest
INFO: MockWebServer[60701] received request: GET /apis/entando.org/v1/namespaces/entando-k8s-composite-app-controller-carcpr15/entandokeycloakservers/test-keycloak-carcpr15 HTTP/1.1 and responded: HTTP/1.1 404 Client Error
Feb 03, 2021 1:32:18 PM okhttp3.mockwebserver.MockWebServer$3 processOneRequest
INFO: MockWebServer[60701] received request: POST /apis/entando.org/v1/namespaces/entando-k8s-composite-app-controller-carcpr15/entandokeycloakservers HTTP/1.1 and responded: HTTP/1.1 202 OK
Feb 03, 2021 1:32:18 PM okhttp3.mockwebserver.MockWebServer$3 processOneRequest
INFO: MockWebServer[60701] received request: GET /api/v1/namespaces/entando-k8s-composite-app-controller-carcpr15/pods?labelSelector=EntandoResourceNamespace%3Dentando-k8s-composite-app-controller-carcpr15%2CEntandoResourceKind%3DEntandoKeycloakServer%2CEntandoKeycloakServer%3Dtest-keycloak-carcpr15 HTTP/1.1 and responded: HTTP/1.1 200 OK
Feb 03, 2021 1:32:18 PM okhttp3.mockwebserver.MockWebServer$3 processOneRequest
INFO: MockWebServer[60701] received request: GET /api/v1/namespaces/entando-k8s-composite-app-controller-carcpr15/pods?labelSelector=EntandoResourceNamespace%3Dentando-k8s-composite-app-controller-carcpr15%2CEntandoResourceKind%3DEntandoKeycloakServer%2CEntandoKeycloakServer%3Dtest-keycloak-carcpr15&watch=**** HTTP/1.1 and responded: HTTP/1.1 200 OK
Feb 03, 2021 1:32:18 PM okhttp3.mockwebserver.MockWebServer$3 processOneRequest
INFO: MockWebServer[60701] received request: GET /api/v1/namespaces/entando-k8s-composite-app-controller-carcpr15/pods?labelSelector=EntandoResourceNamespace%3Dentando-k8s-composite-app-controller-carcpr15%2CEntandoResourceKind%3DEntandoKeycloakServer%2CEntandoKeycloakServer%3Dtest-keycloak-carcpr15&watch=**** HTTP/1.1 and responded: HTTP/1.1 200 OK
Feb 03, 2021 1:32:18 PM okhttp3.mockwebserver.MockWebServer$3 processOneRequest
INFO: MockWebServer[60701] received request: GET /api/v1/namespaces/entando-k8s-composite-app-controller-carcpr15/pods?labelSelector=EntandoResourceNamespace%3Dentando-k8s-composite-app-controller-carcpr15%2CEntandoResourceKind%3DEntandoKeycloakServer%2CEntandoKeycloakServer%3Dtest-keycloak-carcpr15 HTTP/1.1 and responded: HTTP/1.1 200 OK
Feb 03, 2021 1:32:18 PM io.fabric8.kubernetes.client.dsl.internal.WatchHTTPManager$1 onResponse
INFO: Watch terminated unexpectedly. reason: \n not found: limit=46 content=7b2261706956657273696f6e223a227631222c226b696e64223a224c69737422â€¦
Feb 03, 2021 1:32:18 PM okhttp3.mockwebserver.MockWebServer$3 processOneRequest
INFO: MockWebServer[60701] received request: GET /api/v1/namespaces/entando-k8s-composite-app-controller-carcpr15/pods?labelSelector=EntandoResourceNamespace%3Dentando-k8s-composite-app-controller-carcpr15%2CEntandoResourceKind%3DEntandoKeycloakServer%2CEntandoKeycloakServer%3Dtest-keycloak-carcpr15 HTTP/1.1 and responded: HTTP/1.1 200 OK
Feb 03, 2021 1:32:19 PM okhttp3.mockwebserver.MockWebServer$3 processOneRequest
INFO: MockWebServer[60701] received request: GET /api/v1/namespaces/entando-k8s-composite-app-controller-carcpr15/pods?labelSelector=EntandoResourceNamespace%3Dentando-k8s-composite-app-controller-carcpr15%2CEntandoResourceKind%3DEntandoKeycloakServer%2CEntandoKeycloakServer%3Dtest-keycloak-carcpr15&watch=**** HTTP/1.1 and responded: HTTP/1.1 200 OK
Feb 03, 2021 1:32:19 PM io.fabric8.kubernetes.client.dsl.internal.WatchHTTPManager$1 onResponse
INFO: Watch terminated unexpectedly. reason: \n not found: limit=46 content=7b2261706956657273696f6e223a227631222c226b696e64223a224c69737422â€¦
Feb 03, 2021 1:32:19 PM io.fabric8.kubernetes.client.dsl.internal.WatchHTTPManager scheduleReconnect
WARN: Ignoring error for already closed/closing connection
Feb 03, 2021 1:32:19 PM okhttp3.mockwebserver.MockWebServer$3 processOneRequest
INFO: MockWebServer[60701] received request: GET /api/v1/namespaces/entando-k8s-composite-app-controller-carcpr15/secrets/test-keycloak-carcpr15-controller-ca-cert-secret HTTP/1.1 and responded: HTTP/1.1 404 Client Error
Feb 03, 2021 1:32:19 PM okhttp3.mockwebserver.MockWebServer$3 processOneRequest
INFO: MockWebServer[60701] received request: POST /api/v1/namespaces/entando-k8s-composite-app-controller-carcpr15/secrets HTTP/1.1 and responded: HTTP/1.1 202 OK
Feb 03, 2021 1:32:19 PM okhttp3.mockwebserver.MockWebServer$3 processOneRequest
INFO: MockWebServer[60701] received request: POST /api/v1/namespaces/entando-k8s-composite-app-controller-carcpr15/pods HTTP/1.1 and responded: HTTP/1.1 202 OK
Feb 03, 2021 1:32:19 PM okhttp3.mockwebserver.MockWebServer$3 processOneRequest
INFO: MockWebServer[60701] received request: GET /api/v1/namespaces/entando-k8s-composite-app-controller-carcpr15/pods?labelSelector=EntandoKeycloakServer%3Dtest-keycloak-carcpr15 HTTP/1.1 and responded: HTTP/1.1 200 OK
Feb 03, 2021 1:32:19 PM okhttp3.mockwebserver.MockWebServer$3 processOneRequest
INFO: MockWebServer[60701] received request: GET /api/v1/namespaces/entando-k8s-composite-app-controller-carcpr15/pods?fieldSelector=metadata.name%3Dtest-keycloak-carcpr15-deployer-2801&watch=**** HTTP/1.1 and responded: HTTP/1.1 200 OK
Feb 03, 2021 1:32:20 PM okhttp3.mockwebserver.MockWebServer$3 processOneRequest
INFO: MockWebServer[60701] received request: GET /api/v1/namespaces/entando-k8s-composite-app-controller-carcpr15/pods?fieldSelector=metadata.name%3Dtest-keycloak-carcpr15-deployer-2801&watch=**** HTTP/1.1 and responded: HTTP/1.1 200 OK
Feb 03, 2021 1:32:20 PM okhttp3.mockwebserver.MockWebServer$3 processOneRequest
INFO: MockWebServer[60701] received request: POST /api/v1/namespaces/entando-k8s-composite-app-controller-carcpr15/events HTTP/1.1 and responded: HTTP/1.1 202 OK
Feb 03, 2021 1:32:20 PM io.fabric8.kubernetes.client.dsl.internal.WatchHTTPManager$1 onResponse
INFO: Watch terminated unexpectedly. reason: \n not found: limit=2640 content=7b2261706956657273696f6e223a227631222c226b696e64223a224c69737422â€¦
Feb 03, 2021 1:32:20 PM io.fabric8.kubernetes.client.dsl.internal.WatchHTTPManager scheduleReconnect
WARN: Ignoring error for already closed/closing connection
Feb 03, 2021 1:32:20 PM okhttp3.mockwebserver.MockWebServer$3 processOneRequest
INFO: MockWebServer[60701] received request: GET /apis/entando.org/v1/namespaces/entando-k8s-composite-app-controller-carcpr15/entandocompositeapps/my-app-carcpr15 HTTP/1.1 and responded: HTTP/1.1 200 OK
Feb 03, 2021 1:32:20 PM okhttp3.mockwebserver.MockWebServer$3 processOneRequest
INFO: MockWebServer[60701] received request: PUT /apis/entando.org/v1/namespaces/entando-k8s-composite-app-controller-carcpr15/entandocompositeapps/my-app-carcpr15/status HTTP/1.1 and responded: HTTP/1.1 202 OK
Feb 03, 2021 1:32:20 PM okhttp3.mockwebserver.MockWebServer$3 processOneRequest
INFO: MockWebServer[60701] received request: GET /apis/entando.org/v1/namespaces/entando-k8s-composite-app-controller-carcpr15/entandoplugins/test-plugin-carcpr15 HTTP/1.1 and responded: HTTP/1.1 200 OK
Feb 03, 2021 1:32:20 PM okhttp3.mockwebserver.MockWebServer$3 processOneRequest
INFO: MockWebServer[60701] received request: GET /apis/entando.org/v1/namespaces/entando-k8s-composite-app-controller-carcpr15/entandoplugins/test-plugin-carcpr15 HTTP/1.1 and responded: HTTP/1.1 200 OK
Feb 03, 2021 1:32:20 PM okhttp3.mockwebserver.MockWebServer$3 processOneRequest
INFO: MockWebServer[60701] received request: GET /apis/entando.org/v1/namespaces/entando-k8s-composite-app-controller-carcpr15/entandoplugins/test-plugin-carcpr15 HTTP/1.1 and responded: HTTP/1.1 200 OK
Feb 03, 2021 1:32:20 PM okhttp3.mockwebserver.MockWebServer$3 processOneRequest
INFO: MockWebServer[60701] received request: PATCH /apis/entando.org/v1/namespaces/entando-k8s-composite-app-controller-carcpr15/entandoplugins/test-plugin-carcpr15 HTTP/1.1 and responded: HTTP/1.1 202 OK
Feb 03, 2021 1:32:20 PM okhttp3.mockwebserver.MockWebServer$3 processOneRequest
INFO: MockWebServer[60701] received request: GET /api/v1/namespaces/entando-k8s-composite-app-controller-carcpr15/pods?labelSelector=EntandoPlugin%3Dtest-plugin-carcpr15%2CEntandoResourceNamespace%3Dentando-k8s-composite-app-controller-carcpr15%2CEntandoResourceKind%3DEntandoPlugin HTTP/1.1 and responded: HTTP/1.1 200 OK
Feb 03, 2021 1:32:20 PM okhttp3.mockwebserver.MockWebServer$3 processOneRequest
INFO: MockWebServer[60701] received request: GET /api/v1/namespaces/entando-k8s-composite-app-controller-carcpr15/pods?labelSelector=EntandoPlugin%3Dtest-plugin-carcpr15%2CEntandoResourceNamespace%3Dentando-k8s-composite-app-controller-carcpr15%2CEntandoResourceKind%3DEntandoPlugin&watch=**** HTTP/1.1 and responded: HTTP/1.1 200 OK
Feb 03, 2021 1:32:20 PM okhttp3.mockwebserver.MockWebServer$3 processOneRequest
INFO: MockWebServer[60701] received request: GET /api/v1/namespaces/entando-k8s-composite-app-controller-carcpr15/pods?labelSelector=EntandoPlugin%3Dtest-plugin-carcpr15%2CEntandoResourceNamespace%3Dentando-k8s-composite-app-controller-carcpr15%2CEntandoResourceKind%3DEntandoPlugin HTTP/1.1 and responded: HTTP/1.1 200 OK
Feb 03, 2021 1:32:20 PM io.fabric8.kubernetes.client.dsl.internal.WatchHTTPManager$1 onResponse
INFO: Watch terminated unexpectedly. reason: \n not found: limit=46 content=7b2261706956657273696f6e223a227631222c226b696e64223a224c69737422â€¦
Feb 03, 2021 1:32:20 PM okhttp3.mockwebserver.MockWebServer$3 processOneRequest
INFO: MockWebServer[60701] received request: GET /api/v1/namespaces/entando-k8s-composite-app-controller-carcpr15/pods?labelSelector=EntandoPlugin%3Dtest-plugin-carcpr15%2CEntandoResourceNamespace%3Dentando-k8s-composite-app-controller-carcpr15%2CEntandoResourceKind%3DEntandoPlugin&watch=**** HTTP/1.1 and responded: HTTP/1.1 200 OK
Feb 03, 2021 1:32:20 PM okhttp3.mockwebserver.MockWebServer$3 processOneRequest
INFO: MockWebServer[60701] received request: GET /api/v1/namespaces/entando-k8s-composite-app-controller-carcpr15/pods?labelSelector=EntandoPlugin%3Dtest-plugin-carcpr15%2CEntandoResourceNamespace%3Dentando-k8s-composite-app-controller-carcpr15%2CEntandoResourceKind%3DEntandoPlugin HTTP/1.1 and responded: HTTP/1.1 200 OK
Feb 03, 2021 1:32:21 PM okhttp3.mockwebserver.MockWebServer$3 processOneRequest
INFO: MockWebServer[60701] received request: GET /api/v1/namespaces/entando-k8s-composite-app-controller-carcpr15/pods?labelSelector=EntandoPlugin%3Dtest-plugin-carcpr15%2CEntandoResourceNamespace%3Dentando-k8s-composite-app-controller-carcpr15%2CEntandoResourceKind%3DEntandoPlugin&watch=**** HTTP/1.1 and responded: HTTP/1.1 200 OK
Feb 03, 2021 1:32:21 PM io.fabric8.kubernetes.client.dsl.internal.WatchHTTPManager$1 onResponse
INFO: Watch terminated unexpectedly. reason: \n not found: limit=46 content=7b2261706956657273696f6e223a227631222c226b696e64223a224c69737422â€¦
Feb 03, 2021 1:32:21 PM io.fabric8.kubernetes.client.dsl.internal.WatchHTTPManager scheduleReconnect
WARN: Ignoring error for already closed/closing connection
Feb 03, 2021 1:32:21 PM okhttp3.mockwebserver.MockWebServer$3 processOneRequest
INFO: MockWebServer[60701] received request: GET /api/v1/namespaces/entando-k8s-composite-app-controller-carcpr15/secrets/test-plugin-carcpr15-controller-ca-cert-secret HTTP/1.1 and responded: HTTP/1.1 404 Client Error
Feb 03, 2021 1:32:21 PM okhttp3.mockwebserver.MockWebServer$3 processOneRequest
INFO: MockWebServer[60701] received request: POST /api/v1/namespaces/entando-k8s-composite-app-controller-carcpr15/secrets HTTP/1.1 and responded: HTTP/1.1 202 OK
Feb 03, 2021 1:32:22 PM okhttp3.mockwebserver.MockWebServer$3 processOneRequest
INFO: MockWebServer[60701] received request: POST /api/v1/namespaces/entando-k8s-composite-app-controller-carcpr15/pods HTTP/1.1 and responded: HTTP/1.1 202 OK
Feb 03, 2021 1:32:22 PM okhttp3.mockwebserver.MockWebServer$3 processOneRequest
INFO: MockWebServer[60701] received request: GET /api/v1/namespaces/entando-k8s-composite-app-controller-carcpr15/pods?labelSelector=EntandoPlugin%3Dtest-plugin-carcpr15 HTTP/1.1 and responded: HTTP/1.1 200 OK
Feb 03, 2021 1:32:22 PM okhttp3.mockwebserver.MockWebServer$3 processOneRequest
INFO: MockWebServer[60701] received request: GET /api/v1/namespaces/entando-k8s-composite-app-controller-carcpr15/pods?fieldSelector=metadata.name%3Dtest-plugin-carcpr15-deployer-8250&watch=**** HTTP/1.1 and responded: HTTP/1.1 200 OK
Feb 03, 2021 1:32:22 PM okhttp3.mockwebserver.MockWebServer$3 processOneRequest
INFO: MockWebServer[60701] received request: GET /api/v1/namespaces/entando-k8s-composite-app-controller-carcpr15/pods?fieldSelector=metadata.name%3Dtest-plugin-carcpr15-deployer-8250&watch=**** HTTP/1.1 and responded: HTTP/1.1 200 OK
Feb 03, 2021 1:32:22 PM io.fabric8.kubernetes.client.dsl.internal.WatchHTTPManager$1 onResponse
INFO: Watch terminated unexpectedly. reason: \n not found: limit=5209 content=7b2261706956657273696f6e223a227631222c226b696e64223a224c69737422â€¦
Feb 03, 2021 1:32:22 PM io.fabric8.kubernetes.client.dsl.internal.WatchHTTPManager scheduleReconnect
WARN: Ignoring error for already closed/closing connection
Feb 03, 2021 1:32:22 PM okhttp3.mockwebserver.MockWebServer$3 processOneRequest
INFO: MockWebServer[60701] received request: POST /api/v1/namespaces/entando-k8s-composite-app-controller-carcpr15/events HTTP/1.1 and responded: HTTP/1.1 202 OK
Feb 03, 2021 1:32:22 PM okhttp3.mockwebserver.MockWebServer$3 processOneRequest
INFO: MockWebServer[60701] received request: GET /apis/entando.org/v1/namespaces/entando-k8s-composite-app-controller-carcpr15/entandocompositeapps/my-app-carcpr15 HTTP/1.1 and responded: HTTP/1.1 200 OK
Feb 03, 2021 1:32:22 PM okhttp3.mockwebserver.MockWebServer$3 processOneRequest
INFO: MockWebServer[60701] received request: PUT /apis/entando.org/v1/namespaces/entando-k8s-composite-app-controller-carcpr15/entandocompositeapps/my-app-carcpr15/status HTTP/1.1 and responded: HTTP/1.1 202 OK
Feb 03, 2021 1:32:22 PM org.entando.kubernetes.compositeapp.controller.EntandoCompositeAppController logFailure
SEVERE: Unexpected exception occurred while adding EntandoPlugin entando-k8s-composite-app-controller-carcpr15/test-plugin-carcpr15
Feb 03, 2021 1:32:22 PM org.entando.kubernetes.controller.support.controller.AbstractDbAwareController performSync
SEVERE: Unexpected exception occurred while adding EntandoCompositeApp entando-k8s-composite-app-controller-carcpr15/my-app-carcpr15
org.entando.kubernetes.controller.support.controller.EntandoControllerException: Unexpected exception occurred while adding EntandoPlugin entando-k8s-composite-app-controller-carcpr15/test-plugin-carcpr15
	at org.entando.kubernetes.compositeapp.controller.EntandoCompositeAppController.synchronizeDeploymentState(EntandoCompositeAppController.java:92)
	at org.entando.kubernetes.compositeapp.controller.EntandoCompositeAppController.synchronizeDeploymentState(EntandoCompositeAppController.java:53)
	at org.entando.kubernetes.controller.support.controller.AbstractDbAwareController.performSync(AbstractDbAwareController.java:157)
	at org.entando.kubernetes.controller.support.controller.AbstractDbAwareController.processCommand(AbstractDbAwareController.java:129)
	at org.entando.kubernetes.compositeapp.controller.EntandoCompositeAppController.onStartup(EntandoCompositeAppController.java:77)
	at org.entando.kubernetes.compositeapp.controller.inprocesstests.CompositeAppControllerMockedTest.startController(CompositeAppControllerMockedTest.java:129)
	at org.entando.kubernetes.compositeapp.controller.inprocesstests.CompositeAppControllerMockedTest.performCreate(CompositeAppControllerMockedTest.java:96)
	at org.entando.kubernetes.compositeapp.controller.AbstractCompositeAppControllerTest.testE**cuteControllerPod(AbstractCompositeAppControllerTest.java:134)
	at org.entando.kubernetes.compositeapp.controller.inprocesstests.CompositeAppControllerMockedTest.testFailure(CompositeAppControllerMockedTest.java:116)
	at java.base/jdk.internal.reflect.NativeMethodAccessorImpl.invoke0(Native Method)
	at java.base/jdk.internal.reflect.NativeMethodAccessorImpl.invoke(NativeMethodAccessorImpl.java:62)
	at java.base/jdk.internal.reflect.DelegatingMethodAccessorImpl.invoke(DelegatingMethodAccessorImpl.java:43)
	at java.base/java.lang.reflect.Method.invoke(Method.java:566)
	at org.junit.platform.commons.util.ReflectionUtils.invokeMethod(ReflectionUtils.java:688)
	at org.junit.jupiter.engine.e**cution.MethodInvocation.proceed(MethodInvocation.java:60)
	at org.junit.jupiter.engine.e**cution.InvocationInterceptorChain$ValidatingInvocation.proceed(InvocationInterceptorChain.java:131)
	at org.junit.jupiter.engine.extension.TimeoutExtension.intercept(TimeoutExtension.java:149)
	at org.junit.jupiter.engine.extension.TimeoutExtension.interceptTestableMethod(TimeoutExtension.java:140)
	at org.junit.jupiter.engine.extension.TimeoutExtension.interceptTestMethod(TimeoutExtension.java:84)
	at org.junit.jupiter.engine.e**cution.E**cutableInvoker$ReflectiveInterceptorCall.lambda$ofVoidMethod$0(E**cutableInvoker.java:115)
	at org.junit.jupiter.engine.e**cution.E**cutableInvoker.lambda$invoke$0(E**cutableInvoker.java:105)
	at org.junit.jupiter.engine.e**cution.InvocationInterceptorChain$InterceptedInvocation.proceed(InvocationInterceptorChain.java:106)
	at org.junit.jupiter.engine.e**cution.InvocationInterceptorChain.proceed(InvocationInterceptorChain.java:64)
	at org.junit.jupiter.engine.e**cution.InvocationInterceptorChain.chainAndInvoke(InvocationInterceptorChain.java:45)
	at org.junit.jupiter.engine.e**cution.InvocationInterceptorChain.invoke(InvocationInterceptorChain.java:37)
	at org.junit.jupiter.engine.e**cution.E**cutableInvoker.invoke(E**cutableInvoker.java:104)
	at org.junit.jupiter.engine.e**cution.E**cutableInvoker.invoke(E**cutableInvoker.java:98)
	at org.junit.jupiter.engine.descriptor.TestMethodTestDescriptor.lambda$invokeTestMethod$6(TestMethodTestDescriptor.java:210)
	at org.junit.platform.engine.support.hierarchical.ThrowableCollector.e**cute(ThrowableCollector.java:73)
	at org.junit.jupiter.engine.descriptor.TestMethodTestDescriptor.invokeTestMethod(TestMethodTestDescriptor.java:206)
	at org.junit.jupiter.engine.descriptor.TestMethodTestDescriptor.e**cute(TestMethodTestDescriptor.java:131)
	at org.junit.jupiter.engine.descriptor.TestMethodTestDescriptor.e**cute(TestMethodTestDescriptor.java:65)
	at org.junit.platform.engine.support.hierarchical.NodeTestTask.lambda$e**cuteRecursively$5(NodeTestTask.java:139)
	at org.junit.platform.engine.support.hierarchical.ThrowableCollector.e**cute(ThrowableCollector.java:73)
	at org.junit.platform.engine.support.hierarchical.NodeTestTask.lambda$e**cuteRecursively$7(NodeTestTask.java:129)
	at org.junit.platform.engine.support.hierarchical.Node.around(Node.java:137)
	at org.junit.platform.engine.support.hierarchical.NodeTestTask.lambda$e**cuteRecursively$8(NodeTestTask.java:127)
	at org.junit.platform.engine.support.hierarchical.ThrowableCollector.e**cute(ThrowableCollector.java:73)
	at org.junit.platform.engine.support.hierarchical.NodeTestTask.e**cuteRecursively(NodeTestTask.java:126)
	at org.junit.platform.engine.support.hierarchical.NodeTestTask.e**cute(NodeTestTask.java:84)
	at java.base/java.util.ArrayList.forEach(ArrayList.java:1540)
	at org.junit.platform.engine.support.hierarchical.SameThreadHierarchicalTestE**cutorService.invokeAll(SameThreadHierarchicalTestE**cutorService.java:38)
	at org.junit.platform.engine.support.hierarchical.NodeTestTask.lambda$e**cuteRecursively$5(NodeTestTask.java:143)
	at org.junit.platform.engine.support.hierarchical.ThrowableCollector.e**cute(ThrowableCollector.java:73)
	at org.junit.platform.engine.support.hierarchical.NodeTestTask.lambda$e**cuteRecursively$7(NodeTestTask.java:129)
	at org.junit.platform.engine.support.hierarchical.Node.around(Node.java:137)
	at org.junit.platform.engine.support.hierarchical.NodeTestTask.lambda$e**cuteRecursively$8(NodeTestTask.java:127)
	at org.junit.platform.engine.support.hierarchical.ThrowableCollector.e**cute(ThrowableCollector.java:73)
	at org.junit.platform.engine.support.hierarchical.NodeTestTask.e**cuteRecursively(NodeTestTask.java:126)
	at org.junit.platform.engine.support.hierarchical.NodeTestTask.e**cute(NodeTestTask.java:84)
	at java.base/java.util.ArrayList.forEach(ArrayList.java:1540)
	at org.junit.platform.engine.support.hierarchical.SameThreadHierarchicalTestE**cutorService.invokeAll(SameThreadHierarchicalTestE**cutorService.java:38)
	at org.junit.platform.engine.support.hierarchical.NodeTestTask.lambda$e**cuteRecursively$5(NodeTestTask.java:143)
	at org.junit.platform.engine.support.hierarchical.ThrowableCollector.e**cute(ThrowableCollector.java:73)
	at org.junit.platform.engine.support.hierarchical.NodeTestTask.lambda$e**cuteRecursively$7(NodeTestTask.java:129)
	at org.junit.platform.engine.support.hierarchical.Node.around(Node.java:137)
	at org.junit.platform.engine.support.hierarchical.NodeTestTask.lambda$e**cuteRecursively$8(NodeTestTask.java:127)
	at org.junit.platform.engine.support.hierarchical.ThrowableCollector.e**cute(ThrowableCollector.java:73)
	at org.junit.platform.engine.support.hierarchical.NodeTestTask.e**cuteRecursively(NodeTestTask.java:126)
	at org.junit.platform.engine.support.hierarchical.NodeTestTask.e**cute(NodeTestTask.java:84)
	at org.junit.platform.engine.support.hierarchical.SameThreadHierarchicalTestE**cutorService.submit(SameThreadHierarchicalTestE**cutorService.java:32)
	at org.junit.platform.engine.support.hierarchical.HierarchicalTestE**cutor.e**cute(HierarchicalTestE**cutor.java:57)
	at org.junit.platform.engine.support.hierarchical.HierarchicalTestEngine.e**cute(HierarchicalTestEngine.java:51)
	at org.junit.platform.launcher.core.EngineE**cutionOrchestrator.e**cute(EngineE**cutionOrchestrator.java:108)
	at org.junit.platform.launcher.core.EngineE**cutionOrchestrator.e**cute(EngineE**cutionOrchestrator.java:88)
	at org.junit.platform.launcher.core.EngineE**cutionOrchestrator.lambda$e**cute$0(EngineE**cutionOrchestrator.java:54)
	at org.junit.platform.launcher.core.EngineE**cutionOrchestrator.withInterceptedStreams(EngineE**cutionOrchestrator.java:67)
	at org.junit.platform.launcher.core.EngineE**cutionOrchestrator.e**cute(EngineE**cutionOrchestrator.java:52)
	at org.junit.platform.launcher.core.DefaultLauncher.e**cute(DefaultLauncher.java:96)
	at org.junit.platform.launcher.core.DefaultLauncher.e**cute(DefaultLauncher.java:75)
	at org.apache.maven.surefire.junitplatform.JUnitPlatformProvider.invokeAllTests(JUnitPlatformProvider.java:142)
	at org.apache.maven.surefire.junitplatform.JUnitPlatformProvider.invoke(JUnitPlatformProvider.java:117)
	at org.apache.maven.surefire.booter.ForkedBooter.invokeProviderInSameClassLoader(ForkedBooter.java:384)
	at org.apache.maven.surefire.booter.ForkedBooter.runSuitesInProcess(ForkedBooter.java:345)
	at org.apache.maven.surefire.booter.ForkedBooter.e**cute(ForkedBooter.java:126)
	at org.apache.maven.surefire.booter.ForkedBooter.main(ForkedBooter.java:418)

Feb 03, 2021 1:32:22 PM okhttp3.mockwebserver.MockWebServer$3 processOneRequest
INFO: MockWebServer[60701] received request: POST /api/v1/namespaces/entando-k8s-composite-app-controller-carcpr15/events HTTP/1.1 and responded: HTTP/1.1 202 OK
Feb 03, 2021 1:32:22 PM okhttp3.mockwebserver.MockWebServer$3 processOneRequest
INFO: MockWebServer[60701] received request: GET /apis/entando.org/v1/namespaces/entando-k8s-composite-app-controller-carcpr15/entandocompositeapps/my-app-carcpr15 HTTP/1.1 and responded: HTTP/1.1 200 OK
Feb 03, 2021 1:32:22 PM okhttp3.mockwebserver.MockWebServer$3 processOneRequest
INFO: MockWebServer[60701] received request: PUT /apis/entando.org/v1/namespaces/entando-k8s-composite-app-controller-carcpr15/entandocompositeapps/my-app-carcpr15/status HTTP/1.1 and responded: HTTP/1.1 202 OK
Feb 03, 2021 1:32:22 PM okhttp3.mockwebserver.MockWebServer$3 processOneRequest
INFO: MockWebServer[60701] received request: GET /api/v1/namespaces/entando-k8s-composite-app-controller-carcpr15/pods?labelSelector=EntandoResourceKind%3DEntandoKeycloakServer%2CEntandoKeycloakServer%3Dtest-keycloak-carcpr15 HTTP/1.1 and responded: HTTP/1.1 200 OK
Feb 03, 2021 1:32:22 PM okhttp3.mockwebserver.MockWebServer$3 processOneRequest
INFO: MockWebServer[60701] received request: GET /api/v1/namespaces/entando-k8s-composite-app-controller-carcpr15/pods?labelSelector=EntandoResourceKind%3DEntandoKeycloakServer%2CEntandoKeycloakServer%3Dtest-keycloak-carcpr15 HTTP/1.1 and responded: HTTP/1.1 200 OK
Feb 03, 2021 1:32:22 PM okhttp3.mockwebserver.MockWebServer$3 processOneRequest
INFO: MockWebServer[60701] received request: GET /api/v1/namespaces/entando-k8s-composite-app-controller-carcpr15 HTTP/1.1 and responded: HTTP/1.1 404 Client Error
Feb 03, 2021 1:32:23 PM okhttp3.mockwebserver.MockWebServer$3 processOneRequest
INFO: MockWebServer[60701] received request: GET /apis/entando.org/v1/namespaces/default/entandokeycloakservers HTTP/1.1 and responded: HTTP/1.1 200 OK
Feb 03, 2021 1:32:23 PM okhttp3.mockwebserver.MockWebServer$3 processOneRequest
INFO: MockWebServer[60701] received request: GET /api/v1/namespaces/entando-k8s-composite-app-controller-carcpr15 HTTP/1.1 and responded: HTTP/1.1 404 Client Error
Feb 03, 2021 1:32:23 PM okhttp3.mockwebserver.MockWebServer$3 processOneRequest
INFO: MockWebServer[60701] received request: GET /apis/entando.org/v1/namespaces/default/entandokeycloakservers HTTP/1.1 and responded: HTTP/1.1 200 OK
Feb 03, 2021 1:32:23 PM okhttp3.mockwebserver.MockWebServer$3 processOneRequest
INFO: MockWebServer[60701] received request: GET /apis/entando.org/v1/namespaces/entando-k8s-composite-app-controller-carcpr15/entandokeycloakservers/test-keycloak-carcpr15 HTTP/1.1 and responded: HTTP/1.1 200 OK
Feb 03, 2021 1:32:23 PM okhttp3.mockwebserver.MockWebServer$3 processOneRequest
INFO: MockWebServer[60701] received request: GET /api/v1/namespaces/entando-k8s-composite-app-controller-carcpr15 HTTP/1.1 and responded: HTTP/1.1 404 Client Error
Feb 03, 2021 1:32:23 PM okhttp3.mockwebserver.MockWebServer$3 processOneRequest
INFO: MockWebServer[60701] received request: GET /apis/entando.org/v1/namespaces/default/entandocompositeapps HTTP/1.1 and responded: HTTP/1.1 200 OK
Feb 03, 2021 1:32:23 PM okhttp3.mockwebserver.MockWebServer$3 processOneRequest
INFO: MockWebServer[60701] received request: GET /api/v1/namespaces/entando-k8s-composite-app-controller-carcpr15 HTTP/1.1 and responded: HTTP/1.1 404 Client Error
Feb 03, 2021 1:32:23 PM okhttp3.mockwebserver.MockWebServer$3 processOneRequest
INFO: MockWebServer[60701] received request: GET /apis/entando.org/v1/namespaces/default/entandocompositeapps HTTP/1.1 and responded: HTTP/1.1 200 OK
Feb 03, 2021 1:32:23 PM okhttp3.mockwebserver.MockWebServer$3 processOneRequest
INFO: MockWebServer[60701] received request: GET /apis/entando.org/v1/namespaces/entando-k8s-composite-app-controller-carcpr15/entandocompositeapps/my-app-carcpr15 HTTP/1.1 and responded: HTTP/1.1 200 OK
Feb 03, 2021 1:32:24 PM okhttp3.mockwebserver.MockWebServer$3 processOneRequest
INFO: MockWebServer[60701] received request: GET /api/v1/namespaces/entando-k8s-composite-app-controller-carcpr15/pods?labelSelector=EntandoPlugin%3Dtest-plugin-carcpr15%2CEntandoResourceKind%3DEntandoPlugin HTTP/1.1 and responded: HTTP/1.1 200 OK
Feb 03, 2021 1:32:24 PM okhttp3.mockwebserver.MockWebServer$3 processOneRequest
INFO: MockWebServer[60701] received request: GET /api/v1/namespaces/entando-k8s-composite-app-controller-carcpr15/pods?labelSelector=EntandoPlugin%3Dtest-plugin-carcpr15%2CEntandoResourceKind%3DEntandoPlugin HTTP/1.1 and responded: HTTP/1.1 200 OK
Feb 03, 2021 1:32:24 PM okhttp3.mockwebserver.MockWebServer$3 processOneRequest
INFO: MockWebServer[60701] received request: GET /api/v1/namespaces/entando-k8s-composite-app-controller-carcpr15 HTTP/1.1 and responded: HTTP/1.1 404 Client Error
Feb 03, 2021 1:32:24 PM okhttp3.mockwebserver.MockWebServer$3 processOneRequest
INFO: MockWebServer[60701] received request: GET /apis/entando.org/v1/namespaces/default/entandoplugins HTTP/1.1 and responded: HTTP/1.1 200 OK
Feb 03, 2021 1:32:24 PM okhttp3.mockwebserver.MockWebServer$3 processOneRequest
INFO: MockWebServer[60701] received request: GET /api/v1/namespaces/entando-k8s-composite-app-controller-carcpr15 HTTP/1.1 and responded: HTTP/1.1 404 Client Error
Feb 03, 2021 1:32:24 PM okhttp3.mockwebserver.MockWebServer$3 processOneRequest
INFO: MockWebServer[60701] received request: GET /apis/entando.org/v1/namespaces/default/entandoplugins HTTP/1.1 and responded: HTTP/1.1 200 OK
Feb 03, 2021 1:32:24 PM okhttp3.mockwebserver.MockWebServer$3 processOneRequest
INFO: MockWebServer[60701] received request: GET /apis/entando.org/v1/namespaces/entando-k8s-composite-app-controller-carcpr15/entandoplugins/test-plugin-carcpr15 HTTP/1.1 and responded: HTTP/1.1 200 OK
Feb 03, 2021 1:32:24 PM okhttp3.mockwebserver.MockWebServer$3 processOneRequest
INFO: MockWebServer[60701] received request: GET /apis/entando.org/v1/namespaces/entando-k8s-composite-app-controller-carcpr15/entandocompositeapps/my-app-carcpr15 HTTP/1.1 and responded: HTTP/1.1 200 OK
Feb 03, 2021 1:32:24 PM okhttp3.mockwebserver.MockWebServer$3 processOneRequest
INFO: MockWebServer[60701] received request: GET /apis/entando.org/v1/namespaces/entando-k8s-composite-app-controller-carcpr15/entandocompositeapps/my-app-carcpr15 HTTP/1.1 and responded: HTTP/1.1 200 OK
Feb 03, 2021 1:32:24 PM okhttp3.mockwebserver.MockWebServer$3 processOneRequest
INFO: MockWebServer[60701] received request: GET /apis/entando.org/v1/namespaces/entando-k8s-composite-app-controller-carcpr15/entandocompositeapps/my-app-carcpr15 HTTP/1.1 and responded: HTTP/1.1 200 OK
Feb 03, 2021 1:32:25 PM okhttp3.mockwebserver.MockWebServer$3 processOneRequest
INFO: MockWebServer[60701] received request: GET /api/v1/namespaces/entando-k8s-composite-app-controller-carcpr15 HTTP/1.1 and responded: HTTP/1.1 404 Client Error
Feb 03, 2021 1:32:25 PM okhttp3.mockwebserver.MockWebServer$3 processOneRequest
INFO: MockWebServer[60701] received request: GET /apis/entando.org/v1/namespaces/default/entandocompositeapps HTTP/1.1 and responded: HTTP/1.1 200 OK
Feb 03, 2021 1:32:25 PM okhttp3.mockwebserver.MockWebServer$3 processOneRequest
INFO: MockWebServer[60701] received request: GET /api/v1/namespaces/entando-k8s-composite-app-controller-carcpr15 HTTP/1.1 and responded: HTTP/1.1 404 Client Error
Feb 03, 2021 1:32:25 PM okhttp3.mockwebserver.MockWebServer$3 processOneRequest
INFO: MockWebServer[60701] received request: GET /apis/entando.org/v1/namespaces/default/entandocompositeapps HTTP/1.1 and responded: HTTP/1.1 200 OK
Feb 03, 2021 1:32:25 PM okhttp3.mockwebserver.MockWebServer$3 processOneRequest
INFO: MockWebServer[60701] received request: GET /apis/entando.org/v1/namespaces/entando-k8s-composite-app-controller-carcpr15/entandocompositeapps/my-app-carcpr15 HTTP/1.1 and responded: HTTP/1.1 200 OK
Feb 03, 2021 1:32:25 PM okhttp3.mockwebserver.MockWebServer$2 acceptConnections
INFO: MockWebServer[60701] done accepting connections: Socket closed
[INFO] Tests run: 3, Failures: 0, Errors: 0, Skipped: 0, Time elapsed: 35.308 s - in org.entando.kubernetes.compositeapp.controller.inprocesstests.CompositeAppControllerMockedTest
[INFO] 
[INFO] Results:
[INFO] 
[INFO] Tests run: 3, Failures: 0, Errors: 0, Skipped: 0
[INFO] 
[INFO] 
[INFO] --- maven-jar-plugin:3.2.0:jar (default-jar) @ entando-k8s-composite-app-controller ---
[INFO] Building jar: /workspace/source/target/entando-k8s-composite-app-controller-0.0.0-SNAPSHOT-PR-15-15.jar
[INFO] 
[INFO] --- maven-jar-plugin:3.2.0:test-jar (build-test-jar) @ entando-k8s-composite-app-controller ---
[INFO] Building jar: /workspace/source/target/entando-k8s-composite-app-controller-0.0.0-SNAPSHOT-PR-15-15-tests.jar
[INFO] 
[INFO] --- maven-javadoc-plugin:3.2.0:jar (attach-javadocs) @ entando-k8s-composite-app-controller ---
[INFO] No previous run data found, generating javadoc.
[INFO] Building jar: /workspace/source/target/entando-k8s-composite-app-controller-0.0.0-SNAPSHOT-PR-15-15-javadoc.jar
[INFO] 
[INFO] --- license-maven-plugin:2.0.0:aggregate-download-licenses (download-licenses) @ entando-k8s-composite-app-controller ---
[INFO] skip flag is on, will skip goal.
[INFO] 
[INFO] --- quarkus-maven-plugin:1.2.0.Final:build (default) @ entando-k8s-composite-app-controller ---
[WARNING] [io.quarkus.creator.curator.Curator] These dependencies are not recommended:
	- javax.servlet:javax.servlet-api should be replaced by jakarta.servlet:jakarta.servlet-api
You might end up with two different versions of the same classes or with an artifact you shouldn't have in your classpath.
[INFO] [org.jboss.threads] JBoss Threads version 3.0.0.Final
[WARNING] [io.quarkus.deployment.steps.ReflectiveHierarchyStep] Unable to properly register the hierarchy of the following classes for reflection as they are not in the Jandex index:
	- org.entando.kubernetes.model.EntandoCustomResourceStatus
Consider adding them to the index either by creating a Jandex index for your dependency via the Maven plugin, an empty META-INF/beans.xml or quarkus.index-dependency properties.");.
[INFO] [io.quarkus.deployment.pkg.steps.JarResultBuildStep] Building thin jar: /workspace/source/target/entando-k8s-composite-app-controller-0.0.0-SNAPSHOT-PR-15-15-runner.jar
[INFO] [io.quarkus.deployment.QuarkusAugmentor] Quarkus augmentation completed in 2163ms
[INFO] 
[INFO] --- maven-surefire-report-plugin:3.0.0-M4:failsafe-report-only (integration-tests) @ entando-k8s-composite-app-controller ---
[INFO] 
[INFO] --- dependency-check-maven:6.0.3:aggregate (default) @ entando-k8s-composite-app-controller ---
[INFO] Checking for updates
[INFO] Skipping NVD check since last check was within 4 hours.
[INFO] Check for updates complete (129 ms)
[INFO] 

Dependency-Check is an open source tool performing a best effort analysis of 3rd party dependencies; false positives and false negatives may exist in the analysis performed by the tool. Use of the tool and the reporting provided constitutes acceptance for use in an AS IS condition, and there are NO warranties, implied or otherwise, with regard to the analysis or its use. Any use of the tool and the reporting provided is at the userâ€™s risk. In no event shall the copyright holder or OWASP be held liable for any damages whatsoever arising out of or in connection with the use of this tool, the analysis performed, or the resulting report.


[INFO] Analysis Started
[INFO] Finished Archive Analyzer (0 seconds)
[INFO] Finished File Name Analyzer (0 seconds)
[INFO] Finished Jar Analyzer (1 seconds)
[INFO] Finished Dependency Merging Analyzer (0 seconds)
[INFO] Finished Version Filter Analyzer (0 seconds)
[INFO] Finished Hint Analyzer (0 seconds)
[INFO] Created CPE Index (2 seconds)
[INFO] Finished CPE Analyzer (5 seconds)
[INFO] Finished False Positive Analyzer (0 seconds)
[INFO] Finished NVD CVE Analyzer (0 seconds)
[INFO] Finished Sonatype OSS Index Analyzer (2 seconds)
[INFO] Finished Vulnerability Suppression Analyzer (0 seconds)
[INFO] Finished Dependency Bundling Analyzer (0 seconds)
[INFO] Analysis Complete (9 seconds)
[INFO] 
[INFO] --- jacoco-maven-plugin:0.8.5:report (report) @ entando-k8s-composite-app-controller ---
[INFO] Loading e**cution data file /workspace/source/target/jacoco.e**c
[INFO] Analyzed bundle 'Entando K8S Composite App Controller' with 1 classes
[INFO] 
[INFO] --- maven-surefire-report-plugin:3.0.0-M4:report-only (unit-tests) @ entando-k8s-composite-app-controller ---
[WARNING] Unable to locate Test Source XRef to link to - DISABLED
[INFO] 
[INFO] --- maven-install-plugin:2.4:install (default-install) @ entando-k8s-composite-app-controller ---
[INFO] Installing /workspace/source/target/entando-k8s-composite-app-controller-0.0.0-SNAPSHOT-PR-15-15.jar to /home/jenkins/.mvnrepository/org/entando/entando-k8s-composite-app-controller/0.0.0-SNAPSHOT-PR-15-15/entando-k8s-composite-app-controller-0.0.0-SNAPSHOT-PR-15-15.jar
[INFO] Installing /workspace/source/pom.xml to /home/jenkins/.mvnrepository/org/entando/entando-k8s-composite-app-controller/0.0.0-SNAPSHOT-PR-15-15/entando-k8s-composite-app-controller-0.0.0-SNAPSHOT-PR-15-15.pom
[INFO] Installing /workspace/source/target/entando-k8s-composite-app-controller-0.0.0-SNAPSHOT-PR-15-15-tests.jar to /home/jenkins/.mvnrepository/org/entando/entando-k8s-composite-app-controller/0.0.0-SNAPSHOT-PR-15-15/entando-k8s-composite-app-controller-0.0.0-SNAPSHOT-PR-15-15-tests.jar
[INFO] Installing /workspace/source/target/entando-k8s-composite-app-controller-0.0.0-SNAPSHOT-PR-15-15-javadoc.jar to /home/jenkins/.mvnrepository/org/entando/entando-k8s-composite-app-controller/0.0.0-SNAPSHOT-PR-15-15/entando-k8s-composite-app-controller-0.0.0-SNAPSHOT-PR-15-15-javadoc.jar
[INFO] 
[INFO] --- maven-deploy-plugin:2.8.2:deploy (default-deploy) @ entando-k8s-composite-app-controller ---
[INFO] Using alternate deployment repository local-nexus::default::http://nexus/repository/maven-releases/
[INFO] 
[INFO] ----------< org.entando:entando-k8s-composite-app-controller >----------
[INFO] Building Entando K8S Composite App Controller 0.0.0-SNAPSHOT-PR-15-15
[INFO] --------------------------------[ jar ]---------------------------------
[INFO] 
[INFO] --- sonar-maven-plugin:3.8.0.2131:sonar (default-cli) @ entando-k8s-composite-app-controller ---
[INFO] User cache: /****/.sonar/cache
[INFO] SonarQube version: 8.5.0
[INFO] Default locale: "en_US", source code encoding: "UTF-8"
[INFO] Load global settings
[INFO] Load global settings (done) | time=235ms
[INFO] Server id: 1BD809FA-AWHW8ct9-T_TB3XqouNu
[INFO] User cache: /****/.sonar/cache
[INFO] Load/download plugins
[INFO] Load plugins index
[INFO] Load plugins index (done) | time=93ms
[INFO] Load/download plugins (done) | time=26260ms
[INFO] Loaded core extensions: developer-scanner
[INFO] JavaScript/TypeScript frontend is enabled
[INFO] Load project settings for component key: 'entando-k8s_entando-k8s-composite-app-controller'
[INFO] Load project settings for component key: 'entando-k8s_entando-k8s-composite-app-controller' (done) | time=36ms
[INFO] Process project properties
[INFO] E**cute project builders
[INFO] E**cute project builders (done) | time=2ms
[INFO] Project key: entando-k8s_entando-k8s-composite-app-controller
[INFO] Base dir: /workspace/source
[INFO] Working dir: /workspace/source/target/sonar
[INFO] Load project branches
[INFO] Load project branches (done) | time=25ms
[INFO] Check ALM binding of project 'entando-k8s_entando-k8s-composite-app-controller'
[INFO] Detected project binding: BOUND
[INFO] Check ALM binding of project 'entando-k8s_entando-k8s-composite-app-controller' (done) | time=24ms
[INFO] Load project pull requests
[INFO] Load project pull requests (done) | time=34ms
[INFO] Load branch configuration
[INFO] Load branch configuration (done) | time=544ms
[INFO] Load quality profiles
[INFO] Load quality profiles (done) | time=89ms
[INFO] Load active rules
[INFO] Load active rules (done) | time=1343ms
[INFO] Organization key: entando-k8s
[INFO] Pull request 15 for merge into master from ENG-1742_redhat_certification
[INFO] SCM collecting changed files in the branch
[WARNING] Exception caught during e**cution of command '[/usr/local/git/bin/git, config, --******, --edit]' in '/usr/local/git/bin', return code '128', error message 'fatal: Invalid path '/usr/local/git/etc': No such file or directory
'
[INFO] SCM collecting changed files in the branch (done) | time=344ms
[INFO] Indexing files...
[INFO] Project configuration:
[INFO] 7 files inde**d
[INFO] 0 files ignored because of scm ignore settings
[INFO] Quality profile for java: Sonar way
[INFO] Quality profile for xml: Sonar way
[INFO] ------------- Run sensors on module Entando K8S Composite App Controller
[INFO] JavaScript/TypeScript frontend is enabled
[INFO] Load metrics repository
[INFO] Load metrics repository (done) | time=33ms
[INFO] Sensor JavaSquidSensor [java]
[INFO] Configured Java source version (sonar.java.source): 8
[INFO] JavaClasspath initialization
[INFO] JavaClasspath initialization (done) | time=21ms
[INFO] JavaTestClasspath initialization
[INFO] JavaTestClasspath initialization (done) | time=2ms
[INFO] Java Main Files AST scan
[INFO] 1 source files to be analyzed
[INFO] 1/1 source files have been analyzed
[INFO] Java Main Files AST scan (done) | time=3541ms
[INFO] Java Test Files AST scan
[INFO] 5 source files to be analyzed
[INFO] 5/5 source files have been analyzed
[INFO] Java Test Files AST scan (done) | time=815ms
[INFO] Java Generated Files AST scan
[INFO] 0 source files to be analyzed
[INFO] Java Generated Files AST scan (done) | time=1ms
[INFO] Sensor JavaSquidSensor [java] (done) | time=4854ms
[INFO] Sensor SonarCSS Rules [cssfamily]
[INFO] 0/0 source files have been analyzed
[INFO] No CSS, PHP, HTML or VueJS files are found in the project. CSS analysis is skipped.
[INFO] Sensor SonarCSS Rules [cssfamily] (done) | time=2ms
[INFO] Sensor C# Properties [csharp]
[INFO] Sensor C# Properties [csharp] (done) | time=2ms
[INFO] Sensor Import of Checkstyle issues [java]
[INFO] Importing /workspace/source/target/checkstyle-result.xml
[INFO] Sensor Import of Checkstyle issues [java] (done) | time=80ms
[INFO] Sensor SurefireSensor [java]
[INFO] parsing [/workspace/source/target/surefire-reports]
[INFO] Sensor SurefireSensor [java] (done) | time=34ms
[INFO] Sensor JavaXmlSensor [java]
[INFO] 1 source files to be analyzed
[INFO] Sensor JavaXmlSensor [java] (done) | time=264ms
[INFO] 1/1 source files have been analyzed
[INFO] Sensor HTML [web]
[INFO] Sensor HTML [web] (done) | time=6ms
[INFO] Sensor XML Sensor [xml]
[INFO] 1 source files to be analyzed
[INFO] Sensor XML Sensor [xml] (done) | time=173ms
[INFO] 1/1 source files have been analyzed
[INFO] Sensor VB.NET Properties [vbnet]
[INFO] Sensor VB.NET Properties [vbnet] (done) | time=1ms
[INFO] Sensor JaCoCo XML Report Importer [jacoco]
[INFO] Importing 1 report(s). Turn your logs in debug mode in order to see the exhaustive list.
[INFO] Sensor JaCoCo XML Report Importer [jacoco] (done) | time=21ms
[INFO] Sensor ThymeLeaf template sensor [securityjavafrontend]
[INFO] Sensor ThymeLeaf template sensor [securityjavafrontend] (done) | time=2ms
[INFO] Sensor JavaSecuritySensor [security]
[INFO] Reading type hierarchy from: /workspace/source/target/sonar/ucfg2/java
[INFO] Read 62 type definitions
[INFO] Reading UCFGs from: /workspace/source/target/sonar/ucfg2/java
[INFO] 13:33:38.723584 Building Runtime Type propagation graph
[INFO] 13:33:38.731691 Running Tarjan on 64 nodes
[INFO] 13:33:38.751411 Tarjan found 61 components
[INFO] 13:33:38.75427 Variable type analysis: done
[INFO] 13:33:38.754924 Building Runtime Type propagation graph
[INFO] 13:33:38.761206 Running Tarjan on 64 nodes
[INFO] 13:33:38.761921 Tarjan found 61 components
[INFO] 13:33:38.762452 Variable type analysis: done
[INFO] Analyzing 10 ucfgs to detect vulnerabilities.
[INFO] All rules entrypoints : 0 Retained UCFGs : 0
[INFO] rule: S5131, entrypoints: 0
[INFO] rule: S5131 done
[INFO] rule: S3649, entrypoints: 0
[INFO] rule: S3649 done
[INFO] rule: S2076, entrypoints: 0
[INFO] rule: S2076 done
[INFO] rule: S2091, entrypoints: 0
[INFO] rule: S2091 done
[INFO] rule: S2078, entrypoints: 0
[INFO] rule: S2078 done
[INFO] rule: S2631, entrypoints: 0
[INFO] rule: S2631 done
[INFO] rule: S5135, entrypoints: 0
[INFO] rule: S5135 done
[INFO] rule: S2083, entrypoints: 0
[INFO] rule: S2083 done
[INFO] rule: S5167, entrypoints: 0
[INFO] rule: S5167 done
[INFO] rule: S5144, entrypoints: 0
[INFO] rule: S5144 done
[INFO] rule: S5145, entrypoints: 0
[INFO] rule: S5145 done
[INFO] rule: S5146, entrypoints: 0
[INFO] rule: S5146 done
[INFO] rule: S5334, entrypoints: 0
[INFO] rule: S5334 done
[INFO] Sensor JavaSecuritySensor [security] (done) | time=474ms
[INFO] Sensor CSharpSecuritySensor [security]
[INFO] Reading type hierarchy from: /workspace/source/target/ucfg_cs2
[INFO] Read 0 type definitions
[INFO] Reading UCFGs from: /workspace/source/target/ucfg_cs2
[INFO] No UCFGs have been included for analysis.
[INFO] Sensor CSharpSecuritySensor [security] (done) | time=1ms
[INFO] Sensor PhpSecuritySensor [security]
[INFO] Reading type hierarchy from: /workspace/source/target/sonar/ucfg2/php
[INFO] Read 0 type definitions
[INFO] Reading UCFGs from: /workspace/source/target/sonar/ucfg2/php
[INFO] No UCFGs have been included for analysis.
[INFO] Sensor PhpSecuritySensor [security] (done) | time=1ms
[INFO] Sensor PythonSecuritySensor [security]
[INFO] Reading type hierarchy from: /workspace/source/target/sonar/ucfg2/python
[INFO] Read 0 type definitions
[INFO] Reading UCFGs from: /workspace/source/target/sonar/ucfg2/python
[INFO] No UCFGs have been included for analysis.
[INFO] Sensor PythonSecuritySensor [security] (done) | time=1ms
[INFO] Sensor JsSecuritySensor [security]
[INFO] Reading type hierarchy from: /workspace/source/target/sonar/ucfg2/js
[INFO] Read 0 type definitions
[INFO] Reading UCFGs from: /workspace/source/target/sonar/ucfg2/js
[INFO] No UCFGs have been included for analysis.
[INFO] Sensor JsSecuritySensor [security] (done) | time=1ms
[INFO] ------------- Run sensors on project
[INFO] Sensor Zero Coverage Sensor
[INFO] Sensor Zero Coverage Sensor (done) | time=1ms
[INFO] Sensor Java CPD Block Inde**r
[INFO] Sensor Java CPD Block Inde**r (done) | time=42ms
[INFO] SCM Publisher SCM provider for this project is: git
[INFO] SCM Publisher 6 source files to be analyzed
[INFO] SCM Publisher 5/6 source files have been analyzed (done) | time=137ms
[WARNING] Missing blame information for the following files:
[WARNING]   * pom.xml
[WARNING] This may lead to missing/broken features in SonarCloud
[INFO] CPD E**cutor Calculating CPD for 1 file
[INFO] CPD E**cutor CPD calculation finished (done) | time=9ms
[INFO] SCM writing changed lines
[INFO] SCM writing changed lines (done) | time=82ms
[INFO] Analysis report generated in 193ms, dir size=245 KB
[INFO] Analysis report compressed in 22ms, zip size=64 KB
[INFO] Analysis report uploaded in 120ms
[INFO] ANALYSIS SUCCESSFUL, you can find the results at: https://sonarcloud.io/dashboard?id=entando-k8s_entando-k8s-composite-app-controller&pullRequest=15
[INFO] Note that you will be able to access the updated dashboard once the server has processed the submitted analysis report
[INFO] More about the report processing at https://sonarcloud.io/api/ce/task?id=AXdoGTkxfFqIyZZn2jk1
[INFO] Analysis total time: 12.454 s
[INFO] ------------------------------------------------------------------------
[INFO] BUILD SUCCESS
[INFO] ------------------------------------------------------------------------
[INFO] Total time:  02:15 min
[INFO] Finished at: 2021-02-03T13:33:39Z
[INFO] ------------------------------------------------------------------------
Picked up _JAVA_OPTIONS: -XX:+UnlockExperimentalVMOptions -Dsun.zip.disableMemoryMapping=**** -XX:+UseParallelGC -XX:MinHeapFreeRatio=5 -XX:MaxHeapFreeRatio=10 -XX:GCTimeRatio=4 -XX:AdaptiveSizePolicyWeight=90 -Xms1000m -Xmx12000m
[INFO] Scanning for projects...
[INFO] 
[INFO] ----------< org.entando:entando-k8s-composite-app-controller >----------
[INFO] Building Entando K8S Composite App Controller 0.0.0-SNAPSHOT-PR-15-15
[INFO] --------------------------------[ jar ]---------------------------------
[INFO] 
[INFO] --- maven-site-plugin:3.9.0:site (default-site) @ entando-k8s-composite-app-controller ---
[INFO] configuring report plugin org.apache.maven.plugins:maven-project-info-reports-plugin:3.0.0
[INFO] 9 reports configured for maven-project-info-reports-plugin:3.0.0: dependency-info, distribution-management, index, ci-management, issue-management, licenses, plugins, scm, summary
[INFO] Rendering site with default locale English (en)
[WARNING] Unable to find a URL to the parent project. The parent menu will NOT be added.
[INFO] Relativizing decoration links with respect to localized project URL: https://central.entando.com
[INFO] Rendering content with org.apache.maven.skins:maven-default-skin:jar:1.3 skin.
[INFO] Generating "Dependency Information" report --- maven-project-info-reports-plugin:3.0.0:dependency-info
[INFO] Generating "About" report         --- maven-project-info-reports-plugin:3.0.0:index
[INFO] Generating "Issue Management" report --- maven-project-info-reports-plugin:3.0.0:issue-management
[INFO] Generating "Licenses" report      --- maven-project-info-reports-plugin:3.0.0:licenses
[INFO] Generating "Plugins" report       --- maven-project-info-reports-plugin:3.0.0:plugins
[INFO] Generating "Source Code Management" report --- maven-project-info-reports-plugin:3.0.0:scm
[INFO] Generating "Summary" report       --- maven-project-info-reports-plugin:3.0.0:summary
[INFO] ------------------------------------------------------------------------
[INFO] BUILD SUCCESS
[INFO] ------------------------------------------------------------------------
[INFO] Total time:  9.348 s
[INFO] Finished at: 2021-02-03T13:33:51Z
[INFO] ------------------------------------------------------------------------
error: etcdserver: request is too large
Congratulations! No build failures found for entando-k8s-composite-app-controller-PR-15.

Showing logs for build [32mentando-k8s-entando-k8s-composi-sxf5h-15[0m stage [32mfrom-build-pack[0m and container [32mstep-build-container-build[0m
Generating tags...
 - entando/entando-k8s-composite-app-controller -> docker.io/entando/entando-k8s-composite-app-controller:0.0.0-SNAPSHOT-PR-15-15
Checking cache...
 - entando/entando-k8s-composite-app-controller: Not found. Building
Building [entando/entando-k8s-composite-app-controller]...
Sending build context to Docker daemon  142.3kB
Step 1/7 : FROM entando/entando-k8s-operator-common:6.3.1
 ---> 1766f844aece
Step 2/7 : ARG VERSION
 ---> Using cache
 ---> 6a4149ee7662
Step 3/7 : LABEL name "Entando K8S Composite App Controller" vendor "Entando" version "v${VERSION}" release "6" summary "This container processes EntandoCompositeApp custom resources." description "This is a run-to-completion container. It will deploy all the components defined in the                    EntandoCompositeApp  to your cluster.                   Subsequent e**cutions of this container against the same EntandoCompositeApp will patch the existing                   deployment resources"
 ---> Running in 12a69857d6b2
 ---> 31407e8a6a9f
Step 4/7 : ENV JAVA_OPTIONS "-Djava.util.logging.manager=org.jboss.logmanager.LogManager"
 ---> Running in 05a9b15962e7
 ---> 8330ccefdb01
Step 5/7 : ENV AB_ENABLED jmx_exporter
 ---> Running in a5e5bc642cf3
 ---> 1df0fd8ed29d
Step 6/7 : COPY target/*-runner.jar /deployments/app.jar
 ---> da59df469e95
Step 7/7 : ENTRYPOINT /deployments/run-java.sh
 ---> Running in 60a2ea062ce8
 ---> 0ead27d6067d
Successfully built 0ead27d6067d
The push refers to a repository [docker.io/entando/entando-k8s-composite-app-controller]
f7815372d33c: Preparing
9c2039494f82: Preparing
128e365e30f9: Preparing
712a16020a60: Preparing
088e643aafac: Preparing
00af10937683: Preparing
3aa55ff7bca1: Preparing
00af10937683: Waiting
3aa55ff7bca1: Waiting
088e643aafac: Layer already exists
00af10937683: Layer already exists
128e365e30f9: Mounted from entando/entando-k8s-app-plugin-link-controller
712a16020a60: Mounted from entando/entando-k8s-app-plugin-link-controller
9c2039494f82: Mounted from entando/entando-k8s-app-plugin-link-controller
3aa55ff7bca1: Layer already exists
f7815372d33c: Pushed
0.0.0-SNAPSHOT-PR-15-15: digest: sha256:e649d39aeffb8f9eeb9204ef582e7df67fe83b8e0fae1652aaa04b7cc1f276cb size: 1791
There is a new version (1.19.0) of Skaffold available. Download it at https://storage.googleapis.com/skaffold/releases/latest/skaffold-linux-amd64


Showing logs for build [32mentando-k8s-entando-k8s-composi-sxf5h-15[0m stage [32mfrom-build-pack[0m and container [32mstep-postbuild-post-build[0m
no CVE provider running in the current ** namespace so skip adding image to be analysed

Showing logs for build [32mentando-k8s-entando-k8s-composi-sxf5h-15[0m stage [32mfrom-build-pack[0m and container [32mstep-promote-make-preview[0m
Creating /builder/home/.helm 
Creating /builder/home/.helm/repository 
Creating /builder/home/.helm/repository/cache 
Creating /builder/home/.helm/repository/local 
Creating /builder/home/.helm/plugins 
Creating /builder/home/.helm/starters 
Creating /builder/home/.helm/cache/archive 
Creating /builder/home/.helm/repository/repositories.yaml 
Adding stable repo with URL: https://charts.helm.sh/stable 
Adding local repo with URL: http://127.0.0.1:8879/charts 
$HELM_HOME has been configured at /builder/home/.helm.
Not installing Tiller due to 'client-only' flag having been set
sed -i -e "s/version:.*/version: 0.0.0-SNAPSHOT-PR-15-15/" Chart.yaml
sed -i -e "s/version:.*/version: 0.0.0-SNAPSHOT-PR-15-15/" ../*/Chart.yaml
sed -i -e "s|repository:.*|repository: docker.io\/entando\/entando-k8s-composite-app-controller|" values.yaml
sed -i -e "s/tag:.*/tag: 0.0.0-SNAPSHOT-PR-15-15/" values.yaml
sed -i -e "s/ENTANDO_DOCKER_REGISTRY_OVERRIDE:.*/ENTANDO_DOCKER_REGISTRY_OVERRIDE: docker.io/" values.yaml
echo "  version: 0.0.0-SNAPSHOT-PR-15-15" >> requirements.yaml
** step helm build
WARNING: No $CHART_REPOSITORY defined so using the default value of: http://jenkins-x-chartmuseum:8080
Adding missing Helm repo: storage.googleapis.com https://storage.googleapis.com/chartmuseum.jenkins-x.io
Successfully added Helm repository storage.googleapis.com.
Adding missing Helm repo: jenkins-x-chartmuseum http://jenkins-x-chartmuseum:8080
Successfully added Helm repository jenkins-x-chartmuseum.
WARNING: No $CHART_REPOSITORY defined so using the default value of: http://jenkins-x-chartmuseum:8080

Showing logs for build [32mentando-k8s-entando-k8s-composi-sxf5h-15[0m stage [32mfrom-build-pack[0m and container [32mstep-promote-jx-preview[0m
Creating a preview
Found commit author match for: ampie with email address: ampie.private@gmail.com
Namespace entando-k8s-composite-app-controller-carcpr15 created 
expose:
  Annotations:
    helm.sh/hook: post-install,post-upgrade
    helm.sh/hook-delete-policy: hook-succeeded
  config:
    domain: *************
    exposer: Ingress
    http: "****"
preview:
  image:
    repository: docker.io/entando/entando-k8s-composite-app-controller
    tag: 0.0.0-SNAPSHOT-PR-15-15

WARNING: Could not find the service URL in namespace entando-k8s-composite-app-controller-carcpr15 for names : Timed out after 1m0s, last error: %!s(<nil>)
Updating PipelineActivities entando-k8s-entando-k8s-composite-app-controller-pr-15-15 which has status Running
WARNING: Failed to find the service entando-k8s-composite-app-controller : failed to find service entando-k8s-composite-app-controller in namespace entando-k8s-composite-app-controller-carcpr15: services "entando-k8s-composite-app-controller" not found

Showing logs for build [32mentando-k8s-entando-k8s-composi-sxf5h-15[0m stage [32mfrom-build-pack[0m and container [32mstep-promote-run-post-deployment-tests[0m
Picked up _JAVA_OPTIONS: -XX:+UnlockExperimentalVMOptions -Dsun.zip.disableMemoryMapping=**** -XX:+UseParallelGC -XX:MinHeapFreeRatio=5 -XX:MaxHeapFreeRatio=10 -XX:GCTimeRatio=4 -XX:AdaptiveSizePolicyWeight=90 -Xms1000m -Xmx12000m
[INFO] Scanning for projects...
[INFO] 
[INFO] ----------< org.entando:entando-k8s-composite-app-controller >----------
[INFO] Building Entando K8S Composite App Controller 0.0.0-SNAPSHOT-PR-15-15
[INFO] --------------------------------[ jar ]---------------------------------
[INFO] 
[INFO] --- maven-resources-plugin:2.6:resources (default-resources) @ entando-k8s-composite-app-controller ---
[INFO] Using 'UTF-8' encoding to copy filtered resources.
[INFO] Copying 3 resources
[INFO] 
[INFO] --- maven-compiler-plugin:3.8.1:compile (default-compile) @ entando-k8s-composite-app-controller ---
[INFO] Nothing to compile - all classes are up to date
[INFO] 
[INFO] --- maven-resources-plugin:2.6:testResources (default-testResources) @ entando-k8s-composite-app-controller ---
[INFO] Using 'UTF-8' encoding to copy filtered resources.
[INFO] Copying 6 resources
[INFO] 
[INFO] --- maven-compiler-plugin:3.8.1:testCompile (default-testCompile) @ entando-k8s-composite-app-controller ---
[INFO] Nothing to compile - all classes are up to date
[INFO] 
[INFO] --- maven-surefire-plugin:3.0.0-M1:test (default-test) @ entando-k8s-composite-app-controller ---
[INFO] Tests are skipped.
[INFO] 
[INFO] --- maven-jar-plugin:3.2.0:jar (default-jar) @ entando-k8s-composite-app-controller ---
[INFO] 
[INFO] --- maven-jar-plugin:3.2.0:test-jar (build-test-jar) @ entando-k8s-composite-app-controller ---
[INFO] 
[INFO] --- maven-failsafe-plugin:3.0.0-M4:integration-test (run-tests) @ entando-k8s-composite-app-controller ---
[INFO] 
[INFO] -------------------------------------------------------
[INFO]  T E S T S
[INFO] -------------------------------------------------------
[INFO] Running org.entando.kubernetes.compositeapp.controller.interprocesstests.CompositeAppControllerIntegratedTest
!!!!!!!On EntandoCompositeApp add!!!!!!!!!
Feb 03, 2021 1:41:47 PM org.entando.kubernetes.controller.integrationtest.support.DeletionWaiter lambda$deleteSingleItem$2
WARNING: Deleting pods  entando-k8s-composite-app-controller-carcpr15/my-app-carcpr15-deployer-5017
Feb 03, 2021 1:41:48 PM org.entando.kubernetes.controller.integrationtest.support.DeletionWaiter lambda$deleteSingleItem$2
WARNING: Deleting deployments  entando-k8s-composite-app-controller-carcpr15/test-plugin-carcpr15-db-deployment to zero
Feb 03, 2021 1:41:48 PM org.entando.kubernetes.controller.integrationtest.support.DeletionWaiter lambda$deleteSingleItem$2
WARNING: Deleting deployments  entando-k8s-composite-app-controller-carcpr15/test-plugin-carcpr15-db-deployment
Feb 03, 2021 1:41:48 PM org.entando.kubernetes.controller.integrationtest.support.DeletionWaiter lambda$deleteSingleItem$2
WARNING: Deleting deployments  entando-k8s-composite-app-controller-carcpr15/test-plugin-carcpr15-server-deployment to zero
Feb 03, 2021 1:41:49 PM org.entando.kubernetes.controller.integrationtest.support.DeletionWaiter lambda$deleteSingleItem$2
WARNING: Deleting deployments  entando-k8s-composite-app-controller-carcpr15/test-plugin-carcpr15-server-deployment
Feb 03, 2021 1:41:49 PM org.entando.kubernetes.controller.integrationtest.support.DeletionWaiter lambda$deleteSingleItem$2
WARNING: Deleting pods  entando-k8s-composite-app-controller-carcpr15/test-plugin-carcpr15-db-deployment-565dc56b88-j9kkc
Feb 03, 2021 1:41:49 PM org.entando.kubernetes.controller.integrationtest.support.DeletionWaiter lambda$deleteSingleItem$2
WARNING: Deleting pods  entando-k8s-composite-app-controller-carcpr15/test-plugin-carcpr15-dbprep-19a8
Feb 03, 2021 1:41:49 PM org.entando.kubernetes.controller.integrationtest.support.DeletionWaiter lambda$deleteSingleItem$2
WARNING: Deleting pods  entando-k8s-composite-app-controller-carcpr15/test-plugin-carcpr15-deployer-1250
Feb 03, 2021 1:41:49 PM org.entando.kubernetes.controller.integrationtest.support.DeletionWaiter lambda$deleteSingleItem$2
WARNING: Deleting pods  entando-k8s-composite-app-controller-carcpr15/test-plugin-carcpr15-server-deployment-6b66c898b4-lp2k6
Feb 03, 2021 1:41:50 PM org.entando.kubernetes.controller.integrationtest.support.DeletionWaiter lambda$deleteSingleItem$2
WARNING: Deleting pods  entando-k8s-composite-app-controller-carcpr15/test-keycloak-carcpr15-deployer-6905
Feb 03, 2021 1:41:50 PM org.entando.kubernetes.controller.integrationtest.support.DeletionWaiter lambda$deleteSingleItem$2
WARNING: Deleting pods  entando-k8s-composite-app-controller-carcpr15/test-keycloak-carcpr15-server-deployment-6f7b4c8555-gkc7p
!!!!!!!On EntandoCompositeApp add!!!!!!!!!
[ERROR] Tests run: 2, Failures: 0, Errors: 1, Skipped: 0, Time elapsed: 682.248 s <<< FAILURE! - in org.entando.kubernetes.compositeapp.controller.interprocesstests.CompositeAppControllerIntegratedTest
[ERROR] org.entando.kubernetes.compositeapp.controller.interprocesstests.CompositeAppControllerIntegratedTest.testE**cuteControllerPod(EntandoOperatorComplianceMode)[2]  Time elapsed: 354.597 s  <<< ERROR!
org.awaitility.core.ConditionTimeoutException: Condition with lambda expression in org.entando.kubernetes.compositeapp.controller.AbstractCompositeAppControllerTest that uses io.fabric8.kubernetes.client.dsl.Resource was not fulfilled within 3 minutes.
Caused by: java.util.NoSuchElementException: No value present

[INFO] 
[INFO] Results:
[INFO] 
[ERROR] Errors: 
[ERROR]   CompositeAppControllerIntegratedTest>AbstractCompositeAppControllerTest.testE**cuteControllerPod:187 Â» ConditionTimeout
[INFO] 
[ERROR] Tests run: 2, Failures: 0, Errors: 1, Skipped: 0
[INFO] 
[INFO] 
[INFO] --- maven-surefire-report-plugin:3.0.0-M4:failsafe-report-only (integration-tests) @ entando-k8s-composite-app-controller ---
[WARNING] Unable to locate Test Source XRef to link to - DISABLED
[INFO] 
[INFO] --- maven-surefire-report-plugin:3.0.0-M4:report-only (unit-tests) @ entando-k8s-composite-app-controller ---
[WARNING] Unable to locate Test Source XRef to link to - DISABLED
[INFO] 
[INFO] --- maven-failsafe-plugin:3.0.0-M4:verify (run-tests) @ entando-k8s-composite-app-controller ---
[ERROR] There are test failures.

Please refer to /workspace/source/target/failsafe-reports for the individual test results.
Please refer to dump files (if any exist) [date].dump, [date]-***Run[N].dump and [date].dumpstream.
[INFO] 
[INFO] --- maven-site-plugin:3.9.0:site (default-site) @ entando-k8s-composite-app-controller ---
[INFO] configuring report plugin org.apache.maven.plugins:maven-project-info-reports-plugin:3.0.0
[INFO] 9 reports configured for maven-project-info-reports-plugin:3.0.0: dependency-info, distribution-management, index, ci-management, issue-management, licenses, plugins, scm, summary
[INFO] Rendering site with default locale English (en)
[WARNING] Unable to find a URL to the parent project. The parent menu will NOT be added.
[INFO] Relativizing decoration links with respect to localized project URL: https://central.entando.com
[INFO] Rendering content with org.apache.maven.skins:maven-default-skin:jar:1.3 skin.
[INFO] Generating "Dependency Information" report --- maven-project-info-reports-plugin:3.0.0:dependency-info
[INFO] Generating "About" report         --- maven-project-info-reports-plugin:3.0.0:index
[INFO] Generating "Issue Management" report --- maven-project-info-reports-plugin:3.0.0:issue-management
[INFO] Generating "Licenses" report      --- maven-project-info-reports-plugin:3.0.0:licenses
[INFO] Generating "Plugins" report       --- maven-project-info-reports-plugin:3.0.0:plugins
[INFO] Generating "Source Code Management" report --- maven-project-info-reports-plugin:3.0.0:scm
[INFO] Generating "Summary" report       --- maven-project-info-reports-plugin:3.0.0:summary
[INFO] ------------------------------------------------------------------------
[INFO] BUILD SUCCESS
[INFO] ------------------------------------------------------------------------
[INFO] Total time:  11:32 min
[INFO] Finished at: 2021-02-03T13:47:45Z
[INFO] ------------------------------------------------------------------------
Post-deployment tests failed for entando-k8s-composite-app-controller-PR-15.
[31m
Pipeline failed on stage 'from-build-pack' : container 'step-promote-run-post-deployment-tests'. The execution of the pipeline has stopped.[0m
