
Showing logs for build [32mentando-entando-plugin-jacms-pr-ktffq-4[0m stage [32mfrom-build-pack[0m and container [32mstep-credential-initializer-zgn85[0m
{"level":"warn","ts":1612266398.8941169,"logger":"fallback-logger","caller":"logging/config.go:69","msg":"Fetch GitHub commit ID from kodata failed: \"ref: refs/heads/0.8.0-**-support-backwards-incompats\" is not a valid GitHub commit ID"}
{"level":"info","ts":1612266398.900148,"logger":"fallback-logger","caller":"creds-init/main.go:40","msg":"Credentials initialized."}

Showing logs for build [32mentando-entando-plugin-jacms-pr-ktffq-4[0m stage [32mfrom-build-pack[0m and container [32mstep-working-dir-initializer-xhdjd[0m
{"level":"warn","ts":1612266400.6747978,"logger":"fallback-logger","caller":"logging/config.go:69","msg":"Fetch GitHub commit ID from kodata failed: open /var/run/ko/HEAD: no such file or directory"}
{"level":"info","ts":1612266400.6994572,"logger":"fallback-logger","caller":"bash/main.go:64","msg":"Successfully e**cuted command \"sh -c mkdir -p /workspace/source\"; output "}

Showing logs for build [32mentando-entando-plugin-jacms-pr-ktffq-4[0m stage [32mfrom-build-pack[0m and container [32mstep-place-tools[0m

Showing logs for build [32mentando-entando-plugin-jacms-pr-ktffq-4[0m stage [32mfrom-build-pack[0m and container [32mstep-git-source-entando-entando-plugin-jacms-pr-6twqv[0m
{"level":"warn","ts":1612266451.726536,"logger":"fallback-logger","caller":"logging/config.go:69","msg":"Fetch GitHub commit ID from kodata failed: \"ref: refs/heads/0.8.0-**-support-backwards-incompats\" is not a valid GitHub commit ID"}
{"level":"info","ts":1612266454.159876,"logger":"fallback-logger","caller":"git/git.go:103","msg":"Successfully cloned https://github.com/entando/entando-plugin-jacms.git @ master in path /workspace/source"}

Showing logs for build [32mentando-entando-plugin-jacms-pr-ktffq-4[0m stage [32mfrom-build-pack[0m and container [32mstep-git-merge[0m
Using SHAs from PULL_REFS=master:6d936b09aef652bb0f47bb5dc6553415690364b3,75:864c3740538f7a93d63574f6645ffd3904364fa8
DEBUG: ran git fetch --unshallow origin 864c3740538f7a93d63574f6645ffd3904364fa8: 6d936b09aef652bb0f47bb5dc6553415690364b3: in 
DEBUG: ran git checkout master in 
DEBUG: ran git reset --hard 6d936b09aef652bb0f47bb5dc6553415690364b3 in 
DEBUG: ran clean --force -d . in 
DEBUG: ran git merge 864c3740538f7a93d63574f6645ffd3904364fa8 in 
Merged SHA 864c3740538f7a93d63574f6645ffd3904364fa8 with commit message 'ENG-1745: Fix some more code smell' into base branch master
Merged SHA d0df30a7b875cc96808ad821c139d14a849593ec with commit message 'ENG-1745: Fix code smell' into base branch master
Merged SHA daa4a6d8011911bb6dabe86753b0ee1b86ae3d4c with commit message 'ENG-1745: Removed printStackTrace' into base branch master
Merged SHA 28f9a05adadd0e28a9aeb3dbc0cb2f1e4ac84038 with commit message 'ENG-1745: Removed System.out' into base branch master
Merged SHA 135287d069ec871e3a50a00a053b0ac3903dc335 with commit message 'ENG-1745: Fix wrong test' into base branch master
Merged SHA ec97e26c66a93f1d4364f7eb63aa5f1f861196c3 with commit message 'ENG-1745: Fix integration test' into base branch master
Merged SHA 9150bbddea81bb47d77526b6590773eb8a7ee513 with commit message 'ENG-1745: Fix version of junit5 dependencies' into base branch master
Merged SHA d1d1b76b067e4c2c3e00bdf7dbd289a5c0705ddf with commit message 'ENG-1745: Improvement of junit5 tests' into base branch master
Merged SHA 4e8c4456265ba0c69d98e178d3d8fe81bd396f61 with commit message 'ENG-1745: Fix junit5 tests' into base branch master
Merged SHA eb0d596800fe4c109cca4f5dfc5371953dc64174 with commit message 'ENG-1745: removed unused method' into base branch master
Merged SHA 25335f22feb1d447aec1db68c8eb1628bbdbafbd with commit message 'ENG-1745: Fix junit5 tests' into base branch master
Merged SHA b2594262fdeaf983dc68d829c55c62ff9b83c518 with commit message 'ENG-1745: Override of configuration in parent pom' into base branch master
Merged SHA 3640f75ebe68e27ea3541800e36949fecada5035 with commit message 'ENG-1745: Other step of junit5 integration' into base branch master
Merged SHA 03797ae808bc314a3b51cbc0e076ac4138d53898 with commit message 'ENG-1745: First step of junit5 integration' into base branch master

Showing logs for build [32mentando-entando-plugin-jacms-pr-ktffq-4[0m stage [32mfrom-build-pack[0m and container [32mstep-build-set-version[0m
Picked up _JAVA_OPTIONS: -XX:+UnlockExperimentalVMOptions -Dsun.zip.disableMemoryMapping=**** -XX:+UseParallelGC -XX:MinHeapFreeRatio=5 -XX:MaxHeapFreeRatio=10 -XX:GCTimeRatio=4 -XX:AdaptiveSizePolicyWeight=90 -Xms10m -Xmx8000m
[INFO] Scanning for projects...
[ERROR] [ERROR] Some problems were encountered while processing the POMs:
[ERROR] 'dependencies.dependency.version' for org.junit.jupiter:junit-jupiter:jar is missing. @ line 241, column 21
[ERROR] 'dependencies.dependency.version' for org.junit.jupiter:junit-jupiter-api:jar is missing. @ line 245, column 21
[ERROR] 'dependencies.dependency.version' for org.mockito:mockito-junit-jupiter:jar is missing. @ line 249, column 21
 @ 
[ERROR] The build could not read 1 project -> [Help 1]
[ERROR]   
[ERROR]   The project org.entando.entando.plugins:entando-plugin-jacms:6.3.0-SNAPSHOT (/workspace/source/pom.xml) has 3 errors
[ERROR]     'dependencies.dependency.version' for org.junit.jupiter:junit-jupiter:jar is missing. @ line 241, column 21
[ERROR]     'dependencies.dependency.version' for org.junit.jupiter:junit-jupiter-api:jar is missing. @ line 245, column 21
[ERROR]     'dependencies.dependency.version' for org.mockito:mockito-junit-jupiter:jar is missing. @ line 249, column 21
[ERROR] 
[ERROR] To see the full stack trace of the errors, re-run Maven with the -e switch.
[ERROR] Re-run Maven using the -X switch to enable full debug logging.
[ERROR] 
[ERROR] For more information about the errors and possible solutions, please read the following articles:
[ERROR] [Help 1] http://cwiki.apache.org/confluence/display/MAVEN/ProjectBuildingException
[31m
Pipeline failed on stage 'from-build-pack' : container 'step-build-set-version'. The execution of the pipeline has stopped.[0m
