
Showing logs for build [32mentando-entando-plugin-jpversio-kxnwg-1[0m stage [32mfrom-build-pack[0m and container [32mstep-credential-initializer-lf6wr[0m
{"level":"warn","ts":1612278053.5692146,"logger":"fallback-logger","caller":"logging/config.go:69","msg":"Fetch GitHub commit ID from kodata failed: \"ref: refs/heads/0.8.0-**-support-backwards-incompats\" is not a valid GitHub commit ID"}
{"level":"info","ts":1612278053.5826027,"logger":"fallback-logger","caller":"creds-init/main.go:40","msg":"Credentials initialized."}

Showing logs for build [32mentando-entando-plugin-jpversio-kxnwg-1[0m stage [32mfrom-build-pack[0m and container [32mstep-working-dir-initializer-zvlhd[0m
{"level":"warn","ts":1612278055.8223245,"logger":"fallback-logger","caller":"logging/config.go:69","msg":"Fetch GitHub commit ID from kodata failed: open /var/run/ko/HEAD: no such file or directory"}
{"level":"info","ts":1612278055.8405972,"logger":"fallback-logger","caller":"bash/main.go:64","msg":"Successfully e**cuted command \"sh -c mkdir -p /workspace/source\"; output "}

Showing logs for build [32mentando-entando-plugin-jpversio-kxnwg-1[0m stage [32mfrom-build-pack[0m and container [32mstep-place-tools[0m

Showing logs for build [32mentando-entando-plugin-jpversio-kxnwg-1[0m stage [32mfrom-build-pack[0m and container [32mstep-git-source-entando-entando-plugin-jpversio-p4gkm[0m
{"level":"warn","ts":1612278108.7389598,"logger":"fallback-logger","caller":"logging/config.go:69","msg":"Fetch GitHub commit ID from kodata failed: \"ref: refs/heads/0.8.0-**-support-backwards-incompats\" is not a valid GitHub commit ID"}
{"level":"info","ts":1612278110.3584085,"logger":"fallback-logger","caller":"git/git.go:103","msg":"Successfully cloned https://github.com/entando/entando-plugin-jpversioning.git @ master in path /workspace/source"}

Showing logs for build [32mentando-entando-plugin-jpversio-kxnwg-1[0m stage [32mfrom-build-pack[0m and container [32mstep-git-merge[0m
Using SHAs from PULL_REFS=master:bb89639bc4f110b6be39faee18ff03b7450c9869,15:d8960ef53d4495064be2f131383498270db0020d
DEBUG: ran git fetch --unshallow origin d8960ef53d4495064be2f131383498270db0020d: bb89639bc4f110b6be39faee18ff03b7450c9869: in 
DEBUG: ran git checkout master in 
DEBUG: ran git reset --hard bb89639bc4f110b6be39faee18ff03b7450c9869 in 
DEBUG: ran clean --force -d . in 
DEBUG: ran git merge d8960ef53d4495064be2f131383498270db0020d in 
Merged SHA d8960ef53d4495064be2f131383498270db0020d with commit message 'Merge branch 'ENG-1745-restructure-the-appengine-tests' of github.com:entando/entando-plugin-jpversioning into ENG-1745-restructure-the-appengine-tests' into base branch master
Merged SHA 4ad06390feb9fb71c276ebbbfab836304d156d24 with commit message 'ENG-1745: Fix some more code smell' into base branch master
Merged SHA 63514c3f11b6cd46874f363a6b95639e02fedcfe with commit message 'ENG-1745: Fix wrong test' into base branch master
Merged SHA 789582c4a7f95f29db7020c13a20a0bbef16824b with commit message 'ENG-1745: Fix junit5 tests' into base branch master
Merged SHA 394c7af461070663ee1bc98da43982dc5f2ddd8a with commit message 'ENG-1745: Fix junit5 tests' into base branch master
Merged SHA 93edd77c2f9eea59f279e2273fe756081d828370 with commit message 'ENG-1745: junit5 integration' into base branch master
Merged SHA 66822a3ed0b251b8a56c4b7cdd598e98fd850fe8 with commit message 'ENG-1745: Override of configuration in parent pom' into base branch master

Showing logs for build [32mentando-entando-plugin-jpversio-kxnwg-1[0m stage [32mfrom-build-pack[0m and container [32mstep-build-set-version[0m
Picked up _JAVA_OPTIONS: -XX:+UnlockExperimentalVMOptions -Dsun.zip.disableMemoryMapping=**** -XX:+UseParallelGC -XX:MinHeapFreeRatio=5 -XX:MaxHeapFreeRatio=10 -XX:GCTimeRatio=4 -XX:AdaptiveSizePolicyWeight=90 -Xms10m -Xmx8000m
[INFO] Scanning for projects...
[ERROR] [ERROR] Some problems were encountered while processing the POMs:
[FATAL] Non-resolvable parent POM for org.entando.entando.plugins:entando-plugin-jpversioning:6.3.0-SNAPSHOT: Could not find artifact org.entando:entando-core-parent:pom:6.3.0-SNAPSHOT in nexus (http://nexus/repository/maven-group/) and 'parent.relativePath' points at wrong local POM @ line 5, column 13
 @ 
[ERROR] The build could not read 1 project -> [Help 1]
[ERROR]   
[ERROR]   The project org.entando.entando.plugins:entando-plugin-jpversioning:6.3.0-SNAPSHOT (/workspace/source/pom.xml) has 1 error
[ERROR]     Non-resolvable parent POM for org.entando.entando.plugins:entando-plugin-jpversioning:6.3.0-SNAPSHOT: Could not find artifact org.entando:entando-core-parent:pom:6.3.0-SNAPSHOT in nexus (http://nexus/repository/maven-group/) and 'parent.relativePath' points at wrong local POM @ line 5, column 13 -> [Help 2]
[ERROR] 
[ERROR] To see the full stack trace of the errors, re-run Maven with the -e switch.
[ERROR] Re-run Maven using the -X switch to enable full debug logging.
[ERROR] 
[ERROR] For more information about the errors and possible solutions, please read the following articles:
[ERROR] [Help 1] http://cwiki.apache.org/confluence/display/MAVEN/ProjectBuildingException
[ERROR] [Help 2] http://cwiki.apache.org/confluence/display/MAVEN/UnresolvableModelException
[31m
Pipeline failed on stage 'from-build-pack' : container 'step-build-set-version'. The execution of the pipeline has stopped.[0m
